#
# There is insufficient memory for the Java Runtime Environment to continue.
# Native memory allocation (mmap) failed to map 85983232 bytes for committing reserved memory.
# Possible reasons:
#   The system is out of physical RAM or swap space
#   In 32 bit mode, the process size limit was hit
# Possible solutions:
#   Reduce memory load on the system
#   Increase physical memory or swap space
#   Check if swap backing store is full
#   Use 64 bit Java on a 64 bit OS
#   Decrease Java heap size (-Xmx/-Xms)
#   Decrease number of Java threads
#   Decrease Java thread stack sizes (-Xss)
#   Set larger code cache with -XX:ReservedCodeCacheSize=
# This output file may be truncated or incomplete.
#
#  Out of Memory Error (os_linux.cpp:2643), pid=6420, tid=0x00007f5c41871700
#
# JRE version: OpenJDK Runtime Environment (8.0_181-b13) (build 1.8.0_181-8u181-b13-1ubuntu0.18.04.1-b13)
# Java VM: OpenJDK 64-Bit Server VM (25.181-b13 mixed mode linux-amd64 compressed oops)
# Failed to write core dump. Core dumps have been disabled. To enable core dumping, try "ulimit -c unlimited" before starting Java again
#

---------------  T H R E A D  ---------------

Current thread (0x00007f5c5407b000):  VMThread [stack: 0x00007f5c41772000,0x00007f5c41872000] [id=6435]

Stack: [0x00007f5c41772000,0x00007f5c41872000],  sp=0x00007f5c41870480,  free space=1017k
Native frames: (J=compiled Java code, j=interpreted, Vv=VM code, C=native code)
V  [libjvm.so+0xaaea62]
V  [libjvm.so+0x4d9897]
V  [libjvm.so+0x8e9c60]
V  [libjvm.so+0x8e41be]
V  [libjvm.so+0x964a16]
V  [libjvm.so+0x965d88]
V  [libjvm.so+0x962386]
V  [libjvm.so+0x96271c]
V  [libjvm.so+0x910f58]
V  [libjvm.so+0xab0722]
V  [libjvm.so+0xab52e6]
V  [libjvm.so+0xab3585]
V  [libjvm.so+0xab3efd]
V  [libjvm.so+0xab42d7]
V  [libjvm.so+0x8e70b2]

VM_Operation (0x00007f5c5c63d9c0): ParallelGCFailedAllocation, mode: safepoint, requested by thread 0x00007f5c5400d800


---------------  P R O C E S S  ---------------

Java Threads: ( => current thread )
  0x00007f5c540cb000 JavaThread "Service Thread" daemon [_thread_blocked, id=6442, stack(0x00007f5c40d8c000,0x00007f5c40e8d000)]
  0x00007f5c540c0000 JavaThread "C1 CompilerThread2" daemon [_thread_blocked, id=6441, stack(0x00007f5c40e8e000,0x00007f5c40f8e000)]
  0x00007f5c540be000 JavaThread "C2 CompilerThread1" daemon [_thread_blocked, id=6440, stack(0x00007f5c40f8f000,0x00007f5c4108f000)]
  0x00007f5c540bb000 JavaThread "C2 CompilerThread0" daemon [_thread_blocked, id=6439, stack(0x00007f5c41090000,0x00007f5c41190000)]
  0x00007f5c540b9800 JavaThread "Signal Dispatcher" daemon [_thread_blocked, id=6438, stack(0x00007f5c41190000,0x00007f5c41291000)]
  0x00007f5c54087000 JavaThread "Finalizer" daemon [_thread_blocked, id=6437, stack(0x00007f5c4156f000,0x00007f5c41670000)]
  0x00007f5c54084800 JavaThread "Reference Handler" daemon [_thread_blocked, id=6436, stack(0x00007f5c41670000,0x00007f5c41771000)]
  0x00007f5c5400d800 JavaThread "main" [_thread_blocked, id=6427, stack(0x00007f5c5c540000,0x00007f5c5c640000)]

Other Threads:
=>0x00007f5c5407b000 VMThread [stack: 0x00007f5c41772000,0x00007f5c41872000] [id=6435]
  0x00007f5c540cd800 WatcherThread [stack: 0x00007f5c40c8c000,0x00007f5c40d8c000] [id=6443]

VM state:at safepoint (normal execution)

VM Mutex/Monitor currently owned by a thread:  ([mutex/lock_event])
[0x00007f5c54009c70] Threads_lock - owner thread: 0x00007f5c5407b000
[0x00007f5c5400a170] Heap_lock - owner thread: 0x00007f5c5400d800

Heap:
 PSYoungGen      total 136192K, used 13284K [0x00000000eb900000, 0x00000000f4e00000, 0x0000000100000000)
  eden space 122880K, 0% used [0x00000000eb900000,0x00000000eb900000,0x00000000f3100000)
  from space 13312K, 99% used [0x00000000f3100000,0x00000000f3df9328,0x00000000f3e00000)
  to   space 10240K, 0% used [0x00000000f3e00000,0x00000000f3e00000,0x00000000f4800000)
 ParOldGen       total 42496K, used 28776K [0x00000000c2a00000, 0x00000000c5380000, 0x00000000eb900000)
  object space 42496K, 67% used [0x00000000c2a00000,0x00000000c461a3f0,0x00000000c5380000)
 Metaspace       used 14345K, capacity 14558K, committed 14720K, reserved 1062912K
  class space    used 1790K, capacity 1893K, committed 1920K, reserved 1048576K

Card table byte_map: [0x00007f5c588f6000,0x00007f5c58ae2000] byte_map_base: 0x00007f5c582e1000

Marking Bits: (ParMarkBitMap*) 0x00007f5c5b7da1c0
 Begin Bits: [0x00007f5c43150000, 0x00007f5c440a8000)
 End Bits:   [0x00007f5c440a8000, 0x00007f5c45000000)

Polling page: 0x00007f5c5c65b000

CodeCache: size=245760Kb used=5489Kb max_used=5495Kb free=240270Kb
 bounds [0x00007f5c45000000, 0x00007f5c45570000, 0x00007f5c54000000]
 total_blobs=1709 nmethods=1363 adapters=260
 compilation: enabled

Compilation events (10 events):
Event: 15.581 Thread 0x00007f5c540be000 nmethod 1366 0x00007f5c4554b650 code [0x00007f5c4554b840, 0x00007f5c4554c1f8]
Event: 15.609 Thread 0x00007f5c540bb000 nmethod 1363 0x00007f5c45560a50 code [0x00007f5c45560ea0, 0x00007f5c45562e48]
Event: 15.788 Thread 0x00007f5c540c0000 1368       3       org.apache.jena.mem.HashCommon::nextSize (61 bytes)
Event: 15.788 Thread 0x00007f5c540c0000 nmethod 1368 0x00007f5c4553d450 code [0x00007f5c4553d640, 0x00007f5c4553df18]
Event: 15.827 Thread 0x00007f5c540be000 1369 %     4       org.apache.jena.mem.HashedBunchMap::grow @ 45 (142 bytes)
Event: 15.861 Thread 0x00007f5c540be000 nmethod 1369% 0x00007f5c4555dcd0 code [0x00007f5c4555de80, 0x00007f5c4555e5d8]
Event: 16.000 Thread 0x00007f5c540c0000 1370       3       org.apache.jena.rdfxml.xmlinput.impl.QNameLexer::xml (40 bytes)
Event: 16.001 Thread 0x00007f5c540c0000 nmethod 1370 0x00007f5c4554ee90 code [0x00007f5c4554f040, 0x00007f5c4554f558]
Event: 16.096 Thread 0x00007f5c540bb000 1371       4       org.apache.jena.mem.HashedBunchMap::grow (142 bytes)
Event: 16.103 Thread 0x00007f5c540bb000 nmethod 1371 0x00007f5c4555f950 code [0x00007f5c4555fb20, 0x00007f5c455603f8]

GC Heap History (10 events):
Event: 12.398 GC heap after
Heap after GC invocations=4 (full 0):
 PSYoungGen      total 34304K, used 2538K [0x00000000eb900000, 0x00000000edd00000, 0x0000000100000000)
  eden space 31744K, 0% used [0x00000000eb900000,0x00000000eb900000,0x00000000ed800000)
  from space 2560K, 99% used [0x00000000eda80000,0x00000000edcfa960,0x00000000edd00000)
  to   space 2560K, 0% used [0x00000000ed800000,0x00000000ed800000,0x00000000eda80000)
 ParOldGen       total 42496K, used 6168K [0x00000000c2a00000, 0x00000000c5380000, 0x00000000eb900000)
  object space 42496K, 14% used [0x00000000c2a00000,0x00000000c3006030,0x00000000c5380000)
 Metaspace       used 14303K, capacity 14558K, committed 14720K, reserved 1062912K
  class space    used 1789K, capacity 1893K, committed 1920K, reserved 1048576K
}
Event: 12.796 GC heap before
{Heap before GC invocations=5 (full 0):
 PSYoungGen      total 34304K, used 34282K [0x00000000eb900000, 0x00000000edd00000, 0x0000000100000000)
  eden space 31744K, 100% used [0x00000000eb900000,0x00000000ed800000,0x00000000ed800000)
  from space 2560K, 99% used [0x00000000eda80000,0x00000000edcfa960,0x00000000edd00000)
  to   space 2560K, 0% used [0x00000000ed800000,0x00000000ed800000,0x00000000eda80000)
 ParOldGen       total 42496K, used 6168K [0x00000000c2a00000, 0x00000000c5380000, 0x00000000eb900000)
  object space 42496K, 14% used [0x00000000c2a00000,0x00000000c3006030,0x00000000c5380000)
 Metaspace       used 14335K, capacity 14558K, committed 14720K, reserved 1062912K
  class space    used 1789K, capacity 1893K, committed 1920K, reserved 1048576K
Event: 12.917 GC heap after
Heap after GC invocations=5 (full 0):
 PSYoungGen      total 34304K, used 2550K [0x00000000eb900000, 0x00000000f0400000, 0x0000000100000000)
  eden space 31744K, 0% used [0x00000000eb900000,0x00000000eb900000,0x00000000ed800000)
  from space 2560K, 99% used [0x00000000ed800000,0x00000000eda7db20,0x00000000eda80000)
  to   space 6656K, 0% used [0x00000000efd80000,0x00000000efd80000,0x00000000f0400000)
 ParOldGen       total 42496K, used 9079K [0x00000000c2a00000, 0x00000000c5380000, 0x00000000eb900000)
  object space 42496K, 21% used [0x00000000c2a00000,0x00000000c32ddca8,0x00000000c5380000)
 Metaspace       used 14335K, capacity 14558K, committed 14720K, reserved 1062912K
  class space    used 1789K, capacity 1893K, committed 1920K, reserved 1048576K
}
Event: 13.161 GC heap before
{Heap before GC invocations=6 (full 0):
 PSYoungGen      total 34304K, used 34294K [0x00000000eb900000, 0x00000000f0400000, 0x0000000100000000)
  eden space 31744K, 100% used [0x00000000eb900000,0x00000000ed800000,0x00000000ed800000)
  from space 2560K, 99% used [0x00000000ed800000,0x00000000eda7db20,0x00000000eda80000)
  to   space 6656K, 0% used [0x00000000efd80000,0x00000000efd80000,0x00000000f0400000)
 ParOldGen       total 42496K, used 9079K [0x00000000c2a00000, 0x00000000c5380000, 0x00000000eb900000)
  object space 42496K, 21% used [0x00000000c2a00000,0x00000000c32ddca8,0x00000000c5380000)
 Metaspace       used 14338K, capacity 14558K, committed 14720K, reserved 1062912K
  class space    used 1789K, capacity 1893K, committed 1920K, reserved 1048576K
Event: 13.191 GC heap after
Heap after GC invocations=6 (full 0):
 PSYoungGen      total 69632K, used 5684K [0x00000000eb900000, 0x00000000f0500000, 0x0000000100000000)
  eden space 62976K, 0% used [0x00000000eb900000,0x00000000eb900000,0x00000000ef680000)
  from space 6656K, 85% used [0x00000000efd80000,0x00000000f030d1f8,0x00000000f0400000)
  to   space 7168K, 0% used [0x00000000ef680000,0x00000000ef680000,0x00000000efd80000)
 ParOldGen       total 42496K, used 9079K [0x00000000c2a00000, 0x00000000c5380000, 0x00000000eb900000)
  object space 42496K, 21% used [0x00000000c2a00000,0x00000000c32ddca8,0x00000000c5380000)
 Metaspace       used 14338K, capacity 14558K, committed 14720K, reserved 1062912K
  class space    used 1789K, capacity 1893K, committed 1920K, reserved 1048576K
}
Event: 13.684 GC heap before
{Heap before GC invocations=7 (full 0):
 PSYoungGen      total 69632K, used 68660K [0x00000000eb900000, 0x00000000f0500000, 0x0000000100000000)
  eden space 62976K, 100% used [0x00000000eb900000,0x00000000ef680000,0x00000000ef680000)
  from space 6656K, 85% used [0x00000000efd80000,0x00000000f030d1f8,0x00000000f0400000)
  to   space 7168K, 0% used [0x00000000ef680000,0x00000000ef680000,0x00000000efd80000)
 ParOldGen       total 42496K, used 9079K [0x00000000c2a00000, 0x00000000c5380000, 0x00000000eb900000)
  object space 42496K, 21% used [0x00000000c2a00000,0x00000000c32ddca8,0x00000000c5380000)
 Metaspace       used 14344K, capacity 14558K, committed 14720K, reserved 1062912K
  class space    used 1790K, capacity 1893K, committed 1920K, reserved 1048576K
Event: 13.697 GC heap after
Heap after GC invocations=7 (full 0):
 PSYoungGen      total 70144K, used 7166K [0x00000000eb900000, 0x00000000f4800000, 0x0000000100000000)
  eden space 62976K, 0% used [0x00000000eb900000,0x00000000eb900000,0x00000000ef680000)
  from space 7168K, 99% used [0x00000000ef680000,0x00000000efd7fbd0,0x00000000efd80000)
  to   space 10240K, 0% used [0x00000000f3e00000,0x00000000f3e00000,0x00000000f4800000)
 ParOldGen       total 42496K, used 13416K [0x00000000c2a00000, 0x00000000c5380000, 0x00000000eb900000)
  object space 42496K, 31% used [0x00000000c2a00000,0x00000000c371a2b0,0x00000000c5380000)
 Metaspace       used 14344K, capacity 14558K, committed 14720K, reserved 1062912K
  class space    used 1790K, capacity 1893K, committed 1920K, reserved 1048576K
}
Event: 15.359 GC heap before
{Heap before GC invocations=8 (full 0):
 PSYoungGen      total 70144K, used 70142K [0x00000000eb900000, 0x00000000f4800000, 0x0000000100000000)
  eden space 62976K, 100% used [0x00000000eb900000,0x00000000ef680000,0x00000000ef680000)
  from space 7168K, 99% used [0x00000000ef680000,0x00000000efd7fbd0,0x00000000efd80000)
  to   space 10240K, 0% used [0x00000000f3e00000,0x00000000f3e00000,0x00000000f4800000)
 ParOldGen       total 42496K, used 13416K [0x00000000c2a00000, 0x00000000c5380000, 0x00000000eb900000)
  object space 42496K, 31% used [0x00000000c2a00000,0x00000000c371a2b0,0x00000000c5380000)
 Metaspace       used 14344K, capacity 14558K, committed 14720K, reserved 1062912K
  class space    used 1790K, capacity 1893K, committed 1920K, reserved 1048576K
Event: 15.386 GC heap after
Heap after GC invocations=8 (full 0):
 PSYoungGen      total 133120K, used 10213K [0x00000000eb900000, 0x00000000f4e00000, 0x0000000100000000)
  eden space 122880K, 0% used [0x00000000eb900000,0x00000000eb900000,0x00000000f3100000)
  from space 10240K, 99% used [0x00000000f3e00000,0x00000000f47f9708,0x00000000f4800000)
  to   space 13312K, 0% used [0x00000000f3100000,0x00000000f3100000,0x00000000f3e00000)
 ParOldGen       total 42496K, used 17354K [0x00000000c2a00000, 0x00000000c5380000, 0x00000000eb900000)
  object space 42496K, 40% used [0x00000000c2a00000,0x00000000c3af2a48,0x00000000c5380000)
 Metaspace       used 14344K, capacity 14558K, committed 14720K, reserved 1062912K
  class space    used 1790K, capacity 1893K, committed 1920K, reserved 1048576K
}
Event: 16.121 GC heap before
{Heap before GC invocations=9 (full 0):
 PSYoungGen      total 133120K, used 133093K [0x00000000eb900000, 0x00000000f4e00000, 0x0000000100000000)
  eden space 122880K, 100% used [0x00000000eb900000,0x00000000f3100000,0x00000000f3100000)
  from space 10240K, 99% used [0x00000000f3e00000,0x00000000f47f9708,0x00000000f4800000)
  to   space 13312K, 0% used [0x00000000f3100000,0x00000000f3100000,0x00000000f3e00000)
 ParOldGen       total 42496K, used 17354K [0x00000000c2a00000, 0x00000000c5380000, 0x00000000eb900000)
  object space 42496K, 40% used [0x00000000c2a00000,0x00000000c3af2a48,0x00000000c5380000)
 Metaspace       used 14345K, capacity 14558K, committed 14720K, reserved 1062912K
  class space    used 1790K, capacity 1893K, committed 1920K, reserved 1048576K

Deoptimization events (10 events):
Event: 11.251 Thread 0x00007f5c5400d800 Uncommon trap: reason=unstable_if action=reinterpret pc=0x00007f5c451a00e0 method=java.lang.String.replace(CC)Ljava/lang/String; @ 26
Event: 11.317 Thread 0x00007f5c5400d800 Uncommon trap: reason=unstable_if action=reinterpret pc=0x00007f5c451d1268 method=java.lang.String.startsWith(Ljava/lang/String;I)Z @ 25
Event: 11.618 Thread 0x00007f5c5400d800 Uncommon trap: reason=class_check action=maybe_recompile pc=0x00007f5c451ad3a8 method=java.lang.String.equals(Ljava/lang/Object;)Z @ 8
Event: 11.618 Thread 0x00007f5c5400d800 Uncommon trap: reason=class_check action=maybe_recompile pc=0x00007f5c451ad3a8 method=java.lang.String.equals(Ljava/lang/Object;)Z @ 8
Event: 11.618 Thread 0x00007f5c5400d800 Uncommon trap: reason=class_check action=maybe_recompile pc=0x00007f5c451ad3a8 method=java.lang.String.equals(Ljava/lang/Object;)Z @ 8
Event: 11.618 Thread 0x00007f5c5400d800 Uncommon trap: reason=class_check action=maybe_recompile pc=0x00007f5c451ad3a8 method=java.lang.String.equals(Ljava/lang/Object;)Z @ 8
Event: 12.384 Thread 0x00007f5c5400d800 Uncommon trap: reason=unstable_if action=reinterpret pc=0x00007f5c453c13b4 method=com.sun.org.apache.xerces.internal.impl.XMLEntityScanner.peekChar()I @ 14
Event: 12.704 Thread 0x00007f5c5400d800 Uncommon trap: reason=unstable_if action=reinterpret pc=0x00007f5c454143d4 method=com.sun.org.apache.xerces.internal.impl.XMLEntityScanner.scanLiteral(ILcom/sun/org/apache/xerces/internal/xni/XMLString;Z)I @ 44
Event: 13.092 Thread 0x00007f5c5400d800 Uncommon trap: reason=unstable_if action=reinterpret pc=0x00007f5c4546ba00 method=com.sun.org.apache.xerces.internal.impl.XMLEntityScanner.scanQName(Lcom/sun/org/apache/xerces/internal/xni/QName;Lcom/sun/org/apache/xerces/internal/impl/XMLScanner$NameType
Event: 13.294 Thread 0x00007f5c5400d800 Uncommon trap: reason=unstable_if action=reinterpret pc=0x00007f5c4549007c method=com.sun.org.apache.xerces.internal.impl.XMLDocumentFragmentScannerImpl$FragmentContentDriver.next()I @ 714

Classes redefined (0 events):
No events

Internal exceptions (10 events):
Event: 8.196 Thread 0x00007f5c5400d800 Exception <a 'java/security/PrivilegedActionException'> (0x00000000ebaebd40) thrown at [/build/openjdk-8-Hh0vdF/openjdk-8-8u181-b13/src/hotspot/src/share/vm/prims/jvm.cpp, line 1435]
Event: 8.196 Thread 0x00007f5c5400d800 Exception <a 'java/security/PrivilegedActionException'> (0x00000000ebaebf50) thrown at [/build/openjdk-8-Hh0vdF/openjdk-8-8u181-b13/src/hotspot/src/share/vm/prims/jvm.cpp, line 1435]
Event: 8.197 Thread 0x00007f5c5400d800 Exception <a 'java/security/PrivilegedActionException'> (0x00000000ebaedfd8) thrown at [/build/openjdk-8-Hh0vdF/openjdk-8-8u181-b13/src/hotspot/src/share/vm/prims/jvm.cpp, line 1435]
Event: 8.197 Thread 0x00007f5c5400d800 Exception <a 'java/security/PrivilegedActionException'> (0x00000000ebaee1e8) thrown at [/build/openjdk-8-Hh0vdF/openjdk-8-8u181-b13/src/hotspot/src/share/vm/prims/jvm.cpp, line 1435]
Event: 8.197 Thread 0x00007f5c5400d800 Exception <a 'java/security/PrivilegedActionException'> (0x00000000ebaeecc0) thrown at [/build/openjdk-8-Hh0vdF/openjdk-8-8u181-b13/src/hotspot/src/share/vm/prims/jvm.cpp, line 1435]
Event: 8.197 Thread 0x00007f5c5400d800 Exception <a 'java/security/PrivilegedActionException'> (0x00000000ebaeeed0) thrown at [/build/openjdk-8-Hh0vdF/openjdk-8-8u181-b13/src/hotspot/src/share/vm/prims/jvm.cpp, line 1435]
Event: 8.198 Thread 0x00007f5c5400d800 Exception <a 'java/lang/NoClassDefFoundError': org/slf4j/impl/StaticLoggerBinder> (0x00000000ebaf97c0) thrown at [/build/openjdk-8-Hh0vdF/openjdk-8-8u181-b13/src/hotspot/src/share/vm/classfile/systemDictionary.cpp, line 199]
Event: 8.355 Thread 0x00007f5c5400d800 Exception <a 'java/lang/NoSuchFieldError': method resolution failed> (0x00000000ebd1dfb8) thrown at [/build/openjdk-8-Hh0vdF/openjdk-8-8u181-b13/src/hotspot/src/share/vm/prims/methodHandles.cpp, line 1167]
Event: 8.357 Thread 0x00007f5c5400d800 Exception <a 'java/lang/NoSuchFieldError': method resolution failed> (0x00000000ebd2b5f0) thrown at [/build/openjdk-8-Hh0vdF/openjdk-8-8u181-b13/src/hotspot/src/share/vm/prims/methodHandles.cpp, line 1167]
Event: 11.625 Thread 0x00007f5c5400d800 Exception <a 'java/lang/NoSuchMethodError': java.lang.Object.lambda$and$0(Ljava/util/function/Predicate;Ljava/lang/Object;)Z> (0x00000000ec6c8c68) thrown at [/build/openjdk-8-Hh0vdF/openjdk-8-8u181-b13/src/hotspot/src/share/vm/interpreter/linkResolver.cpp

Events (10 events):
Event: 13.669 Thread 0x00007f5c5400d800 DEOPT UNPACKING pc=0x00007f5c450474c4 sp=0x00007f5c5c63d998 mode 0
Event: 13.684 Executing VM operation: ParallelGCFailedAllocation
Event: 13.697 Executing VM operation: ParallelGCFailedAllocation done
Event: 13.699 Thread 0x00007f5c5400d800 DEOPT PACKING pc=0x00007f5c4537a62e sp=0x00007f5c5c63dc40
Event: 13.699 Thread 0x00007f5c5400d800 DEOPT UNPACKING pc=0x00007f5c450474c4 sp=0x00007f5c5c63da08 mode 0
Event: 14.039 Thread 0x00007f5c5400d800 DEOPT PACKING pc=0x00007f5c454977f5 sp=0x00007f5c5c63ddc0
Event: 14.039 Thread 0x00007f5c5400d800 DEOPT UNPACKING pc=0x00007f5c450474c4 sp=0x00007f5c5c63db80 mode 0
Event: 14.250 Executing VM operation: ParallelGCFailedAllocation
Event: 15.387 Executing VM operation: ParallelGCFailedAllocation done
Event: 16.121 Executing VM operation: ParallelGCFailedAllocation


Dynamic libraries:
c2a00000-c5380000 rw-p 00000000 00:00 0 
c5380000-eb900000 ---p 00000000 00:00 0 
eb900000-f4e00000 rw-p 00000000 00:00 0 
fa000000-100000000 ---p 00000000 00:00 0 
100000000-1001e0000 rw-p 00000000 00:00 0 
1001e0000-140000000 ---p 00000000 00:00 0 
557211a7a000-557211a7b000 r-xp 00000000 08:01 1065533                    /usr/lib/jvm/java-8-openjdk-amd64/jre/bin/java
557211c7a000-557211c7b000 r--p 00000000 08:01 1065533                    /usr/lib/jvm/java-8-openjdk-amd64/jre/bin/java
557211c7b000-557211c7c000 rw-p 00001000 08:01 1065533                    /usr/lib/jvm/java-8-openjdk-amd64/jre/bin/java
5572138f0000-557213911000 rw-p 00000000 00:00 0                          [heap]
7f5c04000000-7f5c04021000 rw-p 00000000 00:00 0 
7f5c04021000-7f5c08000000 ---p 00000000 00:00 0 
7f5c0c000000-7f5c0c5a6000 rw-p 00000000 00:00 0 
7f5c0c5a6000-7f5c10000000 ---p 00000000 00:00 0 
7f5c10000000-7f5c10021000 rw-p 00000000 00:00 0 
7f5c10021000-7f5c14000000 ---p 00000000 00:00 0 
7f5c14000000-7f5c14da5000 rw-p 00000000 00:00 0 
7f5c14da5000-7f5c18000000 ---p 00000000 00:00 0 
7f5c18000000-7f5c18945000 rw-p 00000000 00:00 0 
7f5c18945000-7f5c1c000000 ---p 00000000 00:00 0 
7f5c1c000000-7f5c1c021000 rw-p 00000000 00:00 0 
7f5c1c021000-7f5c20000000 ---p 00000000 00:00 0 
7f5c20000000-7f5c20021000 rw-p 00000000 00:00 0 
7f5c20021000-7f5c24000000 ---p 00000000 00:00 0 
7f5c24000000-7f5c24021000 rw-p 00000000 00:00 0 
7f5c24021000-7f5c28000000 ---p 00000000 00:00 0 
7f5c28000000-7f5c28021000 rw-p 00000000 00:00 0 
7f5c28021000-7f5c2c000000 ---p 00000000 00:00 0 
7f5c2c000000-7f5c2c021000 rw-p 00000000 00:00 0 
7f5c2c021000-7f5c30000000 ---p 00000000 00:00 0 
7f5c30000000-7f5c30021000 rw-p 00000000 00:00 0 
7f5c30021000-7f5c34000000 ---p 00000000 00:00 0 
7f5c34000000-7f5c34021000 rw-p 00000000 00:00 0 
7f5c34021000-7f5c38000000 ---p 00000000 00:00 0 
7f5c3c000000-7f5c3c021000 rw-p 00000000 00:00 0 
7f5c3c021000-7f5c40000000 ---p 00000000 00:00 0 
7f5c4014f000-7f5c401cf000 rw-p 00000000 00:00 0 
7f5c401cf000-7f5c4034f000 ---p 00000000 00:00 0 
7f5c4034f000-7f5c40354000 r--s 002f9000 08:01 1065595                    /usr/lib/jvm/java-8-openjdk-amd64/jre/lib/charsets.jar
7f5c40354000-7f5c40359000 r--s 0009d000 08:01 1065624                    /usr/lib/jvm/java-8-openjdk-amd64/jre/lib/jsse.jar
7f5c40359000-7f5c40559000 rw-p 00000000 00:00 0 
7f5c40559000-7f5c40570000 r-xp 00000000 08:01 1065584                    /usr/lib/jvm/java-8-openjdk-amd64/jre/lib/amd64/libnet.so
7f5c40570000-7f5c4076f000 ---p 00017000 08:01 1065584                    /usr/lib/jvm/java-8-openjdk-amd64/jre/lib/amd64/libnet.so
7f5c4076f000-7f5c40770000 r--p 00016000 08:01 1065584                    /usr/lib/jvm/java-8-openjdk-amd64/jre/lib/amd64/libnet.so
7f5c40770000-7f5c40771000 rw-p 00017000 08:01 1065584                    /usr/lib/jvm/java-8-openjdk-amd64/jre/lib/amd64/libnet.so
7f5c40771000-7f5c40782000 r-xp 00000000 08:01 1065585                    /usr/lib/jvm/java-8-openjdk-amd64/jre/lib/amd64/libnio.so
7f5c40782000-7f5c40982000 ---p 00011000 08:01 1065585                    /usr/lib/jvm/java-8-openjdk-amd64/jre/lib/amd64/libnio.so
7f5c40982000-7f5c40983000 r--p 00011000 08:01 1065585                    /usr/lib/jvm/java-8-openjdk-amd64/jre/lib/amd64/libnio.so
7f5c40983000-7f5c40984000 rw-p 00012000 08:01 1065585                    /usr/lib/jvm/java-8-openjdk-amd64/jre/lib/amd64/libnio.so
7f5c40984000-7f5c40b84000 rw-p 00000000 00:00 0 
7f5c40b84000-7f5c40b86000 r--s 00009000 08:01 143957                     /home/blackstorm/.m2/repository/commons-cli/commons-cli/1.2/commons-cli-1.2.jar
7f5c40b86000-7f5c40b88000 r--s 00011000 08:01 1070851                    /home/blackstorm/.m2/repository/org/hamcrest/hamcrest-core/1.1/hamcrest-core-1.1.jar
7f5c40b88000-7f5c40b8f000 r--s 00037000 08:01 1070849                    /home/blackstorm/.m2/repository/junit/junit/4.10/junit-4.10.jar
7f5c40b8f000-7f5c40b91000 r--s 00009000 08:01 1067210                    /home/blackstorm/.m2/repository/org/slf4j/slf4j-api/1.7.25/slf4j-api-1.7.25.jar
7f5c40b91000-7f5c40b93000 r--s 0000b000 08:01 310379                     /home/blackstorm/.m2/repository/org/apache/jena/jena-rdfconnection/3.10.0-SNAPSHOT/jena-rdfconnection-3.10.0-SNAPSHOT.jar
7f5c40b93000-7f5c40b95000 r--s 00004000 08:01 20535                      /home/blackstorm/.m2/repository/org/apache/jena/jena-dboe-index/3.10.0-SNAPSHOT/jena-dboe-index-3.10.0-SNAPSHOT.jar
7f5c40b95000-7f5c40b98000 r--s 0001f000 08:01 940982                     /home/blackstorm/.m2/repository/org/apache/jena/jena-dboe-base/3.10.0-SNAPSHOT/jena-dboe-base-3.10.0-SNAPSHOT.jar
7f5c40b98000-7f5c40b9b000 r--s 00010000 08:01 310758                     /home/blackstorm/.m2/repository/org/apache/jena/jena-dboe-transaction/3.10.0-SNAPSHOT/jena-dboe-transaction-3.10.0-SNAPSHOT.jar
7f5c40b9b000-7f5c40b9d000 r--s 00016000 08:01 310774                     /home/blackstorm/.m2/repository/org/apache/jena/jena-dboe-trans-data/3.10.0-SNAPSHOT/jena-dboe-trans-data-3.10.0-SNAPSHOT.jar
7f5c40b9d000-7f5c40ba2000 r--s 0003d000 08:01 310782                     /home/blackstorm/.m2/repository/org/apache/jena/jena-tdb2/3.10.0-SNAPSHOT/jena-tdb2-3.10.0-SNAPSHOT.jar
7f5c40ba2000-7f5c40ba9000 r--s 00064000 08:01 306815                     /home/blackstorm/.m2/repository/org/apache/commons/commons-lang3/3.4/commons-lang3-3.4.jar
7f5c40ba9000-7f5c40bae000 r--s 00035000 08:01 938092                     /home/blackstorm/.m2/repository/org/apache/thrift/libthrift/0.10.0/libthrift-0.10.0.jar
7f5c40bae000-7f5c40bb2000 r--s 00024000 08:01 1069729                    /home/blackstorm/.m2/repository/org/apache/httpcomponents/httpclient-cache/4.5.5/httpclient-cache-4.5.5.jar
7f5c40bb2000-7f5c40bb6000 r--s 00031000 08:01 1069688                    /home/blackstorm/.m2/repository/commons-io/commons-io/2.6/commons-io-2.6.jar
7f5c40bb6000-7f5c40bb9000 r--s 0000e000 08:01 296876                     /home/blackstorm/.m2/repository/com/fasterxml/jackson/core/jackson-annotations/2.9.0/jackson-annotations-2.9.0.jar
7f5c40bb9000-7f5c40bcc000 r--s 00137000 08:01 938088                     /home/blackstorm/.m2/repository/com/fasterxml/jackson/core/jackson-databind/2.9.6/jackson-databind-2.9.6.jar
7f5c40bcc000-7f5c40bd1000 r--s 0004b000 08:01 938086                     /home/blackstorm/.m2/repository/com/fasterxml/jackson/core/jackson-core/2.9.6/jackson-core-2.9.6.jar
7f5c40bd1000-7f5c40bf5000 r--s 0016f000 08:01 938090                     /home/blackstorm/.m2/repository/com/github/jsonld-java/jsonld-java/0.12.1/jsonld-java-0.12.1.jar
7f5c40bf5000-7f5c40bfc000 r--s 00049000 08:01 296879                     /home/blackstorm/.m2/repository/org/apache/httpcomponents/httpcore/4.4.9/httpcore-4.4.9.jar
7f5c40bfc000-7f5c40c0a000 r--s 000ae000 08:01 1067212                    /home/blackstorm/.m2/repository/org/apache/httpcomponents/httpclient/4.5.5/httpclient-4.5.5.jar
7f5c40c0a000-7f5c40c45000 r--s 00281000 08:01 307043                     /home/blackstorm/.m2/repository/org/apache/jena/jena-shaded-guava/3.10.0-SNAPSHOT/jena-shaded-guava-3.10.0-SNAPSHOT.jar
7f5c40c45000-7f5c40c4a000 r--s 00024000 08:01 307255                     /home/blackstorm/.m2/repository/com/github/andrewoma/dexx/collection/0.7/collection-0.7.jar
7f5c40c4a000-7f5c40c55000 r--s 00085000 08:01 307253                     /home/blackstorm/.m2/repository/org/apache/commons/commons-compress/1.17/commons-compress-1.17.jar
7f5c40c55000-7f5c40c8b000 r--s 002b4000 08:01 280101                     /home/blackstorm/.m2/repository/org/apache/jena/jena-arq/3.10.0-SNAPSHOT/jena-arq-3.10.0-SNAPSHOT.jar
7f5c40c8b000-7f5c40c8c000 ---p 00000000 00:00 0 
7f5c40c8c000-7f5c40d8c000 rw-p 00000000 00:00 0 
7f5c40d8c000-7f5c40d8f000 ---p 00000000 00:00 0 
7f5c40d8f000-7f5c40e8d000 rw-p 00000000 00:00 0 
7f5c40e8d000-7f5c40e8e000 ---p 00000000 00:00 0 
7f5c40e8e000-7f5c40e91000 ---p 00000000 00:00 0 
7f5c40e91000-7f5c40f8e000 rw-p 00000000 00:00 0 
7f5c40f8e000-7f5c40f8f000 ---p 00000000 00:00 0 
7f5c40f8f000-7f5c40f92000 ---p 00000000 00:00 0 
7f5c40f92000-7f5c4108f000 rw-p 00000000 00:00 0 
7f5c4108f000-7f5c41090000 ---p 00000000 00:00 0 
7f5c41090000-7f5c41093000 ---p 00000000 00:00 0 
7f5c41093000-7f5c41190000 rw-p 00000000 00:00 0 
7f5c41190000-7f5c41193000 ---p 00000000 00:00 0 
7f5c41193000-7f5c41291000 rw-p 00000000 00:00 0 
7f5c41291000-7f5c4156f000 r--p 00000000 08:01 1234                       /usr/lib/locale/locale-archive
7f5c4156f000-7f5c41572000 ---p 00000000 00:00 0 
7f5c41572000-7f5c41670000 rw-p 00000000 00:00 0 
7f5c41670000-7f5c41673000 ---p 00000000 00:00 0 
7f5c41673000-7f5c41771000 rw-p 00000000 00:00 0 
7f5c41771000-7f5c41772000 ---p 00000000 00:00 0 
7f5c41772000-7f5c42781000 rw-p 00000000 00:00 0 
7f5c42781000-7f5c42950000 r--s 03c33000 08:01 1065629                    /usr/lib/jvm/java-8-openjdk-amd64/jre/lib/rt.jar
7f5c42950000-7f5c45000000 rw-p 00000000 00:00 0 
7f5c45000000-7f5c45570000 rwxp 00000000 00:00 0 
7f5c45570000-7f5c54000000 ---p 00000000 00:00 0 
7f5c54000000-7f5c5471e000 rw-p 00000000 00:00 0 
7f5c5471e000-7f5c58000000 ---p 00000000 00:00 0 
7f5c58000000-7f5c58002000 r--s 00003000 08:01 938095                     /home/blackstorm/.m2/repository/org/slf4j/jcl-over-slf4j/1.7.25/jcl-over-slf4j-1.7.25.jar
7f5c58002000-7f5c58004000 r--s 00009000 08:01 307251                     /home/blackstorm/.m2/repository/org/apache/commons/commons-csv/1.5/commons-csv-1.5.jar
7f5c58004000-7f5c5800a000 r--s 00030000 08:01 307971                     /home/blackstorm/.m2/repository/org/apache/jena/jena-base/3.10.0-SNAPSHOT/jena-base-3.10.0-SNAPSHOT.jar
7f5c5800a000-7f5c58011000 r--s 0004b000 08:01 19043                      /home/blackstorm/.m2/repository/commons-codec/commons-codec/1.11/commons-codec-1.11.jar
7f5c58011000-7f5c58013000 r--s 00020000 08:01 307211                     /home/blackstorm/.m2/repository/org/apache/jena/jena-iri/3.10.0-SNAPSHOT/jena-iri-3.10.0-SNAPSHOT.jar
7f5c58013000-7f5c58032000 r--s 00197000 08:01 938031                     /home/blackstorm/.m2/repository/org/apache/jena/jena-core/3.10.0-SNAPSHOT/jena-core-3.10.0-SNAPSHOT.jar
7f5c58032000-7f5c5803b000 r--s 00077000 08:01 310430                     /home/blackstorm/.m2/repository/org/apache/jena/jena-tdb/3.10.0-SNAPSHOT/jena-tdb-3.10.0-SNAPSHOT.jar
7f5c5803b000-7f5c58040000 r--s 002f9000 08:01 1065595                    /usr/lib/jvm/java-8-openjdk-amd64/jre/lib/charsets.jar
7f5c58040000-7f5c58045000 r--s 0009d000 08:01 1065624                    /usr/lib/jvm/java-8-openjdk-amd64/jre/lib/jsse.jar
7f5c58045000-7f5c58058000 r--s 00346000 08:01 1065628                    /usr/lib/jvm/java-8-openjdk-amd64/jre/lib/resources.jar
7f5c58058000-7f5c58073000 r--s 00394000 08:01 1065603                    /usr/lib/jvm/java-8-openjdk-amd64/jre/lib/ext/cldrdata.jar
7f5c58073000-7f5c5807d000 r--s 00116000 08:01 1065607                    /usr/lib/jvm/java-8-openjdk-amd64/jre/lib/ext/localedata.jar
7f5c5807d000-7f5c58098000 r--s 001d6000 08:01 1065608                    /usr/lib/jvm/java-8-openjdk-amd64/jre/lib/ext/nashorn.jar
7f5c58098000-7f5c583aa000 rw-p 00000000 00:00 0 
7f5c583aa000-7f5c583ab000 ---p 00000000 00:00 0 
7f5c583ab000-7f5c584ab000 rw-p 00000000 00:00 0 
7f5c584ab000-7f5c584ac000 ---p 00000000 00:00 0 
7f5c584ac000-7f5c585ac000 rw-p 00000000 00:00 0 
7f5c585ac000-7f5c585ad000 ---p 00000000 00:00 0 
7f5c585ad000-7f5c586ad000 rw-p 00000000 00:00 0 
7f5c586ad000-7f5c586ae000 ---p 00000000 00:00 0 
7f5c586ae000-7f5c587c3000 rw-p 00000000 00:00 0 
7f5c587c3000-7f5c588f6000 ---p 00000000 00:00 0 
7f5c588f6000-7f5c5890b000 rw-p 00000000 00:00 0 
7f5c5890b000-7f5c58a3d000 ---p 00000000 00:00 0 
7f5c58a3d000-7f5c58a88000 rw-p 00000000 00:00 0 
7f5c58a88000-7f5c58ae1000 ---p 00000000 00:00 0 
7f5c58ae1000-7f5c58af8000 rw-p 00000000 00:00 0 
7f5c58af8000-7f5c58ea2000 ---p 00000000 00:00 0 
7f5c58ea2000-7f5c58eaa000 r-xp 00000000 08:01 1065592                    /usr/lib/jvm/java-8-openjdk-amd64/jre/lib/amd64/libzip.so
7f5c58eaa000-7f5c590a9000 ---p 00008000 08:01 1065592                    /usr/lib/jvm/java-8-openjdk-amd64/jre/lib/amd64/libzip.so
7f5c590a9000-7f5c590aa000 r--p 00007000 08:01 1065592                    /usr/lib/jvm/java-8-openjdk-amd64/jre/lib/amd64/libzip.so
7f5c590aa000-7f5c590ab000 rw-p 00008000 08:01 1065592                    /usr/lib/jvm/java-8-openjdk-amd64/jre/lib/amd64/libzip.so
7f5c590ab000-7f5c590b6000 r-xp 00000000 08:01 414949                     /lib/x86_64-linux-gnu/libnss_files-2.27.so
7f5c590b6000-7f5c592b5000 ---p 0000b000 08:01 414949                     /lib/x86_64-linux-gnu/libnss_files-2.27.so
7f5c592b5000-7f5c592b6000 r--p 0000a000 08:01 414949                     /lib/x86_64-linux-gnu/libnss_files-2.27.so
7f5c592b6000-7f5c592b7000 rw-p 0000b000 08:01 414949                     /lib/x86_64-linux-gnu/libnss_files-2.27.so
7f5c592b7000-7f5c592bd000 rw-p 00000000 00:00 0 
7f5c592bd000-7f5c592d4000 r-xp 00000000 08:01 412336                     /lib/x86_64-linux-gnu/libnsl-2.27.so
7f5c592d4000-7f5c594d3000 ---p 00017000 08:01 412336                     /lib/x86_64-linux-gnu/libnsl-2.27.so
7f5c594d3000-7f5c594d4000 r--p 00016000 08:01 412336                     /lib/x86_64-linux-gnu/libnsl-2.27.so
7f5c594d4000-7f5c594d5000 rw-p 00017000 08:01 412336                     /lib/x86_64-linux-gnu/libnsl-2.27.so
7f5c594d5000-7f5c594d7000 rw-p 00000000 00:00 0 
7f5c594d7000-7f5c594e2000 r-xp 00000000 08:01 414951                     /lib/x86_64-linux-gnu/libnss_nis-2.27.so
7f5c594e2000-7f5c596e1000 ---p 0000b000 08:01 414951                     /lib/x86_64-linux-gnu/libnss_nis-2.27.so
7f5c596e1000-7f5c596e2000 r--p 0000a000 08:01 414951                     /lib/x86_64-linux-gnu/libnss_nis-2.27.so
7f5c596e2000-7f5c596e3000 rw-p 0000b000 08:01 414951                     /lib/x86_64-linux-gnu/libnss_nis-2.27.so
7f5c596e3000-7f5c596eb000 r-xp 00000000 08:01 414947                     /lib/x86_64-linux-gnu/libnss_compat-2.27.so
7f5c596eb000-7f5c598eb000 ---p 00008000 08:01 414947                     /lib/x86_64-linux-gnu/libnss_compat-2.27.so
7f5c598eb000-7f5c598ec000 r--p 00008000 08:01 414947                     /lib/x86_64-linux-gnu/libnss_compat-2.27.so
7f5c598ec000-7f5c598ed000 rw-p 00009000 08:01 414947                     /lib/x86_64-linux-gnu/libnss_compat-2.27.so
7f5c598ed000-7f5c5991b000 r-xp 00000000 08:01 1065573                    /usr/lib/jvm/java-8-openjdk-amd64/jre/lib/amd64/libjava.so
7f5c5991b000-7f5c59b1a000 ---p 0002e000 08:01 1065573                    /usr/lib/jvm/java-8-openjdk-amd64/jre/lib/amd64/libjava.so
7f5c59b1a000-7f5c59b1b000 r--p 0002d000 08:01 1065573                    /usr/lib/jvm/java-8-openjdk-amd64/jre/lib/amd64/libjava.so
7f5c59b1b000-7f5c59b1d000 rw-p 0002e000 08:01 1065573                    /usr/lib/jvm/java-8-openjdk-amd64/jre/lib/amd64/libjava.so
7f5c59b1d000-7f5c59b2d000 r-xp 00000000 08:01 1065591                    /usr/lib/jvm/java-8-openjdk-amd64/jre/lib/amd64/libverify.so
7f5c59b2d000-7f5c59d2c000 ---p 00010000 08:01 1065591                    /usr/lib/jvm/java-8-openjdk-amd64/jre/lib/amd64/libverify.so
7f5c59d2c000-7f5c59d2e000 r--p 0000f000 08:01 1065591                    /usr/lib/jvm/java-8-openjdk-amd64/jre/lib/amd64/libverify.so
7f5c59d2e000-7f5c59d2f000 rw-p 00011000 08:01 1065591                    /usr/lib/jvm/java-8-openjdk-amd64/jre/lib/amd64/libverify.so
7f5c59d2f000-7f5c59d36000 r-xp 00000000 08:01 414956                     /lib/x86_64-linux-gnu/librt-2.27.so
7f5c59d36000-7f5c59f35000 ---p 00007000 08:01 414956                     /lib/x86_64-linux-gnu/librt-2.27.so
7f5c59f35000-7f5c59f36000 r--p 00006000 08:01 414956                     /lib/x86_64-linux-gnu/librt-2.27.so
7f5c59f36000-7f5c59f37000 rw-p 00007000 08:01 414956                     /lib/x86_64-linux-gnu/librt-2.27.so
7f5c59f37000-7f5c59f4e000 r-xp 00000000 08:01 400822                     /lib/x86_64-linux-gnu/libgcc_s.so.1
7f5c59f4e000-7f5c5a14d000 ---p 00017000 08:01 400822                     /lib/x86_64-linux-gnu/libgcc_s.so.1
7f5c5a14d000-7f5c5a14e000 r--p 00016000 08:01 400822                     /lib/x86_64-linux-gnu/libgcc_s.so.1
7f5c5a14e000-7f5c5a14f000 rw-p 00017000 08:01 400822                     /lib/x86_64-linux-gnu/libgcc_s.so.1
7f5c5a14f000-7f5c5a2ec000 r-xp 00000000 08:01 412333                     /lib/x86_64-linux-gnu/libm-2.27.so
7f5c5a2ec000-7f5c5a4eb000 ---p 0019d000 08:01 412333                     /lib/x86_64-linux-gnu/libm-2.27.so
7f5c5a4eb000-7f5c5a4ec000 r--p 0019c000 08:01 412333                     /lib/x86_64-linux-gnu/libm-2.27.so
7f5c5a4ec000-7f5c5a4ed000 rw-p 0019d000 08:01 412333                     /lib/x86_64-linux-gnu/libm-2.27.so
7f5c5a4ed000-7f5c5a666000 r-xp 00000000 08:01 2256                       /usr/lib/x86_64-linux-gnu/libstdc++.so.6.0.25
7f5c5a666000-7f5c5a866000 ---p 00179000 08:01 2256                       /usr/lib/x86_64-linux-gnu/libstdc++.so.6.0.25
7f5c5a866000-7f5c5a870000 r--p 00179000 08:01 2256                       /usr/lib/x86_64-linux-gnu/libstdc++.so.6.0.25
7f5c5a870000-7f5c5a872000 rw-p 00183000 08:01 2256                       /usr/lib/x86_64-linux-gnu/libstdc++.so.6.0.25
7f5c5a872000-7f5c5a876000 rw-p 00000000 00:00 0 
7f5c5a876000-7f5c5b50b000 r-xp 00000000 08:01 1065594                    /usr/lib/jvm/java-8-openjdk-amd64/jre/lib/amd64/server/libjvm.so
7f5c5b50b000-7f5c5b70a000 ---p 00c95000 08:01 1065594                    /usr/lib/jvm/java-8-openjdk-amd64/jre/lib/amd64/server/libjvm.so
7f5c5b70a000-7f5c5b79e000 r--p 00c94000 08:01 1065594                    /usr/lib/jvm/java-8-openjdk-amd64/jre/lib/amd64/server/libjvm.so
7f5c5b79e000-7f5c5b7c6000 rw-p 00d28000 08:01 1065594                    /usr/lib/jvm/java-8-openjdk-amd64/jre/lib/amd64/server/libjvm.so
7f5c5b7c6000-7f5c5b7f7000 rw-p 00000000 00:00 0 
7f5c5b7f7000-7f5c5b811000 r-xp 00000000 08:01 414954                     /lib/x86_64-linux-gnu/libpthread-2.27.so
7f5c5b811000-7f5c5ba10000 ---p 0001a000 08:01 414954                     /lib/x86_64-linux-gnu/libpthread-2.27.so
7f5c5ba10000-7f5c5ba11000 r--p 00019000 08:01 414954                     /lib/x86_64-linux-gnu/libpthread-2.27.so
7f5c5ba11000-7f5c5ba12000 rw-p 0001a000 08:01 414954                     /lib/x86_64-linux-gnu/libpthread-2.27.so
7f5c5ba12000-7f5c5ba16000 rw-p 00000000 00:00 0 
7f5c5ba16000-7f5c5ba19000 r-xp 00000000 08:01 412332                     /lib/x86_64-linux-gnu/libdl-2.27.so
7f5c5ba19000-7f5c5bc18000 ---p 00003000 08:01 412332                     /lib/x86_64-linux-gnu/libdl-2.27.so
7f5c5bc18000-7f5c5bc19000 r--p 00002000 08:01 412332                     /lib/x86_64-linux-gnu/libdl-2.27.so
7f5c5bc19000-7f5c5bc1a000 rw-p 00003000 08:01 412332                     /lib/x86_64-linux-gnu/libdl-2.27.so
7f5c5bc1a000-7f5c5bc36000 r-xp 00000000 08:01 398997                     /lib/x86_64-linux-gnu/libz.so.1.2.11
7f5c5bc36000-7f5c5be35000 ---p 0001c000 08:01 398997                     /lib/x86_64-linux-gnu/libz.so.1.2.11
7f5c5be35000-7f5c5be36000 r--p 0001b000 08:01 398997                     /lib/x86_64-linux-gnu/libz.so.1.2.11
7f5c5be36000-7f5c5be37000 rw-p 0001c000 08:01 398997                     /lib/x86_64-linux-gnu/libz.so.1.2.11
7f5c5be37000-7f5c5c01e000 r-xp 00000000 08:01 412329                     /lib/x86_64-linux-gnu/libc-2.27.so
7f5c5c01e000-7f5c5c21e000 ---p 001e7000 08:01 412329                     /lib/x86_64-linux-gnu/libc-2.27.so
7f5c5c21e000-7f5c5c222000 r--p 001e7000 08:01 412329                     /lib/x86_64-linux-gnu/libc-2.27.so
7f5c5c222000-7f5c5c224000 rw-p 001eb000 08:01 412329                     /lib/x86_64-linux-gnu/libc-2.27.so
7f5c5c224000-7f5c5c228000 rw-p 00000000 00:00 0 
7f5c5c228000-7f5c5c236000 r-xp 00000000 08:01 1065554                    /usr/lib/jvm/java-8-openjdk-amd64/jre/lib/amd64/jli/libjli.so
7f5c5c236000-7f5c5c435000 ---p 0000e000 08:01 1065554                    /usr/lib/jvm/java-8-openjdk-amd64/jre/lib/amd64/jli/libjli.so
7f5c5c435000-7f5c5c436000 r--p 0000d000 08:01 1065554                    /usr/lib/jvm/java-8-openjdk-amd64/jre/lib/amd64/jli/libjli.so
7f5c5c436000-7f5c5c437000 rw-p 0000e000 08:01 1065554                    /usr/lib/jvm/java-8-openjdk-amd64/jre/lib/amd64/jli/libjli.so
7f5c5c437000-7f5c5c45e000 r-xp 00000000 08:01 400543                     /lib/x86_64-linux-gnu/ld-2.27.so
7f5c5c45f000-7f5c5c461000 r--s 00016000 08:01 1065622                    /usr/lib/jvm/java-8-openjdk-amd64/jre/lib/jce.jar
7f5c5c461000-7f5c5c463000 r--s 00007000 08:01 284279                     /usr/share/java/java-atk-wrapper.jar
7f5c5c463000-7f5c5c466000 r--s 00038000 08:01 1065611                    /usr/lib/jvm/java-8-openjdk-amd64/jre/lib/ext/sunpkcs11.jar
7f5c5c466000-7f5c5c53f000 rw-p 00000000 00:00 0 
7f5c5c53f000-7f5c5c540000 ---p 00000000 00:00 0 
7f5c5c540000-7f5c5c543000 ---p 00000000 00:00 0 
7f5c5c543000-7f5c5c642000 rw-p 00000000 00:00 0 
7f5c5c643000-7f5c5c649000 r--s 0003b000 08:01 1065610                    /usr/lib/jvm/java-8-openjdk-amd64/jre/lib/ext/sunjce_provider.jar
7f5c5c649000-7f5c5c64a000 r--s 0000a000 08:01 1065606                    /usr/lib/jvm/java-8-openjdk-amd64/jre/lib/ext/jaccess.jar
7f5c5c64a000-7f5c5c64c000 r--s 00001000 08:01 1065604                    /usr/lib/jvm/java-8-openjdk-amd64/jre/lib/ext/dnsns.jar
7f5c5c64c000-7f5c5c64f000 r--s 0000f000 08:01 1065605                    /usr/lib/jvm/java-8-openjdk-amd64/jre/lib/ext/icedtea-sound.jar
7f5c5c64f000-7f5c5c650000 r--s 00010000 08:01 1065612                    /usr/lib/jvm/java-8-openjdk-amd64/jre/lib/ext/zipfs.jar
7f5c5c650000-7f5c5c652000 r--s 00008000 08:01 1065609                    /usr/lib/jvm/java-8-openjdk-amd64/jre/lib/ext/sunec.jar
7f5c5c652000-7f5c5c65a000 rw-s 00000000 08:01 404269                     /tmp/hsperfdata_blackstorm/6420
7f5c5c65a000-7f5c5c65b000 rw-p 00000000 00:00 0 
7f5c5c65b000-7f5c5c65c000 ---p 00000000 00:00 0 
7f5c5c65c000-7f5c5c65e000 rw-p 00000000 00:00 0 
7f5c5c65e000-7f5c5c65f000 r--p 00027000 08:01 400543                     /lib/x86_64-linux-gnu/ld-2.27.so
7f5c5c65f000-7f5c5c660000 rw-p 00028000 08:01 400543                     /lib/x86_64-linux-gnu/ld-2.27.so
7f5c5c660000-7f5c5c661000 rw-p 00000000 00:00 0 
7ffe83608000-7ffe8362a000 rw-p 00000000 00:00 0                          [stack]
7ffe837ed000-7ffe837f0000 r--p 00000000 00:00 0                          [vvar]
7ffe837f0000-7ffe837f2000 r-xp 00000000 00:00 0                          [vdso]
ffffffffff600000-ffffffffff601000 r-xp 00000000 00:00 0                  [vsyscall]

VM Arguments:
jvm_args: -Dfile.encoding=UTF-8 
java_command: org.apache.jena.sparql.QueryRelax
java_class_path (initial): /usr/lib/jvm/java-8-openjdk-amd64/jre/lib/resources.jar:/usr/lib/jvm/java-8-openjdk-amd64/jre/lib/rt.jar:/usr/lib/jvm/java-8-openjdk-amd64/jre/lib/jsse.jar:/usr/lib/jvm/java-8-openjdk-amd64/jre/lib/jce.jar:/usr/lib/jvm/java-8-openjdk-amd64/jre/lib/charsets.jar:/usr/lib/jvm/java-8-openjdk-amd64/jre/lib/ext/sunec.jar:/usr/lib/jvm/java-8-openjdk-amd64/jre/lib/ext/zipfs.jar:/usr/lib/jvm/java-8-openjdk-amd64/jre/lib/ext/icedtea-sound.jar:/usr/lib/jvm/java-8-openjdk-amd64/jre/lib/ext/dnsns.jar:/usr/lib/jvm/java-8-openjdk-amd64/jre/lib/ext/nashorn.jar:/usr/lib/jvm/java-8-openjdk-amd64/jre/lib/ext/jaccess.jar:/usr/lib/jvm/java-8-openjdk-amd64/jre/lib/ext/localedata.jar:/usr/lib/jvm/java-8-openjdk-amd64/jre/lib/ext/cldrdata.jar:/usr/lib/jvm/java-8-openjdk-amd64/jre/lib/ext/sunjce_provider.jar:/usr/lib/jvm/java-8-openjdk-amd64/jre/lib/ext/sunpkcs11.jar:/usr/lib/jvm/java-8-openjdk-amd64/jre/lib/ext/java-atk-wrapper.jar:/home/blackstorm/eclipse-workspace/query-relax/target/classes:/home/blackstorm/.m2/repository/org/apache/jena/jena-tdb/3.10.0-SNAPSHOT/jena-tdb-3.10.0-SNAPSHOT.jar:/home/blackstorm/.m2/repository/org/apache/jena/jena-arq/3.10.0-SNAPSHOT/jena-arq-3.10.0-SNAPSHOT.jar:/home/blackstorm/.m2/repository/org/apache/jena/jena-core/3.10.0-SNAPSHOT/jena-core-3.10.0-SNAPSHOT.jar:/home/blackstorm/.m2/repository/org/apache/jena/jena-iri/3.10.0-SNAPSHOT/jena-iri-3.10.0-SNAPSHOT.jar:/home/blackstorm/.m2/repository/commons-codec/commons-codec/1.11/commons-codec-1.11.jar:/home/blackstorm/.m2/repository/org/apache/jena/jena-base/3.10.0-SNAPSHOT/jena-base-3.10.0-SNAPSHOT.jar:/home/blackstorm/.m2/repository/org/apache/commons/commons-csv/1.5/commons-csv-1.5.jar:/home/blackstorm/.m2/repository/org/apache/commons/commons-compress/1.17/commons-compress-1.17.jar:/home/blackstorm/.m2/repository/com/github/andrewoma/dexx/collection/0.7/collection-0.7.jar:/home/blackstorm/.m2/repository/org/apache/jena/jena-shaded-guava/3.10.0-SNAPSHOT/jena-shaded-guava-3.10.0-
Launcher Type: SUN_STANDARD

Environment Variables:
JAVA_HOME=/usr/lib/jvm/java-1.8.0-openjdk-amd64
CLASSPATH=/usr/lib/jvm/java-1.8.0-openjdk-amd64/lib::/home/blackstorm/MWInstallation/glassfish5/glassfish/lib/*:/home/blackstorm/MWInstallation/glassfish5/glassfish/lib/appserv-rt.jar:/home/blackstorm/MWInstallation/glassfish5/glassfish/lib/javaee.jar
PATH=/home/blackstorm/bin:/home/blackstorm/.local/bin:/home/blackstorm/MWInstallation/rabbitmq_server-3.7.7/sbin:/home/blackstorm/MWInstallation/glassfish5/glassfish/bin:/usr/lib/jvm/java-1.8.0-openjdk-amd64/bin:/usr/local/sbin:/usr/local/bin:/usr/sbin:/usr/bin:/sbin:/bin:/usr/games:/usr/local/games:/snap/bin:/home/blackstorm/MWInstallation:/home/blackstorm/MWInstallation/glassfish5/javadb/bin
USERNAME=blackstorm
SHELL=/bin/bash
DISPLAY=:0

Signal Handlers:
SIGSEGV: [libjvm.so+0xaaf3b0], sa_mask[0]=11111111011111111101111111111110, sa_flags=SA_RESTART|SA_SIGINFO
SIGBUS: [libjvm.so+0xaaf3b0], sa_mask[0]=11111111011111111101111111111110, sa_flags=SA_RESTART|SA_SIGINFO
SIGFPE: [libjvm.so+0x8e52f0], sa_mask[0]=11111111011111111101111111111110, sa_flags=SA_RESTART|SA_SIGINFO
SIGPIPE: [libjvm.so+0x8e52f0], sa_mask[0]=11111111011111111101111111111110, sa_flags=SA_RESTART|SA_SIGINFO
SIGXFSZ: [libjvm.so+0x8e52f0], sa_mask[0]=11111111011111111101111111111110, sa_flags=SA_RESTART|SA_SIGINFO
SIGILL: [libjvm.so+0x8e52f0], sa_mask[0]=11111111011111111101111111111110, sa_flags=SA_RESTART|SA_SIGINFO
SIGUSR1: SIG_DFL, sa_mask[0]=00000000000000000000000000000000, sa_flags=none
SIGUSR2: [libjvm.so+0x8e51a0], sa_mask[0]=00100000000000000000000000000000, sa_flags=SA_RESTART|SA_SIGINFO
SIGHUP: [libjvm.so+0x8e5650], sa_mask[0]=11111111011111111101111111111110, sa_flags=SA_RESTART|SA_SIGINFO
SIGINT: [libjvm.so+0x8e5650], sa_mask[0]=11111111011111111101111111111110, sa_flags=SA_RESTART|SA_SIGINFO
SIGTERM: [libjvm.so+0x8e5650], sa_mask[0]=11111111011111111101111111111110, sa_flags=SA_RESTART|SA_SIGINFO
SIGQUIT: [libjvm.so+0x8e5650], sa_mask[0]=11111111011111111101111111111110, sa_flags=SA_RESTART|SA_SIGINFO


---------------  S Y S T E M  ---------------

OS:DISTRIB_ID=Ubuntu
DISTRIB_RELEASE=18.04
DISTRIB_CODENAME=bionic
DISTRIB_DESCRIPTION="Ubuntu 18.04.1 LTS"

uname:Linux 4.15.0-36-generic #39-Ubuntu SMP Mon Sep 24 16:19:09 UTC 2018 x86_64
libc:glibc 2.27 NPTL 2.27 
rlimit: STACK 8192k, CORE 0k, NPROC 15449, NOFILE 4096, AS infinity
load average:3.68 16.29 15.21

/proc/meminfo:
MemTotal:        4015676 kB
MemFree:          105520 kB
MemAvailable:      28344 kB
Buffers:            2200 kB
Cached:            95496 kB
SwapCached:         3436 kB
Active:          2692060 kB
Inactive:         582964 kB
Active(anon):    2679144 kB
Inactive(anon):   551628 kB
Active(file):      12916 kB
Inactive(file):    31336 kB
Unevictable:          48 kB
Mlocked:              48 kB
SwapTotal:       1046524 kB
SwapFree:           1600 kB
Dirty:                48 kB
Writeback:            68 kB
AnonPages:       3174072 kB
Mapped:            82824 kB
Shmem:             53324 kB
Slab:             113928 kB
SReclaimable:      42340 kB
SUnreclaim:        71588 kB
KernelStack:       16080 kB
PageTables:        56572 kB
NFS_Unstable:          0 kB
Bounce:                0 kB
WritebackTmp:          0 kB
CommitLimit:     3054360 kB
Committed_AS:    8679380 kB
VmallocTotal:   34359738367 kB
VmallocUsed:           0 kB
VmallocChunk:          0 kB
HardwareCorrupted:     0 kB
AnonHugePages:         0 kB
ShmemHugePages:        0 kB
ShmemPmdMapped:        0 kB
CmaTotal:              0 kB
CmaFree:               0 kB
HugePages_Total:       0
HugePages_Free:        0
HugePages_Rsvd:        0
HugePages_Surp:        0
Hugepagesize:       2048 kB
DirectMap4k:      163648 kB
DirectMap2M:     4030464 kB
DirectMap1G:     2097152 kB


CPU:total 4 (initial active 4) (2 cores per cpu, 1 threads per core) family 6 model 78 stepping 3, cmov, cx8, fxsr, mmx, sse, sse2, sse3, ssse3, sse4.1, sse4.2, popcnt, avx, avx2, aes, clmul, erms, 3dnowpref, lzcnt, tsc, tscinvbit, bmi1, bmi2, adx

/proc/cpuinfo:
processor	: 0
vendor_id	: GenuineIntel
cpu family	: 6
model		: 78
model name	: Intel(R) Core(TM) i7-6500U CPU @ 2.50GHz
stepping	: 3
microcode	: 0xbe
cpu MHz		: 2591.999
cache size	: 4096 KB
physical id	: 0
siblings	: 2
core id		: 0
cpu cores	: 2
apicid		: 0
initial apicid	: 0
fpu		: yes
fpu_exception	: yes
cpuid level	: 22
wp		: yes
flags		: fpu vme de pse tsc msr pae mce cx8 apic sep mtrr pge mca cmov pat pse36 clflush dts mmx fxsr sse sse2 ss ht syscall nx pdpe1gb rdtscp lm constant_tsc arch_perfmon pebs bts nopl xtopology tsc_reliable nonstop_tsc cpuid aperfmperf pni pclmulqdq vmx ssse3 fma cx16 pcid sse4_1 sse4_2 x2apic movbe popcnt tsc_deadline_timer aes xsave avx f16c rdrand hypervisor lahf_lm abm 3dnowprefetch cpuid_fault epb invpcid_single pti tpr_shadow vnmi ept vpid fsgsbase tsc_adjust bmi1 avx2 smep bmi2 invpcid rdseed adx smap xsaveopt dtherm ida arat pln pts hwp hwp_notify hwp_act_window hwp_epp
bugs		: cpu_meltdown spectre_v1 spectre_v2 spec_store_bypass l1tf
bogomips	: 5183.99
clflush size	: 64
cache_alignment	: 64
address sizes	: 42 bits physical, 48 bits virtual
power management:

processor	: 1
vendor_id	: GenuineIntel
cpu family	: 6
model		: 78
model name	: Intel(R) Core(TM) i7-6500U CPU @ 2.50GHz
stepping	: 3
microcode	: 0xbe
cpu MHz		: 2591.999
cache size	: 4096 KB
physical id	: 0
siblings	: 2
core id		: 1
cpu cores	: 2
apicid		: 1
initial apicid	: 1
fpu		: yes
fpu_exception	: yes
cpuid level	: 22
wp		: yes
flags		: fpu vme de pse tsc msr pae mce cx8 apic sep mtrr pge mca cmov pat pse36 clflush dts mmx fxsr sse sse2 ss ht syscall nx pdpe1gb rdtscp lm constant_tsc arch_perfmon pebs bts nopl xtopology tsc_reliable nonstop_tsc cpuid aperfmperf pni pclmulqdq vmx ssse3 fma cx16 pcid sse4_1 sse4_2 x2apic movbe popcnt tsc_deadline_timer aes xsave avx f16c rdrand hypervisor lahf_lm abm 3dnowprefetch cpuid_fault epb invpcid_single pti tpr_shadow vnmi ept vpid fsgsbase tsc_adjust bmi1 avx2 smep bmi2 invpcid rdseed adx smap xsaveopt dtherm ida arat pln pts hwp hwp_notify hwp_act_window hwp_epp
bugs		: cpu_meltdown spectre_v1 spectre_v2 spec_store_bypass l1tf
bogomips	: 5183.99
clflush size	: 64
cache_alignment	: 64
address sizes	: 42 bits physical, 48 bits virtual
power management:

processor	: 2
vendor_id	: GenuineIntel
cpu family	: 6
model		: 78
model name	: Intel(R) Core(TM) i7-6500U CPU @ 2.50GHz
stepping	: 3
microcode	: 0xbe
cpu MHz		: 2591.999
cache size	: 4096 KB
physical id	: 1
siblings	: 2
core id		: 0
cpu cores	: 2
apicid		: 2
initial apicid	: 2
fpu		: yes
fpu_exception	: yes
cpuid level	: 22
wp		: yes
flags		: fpu vme de pse tsc msr pae mce cx8 apic sep mtrr pge mca cmov pat pse36 clflush dts mmx fxsr sse sse2 ss ht syscall nx pdpe1gb rdtscp lm constant_tsc arch_perfmon pebs bts nopl xtopology tsc_reliable nonstop_tsc cpuid aperfmperf pni pclmulqdq vmx ssse3 fma cx16 pcid sse4_1 sse4_2 x2apic movbe popcnt tsc_deadline_timer aes xsave avx f16c rdrand hypervisor lahf_lm abm 3dnowprefetch cpuid_fault epb invpcid_single pti tpr_shadow vnmi ept vpid fsgsbase tsc_adjust bmi1 avx2 smep bmi2 invpcid rdseed adx smap xsaveopt dtherm ida arat pln pts hwp hwp_notify hwp_act_window hwp_epp
bugs		: cpu_meltdown spectre_v1 spectre_v2 spec_store_bypass l1tf
bogomips	: 5183.99
clflush size	: 64
cache_alignment	: 64
address sizes	: 42 bits physical, 48 bits virtual
power management:

processor	: 3
vendor_id	: GenuineIntel
cpu family	: 6
model		: 78
model name	: Intel(R) Core(TM) i7-6500U CPU @ 2.50GHz
stepping	: 3
microcode	: 0xbe
cpu MHz		: 2591.999
cache size	: 4096 KB
physical id	: 1
siblings	: 2
core id		: 1
cpu cores	: 2
apicid		: 3
initial apicid	: 3
fpu		: yes
fpu_exception	: yes
cpuid level	: 22
wp		: yes
flags		: fpu vme de pse tsc msr pae mce cx8 apic sep mtrr pge mca cmov pat pse36 clflush dts mmx fxsr sse sse2 ss ht syscall nx pdpe1gb rdtscp lm constant_tsc arch_perfmon pebs bts nopl xtopology tsc_reliable nonstop_tsc cpuid aperfmperf pni pclmulqdq vmx ssse3 fma cx16 pcid sse4_1 sse4_2 x2apic movbe popcnt tsc_deadline_timer aes xsave avx f16c rdrand hypervisor lahf_lm abm 3dnowprefetch cpuid_fault epb invpcid_single pti tpr_shadow vnmi ept vpid fsgsbase tsc_adjust bmi1 avx2 smep bmi2 invpcid rdseed adx smap xsaveopt dtherm ida arat pln pts hwp hwp_notify hwp_act_window hwp_epp
bugs		: cpu_meltdown spectre_v1 spectre_v2 spec_store_bypass l1tf
bogomips	: 5183.99
clflush size	: 64
cache_alignment	: 64
address sizes	: 42 bits physical, 48 bits virtual
power management:



Memory: 4k page, physical 4015676k(105520k free), swap 1046524k(1600k free)

vm_info: OpenJDK 64-Bit Server VM (25.181-b13) for linux-amd64 JRE (1.8.0_181-8u181-b13-1ubuntu0.18.04.1-b13), built on Oct 22 2018 17:29:08 by "buildd" with gcc 7.3.0

time: Tue Nov 13 12:12:29 2018
elapsed time: 20 seconds (0d 0h 0m 20s)

