#
# There is insufficient memory for the Java Runtime Environment to continue.
# Native memory allocation (mmap) failed to map 80740352 bytes for committing reserved memory.
# Possible reasons:
#   The system is out of physical RAM or swap space
#   In 32 bit mode, the process size limit was hit
# Possible solutions:
#   Reduce memory load on the system
#   Increase physical memory or swap space
#   Check if swap backing store is full
#   Use 64 bit Java on a 64 bit OS
#   Decrease Java heap size (-Xmx/-Xms)
#   Decrease number of Java threads
#   Decrease Java thread stack sizes (-Xss)
#   Set larger code cache with -XX:ReservedCodeCacheSize=
# This output file may be truncated or incomplete.
#
#  Out of Memory Error (os_linux.cpp:2643), pid=6733, tid=0x00007ffb4a9f1700
#
# JRE version: OpenJDK Runtime Environment (8.0_181-b13) (build 1.8.0_181-8u181-b13-1ubuntu0.18.04.1-b13)
# Java VM: OpenJDK 64-Bit Server VM (25.181-b13 mixed mode linux-amd64 compressed oops)
# Failed to write core dump. Core dumps have been disabled. To enable core dumping, try "ulimit -c unlimited" before starting Java again
#

---------------  T H R E A D  ---------------

Current thread (0x00007ffb6007b000):  VMThread [stack: 0x00007ffb4a8f2000,0x00007ffb4a9f2000] [id=6746]

Stack: [0x00007ffb4a8f2000,0x00007ffb4a9f2000],  sp=0x00007ffb4a9f0480,  free space=1017k
Native frames: (J=compiled Java code, j=interpreted, Vv=VM code, C=native code)
V  [libjvm.so+0xaaea62]
V  [libjvm.so+0x4d9897]
V  [libjvm.so+0x8e9c60]
V  [libjvm.so+0x8e41be]
V  [libjvm.so+0x964a16]
V  [libjvm.so+0x965d88]
V  [libjvm.so+0x962386]
V  [libjvm.so+0x96271c]
V  [libjvm.so+0x910f58]
V  [libjvm.so+0xab0722]
V  [libjvm.so+0xab52e6]
V  [libjvm.so+0xab3585]
V  [libjvm.so+0xab3efd]
V  [libjvm.so+0xab42d7]
V  [libjvm.so+0x8e70b2]

VM_Operation (0x00007ffb678b5aa0): ParallelGCFailedAllocation, mode: safepoint, requested by thread 0x00007ffb6000d800


---------------  P R O C E S S  ---------------

Java Threads: ( => current thread )
  0x00007ffb600cd000 JavaThread "Service Thread" daemon [_thread_blocked, id=6753, stack(0x00007ffb49f0c000,0x00007ffb4a00d000)]
  0x00007ffb600c0000 JavaThread "C1 CompilerThread2" daemon [_thread_blocked, id=6752, stack(0x00007ffb4a00e000,0x00007ffb4a10e000)]
  0x00007ffb600be000 JavaThread "C2 CompilerThread1" daemon [_thread_blocked, id=6751, stack(0x00007ffb4a10f000,0x00007ffb4a20f000)]
  0x00007ffb600bb000 JavaThread "C2 CompilerThread0" daemon [_thread_blocked, id=6750, stack(0x00007ffb4a210000,0x00007ffb4a310000)]
  0x00007ffb600b9800 JavaThread "Signal Dispatcher" daemon [_thread_blocked, id=6749, stack(0x00007ffb4a310000,0x00007ffb4a411000)]
  0x00007ffb60087000 JavaThread "Finalizer" daemon [_thread_blocked, id=6748, stack(0x00007ffb4a6ef000,0x00007ffb4a7f0000)]
  0x00007ffb60084800 JavaThread "Reference Handler" daemon [_thread_blocked, id=6747, stack(0x00007ffb4a7f0000,0x00007ffb4a8f1000)]
  0x00007ffb6000d800 JavaThread "main" [_thread_blocked, id=6741, stack(0x00007ffb677b8000,0x00007ffb678b8000)]

Other Threads:
=>0x00007ffb6007b000 VMThread [stack: 0x00007ffb4a8f2000,0x00007ffb4a9f2000] [id=6746]
  0x00007ffb600cf800 WatcherThread [stack: 0x00007ffb49e0c000,0x00007ffb49f0c000] [id=6754]

VM state:at safepoint (normal execution)

VM Mutex/Monitor currently owned by a thread:  ([mutex/lock_event])
[0x00007ffb60009c70] Threads_lock - owner thread: 0x00007ffb6007b000
[0x00007ffb6000a170] Heap_lock - owner thread: 0x00007ffb6000d800

Heap:
 PSYoungGen      total 66048K, used 2545K [0x00000000eb900000, 0x00000000efc00000, 0x0000000100000000)
  eden space 63488K, 0% used [0x00000000eb900000,0x00000000eb900000,0x00000000ef700000)
  from space 2560K, 99% used [0x00000000ef700000,0x00000000ef97c470,0x00000000ef980000)
  to   space 2560K, 0% used [0x00000000ef980000,0x00000000ef980000,0x00000000efc00000)
 ParOldGen       total 42496K, used 15879K [0x00000000c2a00000, 0x00000000c5380000, 0x00000000eb900000)
  object space 42496K, 37% used [0x00000000c2a00000,0x00000000c3981eb8,0x00000000c5380000)
 Metaspace       used 14345K, capacity 14558K, committed 14720K, reserved 1062912K
  class space    used 1790K, capacity 1893K, committed 1920K, reserved 1048576K

Card table byte_map: [0x00007ffb50a54000,0x00007ffb50c40000] byte_map_base: 0x00007ffb5043f000

Marking Bits: (ParMarkBitMap*) 0x00007ffb66a521c0
 Begin Bits: [0x00007ffb3e759000, 0x00007ffb3f6b1000)
 End Bits:   [0x00007ffb3f6b1000, 0x00007ffb40609000)

Polling page: 0x00007ffb678d3000

CodeCache: size=245760Kb used=5555Kb max_used=5568Kb free=240204Kb
 bounds [0x00007ffb51000000, 0x00007ffb51580000, 0x00007ffb60000000]
 total_blobs=1688 nmethods=1342 adapters=260
 compilation: enabled

Compilation events (10 events):
Event: 28.140 Thread 0x00007ffb600bb000 1344       4       org.apache.jena.rdfxml.xmlinput.impl.ParserSupport::checkString (52 bytes)
Event: 28.145 Thread 0x00007ffb600bb000 nmethod 1344 0x00007ffb51562890 code [0x00007ffb51562ae0, 0x00007ffb515632c8]
Event: 28.261 Thread 0x00007ffb600be000 1345       4       sun.text.normalizer.NormalizerImpl$ComposePartArgs::<init> (5 bytes)
Event: 28.262 Thread 0x00007ffb600be000 nmethod 1345 0x00007ffb512f8750 code [0x00007ffb512f88a0, 0x00007ffb512f88f8]
Event: 28.305 Thread 0x00007ffb600be000 1346       4       org.apache.jena.rdfxml.xmlinput.states.WantLiteralValueOrDescription::endElement (75 bytes)
Event: 28.335 Thread 0x00007ffb600be000 nmethod 1346 0x00007ffb51576110 code [0x00007ffb515763e0, 0x00007ffb515776b8]
Event: 28.336 Thread 0x00007ffb600bb000 1348       4       org.apache.jena.graph.impl.LiteralLabelImpl::getIndexingValue (80 bytes)
Event: 28.336 Thread 0x00007ffb600be000 1347       4       org.apache.jena.graph.Node_Literal::getIndexingValue (10 bytes)
Event: 28.337 Thread 0x00007ffb600bb000 nmethod 1348 0x00007ffb51562010 code [0x00007ffb51562160, 0x00007ffb51562318]
Event: 28.337 Thread 0x00007ffb600be000 nmethod 1347 0x00007ffb51561ad0 code [0x00007ffb51561c40, 0x00007ffb51561e58]

GC Heap History (9 events):
Event: 19.330 GC heap before
{Heap before GC invocations=1 (full 0):
 PSYoungGen      total 18432K, used 15872K [0x00000000eb900000, 0x00000000ecd80000, 0x0000000100000000)
  eden space 15872K, 100% used [0x00000000eb900000,0x00000000ec880000,0x00000000ec880000)
  from space 2560K, 0% used [0x00000000ecb00000,0x00000000ecb00000,0x00000000ecd80000)
  to   space 2560K, 0% used [0x00000000ec880000,0x00000000ec880000,0x00000000ecb00000)
 ParOldGen       total 42496K, used 0K [0x00000000c2a00000, 0x00000000c5380000, 0x00000000eb900000)
  object space 42496K, 0% used [0x00000000c2a00000,0x00000000c2a00000,0x00000000c5380000)
 Metaspace       used 8634K, capacity 8812K, committed 8832K, reserved 1056768K
  class space    used 1056K, capacity 1132K, committed 1152K, reserved 1048576K
Event: 19.542 GC heap after
Heap after GC invocations=1 (full 0):
 PSYoungGen      total 18432K, used 2550K [0x00000000eb900000, 0x00000000edd00000, 0x0000000100000000)
  eden space 15872K, 0% used [0x00000000eb900000,0x00000000eb900000,0x00000000ec880000)
  from space 2560K, 99% used [0x00000000ec880000,0x00000000ecafdaa0,0x00000000ecb00000)
  to   space 2560K, 0% used [0x00000000eda80000,0x00000000eda80000,0x00000000edd00000)
 ParOldGen       total 42496K, used 298K [0x00000000c2a00000, 0x00000000c5380000, 0x00000000eb900000)
  object space 42496K, 0% used [0x00000000c2a00000,0x00000000c2a4aa20,0x00000000c5380000)
 Metaspace       used 8634K, capacity 8812K, committed 8832K, reserved 1056768K
  class space    used 1056K, capacity 1132K, committed 1152K, reserved 1048576K
}
Event: 21.937 GC heap before
{Heap before GC invocations=2 (full 0):
 PSYoungGen      total 18432K, used 18422K [0x00000000eb900000, 0x00000000edd00000, 0x0000000100000000)
  eden space 15872K, 100% used [0x00000000eb900000,0x00000000ec880000,0x00000000ec880000)
  from space 2560K, 99% used [0x00000000ec880000,0x00000000ecafdaa0,0x00000000ecb00000)
  to   space 2560K, 0% used [0x00000000eda80000,0x00000000eda80000,0x00000000edd00000)
 ParOldGen       total 42496K, used 298K [0x00000000c2a00000, 0x00000000c5380000, 0x00000000eb900000)
  object space 42496K, 0% used [0x00000000c2a00000,0x00000000c2a4aa20,0x00000000c5380000)
 Metaspace       used 11573K, capacity 11778K, committed 12032K, reserved 1060864K
  class space    used 1432K, capacity 1521K, committed 1536K, reserved 1048576K
Event: 22.090 GC heap after
Heap after GC invocations=2 (full 0):
 PSYoungGen      total 34304K, used 2537K [0x00000000eb900000, 0x00000000edd00000, 0x0000000100000000)
  eden space 31744K, 0% used [0x00000000eb900000,0x00000000eb900000,0x00000000ed800000)
  from space 2560K, 99% used [0x00000000eda80000,0x00000000edcfa5c8,0x00000000edd00000)
  to   space 2560K, 0% used [0x00000000ed800000,0x00000000ed800000,0x00000000eda80000)
 ParOldGen       total 42496K, used 2587K [0x00000000c2a00000, 0x00000000c5380000, 0x00000000eb900000)
  object space 42496K, 6% used [0x00000000c2a00000,0x00000000c2c86cc0,0x00000000c5380000)
 Metaspace       used 11573K, capacity 11778K, committed 12032K, reserved 1060864K
  class space    used 1432K, capacity 1521K, committed 1536K, reserved 1048576K
}
Event: 25.713 GC heap before
{Heap before GC invocations=3 (full 0):
 PSYoungGen      total 34304K, used 34281K [0x00000000eb900000, 0x00000000edd00000, 0x0000000100000000)
  eden space 31744K, 100% used [0x00000000eb900000,0x00000000ed800000,0x00000000ed800000)
  from space 2560K, 99% used [0x00000000eda80000,0x00000000edcfa5c8,0x00000000edd00000)
  to   space 2560K, 0% used [0x00000000ed800000,0x00000000ed800000,0x00000000eda80000)
 ParOldGen       total 42496K, used 2587K [0x00000000c2a00000, 0x00000000c5380000, 0x00000000eb900000)
  object space 42496K, 6% used [0x00000000c2a00000,0x00000000c2c86cc0,0x00000000c5380000)
 Metaspace       used 14312K, capacity 14558K, committed 14720K, reserved 1062912K
  class space    used 1789K, capacity 1893K, committed 1920K, reserved 1048576K
Event: 25.942 GC heap after
Heap after GC invocations=3 (full 0):
 PSYoungGen      total 34304K, used 2557K [0x00000000eb900000, 0x00000000efc00000, 0x0000000100000000)
  eden space 31744K, 0% used [0x00000000eb900000,0x00000000eb900000,0x00000000ed800000)
  from space 2560K, 99% used [0x00000000ed800000,0x00000000eda7f728,0x00000000eda80000)
  to   space 2560K, 0% used [0x00000000ef980000,0x00000000ef980000,0x00000000efc00000)
 ParOldGen       total 42496K, used 6182K [0x00000000c2a00000, 0x00000000c5380000, 0x00000000eb900000)
  object space 42496K, 14% used [0x00000000c2a00000,0x00000000c3009938,0x00000000c5380000)
 Metaspace       used 14312K, capacity 14558K, committed 14720K, reserved 1062912K
  class space    used 1789K, capacity 1893K, committed 1920K, reserved 1048576K
}
Event: 26.157 GC heap before
{Heap before GC invocations=4 (full 0):
 PSYoungGen      total 34304K, used 34301K [0x00000000eb900000, 0x00000000efc00000, 0x0000000100000000)
  eden space 31744K, 100% used [0x00000000eb900000,0x00000000ed800000,0x00000000ed800000)
  from space 2560K, 99% used [0x00000000ed800000,0x00000000eda7f728,0x00000000eda80000)
  to   space 2560K, 0% used [0x00000000ef980000,0x00000000ef980000,0x00000000efc00000)
 ParOldGen       total 42496K, used 6182K [0x00000000c2a00000, 0x00000000c5380000, 0x00000000eb900000)
  object space 42496K, 14% used [0x00000000c2a00000,0x00000000c3009938,0x00000000c5380000)
 Metaspace       used 14336K, capacity 14558K, committed 14720K, reserved 1062912K
  class space    used 1790K, capacity 1893K, committed 1920K, reserved 1048576K
Event: 26.349 GC heap after
Heap after GC invocations=4 (full 0):
 PSYoungGen      total 66048K, used 2557K [0x00000000eb900000, 0x00000000efc00000, 0x0000000100000000)
  eden space 63488K, 0% used [0x00000000eb900000,0x00000000eb900000,0x00000000ef700000)
  from space 2560K, 99% used [0x00000000ef980000,0x00000000efbff6e8,0x00000000efc00000)
  to   space 2560K, 0% used [0x00000000ef700000,0x00000000ef700000,0x00000000ef980000)
 ParOldGen       total 42496K, used 9252K [0x00000000c2a00000, 0x00000000c5380000, 0x00000000eb900000)
  object space 42496K, 21% used [0x00000000c2a00000,0x00000000c3309340,0x00000000c5380000)
 Metaspace       used 14336K, capacity 14558K, committed 14720K, reserved 1062912K
  class space    used 1790K, capacity 1893K, committed 1920K, reserved 1048576K
}
Event: 28.559 GC heap before
{Heap before GC invocations=5 (full 0):
 PSYoungGen      total 66048K, used 66045K [0x00000000eb900000, 0x00000000efc00000, 0x0000000100000000)
  eden space 63488K, 100% used [0x00000000eb900000,0x00000000ef700000,0x00000000ef700000)
  from space 2560K, 99% used [0x00000000ef980000,0x00000000efbff6e8,0x00000000efc00000)
  to   space 2560K, 0% used [0x00000000ef700000,0x00000000ef700000,0x00000000ef980000)
 ParOldGen       total 42496K, used 9252K [0x00000000c2a00000, 0x00000000c5380000, 0x00000000eb900000)
  object space 42496K, 21% used [0x00000000c2a00000,0x00000000c3309340,0x00000000c5380000)
 Metaspace       used 14345K, capacity 14558K, committed 14720K, reserved 1062912K
  class space    used 1790K, capacity 1893K, committed 1920K, reserved 1048576K

Deoptimization events (10 events):
Event: 23.631 Thread 0x00007ffb6000d800 Uncommon trap: reason=class_check action=maybe_recompile pc=0x00007ffb511a1e28 method=java.lang.String.equals(Ljava/lang/Object;)Z @ 8
Event: 23.631 Thread 0x00007ffb6000d800 Uncommon trap: reason=class_check action=maybe_recompile pc=0x00007ffb511a1e28 method=java.lang.String.equals(Ljava/lang/Object;)Z @ 8
Event: 24.562 Thread 0x00007ffb6000d800 Uncommon trap: reason=unstable_if action=reinterpret pc=0x00007ffb513fad8c method=com.sun.org.apache.xerces.internal.impl.XMLEntityScanner.scanContent(Lcom/sun/org/apache/xerces/internal/xni/XMLString;)I @ 526
Event: 24.750 Thread 0x00007ffb6000d800 Uncommon trap: reason=unstable_if action=reinterpret pc=0x00007ffb51440938 method=com.sun.org.apache.xerces.internal.impl.XMLEntityScanner.skipSpaces()Z @ 303
Event: 25.441 Thread 0x00007ffb6000d800 Uncommon trap: reason=unstable_if action=reinterpret pc=0x00007ffb5144b4ac method=com.sun.org.apache.xerces.internal.impl.XMLEntityScanner.peekChar()I @ 14
Event: 26.047 Thread 0x00007ffb6000d800 Uncommon trap: reason=unstable_if action=reinterpret pc=0x00007ffb513da074 method=com.sun.org.apache.xerces.internal.impl.XMLEntityScanner.peekChar()I @ 14
Event: 26.116 Thread 0x00007ffb6000d800 Uncommon trap: reason=unstable_if action=reinterpret pc=0x00007ffb513e1414 method=com.sun.org.apache.xerces.internal.impl.XMLEntityScanner.scanLiteral(ILcom/sun/org/apache/xerces/internal/xni/XMLString;Z)I @ 44
Event: 26.382 Thread 0x00007ffb6000d800 Uncommon trap: reason=unstable_if action=reinterpret pc=0x00007ffb5145d9a8 method=com.sun.org.apache.xerces.internal.impl.XMLEntityScanner.scanData(Ljava/lang/String;Lcom/sun/org/apache/xerces/internal/util/XMLStringBuffer;)Z @ 804
Event: 26.442 Thread 0x00007ffb6000d800 Uncommon trap: reason=unstable_if action=reinterpret pc=0x00007ffb5143c900 method=com.sun.org.apache.xerces.internal.impl.XMLEntityScanner.scanQName(Lcom/sun/org/apache/xerces/internal/xni/QName;Lcom/sun/org/apache/xerces/internal/impl/XMLScanner$NameType
Event: 27.591 Thread 0x00007ffb6000d800 Uncommon trap: reason=unstable_if action=reinterpret pc=0x00007ffb514f4c60 method=com.sun.org.apache.xerces.internal.impl.XMLDocumentFragmentScannerImpl$FragmentContentDriver.next()I @ 714

Classes redefined (0 events):
No events

Internal exceptions (10 events):
Event: 7.983 Thread 0x00007ffb6000d800 Exception <a 'java/security/PrivilegedActionException'> (0x00000000ebaebd40) thrown at [/build/openjdk-8-Hh0vdF/openjdk-8-8u181-b13/src/hotspot/src/share/vm/prims/jvm.cpp, line 1435]
Event: 8.000 Thread 0x00007ffb6000d800 Exception <a 'java/security/PrivilegedActionException'> (0x00000000ebaebf50) thrown at [/build/openjdk-8-Hh0vdF/openjdk-8-8u181-b13/src/hotspot/src/share/vm/prims/jvm.cpp, line 1435]
Event: 8.000 Thread 0x00007ffb6000d800 Exception <a 'java/security/PrivilegedActionException'> (0x00000000ebaedfd8) thrown at [/build/openjdk-8-Hh0vdF/openjdk-8-8u181-b13/src/hotspot/src/share/vm/prims/jvm.cpp, line 1435]
Event: 8.000 Thread 0x00007ffb6000d800 Exception <a 'java/security/PrivilegedActionException'> (0x00000000ebaee1e8) thrown at [/build/openjdk-8-Hh0vdF/openjdk-8-8u181-b13/src/hotspot/src/share/vm/prims/jvm.cpp, line 1435]
Event: 8.000 Thread 0x00007ffb6000d800 Exception <a 'java/security/PrivilegedActionException'> (0x00000000ebaeecc0) thrown at [/build/openjdk-8-Hh0vdF/openjdk-8-8u181-b13/src/hotspot/src/share/vm/prims/jvm.cpp, line 1435]
Event: 8.000 Thread 0x00007ffb6000d800 Exception <a 'java/security/PrivilegedActionException'> (0x00000000ebaeeed0) thrown at [/build/openjdk-8-Hh0vdF/openjdk-8-8u181-b13/src/hotspot/src/share/vm/prims/jvm.cpp, line 1435]
Event: 8.002 Thread 0x00007ffb6000d800 Exception <a 'java/lang/NoClassDefFoundError': org/slf4j/impl/StaticLoggerBinder> (0x00000000ebaf97c0) thrown at [/build/openjdk-8-Hh0vdF/openjdk-8-8u181-b13/src/hotspot/src/share/vm/classfile/systemDictionary.cpp, line 199]
Event: 9.553 Thread 0x00007ffb6000d800 Exception <a 'java/lang/NoSuchFieldError': method resolution failed> (0x00000000ebd1e730) thrown at [/build/openjdk-8-Hh0vdF/openjdk-8-8u181-b13/src/hotspot/src/share/vm/prims/methodHandles.cpp, line 1167]
Event: 9.635 Thread 0x00007ffb6000d800 Exception <a 'java/lang/NoSuchFieldError': method resolution failed> (0x00000000ebd2bd18) thrown at [/build/openjdk-8-Hh0vdF/openjdk-8-8u181-b13/src/hotspot/src/share/vm/prims/methodHandles.cpp, line 1167]
Event: 23.656 Thread 0x00007ffb6000d800 Exception <a 'java/lang/NoSuchMethodError': java.lang.Object.lambda$and$0(Ljava/util/function/Predicate;Ljava/lang/Object;)Z> (0x00000000ec6e5450) thrown at [/build/openjdk-8-Hh0vdF/openjdk-8-8u181-b13/src/hotspot/src/share/vm/interpreter/linkResolver.cpp

Events (10 events):
Event: 26.382 Thread 0x00007ffb6000d800 DEOPT UNPACKING pc=0x00007ffb5104547a sp=0x00007ffb678b5ca0 mode 2
Event: 26.442 Thread 0x00007ffb6000d800 Uncommon trap: trap_request=0xffffff65 fr.pc=0x00007ffb5143c900
Event: 26.442 Thread 0x00007ffb6000d800 DEOPT PACKING pc=0x00007ffb5143c900 sp=0x00007ffb678b5be0
Event: 26.442 Thread 0x00007ffb6000d800 DEOPT UNPACKING pc=0x00007ffb5104547a sp=0x00007ffb678b5b90 mode 2
Event: 27.591 Thread 0x00007ffb6000d800 Uncommon trap: trap_request=0xffffff65 fr.pc=0x00007ffb514f4c60
Event: 27.591 Thread 0x00007ffb6000d800 DEOPT PACKING pc=0x00007ffb514f4c60 sp=0x00007ffb678b5d10
Event: 27.591 Thread 0x00007ffb6000d800 DEOPT UNPACKING pc=0x00007ffb5104547a sp=0x00007ffb678b5d08 mode 2
Event: 28.261 loading class sun/text/normalizer/NormalizerImpl$1
Event: 28.261 loading class sun/text/normalizer/NormalizerImpl$1 done
Event: 28.559 Executing VM operation: ParallelGCFailedAllocation


Dynamic libraries:
c2a00000-c5380000 rw-p 00000000 00:00 0 
c5380000-eb900000 ---p 00000000 00:00 0 
eb900000-efc00000 rw-p 00000000 00:00 0 
f4900000-100000000 ---p 00000000 00:00 0 
100000000-1001e0000 rw-p 00000000 00:00 0 
1001e0000-140000000 ---p 00000000 00:00 0 
5642e8c39000-5642e8c3a000 r-xp 00000000 08:01 1065533                    /usr/lib/jvm/java-8-openjdk-amd64/jre/bin/java
5642e8e39000-5642e8e3a000 r--p 00000000 08:01 1065533                    /usr/lib/jvm/java-8-openjdk-amd64/jre/bin/java
5642e8e3a000-5642e8e3b000 rw-p 00001000 08:01 1065533                    /usr/lib/jvm/java-8-openjdk-amd64/jre/bin/java
5642e960f000-5642e9630000 rw-p 00000000 00:00 0                          [heap]
7ffb10000000-7ffb10021000 rw-p 00000000 00:00 0 
7ffb10021000-7ffb14000000 ---p 00000000 00:00 0 
7ffb14000000-7ffb14021000 rw-p 00000000 00:00 0 
7ffb14021000-7ffb18000000 ---p 00000000 00:00 0 
7ffb18000000-7ffb189cf000 rw-p 00000000 00:00 0 
7ffb189cf000-7ffb1c000000 ---p 00000000 00:00 0 
7ffb1c000000-7ffb1c413000 rw-p 00000000 00:00 0 
7ffb1c413000-7ffb20000000 ---p 00000000 00:00 0 
7ffb20000000-7ffb20021000 rw-p 00000000 00:00 0 
7ffb20021000-7ffb24000000 ---p 00000000 00:00 0 
7ffb24000000-7ffb24910000 rw-p 00000000 00:00 0 
7ffb24910000-7ffb28000000 ---p 00000000 00:00 0 
7ffb28000000-7ffb28021000 rw-p 00000000 00:00 0 
7ffb28021000-7ffb2c000000 ---p 00000000 00:00 0 
7ffb2c000000-7ffb2c021000 rw-p 00000000 00:00 0 
7ffb2c021000-7ffb30000000 ---p 00000000 00:00 0 
7ffb30000000-7ffb30021000 rw-p 00000000 00:00 0 
7ffb30021000-7ffb34000000 ---p 00000000 00:00 0 
7ffb34000000-7ffb34021000 rw-p 00000000 00:00 0 
7ffb34021000-7ffb38000000 ---p 00000000 00:00 0 
7ffb38000000-7ffb38021000 rw-p 00000000 00:00 0 
7ffb38021000-7ffb3c000000 ---p 00000000 00:00 0 
7ffb3e759000-7ffb40609000 rw-p 00000000 00:00 0 
7ffb44000000-7ffb44021000 rw-p 00000000 00:00 0 
7ffb44021000-7ffb48000000 ---p 00000000 00:00 0 
7ffb49276000-7ffb492f6000 rw-p 00000000 00:00 0 
7ffb492f6000-7ffb49476000 ---p 00000000 00:00 0 
7ffb49476000-7ffb4947b000 r--s 002f9000 08:01 1065595                    /usr/lib/jvm/java-8-openjdk-amd64/jre/lib/charsets.jar
7ffb4947b000-7ffb49480000 r--s 0009d000 08:01 1065624                    /usr/lib/jvm/java-8-openjdk-amd64/jre/lib/jsse.jar
7ffb49480000-7ffb49680000 rw-p 00000000 00:00 0 
7ffb49680000-7ffb49697000 r-xp 00000000 08:01 1065584                    /usr/lib/jvm/java-8-openjdk-amd64/jre/lib/amd64/libnet.so
7ffb49697000-7ffb49896000 ---p 00017000 08:01 1065584                    /usr/lib/jvm/java-8-openjdk-amd64/jre/lib/amd64/libnet.so
7ffb49896000-7ffb49897000 r--p 00016000 08:01 1065584                    /usr/lib/jvm/java-8-openjdk-amd64/jre/lib/amd64/libnet.so
7ffb49897000-7ffb49898000 rw-p 00017000 08:01 1065584                    /usr/lib/jvm/java-8-openjdk-amd64/jre/lib/amd64/libnet.so
7ffb49898000-7ffb498a9000 r-xp 00000000 08:01 1065585                    /usr/lib/jvm/java-8-openjdk-amd64/jre/lib/amd64/libnio.so
7ffb498a9000-7ffb49aa9000 ---p 00011000 08:01 1065585                    /usr/lib/jvm/java-8-openjdk-amd64/jre/lib/amd64/libnio.so
7ffb49aa9000-7ffb49aaa000 r--p 00011000 08:01 1065585                    /usr/lib/jvm/java-8-openjdk-amd64/jre/lib/amd64/libnio.so
7ffb49aaa000-7ffb49aab000 rw-p 00012000 08:01 1065585                    /usr/lib/jvm/java-8-openjdk-amd64/jre/lib/amd64/libnio.so
7ffb49aab000-7ffb49cab000 rw-p 00000000 00:00 0 
7ffb49cab000-7ffb49cad000 r--s 00009000 08:01 143957                     /home/blackstorm/.m2/repository/commons-cli/commons-cli/1.2/commons-cli-1.2.jar
7ffb49cad000-7ffb49caf000 r--s 00011000 08:01 1070851                    /home/blackstorm/.m2/repository/org/hamcrest/hamcrest-core/1.1/hamcrest-core-1.1.jar
7ffb49caf000-7ffb49cb6000 r--s 00037000 08:01 1070849                    /home/blackstorm/.m2/repository/junit/junit/4.10/junit-4.10.jar
7ffb49cb6000-7ffb49cb8000 r--s 00009000 08:01 1067210                    /home/blackstorm/.m2/repository/org/slf4j/slf4j-api/1.7.25/slf4j-api-1.7.25.jar
7ffb49cb8000-7ffb49cba000 r--s 0000b000 08:01 310379                     /home/blackstorm/.m2/repository/org/apache/jena/jena-rdfconnection/3.10.0-SNAPSHOT/jena-rdfconnection-3.10.0-SNAPSHOT.jar
7ffb49cba000-7ffb49cbc000 r--s 00004000 08:01 20535                      /home/blackstorm/.m2/repository/org/apache/jena/jena-dboe-index/3.10.0-SNAPSHOT/jena-dboe-index-3.10.0-SNAPSHOT.jar
7ffb49cbc000-7ffb49cbf000 r--s 0001f000 08:01 940982                     /home/blackstorm/.m2/repository/org/apache/jena/jena-dboe-base/3.10.0-SNAPSHOT/jena-dboe-base-3.10.0-SNAPSHOT.jar
7ffb49cbf000-7ffb49cc2000 r--s 00010000 08:01 310758                     /home/blackstorm/.m2/repository/org/apache/jena/jena-dboe-transaction/3.10.0-SNAPSHOT/jena-dboe-transaction-3.10.0-SNAPSHOT.jar
7ffb49cc2000-7ffb49cc4000 r--s 00016000 08:01 310774                     /home/blackstorm/.m2/repository/org/apache/jena/jena-dboe-trans-data/3.10.0-SNAPSHOT/jena-dboe-trans-data-3.10.0-SNAPSHOT.jar
7ffb49cc4000-7ffb49cc9000 r--s 0003d000 08:01 310782                     /home/blackstorm/.m2/repository/org/apache/jena/jena-tdb2/3.10.0-SNAPSHOT/jena-tdb2-3.10.0-SNAPSHOT.jar
7ffb49cc9000-7ffb49cd0000 r--s 00064000 08:01 306815                     /home/blackstorm/.m2/repository/org/apache/commons/commons-lang3/3.4/commons-lang3-3.4.jar
7ffb49cd0000-7ffb49cd2000 r--s 00003000 08:01 938095                     /home/blackstorm/.m2/repository/org/slf4j/jcl-over-slf4j/1.7.25/jcl-over-slf4j-1.7.25.jar
7ffb49cd2000-7ffb49cd7000 r--s 00035000 08:01 938092                     /home/blackstorm/.m2/repository/org/apache/thrift/libthrift/0.10.0/libthrift-0.10.0.jar
7ffb49cd7000-7ffb49cdb000 r--s 00024000 08:01 1069729                    /home/blackstorm/.m2/repository/org/apache/httpcomponents/httpclient-cache/4.5.5/httpclient-cache-4.5.5.jar
7ffb49cdb000-7ffb49cdf000 r--s 00031000 08:01 1069688                    /home/blackstorm/.m2/repository/commons-io/commons-io/2.6/commons-io-2.6.jar
7ffb49cdf000-7ffb49cf2000 r--s 00137000 08:01 938088                     /home/blackstorm/.m2/repository/com/fasterxml/jackson/core/jackson-databind/2.9.6/jackson-databind-2.9.6.jar
7ffb49cf2000-7ffb49cf7000 r--s 0004b000 08:01 938086                     /home/blackstorm/.m2/repository/com/fasterxml/jackson/core/jackson-core/2.9.6/jackson-core-2.9.6.jar
7ffb49cf7000-7ffb49d1b000 r--s 0016f000 08:01 938090                     /home/blackstorm/.m2/repository/com/github/jsonld-java/jsonld-java/0.12.1/jsonld-java-0.12.1.jar
7ffb49d1b000-7ffb49d22000 r--s 00049000 08:01 296879                     /home/blackstorm/.m2/repository/org/apache/httpcomponents/httpcore/4.4.9/httpcore-4.4.9.jar
7ffb49d22000-7ffb49d30000 r--s 000ae000 08:01 1067212                    /home/blackstorm/.m2/repository/org/apache/httpcomponents/httpclient/4.5.5/httpclient-4.5.5.jar
7ffb49d30000-7ffb49d6b000 r--s 00281000 08:01 307043                     /home/blackstorm/.m2/repository/org/apache/jena/jena-shaded-guava/3.10.0-SNAPSHOT/jena-shaded-guava-3.10.0-SNAPSHOT.jar
7ffb49d6b000-7ffb49d70000 r--s 00024000 08:01 307255                     /home/blackstorm/.m2/repository/com/github/andrewoma/dexx/collection/0.7/collection-0.7.jar
7ffb49d70000-7ffb49d7b000 r--s 00085000 08:01 307253                     /home/blackstorm/.m2/repository/org/apache/commons/commons-compress/1.17/commons-compress-1.17.jar
7ffb49d7b000-7ffb49d81000 r--s 00030000 08:01 307971                     /home/blackstorm/.m2/repository/org/apache/jena/jena-base/3.10.0-SNAPSHOT/jena-base-3.10.0-SNAPSHOT.jar
7ffb49d81000-7ffb49d88000 r--s 0004b000 08:01 19043                      /home/blackstorm/.m2/repository/commons-codec/commons-codec/1.11/commons-codec-1.11.jar
7ffb49d88000-7ffb49da7000 r--s 00197000 08:01 938031                     /home/blackstorm/.m2/repository/org/apache/jena/jena-core/3.10.0-SNAPSHOT/jena-core-3.10.0-SNAPSHOT.jar
7ffb49da7000-7ffb49ddd000 r--s 002b4000 08:01 280101                     /home/blackstorm/.m2/repository/org/apache/jena/jena-arq/3.10.0-SNAPSHOT/jena-arq-3.10.0-SNAPSHOT.jar
7ffb49ddd000-7ffb49df0000 r--s 00346000 08:01 1065628                    /usr/lib/jvm/java-8-openjdk-amd64/jre/lib/resources.jar
7ffb49df0000-7ffb49e0b000 r--s 00394000 08:01 1065603                    /usr/lib/jvm/java-8-openjdk-amd64/jre/lib/ext/cldrdata.jar
7ffb49e0b000-7ffb49e0c000 ---p 00000000 00:00 0 
7ffb49e0c000-7ffb49f0c000 rw-p 00000000 00:00 0 
7ffb49f0c000-7ffb49f0f000 ---p 00000000 00:00 0 
7ffb49f0f000-7ffb4a00d000 rw-p 00000000 00:00 0 
7ffb4a00d000-7ffb4a00e000 ---p 00000000 00:00 0 
7ffb4a00e000-7ffb4a011000 ---p 00000000 00:00 0 
7ffb4a011000-7ffb4a10e000 rw-p 00000000 00:00 0 
7ffb4a10e000-7ffb4a10f000 ---p 00000000 00:00 0 
7ffb4a10f000-7ffb4a112000 ---p 00000000 00:00 0 
7ffb4a112000-7ffb4a20f000 rw-p 00000000 00:00 0 
7ffb4a20f000-7ffb4a210000 ---p 00000000 00:00 0 
7ffb4a210000-7ffb4a213000 ---p 00000000 00:00 0 
7ffb4a213000-7ffb4a310000 rw-p 00000000 00:00 0 
7ffb4a310000-7ffb4a313000 ---p 00000000 00:00 0 
7ffb4a313000-7ffb4a411000 rw-p 00000000 00:00 0 
7ffb4a411000-7ffb4a6ef000 r--p 00000000 08:01 1234                       /usr/lib/locale/locale-archive
7ffb4a6ef000-7ffb4a6f2000 ---p 00000000 00:00 0 
7ffb4a6f2000-7ffb4a7f0000 rw-p 00000000 00:00 0 
7ffb4a7f0000-7ffb4a7f3000 ---p 00000000 00:00 0 
7ffb4a7f3000-7ffb4a8f1000 rw-p 00000000 00:00 0 
7ffb4a8f1000-7ffb4a8f2000 ---p 00000000 00:00 0 
7ffb4a8f2000-7ffb4c000000 rw-p 00000000 00:00 0 
7ffb4c000000-7ffb4c021000 rw-p 00000000 00:00 0 
7ffb4c021000-7ffb50000000 ---p 00000000 00:00 0 
7ffb50000000-7ffb50003000 r--s 0000e000 08:01 296876                     /home/blackstorm/.m2/repository/com/fasterxml/jackson/core/jackson-annotations/2.9.0/jackson-annotations-2.9.0.jar
7ffb50003000-7ffb5000c000 r--s 00077000 08:01 310430                     /home/blackstorm/.m2/repository/org/apache/jena/jena-tdb/3.10.0-SNAPSHOT/jena-tdb-3.10.0-SNAPSHOT.jar
7ffb5000c000-7ffb50027000 r--s 001d6000 08:01 1065608                    /usr/lib/jvm/java-8-openjdk-amd64/jre/lib/ext/nashorn.jar
7ffb50027000-7ffb501d9000 rw-p 00000000 00:00 0 
7ffb501d9000-7ffb503a8000 r--s 03c33000 08:01 1065629                    /usr/lib/jvm/java-8-openjdk-amd64/jre/lib/rt.jar
7ffb503a8000-7ffb50609000 rw-p 00000000 00:00 0 
7ffb50609000-7ffb5060a000 ---p 00000000 00:00 0 
7ffb5060a000-7ffb5070a000 rw-p 00000000 00:00 0 
7ffb5070a000-7ffb5070b000 ---p 00000000 00:00 0 
7ffb5070b000-7ffb5080b000 rw-p 00000000 00:00 0 
7ffb5080b000-7ffb5080c000 ---p 00000000 00:00 0 
7ffb5080c000-7ffb50921000 rw-p 00000000 00:00 0 
7ffb50921000-7ffb50a54000 ---p 00000000 00:00 0 
7ffb50a54000-7ffb50a69000 rw-p 00000000 00:00 0 
7ffb50a69000-7ffb50b9b000 ---p 00000000 00:00 0 
7ffb50b9b000-7ffb50bbd000 rw-p 00000000 00:00 0 
7ffb50bbd000-7ffb50c3f000 ---p 00000000 00:00 0 
7ffb50c3f000-7ffb50c56000 rw-p 00000000 00:00 0 
7ffb50c56000-7ffb51000000 ---p 00000000 00:00 0 
7ffb51000000-7ffb51580000 rwxp 00000000 00:00 0 
7ffb51580000-7ffb60000000 ---p 00000000 00:00 0 
7ffb60000000-7ffb60795000 rw-p 00000000 00:00 0 
7ffb60795000-7ffb64000000 ---p 00000000 00:00 0 
7ffb64001000-7ffb64003000 r--s 00009000 08:01 307251                     /home/blackstorm/.m2/repository/org/apache/commons/commons-csv/1.5/commons-csv-1.5.jar
7ffb64003000-7ffb64005000 r--s 00020000 08:01 307211                     /home/blackstorm/.m2/repository/org/apache/jena/jena-iri/3.10.0-SNAPSHOT/jena-iri-3.10.0-SNAPSHOT.jar
7ffb64005000-7ffb6400a000 r--s 002f9000 08:01 1065595                    /usr/lib/jvm/java-8-openjdk-amd64/jre/lib/charsets.jar
7ffb6400a000-7ffb6400f000 r--s 0009d000 08:01 1065624                    /usr/lib/jvm/java-8-openjdk-amd64/jre/lib/jsse.jar
7ffb6400f000-7ffb64019000 r--s 00116000 08:01 1065607                    /usr/lib/jvm/java-8-openjdk-amd64/jre/lib/ext/localedata.jar
7ffb64019000-7ffb6401a000 ---p 00000000 00:00 0 
7ffb6401a000-7ffb6411a000 rw-p 00000000 00:00 0 
7ffb6411a000-7ffb64122000 r-xp 00000000 08:01 1065592                    /usr/lib/jvm/java-8-openjdk-amd64/jre/lib/amd64/libzip.so
7ffb64122000-7ffb64321000 ---p 00008000 08:01 1065592                    /usr/lib/jvm/java-8-openjdk-amd64/jre/lib/amd64/libzip.so
7ffb64321000-7ffb64322000 r--p 00007000 08:01 1065592                    /usr/lib/jvm/java-8-openjdk-amd64/jre/lib/amd64/libzip.so
7ffb64322000-7ffb64323000 rw-p 00008000 08:01 1065592                    /usr/lib/jvm/java-8-openjdk-amd64/jre/lib/amd64/libzip.so
7ffb64323000-7ffb6432e000 r-xp 00000000 08:01 414949                     /lib/x86_64-linux-gnu/libnss_files-2.27.so
7ffb6432e000-7ffb6452d000 ---p 0000b000 08:01 414949                     /lib/x86_64-linux-gnu/libnss_files-2.27.so
7ffb6452d000-7ffb6452e000 r--p 0000a000 08:01 414949                     /lib/x86_64-linux-gnu/libnss_files-2.27.so
7ffb6452e000-7ffb6452f000 rw-p 0000b000 08:01 414949                     /lib/x86_64-linux-gnu/libnss_files-2.27.so
7ffb6452f000-7ffb64535000 rw-p 00000000 00:00 0 
7ffb64535000-7ffb6454c000 r-xp 00000000 08:01 412336                     /lib/x86_64-linux-gnu/libnsl-2.27.so
7ffb6454c000-7ffb6474b000 ---p 00017000 08:01 412336                     /lib/x86_64-linux-gnu/libnsl-2.27.so
7ffb6474b000-7ffb6474c000 r--p 00016000 08:01 412336                     /lib/x86_64-linux-gnu/libnsl-2.27.so
7ffb6474c000-7ffb6474d000 rw-p 00017000 08:01 412336                     /lib/x86_64-linux-gnu/libnsl-2.27.so
7ffb6474d000-7ffb6474f000 rw-p 00000000 00:00 0 
7ffb6474f000-7ffb6475a000 r-xp 00000000 08:01 414951                     /lib/x86_64-linux-gnu/libnss_nis-2.27.so
7ffb6475a000-7ffb64959000 ---p 0000b000 08:01 414951                     /lib/x86_64-linux-gnu/libnss_nis-2.27.so
7ffb64959000-7ffb6495a000 r--p 0000a000 08:01 414951                     /lib/x86_64-linux-gnu/libnss_nis-2.27.so
7ffb6495a000-7ffb6495b000 rw-p 0000b000 08:01 414951                     /lib/x86_64-linux-gnu/libnss_nis-2.27.so
7ffb6495b000-7ffb64963000 r-xp 00000000 08:01 414947                     /lib/x86_64-linux-gnu/libnss_compat-2.27.so
7ffb64963000-7ffb64b63000 ---p 00008000 08:01 414947                     /lib/x86_64-linux-gnu/libnss_compat-2.27.so
7ffb64b63000-7ffb64b64000 r--p 00008000 08:01 414947                     /lib/x86_64-linux-gnu/libnss_compat-2.27.so
7ffb64b64000-7ffb64b65000 rw-p 00009000 08:01 414947                     /lib/x86_64-linux-gnu/libnss_compat-2.27.so
7ffb64b65000-7ffb64b93000 r-xp 00000000 08:01 1065573                    /usr/lib/jvm/java-8-openjdk-amd64/jre/lib/amd64/libjava.so
7ffb64b93000-7ffb64d92000 ---p 0002e000 08:01 1065573                    /usr/lib/jvm/java-8-openjdk-amd64/jre/lib/amd64/libjava.so
7ffb64d92000-7ffb64d93000 r--p 0002d000 08:01 1065573                    /usr/lib/jvm/java-8-openjdk-amd64/jre/lib/amd64/libjava.so
7ffb64d93000-7ffb64d95000 rw-p 0002e000 08:01 1065573                    /usr/lib/jvm/java-8-openjdk-amd64/jre/lib/amd64/libjava.so
7ffb64d95000-7ffb64da5000 r-xp 00000000 08:01 1065591                    /usr/lib/jvm/java-8-openjdk-amd64/jre/lib/amd64/libverify.so
7ffb64da5000-7ffb64fa4000 ---p 00010000 08:01 1065591                    /usr/lib/jvm/java-8-openjdk-amd64/jre/lib/amd64/libverify.so
7ffb64fa4000-7ffb64fa6000 r--p 0000f000 08:01 1065591                    /usr/lib/jvm/java-8-openjdk-amd64/jre/lib/amd64/libverify.so
7ffb64fa6000-7ffb64fa7000 rw-p 00011000 08:01 1065591                    /usr/lib/jvm/java-8-openjdk-amd64/jre/lib/amd64/libverify.so
7ffb64fa7000-7ffb64fae000 r-xp 00000000 08:01 414956                     /lib/x86_64-linux-gnu/librt-2.27.so
7ffb64fae000-7ffb651ad000 ---p 00007000 08:01 414956                     /lib/x86_64-linux-gnu/librt-2.27.so
7ffb651ad000-7ffb651ae000 r--p 00006000 08:01 414956                     /lib/x86_64-linux-gnu/librt-2.27.so
7ffb651ae000-7ffb651af000 rw-p 00007000 08:01 414956                     /lib/x86_64-linux-gnu/librt-2.27.so
7ffb651af000-7ffb651c6000 r-xp 00000000 08:01 400822                     /lib/x86_64-linux-gnu/libgcc_s.so.1
7ffb651c6000-7ffb653c5000 ---p 00017000 08:01 400822                     /lib/x86_64-linux-gnu/libgcc_s.so.1
7ffb653c5000-7ffb653c6000 r--p 00016000 08:01 400822                     /lib/x86_64-linux-gnu/libgcc_s.so.1
7ffb653c6000-7ffb653c7000 rw-p 00017000 08:01 400822                     /lib/x86_64-linux-gnu/libgcc_s.so.1
7ffb653c7000-7ffb65564000 r-xp 00000000 08:01 412333                     /lib/x86_64-linux-gnu/libm-2.27.so
7ffb65564000-7ffb65763000 ---p 0019d000 08:01 412333                     /lib/x86_64-linux-gnu/libm-2.27.so
7ffb65763000-7ffb65764000 r--p 0019c000 08:01 412333                     /lib/x86_64-linux-gnu/libm-2.27.so
7ffb65764000-7ffb65765000 rw-p 0019d000 08:01 412333                     /lib/x86_64-linux-gnu/libm-2.27.so
7ffb65765000-7ffb658de000 r-xp 00000000 08:01 2256                       /usr/lib/x86_64-linux-gnu/libstdc++.so.6.0.25
7ffb658de000-7ffb65ade000 ---p 00179000 08:01 2256                       /usr/lib/x86_64-linux-gnu/libstdc++.so.6.0.25
7ffb65ade000-7ffb65ae8000 r--p 00179000 08:01 2256                       /usr/lib/x86_64-linux-gnu/libstdc++.so.6.0.25
7ffb65ae8000-7ffb65aea000 rw-p 00183000 08:01 2256                       /usr/lib/x86_64-linux-gnu/libstdc++.so.6.0.25
7ffb65aea000-7ffb65aee000 rw-p 00000000 00:00 0 
7ffb65aee000-7ffb66783000 r-xp 00000000 08:01 1065594                    /usr/lib/jvm/java-8-openjdk-amd64/jre/lib/amd64/server/libjvm.so
7ffb66783000-7ffb66982000 ---p 00c95000 08:01 1065594                    /usr/lib/jvm/java-8-openjdk-amd64/jre/lib/amd64/server/libjvm.so
7ffb66982000-7ffb66a16000 r--p 00c94000 08:01 1065594                    /usr/lib/jvm/java-8-openjdk-amd64/jre/lib/amd64/server/libjvm.so
7ffb66a16000-7ffb66a3e000 rw-p 00d28000 08:01 1065594                    /usr/lib/jvm/java-8-openjdk-amd64/jre/lib/amd64/server/libjvm.so
7ffb66a3e000-7ffb66a6f000 rw-p 00000000 00:00 0 
7ffb66a6f000-7ffb66a89000 r-xp 00000000 08:01 414954                     /lib/x86_64-linux-gnu/libpthread-2.27.so
7ffb66a89000-7ffb66c88000 ---p 0001a000 08:01 414954                     /lib/x86_64-linux-gnu/libpthread-2.27.so
7ffb66c88000-7ffb66c89000 r--p 00019000 08:01 414954                     /lib/x86_64-linux-gnu/libpthread-2.27.so
7ffb66c89000-7ffb66c8a000 rw-p 0001a000 08:01 414954                     /lib/x86_64-linux-gnu/libpthread-2.27.so
7ffb66c8a000-7ffb66c8e000 rw-p 00000000 00:00 0 
7ffb66c8e000-7ffb66c91000 r-xp 00000000 08:01 412332                     /lib/x86_64-linux-gnu/libdl-2.27.so
7ffb66c91000-7ffb66e90000 ---p 00003000 08:01 412332                     /lib/x86_64-linux-gnu/libdl-2.27.so
7ffb66e90000-7ffb66e91000 r--p 00002000 08:01 412332                     /lib/x86_64-linux-gnu/libdl-2.27.so
7ffb66e91000-7ffb66e92000 rw-p 00003000 08:01 412332                     /lib/x86_64-linux-gnu/libdl-2.27.so
7ffb66e92000-7ffb66eae000 r-xp 00000000 08:01 398997                     /lib/x86_64-linux-gnu/libz.so.1.2.11
7ffb66eae000-7ffb670ad000 ---p 0001c000 08:01 398997                     /lib/x86_64-linux-gnu/libz.so.1.2.11
7ffb670ad000-7ffb670ae000 r--p 0001b000 08:01 398997                     /lib/x86_64-linux-gnu/libz.so.1.2.11
7ffb670ae000-7ffb670af000 rw-p 0001c000 08:01 398997                     /lib/x86_64-linux-gnu/libz.so.1.2.11
7ffb670af000-7ffb67296000 r-xp 00000000 08:01 412329                     /lib/x86_64-linux-gnu/libc-2.27.so
7ffb67296000-7ffb67496000 ---p 001e7000 08:01 412329                     /lib/x86_64-linux-gnu/libc-2.27.so
7ffb67496000-7ffb6749a000 r--p 001e7000 08:01 412329                     /lib/x86_64-linux-gnu/libc-2.27.so
7ffb6749a000-7ffb6749c000 rw-p 001eb000 08:01 412329                     /lib/x86_64-linux-gnu/libc-2.27.so
7ffb6749c000-7ffb674a0000 rw-p 00000000 00:00 0 
7ffb674a0000-7ffb674ae000 r-xp 00000000 08:01 1065554                    /usr/lib/jvm/java-8-openjdk-amd64/jre/lib/amd64/jli/libjli.so
7ffb674ae000-7ffb676ad000 ---p 0000e000 08:01 1065554                    /usr/lib/jvm/java-8-openjdk-amd64/jre/lib/amd64/jli/libjli.so
7ffb676ad000-7ffb676ae000 r--p 0000d000 08:01 1065554                    /usr/lib/jvm/java-8-openjdk-amd64/jre/lib/amd64/jli/libjli.so
7ffb676ae000-7ffb676af000 rw-p 0000e000 08:01 1065554                    /usr/lib/jvm/java-8-openjdk-amd64/jre/lib/amd64/jli/libjli.so
7ffb676af000-7ffb676d6000 r-xp 00000000 08:01 400543                     /lib/x86_64-linux-gnu/ld-2.27.so
7ffb676d7000-7ffb676d9000 r--s 00016000 08:01 1065622                    /usr/lib/jvm/java-8-openjdk-amd64/jre/lib/jce.jar
7ffb676d9000-7ffb676db000 r--s 00007000 08:01 284279                     /usr/share/java/java-atk-wrapper.jar
7ffb676db000-7ffb676de000 r--s 00038000 08:01 1065611                    /usr/lib/jvm/java-8-openjdk-amd64/jre/lib/ext/sunpkcs11.jar
7ffb676de000-7ffb677b7000 rw-p 00000000 00:00 0 
7ffb677b7000-7ffb677b8000 ---p 00000000 00:00 0 
7ffb677b8000-7ffb677bb000 ---p 00000000 00:00 0 
7ffb677bb000-7ffb678ba000 rw-p 00000000 00:00 0 
7ffb678bb000-7ffb678c1000 r--s 0003b000 08:01 1065610                    /usr/lib/jvm/java-8-openjdk-amd64/jre/lib/ext/sunjce_provider.jar
7ffb678c1000-7ffb678c2000 r--s 0000a000 08:01 1065606                    /usr/lib/jvm/java-8-openjdk-amd64/jre/lib/ext/jaccess.jar
7ffb678c2000-7ffb678c4000 r--s 00001000 08:01 1065604                    /usr/lib/jvm/java-8-openjdk-amd64/jre/lib/ext/dnsns.jar
7ffb678c4000-7ffb678c7000 r--s 0000f000 08:01 1065605                    /usr/lib/jvm/java-8-openjdk-amd64/jre/lib/ext/icedtea-sound.jar
7ffb678c7000-7ffb678c8000 r--s 00010000 08:01 1065612                    /usr/lib/jvm/java-8-openjdk-amd64/jre/lib/ext/zipfs.jar
7ffb678c8000-7ffb678ca000 r--s 00008000 08:01 1065609                    /usr/lib/jvm/java-8-openjdk-amd64/jre/lib/ext/sunec.jar
7ffb678ca000-7ffb678d2000 rw-s 00000000 08:01 404244                     /tmp/hsperfdata_blackstorm/6733
7ffb678d2000-7ffb678d3000 rw-p 00000000 00:00 0 
7ffb678d3000-7ffb678d4000 ---p 00000000 00:00 0 
7ffb678d4000-7ffb678d6000 rw-p 00000000 00:00 0 
7ffb678d6000-7ffb678d7000 r--p 00027000 08:01 400543                     /lib/x86_64-linux-gnu/ld-2.27.so
7ffb678d7000-7ffb678d8000 rw-p 00028000 08:01 400543                     /lib/x86_64-linux-gnu/ld-2.27.so
7ffb678d8000-7ffb678d9000 rw-p 00000000 00:00 0 
7ffeabd48000-7ffeabd6a000 rw-p 00000000 00:00 0                          [stack]
7ffeabdda000-7ffeabddd000 r--p 00000000 00:00 0                          [vvar]
7ffeabddd000-7ffeabddf000 r-xp 00000000 00:00 0                          [vdso]
ffffffffff600000-ffffffffff601000 r-xp 00000000 00:00 0                  [vsyscall]

VM Arguments:
jvm_args: -Dfile.encoding=UTF-8 
java_command: org.apache.jena.sparql.QueryRelax
java_class_path (initial): /usr/lib/jvm/java-8-openjdk-amd64/jre/lib/resources.jar:/usr/lib/jvm/java-8-openjdk-amd64/jre/lib/rt.jar:/usr/lib/jvm/java-8-openjdk-amd64/jre/lib/jsse.jar:/usr/lib/jvm/java-8-openjdk-amd64/jre/lib/jce.jar:/usr/lib/jvm/java-8-openjdk-amd64/jre/lib/charsets.jar:/usr/lib/jvm/java-8-openjdk-amd64/jre/lib/ext/sunec.jar:/usr/lib/jvm/java-8-openjdk-amd64/jre/lib/ext/zipfs.jar:/usr/lib/jvm/java-8-openjdk-amd64/jre/lib/ext/icedtea-sound.jar:/usr/lib/jvm/java-8-openjdk-amd64/jre/lib/ext/dnsns.jar:/usr/lib/jvm/java-8-openjdk-amd64/jre/lib/ext/nashorn.jar:/usr/lib/jvm/java-8-openjdk-amd64/jre/lib/ext/jaccess.jar:/usr/lib/jvm/java-8-openjdk-amd64/jre/lib/ext/localedata.jar:/usr/lib/jvm/java-8-openjdk-amd64/jre/lib/ext/cldrdata.jar:/usr/lib/jvm/java-8-openjdk-amd64/jre/lib/ext/sunjce_provider.jar:/usr/lib/jvm/java-8-openjdk-amd64/jre/lib/ext/sunpkcs11.jar:/usr/lib/jvm/java-8-openjdk-amd64/jre/lib/ext/java-atk-wrapper.jar:/home/blackstorm/eclipse-workspace/query-relax/target/classes:/home/blackstorm/.m2/repository/org/apache/jena/jena-tdb/3.10.0-SNAPSHOT/jena-tdb-3.10.0-SNAPSHOT.jar:/home/blackstorm/.m2/repository/org/apache/jena/jena-arq/3.10.0-SNAPSHOT/jena-arq-3.10.0-SNAPSHOT.jar:/home/blackstorm/.m2/repository/org/apache/jena/jena-core/3.10.0-SNAPSHOT/jena-core-3.10.0-SNAPSHOT.jar:/home/blackstorm/.m2/repository/org/apache/jena/jena-iri/3.10.0-SNAPSHOT/jena-iri-3.10.0-SNAPSHOT.jar:/home/blackstorm/.m2/repository/commons-codec/commons-codec/1.11/commons-codec-1.11.jar:/home/blackstorm/.m2/repository/org/apache/jena/jena-base/3.10.0-SNAPSHOT/jena-base-3.10.0-SNAPSHOT.jar:/home/blackstorm/.m2/repository/org/apache/commons/commons-csv/1.5/commons-csv-1.5.jar:/home/blackstorm/.m2/repository/org/apache/commons/commons-compress/1.17/commons-compress-1.17.jar:/home/blackstorm/.m2/repository/com/github/andrewoma/dexx/collection/0.7/collection-0.7.jar:/home/blackstorm/.m2/repository/org/apache/jena/jena-shaded-guava/3.10.0-SNAPSHOT/jena-shaded-guava-3.10.0-
Launcher Type: SUN_STANDARD

Environment Variables:
JAVA_HOME=/usr/lib/jvm/java-1.8.0-openjdk-amd64
CLASSPATH=/usr/lib/jvm/java-1.8.0-openjdk-amd64/lib::/home/blackstorm/MWInstallation/glassfish5/glassfish/lib/*:/home/blackstorm/MWInstallation/glassfish5/glassfish/lib/appserv-rt.jar:/home/blackstorm/MWInstallation/glassfish5/glassfish/lib/javaee.jar
PATH=/home/blackstorm/bin:/home/blackstorm/.local/bin:/home/blackstorm/MWInstallation/rabbitmq_server-3.7.7/sbin:/home/blackstorm/MWInstallation/glassfish5/glassfish/bin:/usr/lib/jvm/java-1.8.0-openjdk-amd64/bin:/usr/local/sbin:/usr/local/bin:/usr/sbin:/usr/bin:/sbin:/bin:/usr/games:/usr/local/games:/snap/bin:/home/blackstorm/MWInstallation:/home/blackstorm/MWInstallation/glassfish5/javadb/bin
USERNAME=blackstorm
SHELL=/bin/bash
DISPLAY=:0

Signal Handlers:
SIGSEGV: [libjvm.so+0xaaf3b0], sa_mask[0]=11111111011111111101111111111110, sa_flags=SA_RESTART|SA_SIGINFO
SIGBUS: [libjvm.so+0xaaf3b0], sa_mask[0]=11111111011111111101111111111110, sa_flags=SA_RESTART|SA_SIGINFO
SIGFPE: [libjvm.so+0x8e52f0], sa_mask[0]=11111111011111111101111111111110, sa_flags=SA_RESTART|SA_SIGINFO
SIGPIPE: [libjvm.so+0x8e52f0], sa_mask[0]=11111111011111111101111111111110, sa_flags=SA_RESTART|SA_SIGINFO
SIGXFSZ: [libjvm.so+0x8e52f0], sa_mask[0]=11111111011111111101111111111110, sa_flags=SA_RESTART|SA_SIGINFO
SIGILL: [libjvm.so+0x8e52f0], sa_mask[0]=11111111011111111101111111111110, sa_flags=SA_RESTART|SA_SIGINFO
SIGUSR1: SIG_DFL, sa_mask[0]=00000000000000000000000000000000, sa_flags=none
SIGUSR2: [libjvm.so+0x8e51a0], sa_mask[0]=00100000000000000000000000000000, sa_flags=SA_RESTART|SA_SIGINFO
SIGHUP: [libjvm.so+0x8e5650], sa_mask[0]=11111111011111111101111111111110, sa_flags=SA_RESTART|SA_SIGINFO
SIGINT: [libjvm.so+0x8e5650], sa_mask[0]=11111111011111111101111111111110, sa_flags=SA_RESTART|SA_SIGINFO
SIGTERM: [libjvm.so+0x8e5650], sa_mask[0]=11111111011111111101111111111110, sa_flags=SA_RESTART|SA_SIGINFO
SIGQUIT: [libjvm.so+0x8e5650], sa_mask[0]=11111111011111111101111111111110, sa_flags=SA_RESTART|SA_SIGINFO


---------------  S Y S T E M  ---------------

OS:DISTRIB_ID=Ubuntu
DISTRIB_RELEASE=18.04
DISTRIB_CODENAME=bionic
DISTRIB_DESCRIPTION="Ubuntu 18.04.1 LTS"

uname:Linux 4.15.0-36-generic #39-Ubuntu SMP Mon Sep 24 16:19:09 UTC 2018 x86_64
libc:glibc 2.27 NPTL 2.27 
rlimit: STACK 8192k, CORE 0k, NPROC 15449, NOFILE 4096, AS infinity
load average:1.57 0.48 0.15

/proc/meminfo:
MemTotal:        4015676 kB
MemFree:          116396 kB
MemAvailable:      28820 kB
Buffers:            2200 kB
Cached:            74248 kB
SwapCached:        13044 kB
Active:          2649688 kB
Inactive:         614184 kB
Active(anon):    2635524 kB
Inactive(anon):   604740 kB
Active(file):      14164 kB
Inactive(file):     9444 kB
Unevictable:          48 kB
Mlocked:              48 kB
SwapTotal:       1046524 kB
SwapFree:              0 kB
Dirty:               336 kB
Writeback:             0 kB
AnonPages:       3174504 kB
Mapped:            62776 kB
Shmem:             52780 kB
Slab:             113732 kB
SReclaimable:      42188 kB
SUnreclaim:        71544 kB
KernelStack:       16096 kB
PageTables:        56540 kB
NFS_Unstable:          0 kB
Bounce:                0 kB
WritebackTmp:          0 kB
CommitLimit:     3054360 kB
Committed_AS:    8655252 kB
VmallocTotal:   34359738367 kB
VmallocUsed:           0 kB
VmallocChunk:          0 kB
HardwareCorrupted:     0 kB
AnonHugePages:         0 kB
ShmemHugePages:        0 kB
ShmemPmdMapped:        0 kB
CmaTotal:              0 kB
CmaFree:               0 kB
HugePages_Total:       0
HugePages_Free:        0
HugePages_Rsvd:        0
HugePages_Surp:        0
Hugepagesize:       2048 kB
DirectMap4k:      163648 kB
DirectMap2M:     4030464 kB
DirectMap1G:     2097152 kB


CPU:total 4 (initial active 4) (2 cores per cpu, 1 threads per core) family 6 model 78 stepping 3, cmov, cx8, fxsr, mmx, sse, sse2, sse3, ssse3, sse4.1, sse4.2, popcnt, avx, avx2, aes, clmul, erms, 3dnowpref, lzcnt, tsc, tscinvbit, bmi1, bmi2, adx

/proc/cpuinfo:
processor	: 0
vendor_id	: GenuineIntel
cpu family	: 6
model		: 78
model name	: Intel(R) Core(TM) i7-6500U CPU @ 2.50GHz
stepping	: 3
microcode	: 0xbe
cpu MHz		: 2591.999
cache size	: 4096 KB
physical id	: 0
siblings	: 2
core id		: 0
cpu cores	: 2
apicid		: 0
initial apicid	: 0
fpu		: yes
fpu_exception	: yes
cpuid level	: 22
wp		: yes
flags		: fpu vme de pse tsc msr pae mce cx8 apic sep mtrr pge mca cmov pat pse36 clflush dts mmx fxsr sse sse2 ss ht syscall nx pdpe1gb rdtscp lm constant_tsc arch_perfmon pebs bts nopl xtopology tsc_reliable nonstop_tsc cpuid aperfmperf pni pclmulqdq vmx ssse3 fma cx16 pcid sse4_1 sse4_2 x2apic movbe popcnt tsc_deadline_timer aes xsave avx f16c rdrand hypervisor lahf_lm abm 3dnowprefetch cpuid_fault epb invpcid_single pti tpr_shadow vnmi ept vpid fsgsbase tsc_adjust bmi1 avx2 smep bmi2 invpcid rdseed adx smap xsaveopt dtherm ida arat pln pts hwp hwp_notify hwp_act_window hwp_epp
bugs		: cpu_meltdown spectre_v1 spectre_v2 spec_store_bypass l1tf
bogomips	: 5183.99
clflush size	: 64
cache_alignment	: 64
address sizes	: 42 bits physical, 48 bits virtual
power management:

processor	: 1
vendor_id	: GenuineIntel
cpu family	: 6
model		: 78
model name	: Intel(R) Core(TM) i7-6500U CPU @ 2.50GHz
stepping	: 3
microcode	: 0xbe
cpu MHz		: 2591.999
cache size	: 4096 KB
physical id	: 0
siblings	: 2
core id		: 1
cpu cores	: 2
apicid		: 1
initial apicid	: 1
fpu		: yes
fpu_exception	: yes
cpuid level	: 22
wp		: yes
flags		: fpu vme de pse tsc msr pae mce cx8 apic sep mtrr pge mca cmov pat pse36 clflush dts mmx fxsr sse sse2 ss ht syscall nx pdpe1gb rdtscp lm constant_tsc arch_perfmon pebs bts nopl xtopology tsc_reliable nonstop_tsc cpuid aperfmperf pni pclmulqdq vmx ssse3 fma cx16 pcid sse4_1 sse4_2 x2apic movbe popcnt tsc_deadline_timer aes xsave avx f16c rdrand hypervisor lahf_lm abm 3dnowprefetch cpuid_fault epb invpcid_single pti tpr_shadow vnmi ept vpid fsgsbase tsc_adjust bmi1 avx2 smep bmi2 invpcid rdseed adx smap xsaveopt dtherm ida arat pln pts hwp hwp_notify hwp_act_window hwp_epp
bugs		: cpu_meltdown spectre_v1 spectre_v2 spec_store_bypass l1tf
bogomips	: 5183.99
clflush size	: 64
cache_alignment	: 64
address sizes	: 42 bits physical, 48 bits virtual
power management:

processor	: 2
vendor_id	: GenuineIntel
cpu family	: 6
model		: 78
model name	: Intel(R) Core(TM) i7-6500U CPU @ 2.50GHz
stepping	: 3
microcode	: 0xbe
cpu MHz		: 2591.999
cache size	: 4096 KB
physical id	: 1
siblings	: 2
core id		: 0
cpu cores	: 2
apicid		: 2
initial apicid	: 2
fpu		: yes
fpu_exception	: yes
cpuid level	: 22
wp		: yes
flags		: fpu vme de pse tsc msr pae mce cx8 apic sep mtrr pge mca cmov pat pse36 clflush dts mmx fxsr sse sse2 ss ht syscall nx pdpe1gb rdtscp lm constant_tsc arch_perfmon pebs bts nopl xtopology tsc_reliable nonstop_tsc cpuid aperfmperf pni pclmulqdq vmx ssse3 fma cx16 pcid sse4_1 sse4_2 x2apic movbe popcnt tsc_deadline_timer aes xsave avx f16c rdrand hypervisor lahf_lm abm 3dnowprefetch cpuid_fault epb invpcid_single pti tpr_shadow vnmi ept vpid fsgsbase tsc_adjust bmi1 avx2 smep bmi2 invpcid rdseed adx smap xsaveopt dtherm ida arat pln pts hwp hwp_notify hwp_act_window hwp_epp
bugs		: cpu_meltdown spectre_v1 spectre_v2 spec_store_bypass l1tf
bogomips	: 5183.99
clflush size	: 64
cache_alignment	: 64
address sizes	: 42 bits physical, 48 bits virtual
power management:

processor	: 3
vendor_id	: GenuineIntel
cpu family	: 6
model		: 78
model name	: Intel(R) Core(TM) i7-6500U CPU @ 2.50GHz
stepping	: 3
microcode	: 0xbe
cpu MHz		: 2591.999
cache size	: 4096 KB
physical id	: 1
siblings	: 2
core id		: 1
cpu cores	: 2
apicid		: 3
initial apicid	: 3
fpu		: yes
fpu_exception	: yes
cpuid level	: 22
wp		: yes
flags		: fpu vme de pse tsc msr pae mce cx8 apic sep mtrr pge mca cmov pat pse36 clflush dts mmx fxsr sse sse2 ss ht syscall nx pdpe1gb rdtscp lm constant_tsc arch_perfmon pebs bts nopl xtopology tsc_reliable nonstop_tsc cpuid aperfmperf pni pclmulqdq vmx ssse3 fma cx16 pcid sse4_1 sse4_2 x2apic movbe popcnt tsc_deadline_timer aes xsave avx f16c rdrand hypervisor lahf_lm abm 3dnowprefetch cpuid_fault epb invpcid_single pti tpr_shadow vnmi ept vpid fsgsbase tsc_adjust bmi1 avx2 smep bmi2 invpcid rdseed adx smap xsaveopt dtherm ida arat pln pts hwp hwp_notify hwp_act_window hwp_epp
bugs		: cpu_meltdown spectre_v1 spectre_v2 spec_store_bypass l1tf
bogomips	: 5183.99
clflush size	: 64
cache_alignment	: 64
address sizes	: 42 bits physical, 48 bits virtual
power management:



Memory: 4k page, physical 4015676k(116396k free), swap 1046524k(0k free)

vm_info: OpenJDK 64-Bit Server VM (25.181-b13) for linux-amd64 JRE (1.8.0_181-8u181-b13-1ubuntu0.18.04.1-b13), built on Oct 22 2018 17:29:08 by "buildd" with gcc 7.3.0

time: Tue Nov 13 14:29:09 2018
elapsed time: 29 seconds (0d 0h 0m 29s)

