#
# There is insufficient memory for the Java Runtime Environment to continue.
# Native memory allocation (mmap) failed to map 70254592 bytes for committing reserved memory.
# Possible reasons:
#   The system is out of physical RAM or swap space
#   In 32 bit mode, the process size limit was hit
# Possible solutions:
#   Reduce memory load on the system
#   Increase physical memory or swap space
#   Check if swap backing store is full
#   Use 64 bit Java on a 64 bit OS
#   Decrease Java heap size (-Xmx/-Xms)
#   Decrease number of Java threads
#   Decrease Java thread stack sizes (-Xss)
#   Set larger code cache with -XX:ReservedCodeCacheSize=
# This output file may be truncated or incomplete.
#
#  Out of Memory Error (os_linux.cpp:2643), pid=6757, tid=0x00007f690b14f700
#
# JRE version: OpenJDK Runtime Environment (8.0_181-b13) (build 1.8.0_181-8u181-b13-1ubuntu0.18.04.1-b13)
# Java VM: OpenJDK 64-Bit Server VM (25.181-b13 mixed mode linux-amd64 compressed oops)
# Failed to write core dump. Core dumps have been disabled. To enable core dumping, try "ulimit -c unlimited" before starting Java again
#

---------------  T H R E A D  ---------------

Current thread (0x00007f691c07b000):  VMThread [stack: 0x00007f690b050000,0x00007f690b150000] [id=6769]

Stack: [0x00007f690b050000,0x00007f690b150000],  sp=0x00007f690b14e480,  free space=1017k
Native frames: (J=compiled Java code, j=interpreted, Vv=VM code, C=native code)
V  [libjvm.so+0xaaea62]
V  [libjvm.so+0x4d9897]
V  [libjvm.so+0x8e9c60]
V  [libjvm.so+0x8e41be]
V  [libjvm.so+0x964a16]
V  [libjvm.so+0x965d88]
V  [libjvm.so+0x962386]
V  [libjvm.so+0x96271c]
V  [libjvm.so+0x910f58]
V  [libjvm.so+0xab0722]
V  [libjvm.so+0xab52e6]
V  [libjvm.so+0xab3585]
V  [libjvm.so+0xab3efd]
V  [libjvm.so+0xab42d7]
V  [libjvm.so+0x8e70b2]

VM_Operation (0x00007f6925f07920): ParallelGCFailedAllocation, mode: safepoint, requested by thread 0x00007f691c00d800


---------------  P R O C E S S  ---------------

Java Threads: ( => current thread )
  0x00007f691c0c3000 JavaThread "Service Thread" daemon [_thread_blocked, id=6776, stack(0x00007f690a66a000,0x00007f690a76b000)]
  0x00007f691c0c0000 JavaThread "C1 CompilerThread2" daemon [_thread_blocked, id=6775, stack(0x00007f690a76c000,0x00007f690a86c000)]
  0x00007f691c0be000 JavaThread "C2 CompilerThread1" daemon [_thread_blocked, id=6774, stack(0x00007f690a86d000,0x00007f690a96d000)]
  0x00007f691c0bb000 JavaThread "C2 CompilerThread0" daemon [_thread_blocked, id=6773, stack(0x00007f690a96e000,0x00007f690aa6e000)]
  0x00007f691c0b9800 JavaThread "Signal Dispatcher" daemon [_thread_blocked, id=6772, stack(0x00007f690aa6e000,0x00007f690ab6f000)]
  0x00007f691c087000 JavaThread "Finalizer" daemon [_thread_blocked, id=6771, stack(0x00007f690ae4d000,0x00007f690af4e000)]
  0x00007f691c084800 JavaThread "Reference Handler" daemon [_thread_blocked, id=6770, stack(0x00007f690af4e000,0x00007f690b04f000)]
  0x00007f691c00d800 JavaThread "main" [_thread_blocked, id=6764, stack(0x00007f6925e0a000,0x00007f6925f0a000)]

Other Threads:
=>0x00007f691c07b000 VMThread [stack: 0x00007f690b050000,0x00007f690b150000] [id=6769]
  0x00007f691c0c5800 WatcherThread [stack: 0x00007f690a56a000,0x00007f690a66a000] [id=6777]

VM state:at safepoint (normal execution)

VM Mutex/Monitor currently owned by a thread:  ([mutex/lock_event])
[0x00007f691c009c70] Threads_lock - owner thread: 0x00007f691c07b000
[0x00007f691c00a170] Heap_lock - owner thread: 0x00007f691c00d800

Heap:
 PSYoungGen      total 70144K, used 7136K [0x00000000eb900000, 0x00000000f0500000, 0x0000000100000000)
  eden space 62976K, 0% used [0x00000000eb900000,0x00000000eb900000,0x00000000ef680000)
  from space 7168K, 99% used [0x00000000ef680000,0x00000000efd781c8,0x00000000efd80000)
  to   space 6656K, 0% used [0x00000000efd80000,0x00000000efd80000,0x00000000f0400000)
 ParOldGen       total 42496K, used 13963K [0x00000000c2a00000, 0x00000000c5380000, 0x00000000eb900000)
  object space 42496K, 32% used [0x00000000c2a00000,0x00000000c37a2ef0,0x00000000c5380000)
 Metaspace       used 14354K, capacity 14542K, committed 14720K, reserved 1062912K
  class space    used 1790K, capacity 1893K, committed 1920K, reserved 1048576K

Card table byte_map: [0x00007f69221c0000,0x00007f69223ac000] byte_map_base: 0x00007f6921bab000

Marking Bits: (ParMarkBitMap*) 0x00007f69250a41c0
 Begin Bits: [0x00007f690b150000, 0x00007f690c0a8000)
 End Bits:   [0x00007f690c0a8000, 0x00007f690d000000)

Polling page: 0x00007f6925f25000

CodeCache: size=245760Kb used=5578Kb max_used=5590Kb free=240181Kb
 bounds [0x00007f690d000000, 0x00007f690d580000, 0x00007f691c000000]
 total_blobs=1719 nmethods=1373 adapters=260
 compilation: enabled

Compilation events (10 events):
Event: 11.141 Thread 0x00007f691c0c0000 nmethod 1377 0x00007f690d570490 code [0x00007f690d570660, 0x00007f690d570b98]
Event: 11.146 Thread 0x00007f691c0bb000 nmethod 1339% 0x00007f690d5760d0 code [0x00007f690d5763c0, 0x00007f690d576be0]
Event: 11.146 Thread 0x00007f691c0bb000 1375   !   4       com.sun.org.apache.xerces.internal.impl.XMLDocumentFragmentScannerImpl$FragmentContentDriver::next (2346 bytes)
Event: 11.148 Thread 0x00007f691c0be000 nmethod 1372 0x00007f690d579810 code [0x00007f690d5799a0, 0x00007f690d57a428]
Event: 11.148 Thread 0x00007f691c0be000 1378       4       org.apache.jena.rdfxml.xmlinput.states.WantLiteralValueOrDescription::characters (77 bytes)
Event: 11.148 Thread 0x00007f691c0be000 nmethod 1378 0x00007f690d528290 code [0x00007f690d5283e0, 0x00007f690d528488]
Event: 11.148 Thread 0x00007f691c0be000 1376       4       org.apache.jena.rdfxml.xmlinput.states.WantLiteralValueOrDescription::endElement (75 bytes)
Event: 11.157 Thread 0x00007f691c0be000 nmethod 1376 0x00007f690d57aad0 code [0x00007f690d57acc0, 0x00007f690d57b698]
Event: 11.157 Thread 0x00007f691c0be000 1379       4       com.sun.org.apache.xerces.internal.util.XMLStringBuffer::append (110 bytes)
Event: 11.160 Thread 0x00007f691c0be000 nmethod 1379 0x00007f690d541450 code [0x00007f690d5415a0, 0x00007f690d541878]

GC Heap History (10 events):
Event: 4.570 GC heap after
Heap after GC invocations=2 (full 0):
 PSYoungGen      total 18432K, used 2538K [0x00000000eb900000, 0x00000000edd00000, 0x0000000100000000)
  eden space 15872K, 0% used [0x00000000eb900000,0x00000000eb900000,0x00000000ec880000)
  from space 2560K, 99% used [0x00000000ecb00000,0x00000000ecd7abc8,0x00000000ecd80000)
  to   space 2560K, 0% used [0x00000000ec880000,0x00000000ec880000,0x00000000ecb00000)
 ParOldGen       total 42496K, used 2538K [0x00000000c2a00000, 0x00000000c5380000, 0x00000000eb900000)
  object space 42496K, 5% used [0x00000000c2a00000,0x00000000c2c7a900,0x00000000c5380000)
 Metaspace       used 11575K, capacity 11826K, committed 12032K, reserved 1060864K
  class space    used 1432K, capacity 1521K, committed 1536K, reserved 1048576K
}
Event: 5.465 GC heap before
{Heap before GC invocations=3 (full 0):
 PSYoungGen      total 18432K, used 18410K [0x00000000eb900000, 0x00000000edd00000, 0x0000000100000000)
  eden space 15872K, 100% used [0x00000000eb900000,0x00000000ec880000,0x00000000ec880000)
  from space 2560K, 99% used [0x00000000ecb00000,0x00000000ecd7abc8,0x00000000ecd80000)
  to   space 2560K, 0% used [0x00000000ec880000,0x00000000ec880000,0x00000000ecb00000)
 ParOldGen       total 42496K, used 2538K [0x00000000c2a00000, 0x00000000c5380000, 0x00000000eb900000)
  object space 42496K, 5% used [0x00000000c2a00000,0x00000000c2c7a900,0x00000000c5380000)
 Metaspace       used 14032K, capacity 14222K, committed 14464K, reserved 1062912K
  class space    used 1786K, capacity 1893K, committed 1920K, reserved 1048576K
Event: 5.474 GC heap after
Heap after GC invocations=3 (full 0):
 PSYoungGen      total 18432K, used 2554K [0x00000000eb900000, 0x00000000edd00000, 0x0000000100000000)
  eden space 15872K, 0% used [0x00000000eb900000,0x00000000eb900000,0x00000000ec880000)
  from space 2560K, 99% used [0x00000000ec880000,0x00000000ecafebd8,0x00000000ecb00000)
  to   space 2560K, 0% used [0x00000000eda80000,0x00000000eda80000,0x00000000edd00000)
 ParOldGen       total 42496K, used 4931K [0x00000000c2a00000, 0x00000000c5380000, 0x00000000eb900000)
  object space 42496K, 11% used [0x00000000c2a00000,0x00000000c2ed0e20,0x00000000c5380000)
 Metaspace       used 14032K, capacity 14222K, committed 14464K, reserved 1062912K
  class space    used 1786K, capacity 1893K, committed 1920K, reserved 1048576K
}
Event: 5.835 GC heap before
{Heap before GC invocations=4 (full 0):
 PSYoungGen      total 18432K, used 18426K [0x00000000eb900000, 0x00000000edd00000, 0x0000000100000000)
  eden space 15872K, 100% used [0x00000000eb900000,0x00000000ec880000,0x00000000ec880000)
  from space 2560K, 99% used [0x00000000ec880000,0x00000000ecafebd8,0x00000000ecb00000)
  to   space 2560K, 0% used [0x00000000eda80000,0x00000000eda80000,0x00000000edd00000)
 ParOldGen       total 42496K, used 4931K [0x00000000c2a00000, 0x00000000c5380000, 0x00000000eb900000)
  object space 42496K, 11% used [0x00000000c2a00000,0x00000000c2ed0e20,0x00000000c5380000)
 Metaspace       used 14318K, capacity 14542K, committed 14720K, reserved 1062912K
  class space    used 1789K, capacity 1893K, committed 1920K, reserved 1048576K
Event: 5.911 GC heap after
Heap after GC invocations=4 (full 0):
 PSYoungGen      total 34304K, used 2554K [0x00000000eb900000, 0x00000000edd00000, 0x0000000100000000)
  eden space 31744K, 0% used [0x00000000eb900000,0x00000000eb900000,0x00000000ed800000)
  from space 2560K, 99% used [0x00000000eda80000,0x00000000edcfebc8,0x00000000edd00000)
  to   space 2560K, 0% used [0x00000000ed800000,0x00000000ed800000,0x00000000eda80000)
 ParOldGen       total 42496K, used 6124K [0x00000000c2a00000, 0x00000000c5380000, 0x00000000eb900000)
  object space 42496K, 14% used [0x00000000c2a00000,0x00000000c2ffb048,0x00000000c5380000)
 Metaspace       used 14318K, capacity 14542K, committed 14720K, reserved 1062912K
  class space    used 1789K, capacity 1893K, committed 1920K, reserved 1048576K
}
Event: 6.427 GC heap before
{Heap before GC invocations=5 (full 0):
 PSYoungGen      total 34304K, used 34298K [0x00000000eb900000, 0x00000000edd00000, 0x0000000100000000)
  eden space 31744K, 100% used [0x00000000eb900000,0x00000000ed800000,0x00000000ed800000)
  from space 2560K, 99% used [0x00000000eda80000,0x00000000edcfebc8,0x00000000edd00000)
  to   space 2560K, 0% used [0x00000000ed800000,0x00000000ed800000,0x00000000eda80000)
 ParOldGen       total 42496K, used 6124K [0x00000000c2a00000, 0x00000000c5380000, 0x00000000eb900000)
  object space 42496K, 14% used [0x00000000c2a00000,0x00000000c2ffb048,0x00000000c5380000)
 Metaspace       used 14346K, capacity 14542K, committed 14720K, reserved 1062912K
  class space    used 1789K, capacity 1893K, committed 1920K, reserved 1048576K
Event: 10.196 GC heap after
Heap after GC invocations=5 (full 0):
 PSYoungGen      total 34304K, used 2558K [0x00000000eb900000, 0x00000000f0400000, 0x0000000100000000)
  eden space 31744K, 0% used [0x00000000eb900000,0x00000000eb900000,0x00000000ed800000)
  from space 2560K, 99% used [0x00000000ed800000,0x00000000eda7f940,0x00000000eda80000)
  to   space 6656K, 0% used [0x00000000efd80000,0x00000000efd80000,0x00000000f0400000)
 ParOldGen       total 42496K, used 9183K [0x00000000c2a00000, 0x00000000c5380000, 0x00000000eb900000)
  object space 42496K, 21% used [0x00000000c2a00000,0x00000000c32f7db0,0x00000000c5380000)
 Metaspace       used 14346K, capacity 14542K, committed 14720K, reserved 1062912K
  class space    used 1789K, capacity 1893K, committed 1920K, reserved 1048576K
}
Event: 10.639 GC heap before
{Heap before GC invocations=6 (full 0):
 PSYoungGen      total 34304K, used 34302K [0x00000000eb900000, 0x00000000f0400000, 0x0000000100000000)
  eden space 31744K, 100% used [0x00000000eb900000,0x00000000ed800000,0x00000000ed800000)
  from space 2560K, 99% used [0x00000000ed800000,0x00000000eda7f940,0x00000000eda80000)
  to   space 6656K, 0% used [0x00000000efd80000,0x00000000efd80000,0x00000000f0400000)
 ParOldGen       total 42496K, used 9183K [0x00000000c2a00000, 0x00000000c5380000, 0x00000000eb900000)
  object space 42496K, 21% used [0x00000000c2a00000,0x00000000c32f7db0,0x00000000c5380000)
 Metaspace       used 14351K, capacity 14542K, committed 14720K, reserved 1062912K
  class space    used 1790K, capacity 1893K, committed 1920K, reserved 1048576K
Event: 10.646 GC heap after
Heap after GC invocations=6 (full 0):
 PSYoungGen      total 69632K, used 5588K [0x00000000eb900000, 0x00000000f0500000, 0x0000000100000000)
  eden space 62976K, 0% used [0x00000000eb900000,0x00000000eb900000,0x00000000ef680000)
  from space 6656K, 83% used [0x00000000efd80000,0x00000000f02f5238,0x00000000f0400000)
  to   space 7168K, 0% used [0x00000000ef680000,0x00000000ef680000,0x00000000efd80000)
 ParOldGen       total 42496K, used 9183K [0x00000000c2a00000, 0x00000000c5380000, 0x00000000eb900000)
  object space 42496K, 21% used [0x00000000c2a00000,0x00000000c32f7db0,0x00000000c5380000)
 Metaspace       used 14351K, capacity 14542K, committed 14720K, reserved 1062912K
  class space    used 1790K, capacity 1893K, committed 1920K, reserved 1048576K
}
Event: 11.163 GC heap before
{Heap before GC invocations=7 (full 0):
 PSYoungGen      total 69632K, used 68564K [0x00000000eb900000, 0x00000000f0500000, 0x0000000100000000)
  eden space 62976K, 100% used [0x00000000eb900000,0x00000000ef680000,0x00000000ef680000)
  from space 6656K, 83% used [0x00000000efd80000,0x00000000f02f5238,0x00000000f0400000)
  to   space 7168K, 0% used [0x00000000ef680000,0x00000000ef680000,0x00000000efd80000)
 ParOldGen       total 42496K, used 9183K [0x00000000c2a00000, 0x00000000c5380000, 0x00000000eb900000)
  object space 42496K, 21% used [0x00000000c2a00000,0x00000000c32f7db0,0x00000000c5380000)
 Metaspace       used 14354K, capacity 14542K, committed 14720K, reserved 1062912K
  class space    used 1790K, capacity 1893K, committed 1920K, reserved 1048576K

Deoptimization events (10 events):
Event: 5.255 Thread 0x00007f691c00d800 Uncommon trap: reason=class_check action=maybe_recompile pc=0x00007f690d2e5878 method=java.io.DataInputStream.readChar()C @ 4
Event: 5.270 Thread 0x00007f691c00d800 Uncommon trap: reason=class_check action=maybe_recompile pc=0x00007f690d1a5fe8 method=java.lang.String.equals(Ljava/lang/Object;)Z @ 8
Event: 5.270 Thread 0x00007f691c00d800 Uncommon trap: reason=class_check action=maybe_recompile pc=0x00007f690d1a5fe8 method=java.lang.String.equals(Ljava/lang/Object;)Z @ 8
Event: 5.270 Thread 0x00007f691c00d800 Uncommon trap: reason=class_check action=maybe_recompile pc=0x00007f690d1a5fe8 method=java.lang.String.equals(Ljava/lang/Object;)Z @ 8
Event: 5.270 Thread 0x00007f691c00d800 Uncommon trap: reason=class_check action=maybe_recompile pc=0x00007f690d1a5fe8 method=java.lang.String.equals(Ljava/lang/Object;)Z @ 8
Event: 5.744 Thread 0x00007f691c00d800 Uncommon trap: reason=unstable_if action=reinterpret pc=0x00007f690d42b7d4 method=com.sun.org.apache.xerces.internal.impl.XMLEntityScanner.scanContent(Lcom/sun/org/apache/xerces/internal/xni/XMLString;)I @ 526
Event: 6.079 Thread 0x00007f691c00d800 Uncommon trap: reason=unstable_if action=reinterpret pc=0x00007f690d480cac method=com.sun.org.apache.xerces.internal.impl.XMLEntityScanner.peekChar()I @ 14
Event: 6.324 Thread 0x00007f691c00d800 Uncommon trap: reason=unstable_if action=reinterpret pc=0x00007f690d41e614 method=com.sun.org.apache.xerces.internal.impl.XMLEntityScanner.scanLiteral(ILcom/sun/org/apache/xerces/internal/xni/XMLString;Z)I @ 44
Event: 10.584 Thread 0x00007f691c00d800 Uncommon trap: reason=unstable_if action=reinterpret pc=0x00007f690d466480 method=com.sun.org.apache.xerces.internal.impl.XMLEntityScanner.scanQName(Lcom/sun/org/apache/xerces/internal/xni/QName;Lcom/sun/org/apache/xerces/internal/impl/XMLScanner$NameType
Event: 10.721 Thread 0x00007f691c00d800 Uncommon trap: reason=unstable_if action=reinterpret pc=0x00007f690d4f1890 method=com.sun.org.apache.xerces.internal.impl.XMLDocumentFragmentScannerImpl$FragmentContentDriver.next()I @ 714

Classes redefined (0 events):
No events

Internal exceptions (10 events):
Event: 2.175 Thread 0x00007f691c00d800 Exception <a 'java/security/PrivilegedActionException'> (0x00000000ebaebd40) thrown at [/build/openjdk-8-Hh0vdF/openjdk-8-8u181-b13/src/hotspot/src/share/vm/prims/jvm.cpp, line 1435]
Event: 2.175 Thread 0x00007f691c00d800 Exception <a 'java/security/PrivilegedActionException'> (0x00000000ebaebf50) thrown at [/build/openjdk-8-Hh0vdF/openjdk-8-8u181-b13/src/hotspot/src/share/vm/prims/jvm.cpp, line 1435]
Event: 2.175 Thread 0x00007f691c00d800 Exception <a 'java/security/PrivilegedActionException'> (0x00000000ebaedfd8) thrown at [/build/openjdk-8-Hh0vdF/openjdk-8-8u181-b13/src/hotspot/src/share/vm/prims/jvm.cpp, line 1435]
Event: 2.175 Thread 0x00007f691c00d800 Exception <a 'java/security/PrivilegedActionException'> (0x00000000ebaee1e8) thrown at [/build/openjdk-8-Hh0vdF/openjdk-8-8u181-b13/src/hotspot/src/share/vm/prims/jvm.cpp, line 1435]
Event: 2.175 Thread 0x00007f691c00d800 Exception <a 'java/security/PrivilegedActionException'> (0x00000000ebaeecc0) thrown at [/build/openjdk-8-Hh0vdF/openjdk-8-8u181-b13/src/hotspot/src/share/vm/prims/jvm.cpp, line 1435]
Event: 2.175 Thread 0x00007f691c00d800 Exception <a 'java/security/PrivilegedActionException'> (0x00000000ebaeeed0) thrown at [/build/openjdk-8-Hh0vdF/openjdk-8-8u181-b13/src/hotspot/src/share/vm/prims/jvm.cpp, line 1435]
Event: 2.176 Thread 0x00007f691c00d800 Exception <a 'java/lang/NoClassDefFoundError': org/slf4j/impl/StaticLoggerBinder> (0x00000000ebaf97c0) thrown at [/build/openjdk-8-Hh0vdF/openjdk-8-8u181-b13/src/hotspot/src/share/vm/classfile/systemDictionary.cpp, line 199]
Event: 2.355 Thread 0x00007f691c00d800 Exception <a 'java/lang/NoSuchFieldError': method resolution failed> (0x00000000ebd1dfb8) thrown at [/build/openjdk-8-Hh0vdF/openjdk-8-8u181-b13/src/hotspot/src/share/vm/prims/methodHandles.cpp, line 1167]
Event: 2.356 Thread 0x00007f691c00d800 Exception <a 'java/lang/NoSuchFieldError': method resolution failed> (0x00000000ebd2b5f0) thrown at [/build/openjdk-8-Hh0vdF/openjdk-8-8u181-b13/src/hotspot/src/share/vm/prims/methodHandles.cpp, line 1167]
Event: 5.289 Thread 0x00007f691c00d800 Exception <a 'java/lang/NoSuchMethodError': java.lang.Object.lambda$and$0(Ljava/util/function/Predicate;Ljava/lang/Object;)Z> (0x00000000ec6c99f0) thrown at [/build/openjdk-8-Hh0vdF/openjdk-8-8u181-b13/src/hotspot/src/share/vm/interpreter/linkResolver.cpp

Events (10 events):
Event: 10.655 Thread 0x00007f691c00d800 DEOPT PACKING pc=0x00007f690d3d6cbb sp=0x00007f6925f07c30
Event: 10.655 Thread 0x00007f691c00d800 DEOPT UNPACKING pc=0x00007f690d0474c4 sp=0x00007f6925f079b8 mode 0
Event: 10.689 Thread 0x00007f691c00d800 DEOPT PACKING pc=0x00007f690d3d6cbb sp=0x00007f6925f07c30
Event: 10.689 Thread 0x00007f691c00d800 DEOPT UNPACKING pc=0x00007f690d0474c4 sp=0x00007f6925f079b8 mode 0
Event: 10.696 Thread 0x00007f691c00d800 DEOPT PACKING pc=0x00007f690d3d6cbb sp=0x00007f6925f07c30
Event: 10.696 Thread 0x00007f691c00d800 DEOPT UNPACKING pc=0x00007f690d0474c4 sp=0x00007f6925f079b8 mode 0
Event: 10.721 Thread 0x00007f691c00d800 Uncommon trap: trap_request=0xffffff65 fr.pc=0x00007f690d4f1890
Event: 10.721 Thread 0x00007f691c00d800 DEOPT PACKING pc=0x00007f690d4f1890 sp=0x00007f6925f07d10
Event: 10.721 Thread 0x00007f691c00d800 DEOPT UNPACKING pc=0x00007f690d04547a sp=0x00007f6925f07d08 mode 2
Event: 11.163 Executing VM operation: ParallelGCFailedAllocation


Dynamic libraries:
c2a00000-c5380000 rw-p 00000000 00:00 0 
c5380000-eb900000 ---p 00000000 00:00 0 
eb900000-f0500000 rw-p 00000000 00:00 0 
f4800000-100000000 ---p 00000000 00:00 0 
100000000-1001e0000 rw-p 00000000 00:00 0 
1001e0000-140000000 ---p 00000000 00:00 0 
5610a114e000-5610a114f000 r-xp 00000000 08:01 1065533                    /usr/lib/jvm/java-8-openjdk-amd64/jre/bin/java
5610a134e000-5610a134f000 r--p 00000000 08:01 1065533                    /usr/lib/jvm/java-8-openjdk-amd64/jre/bin/java
5610a134f000-5610a1350000 rw-p 00001000 08:01 1065533                    /usr/lib/jvm/java-8-openjdk-amd64/jre/bin/java
5610a1c5c000-5610a1c7d000 rw-p 00000000 00:00 0                          [heap]
7f68cc000000-7f68cc021000 rw-p 00000000 00:00 0 
7f68cc021000-7f68d0000000 ---p 00000000 00:00 0 
7f68d0000000-7f68d0021000 rw-p 00000000 00:00 0 
7f68d0021000-7f68d4000000 ---p 00000000 00:00 0 
7f68d4000000-7f68d49b3000 rw-p 00000000 00:00 0 
7f68d49b3000-7f68d8000000 ---p 00000000 00:00 0 
7f68d8000000-7f68d85c7000 rw-p 00000000 00:00 0 
7f68d85c7000-7f68dc000000 ---p 00000000 00:00 0 
7f68dc000000-7f68dc021000 rw-p 00000000 00:00 0 
7f68dc021000-7f68e0000000 ---p 00000000 00:00 0 
7f68e0000000-7f68e107c000 rw-p 00000000 00:00 0 
7f68e107c000-7f68e4000000 ---p 00000000 00:00 0 
7f68e4000000-7f68e4021000 rw-p 00000000 00:00 0 
7f68e4021000-7f68e8000000 ---p 00000000 00:00 0 
7f68e8000000-7f68e8021000 rw-p 00000000 00:00 0 
7f68e8021000-7f68ec000000 ---p 00000000 00:00 0 
7f68ec000000-7f68ec021000 rw-p 00000000 00:00 0 
7f68ec021000-7f68f0000000 ---p 00000000 00:00 0 
7f68f0000000-7f68f0021000 rw-p 00000000 00:00 0 
7f68f0021000-7f68f4000000 ---p 00000000 00:00 0 
7f68f4000000-7f68f4021000 rw-p 00000000 00:00 0 
7f68f4021000-7f68f8000000 ---p 00000000 00:00 0 
7f68fc000000-7f68fc021000 rw-p 00000000 00:00 0 
7f68fc021000-7f6900000000 ---p 00000000 00:00 0 
7f6904000000-7f6904021000 rw-p 00000000 00:00 0 
7f6904021000-7f6908000000 ---p 00000000 00:00 0 
7f6909a19000-7f6909a99000 rw-p 00000000 00:00 0 
7f6909a99000-7f6909c19000 ---p 00000000 00:00 0 
7f6909c19000-7f6909c1e000 r--s 002f9000 08:01 1065595                    /usr/lib/jvm/java-8-openjdk-amd64/jre/lib/charsets.jar
7f6909c1e000-7f6909c23000 r--s 0009d000 08:01 1065624                    /usr/lib/jvm/java-8-openjdk-amd64/jre/lib/jsse.jar
7f6909c23000-7f6909e23000 rw-p 00000000 00:00 0 
7f6909e23000-7f6909e3a000 r-xp 00000000 08:01 1065584                    /usr/lib/jvm/java-8-openjdk-amd64/jre/lib/amd64/libnet.so
7f6909e3a000-7f690a039000 ---p 00017000 08:01 1065584                    /usr/lib/jvm/java-8-openjdk-amd64/jre/lib/amd64/libnet.so
7f690a039000-7f690a03a000 r--p 00016000 08:01 1065584                    /usr/lib/jvm/java-8-openjdk-amd64/jre/lib/amd64/libnet.so
7f690a03a000-7f690a03b000 rw-p 00017000 08:01 1065584                    /usr/lib/jvm/java-8-openjdk-amd64/jre/lib/amd64/libnet.so
7f690a03b000-7f690a04c000 r-xp 00000000 08:01 1065585                    /usr/lib/jvm/java-8-openjdk-amd64/jre/lib/amd64/libnio.so
7f690a04c000-7f690a24c000 ---p 00011000 08:01 1065585                    /usr/lib/jvm/java-8-openjdk-amd64/jre/lib/amd64/libnio.so
7f690a24c000-7f690a24d000 r--p 00011000 08:01 1065585                    /usr/lib/jvm/java-8-openjdk-amd64/jre/lib/amd64/libnio.so
7f690a24d000-7f690a24e000 rw-p 00012000 08:01 1065585                    /usr/lib/jvm/java-8-openjdk-amd64/jre/lib/amd64/libnio.so
7f690a24e000-7f690a44e000 rw-p 00000000 00:00 0 
7f690a44e000-7f690a450000 r--s 00009000 08:01 143957                     /home/blackstorm/.m2/repository/commons-cli/commons-cli/1.2/commons-cli-1.2.jar
7f690a450000-7f690a452000 r--s 00011000 08:01 1070851                    /home/blackstorm/.m2/repository/org/hamcrest/hamcrest-core/1.1/hamcrest-core-1.1.jar
7f690a452000-7f690a459000 r--s 00037000 08:01 1070849                    /home/blackstorm/.m2/repository/junit/junit/4.10/junit-4.10.jar
7f690a459000-7f690a45b000 r--s 00009000 08:01 1067210                    /home/blackstorm/.m2/repository/org/slf4j/slf4j-api/1.7.25/slf4j-api-1.7.25.jar
7f690a45b000-7f690a45d000 r--s 0000b000 08:01 310379                     /home/blackstorm/.m2/repository/org/apache/jena/jena-rdfconnection/3.10.0-SNAPSHOT/jena-rdfconnection-3.10.0-SNAPSHOT.jar
7f690a45d000-7f690a45f000 r--s 00004000 08:01 20535                      /home/blackstorm/.m2/repository/org/apache/jena/jena-dboe-index/3.10.0-SNAPSHOT/jena-dboe-index-3.10.0-SNAPSHOT.jar
7f690a45f000-7f690a462000 r--s 0001f000 08:01 940982                     /home/blackstorm/.m2/repository/org/apache/jena/jena-dboe-base/3.10.0-SNAPSHOT/jena-dboe-base-3.10.0-SNAPSHOT.jar
7f690a462000-7f690a465000 r--s 00010000 08:01 310758                     /home/blackstorm/.m2/repository/org/apache/jena/jena-dboe-transaction/3.10.0-SNAPSHOT/jena-dboe-transaction-3.10.0-SNAPSHOT.jar
7f690a465000-7f690a467000 r--s 00016000 08:01 310774                     /home/blackstorm/.m2/repository/org/apache/jena/jena-dboe-trans-data/3.10.0-SNAPSHOT/jena-dboe-trans-data-3.10.0-SNAPSHOT.jar
7f690a467000-7f690a46c000 r--s 0003d000 08:01 310782                     /home/blackstorm/.m2/repository/org/apache/jena/jena-tdb2/3.10.0-SNAPSHOT/jena-tdb2-3.10.0-SNAPSHOT.jar
7f690a46c000-7f690a473000 r--s 00064000 08:01 306815                     /home/blackstorm/.m2/repository/org/apache/commons/commons-lang3/3.4/commons-lang3-3.4.jar
7f690a473000-7f690a478000 r--s 00035000 08:01 938092                     /home/blackstorm/.m2/repository/org/apache/thrift/libthrift/0.10.0/libthrift-0.10.0.jar
7f690a478000-7f690a47c000 r--s 00024000 08:01 1069729                    /home/blackstorm/.m2/repository/org/apache/httpcomponents/httpclient-cache/4.5.5/httpclient-cache-4.5.5.jar
7f690a47c000-7f690a480000 r--s 00031000 08:01 1069688                    /home/blackstorm/.m2/repository/commons-io/commons-io/2.6/commons-io-2.6.jar
7f690a480000-7f690a483000 r--s 0000e000 08:01 296876                     /home/blackstorm/.m2/repository/com/fasterxml/jackson/core/jackson-annotations/2.9.0/jackson-annotations-2.9.0.jar
7f690a483000-7f690a496000 r--s 00137000 08:01 938088                     /home/blackstorm/.m2/repository/com/fasterxml/jackson/core/jackson-databind/2.9.6/jackson-databind-2.9.6.jar
7f690a496000-7f690a49b000 r--s 0004b000 08:01 938086                     /home/blackstorm/.m2/repository/com/fasterxml/jackson/core/jackson-core/2.9.6/jackson-core-2.9.6.jar
7f690a49b000-7f690a4bf000 r--s 0016f000 08:01 938090                     /home/blackstorm/.m2/repository/com/github/jsonld-java/jsonld-java/0.12.1/jsonld-java-0.12.1.jar
7f690a4bf000-7f690a4c6000 r--s 00049000 08:01 296879                     /home/blackstorm/.m2/repository/org/apache/httpcomponents/httpcore/4.4.9/httpcore-4.4.9.jar
7f690a4c6000-7f690a4d4000 r--s 000ae000 08:01 1067212                    /home/blackstorm/.m2/repository/org/apache/httpcomponents/httpclient/4.5.5/httpclient-4.5.5.jar
7f690a4d4000-7f690a50f000 r--s 00281000 08:01 307043                     /home/blackstorm/.m2/repository/org/apache/jena/jena-shaded-guava/3.10.0-SNAPSHOT/jena-shaded-guava-3.10.0-SNAPSHOT.jar
7f690a50f000-7f690a514000 r--s 00024000 08:01 307255                     /home/blackstorm/.m2/repository/com/github/andrewoma/dexx/collection/0.7/collection-0.7.jar
7f690a514000-7f690a533000 r--s 00197000 08:01 938031                     /home/blackstorm/.m2/repository/org/apache/jena/jena-core/3.10.0-SNAPSHOT/jena-core-3.10.0-SNAPSHOT.jar
7f690a533000-7f690a569000 r--s 002b4000 08:01 280101                     /home/blackstorm/.m2/repository/org/apache/jena/jena-arq/3.10.0-SNAPSHOT/jena-arq-3.10.0-SNAPSHOT.jar
7f690a569000-7f690a56a000 ---p 00000000 00:00 0 
7f690a56a000-7f690a66a000 rw-p 00000000 00:00 0 
7f690a66a000-7f690a66d000 ---p 00000000 00:00 0 
7f690a66d000-7f690a76b000 rw-p 00000000 00:00 0 
7f690a76b000-7f690a76c000 ---p 00000000 00:00 0 
7f690a76c000-7f690a76f000 ---p 00000000 00:00 0 
7f690a76f000-7f690a86c000 rw-p 00000000 00:00 0 
7f690a86c000-7f690a86d000 ---p 00000000 00:00 0 
7f690a86d000-7f690a870000 ---p 00000000 00:00 0 
7f690a870000-7f690a96d000 rw-p 00000000 00:00 0 
7f690a96d000-7f690a96e000 ---p 00000000 00:00 0 
7f690a96e000-7f690a971000 ---p 00000000 00:00 0 
7f690a971000-7f690aa6e000 rw-p 00000000 00:00 0 
7f690aa6e000-7f690aa71000 ---p 00000000 00:00 0 
7f690aa71000-7f690ab6f000 rw-p 00000000 00:00 0 
7f690ab6f000-7f690ae4d000 r--p 00000000 08:01 1234                       /usr/lib/locale/locale-archive
7f690ae4d000-7f690ae50000 ---p 00000000 00:00 0 
7f690ae50000-7f690af4e000 rw-p 00000000 00:00 0 
7f690af4e000-7f690af51000 ---p 00000000 00:00 0 
7f690af51000-7f690b04f000 rw-p 00000000 00:00 0 
7f690b04f000-7f690b050000 ---p 00000000 00:00 0 
7f690b050000-7f690d000000 rw-p 00000000 00:00 0 
7f690d000000-7f690d580000 rwxp 00000000 00:00 0 
7f690d580000-7f691c000000 ---p 00000000 00:00 0 
7f691c000000-7f691c6fd000 rw-p 00000000 00:00 0 
7f691c6fd000-7f6920000000 ---p 00000000 00:00 0 
7f6920000000-7f6920002000 r--s 00003000 08:01 938095                     /home/blackstorm/.m2/repository/org/slf4j/jcl-over-slf4j/1.7.25/jcl-over-slf4j-1.7.25.jar
7f6920002000-7f692000d000 r--s 00085000 08:01 307253                     /home/blackstorm/.m2/repository/org/apache/commons/commons-compress/1.17/commons-compress-1.17.jar
7f692000d000-7f692000f000 r--s 00009000 08:01 307251                     /home/blackstorm/.m2/repository/org/apache/commons/commons-csv/1.5/commons-csv-1.5.jar
7f692000f000-7f6920015000 r--s 00030000 08:01 307971                     /home/blackstorm/.m2/repository/org/apache/jena/jena-base/3.10.0-SNAPSHOT/jena-base-3.10.0-SNAPSHOT.jar
7f6920015000-7f692001c000 r--s 0004b000 08:01 19043                      /home/blackstorm/.m2/repository/commons-codec/commons-codec/1.11/commons-codec-1.11.jar
7f692001c000-7f692001e000 r--s 00020000 08:01 307211                     /home/blackstorm/.m2/repository/org/apache/jena/jena-iri/3.10.0-SNAPSHOT/jena-iri-3.10.0-SNAPSHOT.jar
7f692001e000-7f6920027000 r--s 00077000 08:01 310430                     /home/blackstorm/.m2/repository/org/apache/jena/jena-tdb/3.10.0-SNAPSHOT/jena-tdb-3.10.0-SNAPSHOT.jar
7f6920027000-7f692002c000 r--s 002f9000 08:01 1065595                    /usr/lib/jvm/java-8-openjdk-amd64/jre/lib/charsets.jar
7f692002c000-7f6920031000 r--s 0009d000 08:01 1065624                    /usr/lib/jvm/java-8-openjdk-amd64/jre/lib/jsse.jar
7f6920031000-7f6920044000 r--s 00346000 08:01 1065628                    /usr/lib/jvm/java-8-openjdk-amd64/jre/lib/resources.jar
7f6920044000-7f692005f000 r--s 00394000 08:01 1065603                    /usr/lib/jvm/java-8-openjdk-amd64/jre/lib/ext/cldrdata.jar
7f692005f000-7f6920069000 r--s 00116000 08:01 1065607                    /usr/lib/jvm/java-8-openjdk-amd64/jre/lib/ext/localedata.jar
7f6920069000-7f6920084000 r--s 001d6000 08:01 1065608                    /usr/lib/jvm/java-8-openjdk-amd64/jre/lib/ext/nashorn.jar
7f6920084000-7f6921044000 rw-p 00000000 00:00 0 
7f6921044000-7f6921213000 r--s 03c33000 08:01 1065629                    /usr/lib/jvm/java-8-openjdk-amd64/jre/lib/rt.jar
7f6921213000-7f6921c74000 rw-p 00000000 00:00 0 
7f6921c74000-7f6921c75000 ---p 00000000 00:00 0 
7f6921c75000-7f6921d75000 rw-p 00000000 00:00 0 
7f6921d75000-7f6921d76000 ---p 00000000 00:00 0 
7f6921d76000-7f6921e76000 rw-p 00000000 00:00 0 
7f6921e76000-7f6921e77000 ---p 00000000 00:00 0 
7f6921e77000-7f6921f77000 rw-p 00000000 00:00 0 
7f6921f77000-7f6921f78000 ---p 00000000 00:00 0 
7f6921f78000-7f692208d000 rw-p 00000000 00:00 0 
7f692208d000-7f69221c0000 ---p 00000000 00:00 0 
7f69221c0000-7f69221d5000 rw-p 00000000 00:00 0 
7f69221d5000-7f6922307000 ---p 00000000 00:00 0 
7f6922307000-7f692232e000 rw-p 00000000 00:00 0 
7f692232e000-7f69223ab000 ---p 00000000 00:00 0 
7f69223ab000-7f69223c2000 rw-p 00000000 00:00 0 
7f69223c2000-7f692276c000 ---p 00000000 00:00 0 
7f692276c000-7f6922774000 r-xp 00000000 08:01 1065592                    /usr/lib/jvm/java-8-openjdk-amd64/jre/lib/amd64/libzip.so
7f6922774000-7f6922973000 ---p 00008000 08:01 1065592                    /usr/lib/jvm/java-8-openjdk-amd64/jre/lib/amd64/libzip.so
7f6922973000-7f6922974000 r--p 00007000 08:01 1065592                    /usr/lib/jvm/java-8-openjdk-amd64/jre/lib/amd64/libzip.so
7f6922974000-7f6922975000 rw-p 00008000 08:01 1065592                    /usr/lib/jvm/java-8-openjdk-amd64/jre/lib/amd64/libzip.so
7f6922975000-7f6922980000 r-xp 00000000 08:01 414949                     /lib/x86_64-linux-gnu/libnss_files-2.27.so
7f6922980000-7f6922b7f000 ---p 0000b000 08:01 414949                     /lib/x86_64-linux-gnu/libnss_files-2.27.so
7f6922b7f000-7f6922b80000 r--p 0000a000 08:01 414949                     /lib/x86_64-linux-gnu/libnss_files-2.27.so
7f6922b80000-7f6922b81000 rw-p 0000b000 08:01 414949                     /lib/x86_64-linux-gnu/libnss_files-2.27.so
7f6922b81000-7f6922b87000 rw-p 00000000 00:00 0 
7f6922b87000-7f6922b9e000 r-xp 00000000 08:01 412336                     /lib/x86_64-linux-gnu/libnsl-2.27.so
7f6922b9e000-7f6922d9d000 ---p 00017000 08:01 412336                     /lib/x86_64-linux-gnu/libnsl-2.27.so
7f6922d9d000-7f6922d9e000 r--p 00016000 08:01 412336                     /lib/x86_64-linux-gnu/libnsl-2.27.so
7f6922d9e000-7f6922d9f000 rw-p 00017000 08:01 412336                     /lib/x86_64-linux-gnu/libnsl-2.27.so
7f6922d9f000-7f6922da1000 rw-p 00000000 00:00 0 
7f6922da1000-7f6922dac000 r-xp 00000000 08:01 414951                     /lib/x86_64-linux-gnu/libnss_nis-2.27.so
7f6922dac000-7f6922fab000 ---p 0000b000 08:01 414951                     /lib/x86_64-linux-gnu/libnss_nis-2.27.so
7f6922fab000-7f6922fac000 r--p 0000a000 08:01 414951                     /lib/x86_64-linux-gnu/libnss_nis-2.27.so
7f6922fac000-7f6922fad000 rw-p 0000b000 08:01 414951                     /lib/x86_64-linux-gnu/libnss_nis-2.27.so
7f6922fad000-7f6922fb5000 r-xp 00000000 08:01 414947                     /lib/x86_64-linux-gnu/libnss_compat-2.27.so
7f6922fb5000-7f69231b5000 ---p 00008000 08:01 414947                     /lib/x86_64-linux-gnu/libnss_compat-2.27.so
7f69231b5000-7f69231b6000 r--p 00008000 08:01 414947                     /lib/x86_64-linux-gnu/libnss_compat-2.27.so
7f69231b6000-7f69231b7000 rw-p 00009000 08:01 414947                     /lib/x86_64-linux-gnu/libnss_compat-2.27.so
7f69231b7000-7f69231e5000 r-xp 00000000 08:01 1065573                    /usr/lib/jvm/java-8-openjdk-amd64/jre/lib/amd64/libjava.so
7f69231e5000-7f69233e4000 ---p 0002e000 08:01 1065573                    /usr/lib/jvm/java-8-openjdk-amd64/jre/lib/amd64/libjava.so
7f69233e4000-7f69233e5000 r--p 0002d000 08:01 1065573                    /usr/lib/jvm/java-8-openjdk-amd64/jre/lib/amd64/libjava.so
7f69233e5000-7f69233e7000 rw-p 0002e000 08:01 1065573                    /usr/lib/jvm/java-8-openjdk-amd64/jre/lib/amd64/libjava.so
7f69233e7000-7f69233f7000 r-xp 00000000 08:01 1065591                    /usr/lib/jvm/java-8-openjdk-amd64/jre/lib/amd64/libverify.so
7f69233f7000-7f69235f6000 ---p 00010000 08:01 1065591                    /usr/lib/jvm/java-8-openjdk-amd64/jre/lib/amd64/libverify.so
7f69235f6000-7f69235f8000 r--p 0000f000 08:01 1065591                    /usr/lib/jvm/java-8-openjdk-amd64/jre/lib/amd64/libverify.so
7f69235f8000-7f69235f9000 rw-p 00011000 08:01 1065591                    /usr/lib/jvm/java-8-openjdk-amd64/jre/lib/amd64/libverify.so
7f69235f9000-7f6923600000 r-xp 00000000 08:01 414956                     /lib/x86_64-linux-gnu/librt-2.27.so
7f6923600000-7f69237ff000 ---p 00007000 08:01 414956                     /lib/x86_64-linux-gnu/librt-2.27.so
7f69237ff000-7f6923800000 r--p 00006000 08:01 414956                     /lib/x86_64-linux-gnu/librt-2.27.so
7f6923800000-7f6923801000 rw-p 00007000 08:01 414956                     /lib/x86_64-linux-gnu/librt-2.27.so
7f6923801000-7f6923818000 r-xp 00000000 08:01 400822                     /lib/x86_64-linux-gnu/libgcc_s.so.1
7f6923818000-7f6923a17000 ---p 00017000 08:01 400822                     /lib/x86_64-linux-gnu/libgcc_s.so.1
7f6923a17000-7f6923a18000 r--p 00016000 08:01 400822                     /lib/x86_64-linux-gnu/libgcc_s.so.1
7f6923a18000-7f6923a19000 rw-p 00017000 08:01 400822                     /lib/x86_64-linux-gnu/libgcc_s.so.1
7f6923a19000-7f6923bb6000 r-xp 00000000 08:01 412333                     /lib/x86_64-linux-gnu/libm-2.27.so
7f6923bb6000-7f6923db5000 ---p 0019d000 08:01 412333                     /lib/x86_64-linux-gnu/libm-2.27.so
7f6923db5000-7f6923db6000 r--p 0019c000 08:01 412333                     /lib/x86_64-linux-gnu/libm-2.27.so
7f6923db6000-7f6923db7000 rw-p 0019d000 08:01 412333                     /lib/x86_64-linux-gnu/libm-2.27.so
7f6923db7000-7f6923f30000 r-xp 00000000 08:01 2256                       /usr/lib/x86_64-linux-gnu/libstdc++.so.6.0.25
7f6923f30000-7f6924130000 ---p 00179000 08:01 2256                       /usr/lib/x86_64-linux-gnu/libstdc++.so.6.0.25
7f6924130000-7f692413a000 r--p 00179000 08:01 2256                       /usr/lib/x86_64-linux-gnu/libstdc++.so.6.0.25
7f692413a000-7f692413c000 rw-p 00183000 08:01 2256                       /usr/lib/x86_64-linux-gnu/libstdc++.so.6.0.25
7f692413c000-7f6924140000 rw-p 00000000 00:00 0 
7f6924140000-7f6924dd5000 r-xp 00000000 08:01 1065594                    /usr/lib/jvm/java-8-openjdk-amd64/jre/lib/amd64/server/libjvm.so
7f6924dd5000-7f6924fd4000 ---p 00c95000 08:01 1065594                    /usr/lib/jvm/java-8-openjdk-amd64/jre/lib/amd64/server/libjvm.so
7f6924fd4000-7f6925068000 r--p 00c94000 08:01 1065594                    /usr/lib/jvm/java-8-openjdk-amd64/jre/lib/amd64/server/libjvm.so
7f6925068000-7f6925090000 rw-p 00d28000 08:01 1065594                    /usr/lib/jvm/java-8-openjdk-amd64/jre/lib/amd64/server/libjvm.so
7f6925090000-7f69250c1000 rw-p 00000000 00:00 0 
7f69250c1000-7f69250db000 r-xp 00000000 08:01 414954                     /lib/x86_64-linux-gnu/libpthread-2.27.so
7f69250db000-7f69252da000 ---p 0001a000 08:01 414954                     /lib/x86_64-linux-gnu/libpthread-2.27.so
7f69252da000-7f69252db000 r--p 00019000 08:01 414954                     /lib/x86_64-linux-gnu/libpthread-2.27.so
7f69252db000-7f69252dc000 rw-p 0001a000 08:01 414954                     /lib/x86_64-linux-gnu/libpthread-2.27.so
7f69252dc000-7f69252e0000 rw-p 00000000 00:00 0 
7f69252e0000-7f69252e3000 r-xp 00000000 08:01 412332                     /lib/x86_64-linux-gnu/libdl-2.27.so
7f69252e3000-7f69254e2000 ---p 00003000 08:01 412332                     /lib/x86_64-linux-gnu/libdl-2.27.so
7f69254e2000-7f69254e3000 r--p 00002000 08:01 412332                     /lib/x86_64-linux-gnu/libdl-2.27.so
7f69254e3000-7f69254e4000 rw-p 00003000 08:01 412332                     /lib/x86_64-linux-gnu/libdl-2.27.so
7f69254e4000-7f6925500000 r-xp 00000000 08:01 398997                     /lib/x86_64-linux-gnu/libz.so.1.2.11
7f6925500000-7f69256ff000 ---p 0001c000 08:01 398997                     /lib/x86_64-linux-gnu/libz.so.1.2.11
7f69256ff000-7f6925700000 r--p 0001b000 08:01 398997                     /lib/x86_64-linux-gnu/libz.so.1.2.11
7f6925700000-7f6925701000 rw-p 0001c000 08:01 398997                     /lib/x86_64-linux-gnu/libz.so.1.2.11
7f6925701000-7f69258e8000 r-xp 00000000 08:01 412329                     /lib/x86_64-linux-gnu/libc-2.27.so
7f69258e8000-7f6925ae8000 ---p 001e7000 08:01 412329                     /lib/x86_64-linux-gnu/libc-2.27.so
7f6925ae8000-7f6925aec000 r--p 001e7000 08:01 412329                     /lib/x86_64-linux-gnu/libc-2.27.so
7f6925aec000-7f6925aee000 rw-p 001eb000 08:01 412329                     /lib/x86_64-linux-gnu/libc-2.27.so
7f6925aee000-7f6925af2000 rw-p 00000000 00:00 0 
7f6925af2000-7f6925b00000 r-xp 00000000 08:01 1065554                    /usr/lib/jvm/java-8-openjdk-amd64/jre/lib/amd64/jli/libjli.so
7f6925b00000-7f6925cff000 ---p 0000e000 08:01 1065554                    /usr/lib/jvm/java-8-openjdk-amd64/jre/lib/amd64/jli/libjli.so
7f6925cff000-7f6925d00000 r--p 0000d000 08:01 1065554                    /usr/lib/jvm/java-8-openjdk-amd64/jre/lib/amd64/jli/libjli.so
7f6925d00000-7f6925d01000 rw-p 0000e000 08:01 1065554                    /usr/lib/jvm/java-8-openjdk-amd64/jre/lib/amd64/jli/libjli.so
7f6925d01000-7f6925d28000 r-xp 00000000 08:01 400543                     /lib/x86_64-linux-gnu/ld-2.27.so
7f6925d29000-7f6925d2b000 r--s 00016000 08:01 1065622                    /usr/lib/jvm/java-8-openjdk-amd64/jre/lib/jce.jar
7f6925d2b000-7f6925d2d000 r--s 00007000 08:01 284279                     /usr/share/java/java-atk-wrapper.jar
7f6925d2d000-7f6925d30000 r--s 00038000 08:01 1065611                    /usr/lib/jvm/java-8-openjdk-amd64/jre/lib/ext/sunpkcs11.jar
7f6925d30000-7f6925e09000 rw-p 00000000 00:00 0 
7f6925e09000-7f6925e0a000 ---p 00000000 00:00 0 
7f6925e0a000-7f6925e0d000 ---p 00000000 00:00 0 
7f6925e0d000-7f6925f0c000 rw-p 00000000 00:00 0 
7f6925f0d000-7f6925f13000 r--s 0003b000 08:01 1065610                    /usr/lib/jvm/java-8-openjdk-amd64/jre/lib/ext/sunjce_provider.jar
7f6925f13000-7f6925f14000 r--s 0000a000 08:01 1065606                    /usr/lib/jvm/java-8-openjdk-amd64/jre/lib/ext/jaccess.jar
7f6925f14000-7f6925f16000 r--s 00001000 08:01 1065604                    /usr/lib/jvm/java-8-openjdk-amd64/jre/lib/ext/dnsns.jar
7f6925f16000-7f6925f19000 r--s 0000f000 08:01 1065605                    /usr/lib/jvm/java-8-openjdk-amd64/jre/lib/ext/icedtea-sound.jar
7f6925f19000-7f6925f1a000 r--s 00010000 08:01 1065612                    /usr/lib/jvm/java-8-openjdk-amd64/jre/lib/ext/zipfs.jar
7f6925f1a000-7f6925f1c000 r--s 00008000 08:01 1065609                    /usr/lib/jvm/java-8-openjdk-amd64/jre/lib/ext/sunec.jar
7f6925f1c000-7f6925f24000 rw-s 00000000 08:01 404244                     /tmp/hsperfdata_blackstorm/6757
7f6925f24000-7f6925f25000 rw-p 00000000 00:00 0 
7f6925f25000-7f6925f26000 ---p 00000000 00:00 0 
7f6925f26000-7f6925f28000 rw-p 00000000 00:00 0 
7f6925f28000-7f6925f29000 r--p 00027000 08:01 400543                     /lib/x86_64-linux-gnu/ld-2.27.so
7f6925f29000-7f6925f2a000 rw-p 00028000 08:01 400543                     /lib/x86_64-linux-gnu/ld-2.27.so
7f6925f2a000-7f6925f2b000 rw-p 00000000 00:00 0 
7ffc4f9cb000-7ffc4f9ed000 rw-p 00000000 00:00 0                          [stack]
7ffc4f9f7000-7ffc4f9fa000 r--p 00000000 00:00 0                          [vvar]
7ffc4f9fa000-7ffc4f9fc000 r-xp 00000000 00:00 0                          [vdso]
ffffffffff600000-ffffffffff601000 r-xp 00000000 00:00 0                  [vsyscall]

VM Arguments:
jvm_args: -Dfile.encoding=UTF-8 
java_command: org.apache.jena.sparql.QueryRelax
java_class_path (initial): /usr/lib/jvm/java-8-openjdk-amd64/jre/lib/resources.jar:/usr/lib/jvm/java-8-openjdk-amd64/jre/lib/rt.jar:/usr/lib/jvm/java-8-openjdk-amd64/jre/lib/jsse.jar:/usr/lib/jvm/java-8-openjdk-amd64/jre/lib/jce.jar:/usr/lib/jvm/java-8-openjdk-amd64/jre/lib/charsets.jar:/usr/lib/jvm/java-8-openjdk-amd64/jre/lib/ext/sunec.jar:/usr/lib/jvm/java-8-openjdk-amd64/jre/lib/ext/zipfs.jar:/usr/lib/jvm/java-8-openjdk-amd64/jre/lib/ext/icedtea-sound.jar:/usr/lib/jvm/java-8-openjdk-amd64/jre/lib/ext/dnsns.jar:/usr/lib/jvm/java-8-openjdk-amd64/jre/lib/ext/nashorn.jar:/usr/lib/jvm/java-8-openjdk-amd64/jre/lib/ext/jaccess.jar:/usr/lib/jvm/java-8-openjdk-amd64/jre/lib/ext/localedata.jar:/usr/lib/jvm/java-8-openjdk-amd64/jre/lib/ext/cldrdata.jar:/usr/lib/jvm/java-8-openjdk-amd64/jre/lib/ext/sunjce_provider.jar:/usr/lib/jvm/java-8-openjdk-amd64/jre/lib/ext/sunpkcs11.jar:/usr/lib/jvm/java-8-openjdk-amd64/jre/lib/ext/java-atk-wrapper.jar:/home/blackstorm/eclipse-workspace/query-relax/target/classes:/home/blackstorm/.m2/repository/org/apache/jena/jena-tdb/3.10.0-SNAPSHOT/jena-tdb-3.10.0-SNAPSHOT.jar:/home/blackstorm/.m2/repository/org/apache/jena/jena-arq/3.10.0-SNAPSHOT/jena-arq-3.10.0-SNAPSHOT.jar:/home/blackstorm/.m2/repository/org/apache/jena/jena-core/3.10.0-SNAPSHOT/jena-core-3.10.0-SNAPSHOT.jar:/home/blackstorm/.m2/repository/org/apache/jena/jena-iri/3.10.0-SNAPSHOT/jena-iri-3.10.0-SNAPSHOT.jar:/home/blackstorm/.m2/repository/commons-codec/commons-codec/1.11/commons-codec-1.11.jar:/home/blackstorm/.m2/repository/org/apache/jena/jena-base/3.10.0-SNAPSHOT/jena-base-3.10.0-SNAPSHOT.jar:/home/blackstorm/.m2/repository/org/apache/commons/commons-csv/1.5/commons-csv-1.5.jar:/home/blackstorm/.m2/repository/org/apache/commons/commons-compress/1.17/commons-compress-1.17.jar:/home/blackstorm/.m2/repository/com/github/andrewoma/dexx/collection/0.7/collection-0.7.jar:/home/blackstorm/.m2/repository/org/apache/jena/jena-shaded-guava/3.10.0-SNAPSHOT/jena-shaded-guava-3.10.0-
Launcher Type: SUN_STANDARD

Environment Variables:
JAVA_HOME=/usr/lib/jvm/java-1.8.0-openjdk-amd64
CLASSPATH=/usr/lib/jvm/java-1.8.0-openjdk-amd64/lib::/home/blackstorm/MWInstallation/glassfish5/glassfish/lib/*:/home/blackstorm/MWInstallation/glassfish5/glassfish/lib/appserv-rt.jar:/home/blackstorm/MWInstallation/glassfish5/glassfish/lib/javaee.jar
PATH=/home/blackstorm/bin:/home/blackstorm/.local/bin:/home/blackstorm/MWInstallation/rabbitmq_server-3.7.7/sbin:/home/blackstorm/MWInstallation/glassfish5/glassfish/bin:/usr/lib/jvm/java-1.8.0-openjdk-amd64/bin:/usr/local/sbin:/usr/local/bin:/usr/sbin:/usr/bin:/sbin:/bin:/usr/games:/usr/local/games:/snap/bin:/home/blackstorm/MWInstallation:/home/blackstorm/MWInstallation/glassfish5/javadb/bin
USERNAME=blackstorm
SHELL=/bin/bash
DISPLAY=:0

Signal Handlers:
SIGSEGV: [libjvm.so+0xaaf3b0], sa_mask[0]=11111111011111111101111111111110, sa_flags=SA_RESTART|SA_SIGINFO
SIGBUS: [libjvm.so+0xaaf3b0], sa_mask[0]=11111111011111111101111111111110, sa_flags=SA_RESTART|SA_SIGINFO
SIGFPE: [libjvm.so+0x8e52f0], sa_mask[0]=11111111011111111101111111111110, sa_flags=SA_RESTART|SA_SIGINFO
SIGPIPE: [libjvm.so+0x8e52f0], sa_mask[0]=11111111011111111101111111111110, sa_flags=SA_RESTART|SA_SIGINFO
SIGXFSZ: [libjvm.so+0x8e52f0], sa_mask[0]=11111111011111111101111111111110, sa_flags=SA_RESTART|SA_SIGINFO
SIGILL: [libjvm.so+0x8e52f0], sa_mask[0]=11111111011111111101111111111110, sa_flags=SA_RESTART|SA_SIGINFO
SIGUSR1: SIG_DFL, sa_mask[0]=00000000000000000000000000000000, sa_flags=none
SIGUSR2: [libjvm.so+0x8e51a0], sa_mask[0]=00100000000000000000000000000000, sa_flags=SA_RESTART|SA_SIGINFO
SIGHUP: [libjvm.so+0x8e5650], sa_mask[0]=11111111011111111101111111111110, sa_flags=SA_RESTART|SA_SIGINFO
SIGINT: [libjvm.so+0x8e5650], sa_mask[0]=11111111011111111101111111111110, sa_flags=SA_RESTART|SA_SIGINFO
SIGTERM: [libjvm.so+0x8e5650], sa_mask[0]=11111111011111111101111111111110, sa_flags=SA_RESTART|SA_SIGINFO
SIGQUIT: [libjvm.so+0x8e5650], sa_mask[0]=11111111011111111101111111111110, sa_flags=SA_RESTART|SA_SIGINFO


---------------  S Y S T E M  ---------------

OS:DISTRIB_ID=Ubuntu
DISTRIB_RELEASE=18.04
DISTRIB_CODENAME=bionic
DISTRIB_DESCRIPTION="Ubuntu 18.04.1 LTS"

uname:Linux 4.15.0-36-generic #39-Ubuntu SMP Mon Sep 24 16:19:09 UTC 2018 x86_64
libc:glibc 2.27 NPTL 2.27 
rlimit: STACK 8192k, CORE 0k, NPROC 15449, NOFILE 4096, AS infinity
load average:1.78 0.72 0.26

/proc/meminfo:
MemTotal:        4015676 kB
MemFree:          106320 kB
MemAvailable:      15368 kB
Buffers:            1828 kB
Cached:            63940 kB
SwapCached:        13004 kB
Active:          2667776 kB
Inactive:         606624 kB
Active(anon):    2660080 kB
Inactive(anon):   597276 kB
Active(file):       7696 kB
Inactive(file):     9348 kB
Unevictable:          48 kB
Mlocked:              48 kB
SwapTotal:       1046524 kB
SwapFree:              0 kB
Dirty:               152 kB
Writeback:             0 kB
AnonPages:       3195796 kB
Mapped:            44796 kB
Shmem:             48620 kB
Slab:             113424 kB
SReclaimable:      42000 kB
SUnreclaim:        71424 kB
KernelStack:       16112 kB
PageTables:        56576 kB
NFS_Unstable:          0 kB
Bounce:                0 kB
WritebackTmp:          0 kB
CommitLimit:     3054360 kB
Committed_AS:    8664640 kB
VmallocTotal:   34359738367 kB
VmallocUsed:           0 kB
VmallocChunk:          0 kB
HardwareCorrupted:     0 kB
AnonHugePages:         0 kB
ShmemHugePages:        0 kB
ShmemPmdMapped:        0 kB
CmaTotal:              0 kB
CmaFree:               0 kB
HugePages_Total:       0
HugePages_Free:        0
HugePages_Rsvd:        0
HugePages_Surp:        0
Hugepagesize:       2048 kB
DirectMap4k:      163648 kB
DirectMap2M:     4030464 kB
DirectMap1G:     2097152 kB


CPU:total 4 (initial active 4) (2 cores per cpu, 1 threads per core) family 6 model 78 stepping 3, cmov, cx8, fxsr, mmx, sse, sse2, sse3, ssse3, sse4.1, sse4.2, popcnt, avx, avx2, aes, clmul, erms, 3dnowpref, lzcnt, tsc, tscinvbit, bmi1, bmi2, adx

/proc/cpuinfo:
processor	: 0
vendor_id	: GenuineIntel
cpu family	: 6
model		: 78
model name	: Intel(R) Core(TM) i7-6500U CPU @ 2.50GHz
stepping	: 3
microcode	: 0xbe
cpu MHz		: 2591.999
cache size	: 4096 KB
physical id	: 0
siblings	: 2
core id		: 0
cpu cores	: 2
apicid		: 0
initial apicid	: 0
fpu		: yes
fpu_exception	: yes
cpuid level	: 22
wp		: yes
flags		: fpu vme de pse tsc msr pae mce cx8 apic sep mtrr pge mca cmov pat pse36 clflush dts mmx fxsr sse sse2 ss ht syscall nx pdpe1gb rdtscp lm constant_tsc arch_perfmon pebs bts nopl xtopology tsc_reliable nonstop_tsc cpuid aperfmperf pni pclmulqdq vmx ssse3 fma cx16 pcid sse4_1 sse4_2 x2apic movbe popcnt tsc_deadline_timer aes xsave avx f16c rdrand hypervisor lahf_lm abm 3dnowprefetch cpuid_fault epb invpcid_single pti tpr_shadow vnmi ept vpid fsgsbase tsc_adjust bmi1 avx2 smep bmi2 invpcid rdseed adx smap xsaveopt dtherm ida arat pln pts hwp hwp_notify hwp_act_window hwp_epp
bugs		: cpu_meltdown spectre_v1 spectre_v2 spec_store_bypass l1tf
bogomips	: 5183.99
clflush size	: 64
cache_alignment	: 64
address sizes	: 42 bits physical, 48 bits virtual
power management:

processor	: 1
vendor_id	: GenuineIntel
cpu family	: 6
model		: 78
model name	: Intel(R) Core(TM) i7-6500U CPU @ 2.50GHz
stepping	: 3
microcode	: 0xbe
cpu MHz		: 2591.999
cache size	: 4096 KB
physical id	: 0
siblings	: 2
core id		: 1
cpu cores	: 2
apicid		: 1
initial apicid	: 1
fpu		: yes
fpu_exception	: yes
cpuid level	: 22
wp		: yes
flags		: fpu vme de pse tsc msr pae mce cx8 apic sep mtrr pge mca cmov pat pse36 clflush dts mmx fxsr sse sse2 ss ht syscall nx pdpe1gb rdtscp lm constant_tsc arch_perfmon pebs bts nopl xtopology tsc_reliable nonstop_tsc cpuid aperfmperf pni pclmulqdq vmx ssse3 fma cx16 pcid sse4_1 sse4_2 x2apic movbe popcnt tsc_deadline_timer aes xsave avx f16c rdrand hypervisor lahf_lm abm 3dnowprefetch cpuid_fault epb invpcid_single pti tpr_shadow vnmi ept vpid fsgsbase tsc_adjust bmi1 avx2 smep bmi2 invpcid rdseed adx smap xsaveopt dtherm ida arat pln pts hwp hwp_notify hwp_act_window hwp_epp
bugs		: cpu_meltdown spectre_v1 spectre_v2 spec_store_bypass l1tf
bogomips	: 5183.99
clflush size	: 64
cache_alignment	: 64
address sizes	: 42 bits physical, 48 bits virtual
power management:

processor	: 2
vendor_id	: GenuineIntel
cpu family	: 6
model		: 78
model name	: Intel(R) Core(TM) i7-6500U CPU @ 2.50GHz
stepping	: 3
microcode	: 0xbe
cpu MHz		: 2591.999
cache size	: 4096 KB
physical id	: 1
siblings	: 2
core id		: 0
cpu cores	: 2
apicid		: 2
initial apicid	: 2
fpu		: yes
fpu_exception	: yes
cpuid level	: 22
wp		: yes
flags		: fpu vme de pse tsc msr pae mce cx8 apic sep mtrr pge mca cmov pat pse36 clflush dts mmx fxsr sse sse2 ss ht syscall nx pdpe1gb rdtscp lm constant_tsc arch_perfmon pebs bts nopl xtopology tsc_reliable nonstop_tsc cpuid aperfmperf pni pclmulqdq vmx ssse3 fma cx16 pcid sse4_1 sse4_2 x2apic movbe popcnt tsc_deadline_timer aes xsave avx f16c rdrand hypervisor lahf_lm abm 3dnowprefetch cpuid_fault epb invpcid_single pti tpr_shadow vnmi ept vpid fsgsbase tsc_adjust bmi1 avx2 smep bmi2 invpcid rdseed adx smap xsaveopt dtherm ida arat pln pts hwp hwp_notify hwp_act_window hwp_epp
bugs		: cpu_meltdown spectre_v1 spectre_v2 spec_store_bypass l1tf
bogomips	: 5183.99
clflush size	: 64
cache_alignment	: 64
address sizes	: 42 bits physical, 48 bits virtual
power management:

processor	: 3
vendor_id	: GenuineIntel
cpu family	: 6
model		: 78
model name	: Intel(R) Core(TM) i7-6500U CPU @ 2.50GHz
stepping	: 3
microcode	: 0xbe
cpu MHz		: 2591.999
cache size	: 4096 KB
physical id	: 1
siblings	: 2
core id		: 1
cpu cores	: 2
apicid		: 3
initial apicid	: 3
fpu		: yes
fpu_exception	: yes
cpuid level	: 22
wp		: yes
flags		: fpu vme de pse tsc msr pae mce cx8 apic sep mtrr pge mca cmov pat pse36 clflush dts mmx fxsr sse sse2 ss ht syscall nx pdpe1gb rdtscp lm constant_tsc arch_perfmon pebs bts nopl xtopology tsc_reliable nonstop_tsc cpuid aperfmperf pni pclmulqdq vmx ssse3 fma cx16 pcid sse4_1 sse4_2 x2apic movbe popcnt tsc_deadline_timer aes xsave avx f16c rdrand hypervisor lahf_lm abm 3dnowprefetch cpuid_fault epb invpcid_single pti tpr_shadow vnmi ept vpid fsgsbase tsc_adjust bmi1 avx2 smep bmi2 invpcid rdseed adx smap xsaveopt dtherm ida arat pln pts hwp hwp_notify hwp_act_window hwp_epp
bugs		: cpu_meltdown spectre_v1 spectre_v2 spec_store_bypass l1tf
bogomips	: 5183.99
clflush size	: 64
cache_alignment	: 64
address sizes	: 42 bits physical, 48 bits virtual
power management:



Memory: 4k page, physical 4015676k(106196k free), swap 1046524k(0k free)

vm_info: OpenJDK 64-Bit Server VM (25.181-b13) for linux-amd64 JRE (1.8.0_181-8u181-b13-1ubuntu0.18.04.1-b13), built on Oct 22 2018 17:29:08 by "buildd" with gcc 7.3.0

time: Tue Nov 13 14:30:27 2018
elapsed time: 17 seconds (0d 0h 0m 17s)

