#
# There is insufficient memory for the Java Runtime Environment to continue.
# Native memory allocation (mmap) failed to map 1073741824 bytes for committing reserved memory.
# Possible reasons:
#   The system is out of physical RAM or swap space
#   In 32 bit mode, the process size limit was hit
# Possible solutions:
#   Reduce memory load on the system
#   Increase physical memory or swap space
#   Check if swap backing store is full
#   Use 64 bit Java on a 64 bit OS
#   Decrease Java heap size (-Xmx/-Xms)
#   Decrease number of Java threads
#   Decrease Java thread stack sizes (-Xss)
#   Set larger code cache with -XX:ReservedCodeCacheSize=
# This output file may be truncated or incomplete.
#
#  Out of Memory Error (os_linux.cpp:2746), pid=5433, tid=0x00007f8b6b2d1700
#
# JRE version: OpenJDK Runtime Environment (8.0_191-b12) (build 1.8.0_191-8u191-b12-0ubuntu0.16.04.1-b12)
# Java VM: OpenJDK 64-Bit Server VM (25.191-b12 mixed mode linux-amd64 compressed oops)
# Failed to write core dump. Core dumps have been disabled. To enable core dumping, try "ulimit -c unlimited" before starting Java again
#

---------------  T H R E A D  ---------------

Current thread (0x00007f8b8007c800):  VMThread [stack: 0x00007f8b6b1d1000,0x00007f8b6b2d2000] [id=5447]

Stack: [0x00007f8b6b1d1000,0x00007f8b6b2d2000],  sp=0x00007f8b6b2d0480,  free space=1021k
Native frames: (J=compiled Java code, j=interpreted, Vv=VM code, C=native code)
V  [libjvm.so+0xa742ab]
V  [libjvm.so+0x4c8f4c]
V  [libjvm.so+0x8c0db8]
V  [libjvm.so+0x8b83ee]
V  [libjvm.so+0x936686]
V  [libjvm.so+0x925d1a]
V  [libjvm.so+0x925f23]
V  [libjvm.so+0x926888]
V  [libjvm.so+0x92cb4e]
V  [libjvm.so+0x9344ed]
V  [libjvm.so+0x8e5c43]
V  [libjvm.so+0xa75f52]
V  [libjvm.so+0xa7b0f7]
V  [libjvm.so+0xa787f7]
V  [libjvm.so+0xa79c7f]
V  [libjvm.so+0xa7a171]
V  [libjvm.so+0x8be122]

VM_Operation (0x00007f8b20af5e40): ParallelGCFailedAllocation, mode: safepoint, requested by thread 0x00007f8b24970000


---------------  P R O C E S S  ---------------

Java Threads: ( => current thread )
  0x00007f8b8000f000 JavaThread "DestroyJavaVM" [_thread_blocked, id=5441, stack(0x00007f8b88fe1000,0x00007f8b890e2000)]
  0x00007f8b249b6000 JavaThread "http-nio-8080-AsyncTimeout" daemon [_thread_blocked, id=5483, stack(0x00007f8aebdfe000,0x00007f8aebeff000)]
  0x00007f8b249b5000 JavaThread "http-nio-8080-Acceptor-0" daemon [_thread_in_native, id=5482, stack(0x00007f8aebeff000,0x00007f8aec000000)]
  0x00007f8b2497f800 JavaThread "http-nio-8080-ClientPoller-1" daemon [_thread_blocked, id=5481, stack(0x00007f8b200f0000,0x00007f8b201f1000)]
  0x00007f8b2497d800 JavaThread "http-nio-8080-ClientPoller-0" daemon [_thread_blocked, id=5480, stack(0x00007f8b201f1000,0x00007f8b202f2000)]
  0x00007f8b2497c000 JavaThread "http-nio-8080-exec-10" daemon [_thread_blocked, id=5479, stack(0x00007f8b202f2000,0x00007f8b203f3000)]
  0x00007f8b2497a000 JavaThread "http-nio-8080-exec-9" daemon [_thread_blocked, id=5478, stack(0x00007f8b203f3000,0x00007f8b204f4000)]
  0x00007f8b24978800 JavaThread "http-nio-8080-exec-8" daemon [_thread_blocked, id=5477, stack(0x00007f8b204f4000,0x00007f8b205f5000)]
  0x00007f8b24976800 JavaThread "http-nio-8080-exec-7" daemon [_thread_blocked, id=5476, stack(0x00007f8b205f5000,0x00007f8b206f6000)]
  0x00007f8b24975000 JavaThread "http-nio-8080-exec-6" daemon [_thread_blocked, id=5475, stack(0x00007f8b206f6000,0x00007f8b207f7000)]
  0x00007f8b24973800 JavaThread "http-nio-8080-exec-5" daemon [_thread_blocked, id=5474, stack(0x00007f8b207f7000,0x00007f8b208f8000)]
  0x00007f8b24971800 JavaThread "http-nio-8080-exec-4" daemon [_thread_blocked, id=5473, stack(0x00007f8b208f8000,0x00007f8b209f9000)]
  0x00007f8b24970000 JavaThread "http-nio-8080-exec-3" daemon [_thread_blocked, id=5472, stack(0x00007f8b209f9000,0x00007f8b20afa000)]
  0x00007f8b2496e000 JavaThread "http-nio-8080-exec-2" daemon [_thread_blocked, id=5471, stack(0x00007f8b20afa000,0x00007f8b20bfb000)]
  0x00007f8b2496c800 JavaThread "http-nio-8080-exec-1" daemon [_thread_blocked, id=5470, stack(0x00007f8b20bfb000,0x00007f8b20cfc000)]
  0x00007f8b2496a000 JavaThread "NioBlockingSelector.BlockPoller-1" daemon [_thread_blocked, id=5469, stack(0x00007f8b20cfc000,0x00007f8b20dfd000)]
  0x00007f8b24924000 JavaThread "Live Reload Server" daemon [_thread_in_native, id=5468, stack(0x00007f8b20dfd000,0x00007f8b20efe000)]
  0x00007f8b2491d000 JavaThread "File Watcher" daemon [_thread_blocked, id=5466, stack(0x00007f8b20efe000,0x00007f8b20fff000)]
  0x00007f8b24832000 JavaThread "container-0" [_thread_blocked, id=5461, stack(0x00007f8b68ca7000,0x00007f8b68da8000)]
  0x00007f8b2482f000 JavaThread "ContainerBackgroundProcessor[StandardEngine[Tomcat]]" daemon [_thread_blocked, id=5460, stack(0x00007f8b69fdd000,0x00007f8b6a0de000)]
  0x00007f8b800cd800 JavaThread "Service Thread" daemon [_thread_blocked, id=5454, stack(0x00007f8b6a6c1000,0x00007f8b6a7c2000)]
  0x00007f8b800c2800 JavaThread "C1 CompilerThread2" daemon [_thread_blocked, id=5453, stack(0x00007f8b6a7c2000,0x00007f8b6a8c3000)]
  0x00007f8b800c0800 JavaThread "C2 CompilerThread1" daemon [_thread_blocked, id=5452, stack(0x00007f8b6a8c3000,0x00007f8b6a9c4000)]
  0x00007f8b800bd800 JavaThread "C2 CompilerThread0" daemon [_thread_blocked, id=5451, stack(0x00007f8b6a9c4000,0x00007f8b6aac5000)]
  0x00007f8b800bc000 JavaThread "Signal Dispatcher" daemon [_thread_blocked, id=5450, stack(0x00007f8b6aac5000,0x00007f8b6abc6000)]
  0x00007f8b80088800 JavaThread "Finalizer" daemon [_thread_blocked, id=5449, stack(0x00007f8b6afcf000,0x00007f8b6b0d0000)]
  0x00007f8b80086000 JavaThread "Reference Handler" daemon [_thread_blocked, id=5448, stack(0x00007f8b6b0d0000,0x00007f8b6b1d1000)]

Other Threads:
=>0x00007f8b8007c800 VMThread [stack: 0x00007f8b6b1d1000,0x00007f8b6b2d2000] [id=5447]
  0x00007f8b800d0000 WatcherThread [stack: 0x00007f8b6a5c0000,0x00007f8b6a6c1000] [id=5455]

VM state:at safepoint (normal execution)

VM Mutex/Monitor currently owned by a thread:  ([mutex/lock_event])
[0x00007f8b8000aa80] ExpandHeap_lock - owner thread: 0x00007f8b8007c800
[0x00007f8b8000b100] Threads_lock - owner thread: 0x00007f8b8007c800
[0x00007f8b8000b600] Heap_lock - owner thread: 0x00007f8b24970000

Heap:
 PSYoungGen      total 911872K, used 15841K [0x000000076ab00000, 0x00000007c0000000, 0x00000007c0000000)
  eden space 460288K, 0% used [0x000000076ab00000,0x000000076ab00000,0x0000000786c80000)
  from space 451584K, 3% used [0x0000000786c80000,0x0000000787bf8708,0x00000007a2580000)
  to   space 465920K, 0% used [0x00000007a3900000,0x00000007a3900000,0x00000007c0000000)
 ParOldGen       total 1747968K, used 1747472K [0x00000006c0000000, 0x000000072ab00000, 0x000000076ab00000)
  object space 1747968K, 99% used [0x00000006c0000000,0x000000072aa840f8,0x000000072ab00000)
 Metaspace       used 48297K, capacity 50130K, committed 50432K, reserved 1093632K
  class space    used 6207K, capacity 6577K, committed 6656K, reserved 1048576K

Card table byte_map: [0x00007f8b84e8c000,0x00007f8b8568d000] byte_map_base: 0x00007f8b8188c000

Marking Bits: (ParMarkBitMap*) 0x00007f8b882b0520
 Begin Bits: [0x00007f8b54000000, 0x00007f8b58000000)
 End Bits:   [0x00007f8b58000000, 0x00007f8b5c000000)

Polling page: 0x00007f8b89104000

CodeCache: size=245760Kb used=15226Kb max_used=15243Kb free=230533Kb
 bounds [0x00007f8b71000000, 0x00007f8b71f00000, 0x00007f8b80000000]
 total_blobs=4929 nmethods=4440 adapters=401
 compilation: enabled

Compilation events (10 events):
Event: 193,978 Thread 0x00007f8b800c2800 5406       3       org.apache.jena.riot.system.RiotLib::isBNodeIRI (21 bytes)
Event: 193,978 Thread 0x00007f8b800c2800 nmethod 5406 0x00007f8b71eed290 code [0x00007f8b71eed400, 0x00007f8b71eed748]
Event: 193,978 Thread 0x00007f8b800c2800 5407       1       org.apache.jena.sparql.path.P_Path0::getNode (5 bytes)
Event: 193,978 Thread 0x00007f8b800c2800 nmethod 5407 0x00007f8b71eecfd0 code [0x00007f8b71eed120, 0x00007f8b71eed230]
Event: 194,010 Thread 0x00007f8b800c2800 5413       3       org.apache.jena.ext.com.google.common.base.Ticker$1::read (4 bytes)
Event: 194,010 Thread 0x00007f8b800c2800 nmethod 5413 0x00007f8b71eecbd0 code [0x00007f8b71eecd40, 0x00007f8b71eecf10]
Event: 194,010 Thread 0x00007f8b800c2800 5414       3       org.apache.jena.ext.com.google.common.base.Platform::systemNanoTime (4 bytes)
Event: 194,011 Thread 0x00007f8b800c2800 nmethod 5414 0x00007f8b71eec850 code [0x00007f8b71eec9c0, 0x00007f8b71eecb10]
Event: 194,011 Thread 0x00007f8b800c2800 5415       1       org.apache.jena.ext.com.google.common.cache.LocalCache$1::isActive (2 bytes)
Event: 194,011 Thread 0x00007f8b800c2800 nmethod 5415 0x00007f8b71190990 code [0x00007f8b71190ae0, 0x00007f8b71190bf0]

GC Heap History (10 events):
Event: 194,578 GC heap after
Heap after GC invocations=108 (full 11):
 PSYoungGen      total 665600K, used 0K [0x000000076ab00000, 0x0000000797b00000, 0x00000007c0000000)
  eden space 610304K, 0% used [0x000000076ab00000,0x000000076ab00000,0x000000078ff00000)
  from space 55296K, 0% used [0x0000000794500000,0x0000000794500000,0x0000000797b00000)
  to   space 63488K, 0% used [0x000000078ff00000,0x000000078ff00000,0x0000000793d00000)
 ParOldGen       total 936448K, used 159615K [0x00000006c0000000, 0x00000006f9280000, 0x000000076ab00000)
  object space 936448K, 17% used [0x00000006c0000000,0x00000006c9bdfca0,0x00000006f9280000)
 Metaspace       used 48297K, capacity 50130K, committed 50432K, reserved 1093632K
  class space    used 6207K, capacity 6577K, committed 6656K, reserved 1048576K
}
Event: 195,359 GC heap before
{Heap before GC invocations=109 (full 11):
 PSYoungGen      total 665600K, used 610304K [0x000000076ab00000, 0x0000000797b00000, 0x00000007c0000000)
  eden space 610304K, 100% used [0x000000076ab00000,0x000000078ff00000,0x000000078ff00000)
  from space 55296K, 0% used [0x0000000794500000,0x0000000794500000,0x0000000797b00000)
  to   space 63488K, 0% used [0x000000078ff00000,0x000000078ff00000,0x0000000793d00000)
 ParOldGen       total 936448K, used 159615K [0x00000006c0000000, 0x00000006f9280000, 0x000000076ab00000)
  object space 936448K, 17% used [0x00000006c0000000,0x00000006c9bdfca0,0x00000006f9280000)
 Metaspace       used 48297K, capacity 50130K, committed 50432K, reserved 1093632K
  class space    used 6207K, capacity 6577K, committed 6656K, reserved 1048576K
Event: 195,768 GC heap after
Heap after GC invocations=109 (full 11):
 PSYoungGen      total 673792K, used 63480K [0x000000076ab00000, 0x00000007b2e00000, 0x00000007c0000000)
  eden space 610304K, 0% used [0x000000076ab00000,0x000000076ab00000,0x000000078ff00000)
  from space 63488K, 99% used [0x000000078ff00000,0x0000000793cfe200,0x0000000793d00000)
  to   space 270848K, 0% used [0x00000007a2580000,0x00000007a2580000,0x00000007b2e00000)
 ParOldGen       total 936448K, used 680919K [0x00000006c0000000, 0x00000006f9280000, 0x000000076ab00000)
  object space 936448K, 72% used [0x00000006c0000000,0x00000006e98f5ca0,0x00000006f9280000)
 Metaspace       used 48297K, capacity 50130K, committed 50432K, reserved 1093632K
  class space    used 6207K, capacity 6577K, committed 6656K, reserved 1048576K
}
Event: 195,768 GC heap before
{Heap before GC invocations=110 (full 12):
 PSYoungGen      total 673792K, used 63480K [0x000000076ab00000, 0x00000007b2e00000, 0x00000007c0000000)
  eden space 610304K, 0% used [0x000000076ab00000,0x000000076ab00000,0x000000078ff00000)
  from space 63488K, 99% used [0x000000078ff00000,0x0000000793cfe200,0x0000000793d00000)
  to   space 270848K, 0% used [0x00000007a2580000,0x00000007a2580000,0x00000007b2e00000)
 ParOldGen       total 936448K, used 680919K [0x00000006c0000000, 0x00000006f9280000, 0x000000076ab00000)
  object space 936448K, 72% used [0x00000006c0000000,0x00000006e98f5ca0,0x00000006f9280000)
 Metaspace       used 48297K, capacity 50130K, committed 50432K, reserved 1093632K
  class space    used 6207K, capacity 6577K, committed 6656K, reserved 1048576K
Event: 198,484 GC heap after
Heap after GC invocations=110 (full 12):
 PSYoungGen      total 673792K, used 0K [0x000000076ab00000, 0x00000007b2e00000, 0x00000007c0000000)
  eden space 610304K, 0% used [0x000000076ab00000,0x000000076ab00000,0x000000078ff00000)
  from space 63488K, 0% used [0x000000078ff00000,0x000000078ff00000,0x0000000793d00000)
  to   space 270848K, 0% used [0x00000007a2580000,0x00000007a2580000,0x00000007b2e00000)
 ParOldGen       total 1747968K, used 736754K [0x00000006c0000000, 0x000000072ab00000, 0x000000076ab00000)
  object space 1747968K, 42% used [0x00000006c0000000,0x00000006ecf7ca00,0x000000072ab00000)
 Metaspace       used 48297K, capacity 50130K, committed 50432K, reserved 1093632K
  class space    used 6207K, capacity 6577K, committed 6656K, reserved 1048576K
}
Event: 199,253 GC heap before
{Heap before GC invocations=111 (full 12):
 PSYoungGen      total 673792K, used 610304K [0x000000076ab00000, 0x00000007b2e00000, 0x00000007c0000000)
  eden space 610304K, 100% used [0x000000076ab00000,0x000000078ff00000,0x000000078ff00000)
  from space 63488K, 0% used [0x000000078ff00000,0x000000078ff00000,0x0000000793d00000)
  to   space 270848K, 0% used [0x00000007a2580000,0x00000007a2580000,0x00000007b2e00000)
 ParOldGen       total 1747968K, used 736754K [0x00000006c0000000, 0x000000072ab00000, 0x000000076ab00000)
  object space 1747968K, 42% used [0x00000006c0000000,0x00000006ecf7ca00,0x000000072ab00000)
 Metaspace       used 48297K, capacity 50130K, committed 50432K, reserved 1093632K
  class space    used 6207K, capacity 6577K, committed 6656K, reserved 1048576K
Event: 199,734 GC heap after
Heap after GC invocations=111 (full 12):
 PSYoungGen      total 731136K, used 270820K [0x000000076ab00000, 0x00000007c0000000, 0x00000007c0000000)
  eden space 460288K, 0% used [0x000000076ab00000,0x000000076ab00000,0x0000000786c80000)
  from space 270848K, 99% used [0x00000007a2580000,0x00000007b2df92f0,0x00000007b2e00000)
  to   space 451584K, 0% used [0x0000000786c80000,0x0000000786c80000,0x00000007a2580000)
 ParOldGen       total 1747968K, used 1075882K [0x00000006c0000000, 0x000000072ab00000, 0x000000076ab00000)
  object space 1747968K, 61% used [0x00000006c0000000,0x0000000701aaaa00,0x000000072ab00000)
 Metaspace       used 48297K, capacity 50130K, committed 50432K, reserved 1093632K
  class space    used 6207K, capacity 6577K, committed 6656K, reserved 1048576K
}
Event: 200,293 GC heap before
{Heap before GC invocations=112 (full 12):
 PSYoungGen      total 731136K, used 731108K [0x000000076ab00000, 0x00000007c0000000, 0x00000007c0000000)
  eden space 460288K, 100% used [0x000000076ab00000,0x0000000786c80000,0x0000000786c80000)
  from space 270848K, 99% used [0x00000007a2580000,0x00000007b2df92f0,0x00000007b2e00000)
  to   space 451584K, 0% used [0x0000000786c80000,0x0000000786c80000,0x00000007a2580000)
 ParOldGen       total 1747968K, used 1075882K [0x00000006c0000000, 0x000000072ab00000, 0x000000076ab00000)
  object space 1747968K, 61% used [0x00000006c0000000,0x0000000701aaaa00,0x000000072ab00000)
 Metaspace       used 48297K, capacity 50130K, committed 50432K, reserved 1093632K
  class space    used 6207K, capacity 6577K, committed 6656K, reserved 1048576K
Event: 200,787 GC heap after
Heap after GC invocations=112 (full 12):
 PSYoungGen      total 911872K, used 451575K [0x000000076ab00000, 0x00000007c0000000, 0x00000007c0000000)
  eden space 460288K, 0% used [0x000000076ab00000,0x000000076ab00000,0x0000000786c80000)
  from space 451584K, 99% used [0x0000000786c80000,0x00000007a257dc60,0x00000007a2580000)
  to   space 465920K, 0% used [0x00000007a3900000,0x00000007a3900000,0x00000007c0000000)
 ParOldGen       total 1747968K, used 1331098K [0x00000006c0000000, 0x000000072ab00000, 0x000000076ab00000)
  object space 1747968K, 76% used [0x00000006c0000000,0x00000007113e6a00,0x000000072ab00000)
 Metaspace       used 48297K, capacity 50130K, committed 50432K, reserved 1093632K
  class space    used 6207K, capacity 6577K, committed 6656K, reserved 1048576K
}
Event: 200,787 GC heap before
{Heap before GC invocations=113 (full 13):
 PSYoungGen      total 911872K, used 451575K [0x000000076ab00000, 0x00000007c0000000, 0x00000007c0000000)
  eden space 460288K, 0% used [0x000000076ab00000,0x000000076ab00000,0x0000000786c80000)
  from space 451584K, 99% used [0x0000000786c80000,0x00000007a257dc60,0x00000007a2580000)
  to   space 465920K, 0% used [0x00000007a3900000,0x00000007a3900000,0x00000007c0000000)
 ParOldGen       total 1747968K, used 1331098K [0x00000006c0000000, 0x000000072ab00000, 0x000000076ab00000)
  object space 1747968K, 76% used [0x00000006c0000000,0x00000007113e6a00,0x000000072ab00000)
 Metaspace       used 48297K, capacity 50130K, committed 50432K, reserved 1093632K
  class space    used 6207K, capacity 6577K, committed 6656K, reserved 1048576K

Deoptimization events (10 events):
Event: 177,999 Thread 0x00007f8b24970000 Uncommon trap: reason=class_check action=maybe_recompile pc=0x00007f8b71de39dc method=org.apache.jena.mem.NodeToTriplesMapMem.iterator(Lorg/apache/jena/graph/Node;Lorg/apache/jena/graph/Node;Lorg/apache/jena/graph/Node;)Lorg/apache/jena/util/iterator/Exte
Event: 177,999 Thread 0x00007f8b24970000 Uncommon trap: reason=class_check action=maybe_recompile pc=0x00007f8b71defb14 method=org.apache.jena.mem.NodeToTriplesMapMem.iterator(Lorg/apache/jena/graph/Node;Lorg/apache/jena/graph/Node;Lorg/apache/jena/graph/Node;)Lorg/apache/jena/util/iterator/Exte
Event: 177,999 Thread 0x00007f8b24970000 Uncommon trap: reason=class_check action=maybe_recompile pc=0x00007f8b71dfbe3c method=org.apache.jena.mem.NodeToTriplesMapMem.iterator(Lorg/apache/jena/graph/Node;Lorg/apache/jena/graph/Node;Lorg/apache/jena/graph/Node;)Lorg/apache/jena/util/iterator/Exte
Event: 177,999 Thread 0x00007f8b24970000 Uncommon trap: reason=class_check action=maybe_recompile pc=0x00007f8b71e0373c method=org.apache.jena.mem.NodeToTriplesMapMem.iterator(Lorg/apache/jena/graph/Node;Lorg/apache/jena/graph/Node;Lorg/apache/jena/graph/Node;)Lorg/apache/jena/util/iterator/Exte
Event: 177,999 Thread 0x00007f8b24970000 Uncommon trap: reason=class_check action=maybe_recompile pc=0x00007f8b71e08b40 method=org.apache.jena.mem.NodeToTriplesMapMem.iterator(Lorg/apache/jena/graph/Node;Lorg/apache/jena/graph/Node;Lorg/apache/jena/graph/Node;)Lorg/apache/jena/util/iterator/Exte
Event: 178,006 Thread 0x00007f8b24970000 Uncommon trap: reason=unstable_if action=reinterpret pc=0x00007f8b71d84378 method=org.apache.jena.ext.com.google.common.cache.LocalCache$Segment.get(Ljava/lang/Object;I)Ljava/lang/Object; @ 4
Event: 178,006 Thread 0x00007f8b24970000 Uncommon trap: reason=unstable_if action=reinterpret pc=0x00007f8b71d7decc method=org.apache.jena.ext.com.google.common.cache.LocalCache$Segment.get(Ljava/lang/Object;I)Ljava/lang/Object; @ 4
Event: 178,064 Thread 0x00007f8b24970000 Uncommon trap: reason=unstable_if action=reinterpret pc=0x00007f8b71e10804 method=org.apache.jena.ext.com.google.common.cache.LocalCache.processPendingNotifications()V @ 14
Event: 178,069 Thread 0x00007f8b24970000 Uncommon trap: reason=bimorphic action=maybe_recompile pc=0x00007f8b71509db0 method=java.util.regex.Pattern$Curly.match0(Ljava/util/regex/Matcher;IILjava/lang/CharSequence;)Z @ 170
Event: 193,957 Thread 0x00007f8b24970000 Uncommon trap: reason=class_check action=maybe_recompile pc=0x00007f8b71bafe44 method=java.util.regex.Pattern$Curly.match(Ljava/util/regex/Matcher;ILjava/lang/CharSequence;)Z @ 19

Classes redefined (0 events):
No events

Internal exceptions (10 events):
Event: 9,010 Thread 0x00007f8b30002800 Exception <a 'java/lang/ClassNotFoundException': org/springframework/beans/factory/AwareCustomizer> (0x000000076b504fb0) thrown at [/build/openjdk-8-yxDDQ4/openjdk-8-8u191-b12/src/hotspot/src/share/vm/classfile/systemDictionary.cpp, line 210]
Event: 9,010 Thread 0x00007f8b30002800 Exception <a 'java/lang/ClassNotFoundException': org/springframework/context/ApplicationContextAwareCustomizer> (0x000000076b520cf8) thrown at [/build/openjdk-8-yxDDQ4/openjdk-8-8u191-b12/src/hotspot/src/share/vm/classfile/systemDictionary.cpp, line 210]
Event: 9,010 Thread 0x00007f8b30002800 Exception <a 'java/lang/ClassNotFoundException': org/springframework/beans/factory/AwareCustomizer> (0x000000076b539a00) thrown at [/build/openjdk-8-yxDDQ4/openjdk-8-8u191-b12/src/hotspot/src/share/vm/classfile/systemDictionary.cpp, line 210]
Event: 9,011 Thread 0x00007f8b30002800 Exception <a 'java/lang/ClassNotFoundException': org/springframework/web/context/ServletContextAwareCustomizer> (0x000000076b5556b0) thrown at [/build/openjdk-8-yxDDQ4/openjdk-8-8u191-b12/src/hotspot/src/share/vm/classfile/systemDictionary.cpp, line 210]
Event: 9,011 Thread 0x00007f8b30002800 Exception <a 'java/lang/ClassNotFoundException': org/springframework/beans/factory/AwareCustomizer> (0x000000076b56de28) thrown at [/build/openjdk-8-yxDDQ4/openjdk-8-8u191-b12/src/hotspot/src/share/vm/classfile/systemDictionary.cpp, line 210]
Event: 9,011 Thread 0x00007f8b30002800 Implicit null exception at 0x00007f8b7185314c to 0x00007f8b718531d1
Event: 9,555 Thread 0x00007f8b30002800 Implicit null exception at 0x00007f8b719b415d to 0x00007f8b719b441d
Event: 9,556 Thread 0x00007f8b30002800 Implicit null exception at 0x00007f8b717757bc to 0x00007f8b71775cf1
Event: 11,617 Thread 0x00007f8b2496c800 Exception <a 'java/lang/NoSuchMethodError': java.lang.Object.lambda$thenComparing$36697e65$1(Ljava/util/Comparator;Ljava/lang/Object;Ljava/lang/Object;)I> (0x000000076c6936e0) thrown at [/build/openjdk-8-yxDDQ4/openjdk-8-8u191-b12/src/hotspot/src/share/vm
Event: 44,758 Thread 0x00007f8b24975000 Exception <a 'java/lang/NoSuchMethodError': java.lang.Object.lambda$and$0(Ljava/util/function/Predicate;Ljava/lang/Object;)Z> (0x000000076e5d0470) thrown at [/build/openjdk-8-yxDDQ4/openjdk-8-8u191-b12/src/hotspot/src/share/vm/interpreter/linkResolver.cpp

Events (10 events):
Event: 193,964 Thread 0x00007f8b800c2800 flushing nmethod 0x00007f8b71b6d5d0
Event: 193,964 Thread 0x00007f8b800c2800 flushing nmethod 0x00007f8b71b91290
Event: 193,965 Thread 0x00007f8b800c2800 flushing nmethod 0x00007f8b71c71c90
Event: 194,116 Executing VM operation: ParallelGCFailedAllocation
Event: 194,578 Executing VM operation: ParallelGCFailedAllocation done
Event: 195,359 Executing VM operation: ParallelGCFailedAllocation
Event: 198,484 Executing VM operation: ParallelGCFailedAllocation done
Event: 199,253 Executing VM operation: ParallelGCFailedAllocation
Event: 199,734 Executing VM operation: ParallelGCFailedAllocation done
Event: 200,293 Executing VM operation: ParallelGCFailedAllocation


Dynamic libraries:
00400000-00401000 r-xp 00000000 08:07 661621                             /usr/lib/jvm/java-8-openjdk-amd64/jre/bin/java
00600000-00601000 r--p 00000000 08:07 661621                             /usr/lib/jvm/java-8-openjdk-amd64/jre/bin/java
00601000-00602000 rw-p 00001000 08:07 661621                             /usr/lib/jvm/java-8-openjdk-amd64/jre/bin/java
01e30000-01e51000 rw-p 00000000 00:00 0                                  [heap]
6c0000000-72ab00000 rw-p 00000000 00:00 0 
76ab00000-7c0000000 rw-p 00000000 00:00 0 
7c0000000-7c0680000 rw-p 00000000 00:00 0 
7c0680000-800000000 ---p 00000000 00:00 0 
7f8ae4000000-7f8ae4021000 rw-p 00000000 00:00 0 
7f8ae4021000-7f8ae8000000 ---p 00000000 00:00 0 
7f8aeabbd000-7f8aeb2be000 rw-p 00000000 00:00 0 
7f8aeb2be000-7f8aeb3fe000 ---p 00000000 00:00 0 
7f8aeb3fe000-7f8aeb5fe000 rw-p 00000000 00:00 0 
7f8aeb5fe000-7f8aeb7fe000 rw-p 00000000 00:00 0 
7f8aeb7fe000-7f8aeb9fe000 rw-p 00000000 00:00 0 
7f8aeb9fe000-7f8aebbfe000 rw-p 00000000 00:00 0 
7f8aebbfe000-7f8aebdfe000 rw-p 00000000 00:00 0 
7f8aebdfe000-7f8aebe01000 ---p 00000000 00:00 0 
7f8aebe01000-7f8aebeff000 rw-p 00000000 00:00 0 
7f8aebeff000-7f8aebf02000 ---p 00000000 00:00 0 
7f8aebf02000-7f8aec000000 rw-p 00000000 00:00 0 
7f8aec000000-7f8aec021000 rw-p 00000000 00:00 0 
7f8aec021000-7f8af0000000 ---p 00000000 00:00 0 
7f8af0000000-7f8af0021000 rw-p 00000000 00:00 0 
7f8af0021000-7f8af4000000 ---p 00000000 00:00 0 
7f8af4000000-7f8af4510000 rw-p 00000000 00:00 0 
7f8af4510000-7f8af8000000 ---p 00000000 00:00 0 
7f8af8000000-7f8af8021000 rw-p 00000000 00:00 0 
7f8af8021000-7f8afc000000 ---p 00000000 00:00 0 
7f8afc000000-7f8afc021000 rw-p 00000000 00:00 0 
7f8afc021000-7f8b00000000 ---p 00000000 00:00 0 
7f8b00000000-7f8b0003d000 rw-p 00000000 00:00 0 
7f8b0003d000-7f8b04000000 ---p 00000000 00:00 0 
7f8b04000000-7f8b04023000 rw-p 00000000 00:00 0 
7f8b04023000-7f8b08000000 ---p 00000000 00:00 0 
7f8b08000000-7f8b08021000 rw-p 00000000 00:00 0 
7f8b08021000-7f8b0c000000 ---p 00000000 00:00 0 
7f8b0c000000-7f8b0c021000 rw-p 00000000 00:00 0 
7f8b0c021000-7f8b10000000 ---p 00000000 00:00 0 
7f8b10000000-7f8b10492000 rw-p 00000000 00:00 0 
7f8b10492000-7f8b14000000 ---p 00000000 00:00 0 
7f8b14000000-7f8b14021000 rw-p 00000000 00:00 0 
7f8b14021000-7f8b18000000 ---p 00000000 00:00 0 
7f8b18000000-7f8b18021000 rw-p 00000000 00:00 0 
7f8b18021000-7f8b1c000000 ---p 00000000 00:00 0 
7f8b1c000000-7f8b1c03a000 rw-p 00000000 00:00 0 
7f8b1c03a000-7f8b20000000 ---p 00000000 00:00 0 
7f8b200f0000-7f8b200f3000 ---p 00000000 00:00 0 
7f8b200f3000-7f8b201f1000 rw-p 00000000 00:00 0 
7f8b201f1000-7f8b201f4000 ---p 00000000 00:00 0 
7f8b201f4000-7f8b202f2000 rw-p 00000000 00:00 0 
7f8b202f2000-7f8b202f5000 ---p 00000000 00:00 0 
7f8b202f5000-7f8b203f3000 rw-p 00000000 00:00 0 
7f8b203f3000-7f8b203f6000 ---p 00000000 00:00 0 
7f8b203f6000-7f8b204f4000 rw-p 00000000 00:00 0 
7f8b204f4000-7f8b204f7000 ---p 00000000 00:00 0 
7f8b204f7000-7f8b205f5000 rw-p 00000000 00:00 0 
7f8b205f5000-7f8b205f8000 ---p 00000000 00:00 0 
7f8b205f8000-7f8b206f6000 rw-p 00000000 00:00 0 
7f8b206f6000-7f8b206f9000 ---p 00000000 00:00 0 
7f8b206f9000-7f8b207f7000 rw-p 00000000 00:00 0 
7f8b207f7000-7f8b207fa000 ---p 00000000 00:00 0 
7f8b207fa000-7f8b208f8000 rw-p 00000000 00:00 0 
7f8b208f8000-7f8b208fb000 ---p 00000000 00:00 0 
7f8b208fb000-7f8b209f9000 rw-p 00000000 00:00 0 
7f8b209f9000-7f8b209fc000 ---p 00000000 00:00 0 
7f8b209fc000-7f8b20afa000 rw-p 00000000 00:00 0 
7f8b20afa000-7f8b20afd000 ---p 00000000 00:00 0 
7f8b20afd000-7f8b20bfb000 rw-p 00000000 00:00 0 
7f8b20bfb000-7f8b20bfe000 ---p 00000000 00:00 0 
7f8b20bfe000-7f8b20cfc000 rw-p 00000000 00:00 0 
7f8b20cfc000-7f8b20cff000 ---p 00000000 00:00 0 
7f8b20cff000-7f8b20dfd000 rw-p 00000000 00:00 0 
7f8b20dfd000-7f8b20e00000 ---p 00000000 00:00 0 
7f8b20e00000-7f8b20efe000 rw-p 00000000 00:00 0 
7f8b20efe000-7f8b20f01000 ---p 00000000 00:00 0 
7f8b20f01000-7f8b24000000 rw-p 00000000 00:00 0 
7f8b24000000-7f8b249cf000 rw-p 00000000 00:00 0 
7f8b249cf000-7f8b28000000 ---p 00000000 00:00 0 
7f8b28000000-7f8b284e5000 rw-p 00000000 00:00 0 
7f8b284e5000-7f8b2c000000 ---p 00000000 00:00 0 
7f8b2c000000-7f8b2c021000 rw-p 00000000 00:00 0 
7f8b2c021000-7f8b30000000 ---p 00000000 00:00 0 
7f8b30000000-7f8b30021000 rw-p 00000000 00:00 0 
7f8b30021000-7f8b34000000 ---p 00000000 00:00 0 
7f8b34000000-7f8b34d78000 rw-p 00000000 00:00 0 
7f8b34d78000-7f8b38000000 ---p 00000000 00:00 0 
7f8b38000000-7f8b38021000 rw-p 00000000 00:00 0 
7f8b38021000-7f8b3c000000 ---p 00000000 00:00 0 
7f8b3c000000-7f8b3e20a000 rw-p 00000000 00:00 0 
7f8b3e20a000-7f8b40000000 ---p 00000000 00:00 0 
7f8b40000000-7f8b41cf5000 rw-p 00000000 00:00 0 
7f8b41cf5000-7f8b44000000 ---p 00000000 00:00 0 
7f8b44000000-7f8b44021000 rw-p 00000000 00:00 0 
7f8b44021000-7f8b48000000 ---p 00000000 00:00 0 
7f8b48000000-7f8b48021000 rw-p 00000000 00:00 0 
7f8b48021000-7f8b4c000000 ---p 00000000 00:00 0 
7f8b4c000000-7f8b4c0b4000 rw-p 00000000 00:00 0 
7f8b4c0b4000-7f8b50000000 ---p 00000000 00:00 0 
7f8b50000000-7f8b50021000 rw-p 00000000 00:00 0 
7f8b50021000-7f8b54000000 ---p 00000000 00:00 0 
7f8b54000000-7f8b5c000000 rw-p 00000000 00:00 0 
7f8b5c000000-7f8b5c171000 rw-p 00000000 00:00 0 
7f8b5c171000-7f8b60000000 ---p 00000000 00:00 0 
7f8b60000000-7f8b606e8000 rw-p 00000000 00:00 0 
7f8b606e8000-7f8b64000000 ---p 00000000 00:00 0 
7f8b64000000-7f8b64021000 rw-p 00000000 00:00 0 
7f8b64021000-7f8b68000000 ---p 00000000 00:00 0 
7f8b6800e000-7f8b6820e000 rw-p 00000000 00:00 0 
7f8b6820e000-7f8b6840e000 rw-p 00000000 00:00 0 
7f8b6840e000-7f8b6860e000 rw-p 00000000 00:00 0 
7f8b6860e000-7f8b6880e000 rw-p 00000000 00:00 0 
7f8b6880e000-7f8b68a0e000 rw-p 00000000 00:00 0 
7f8b68a9d000-7f8b68aa2000 r--s 002f9000 08:07 661711                     /usr/lib/jvm/java-8-openjdk-amd64/jre/lib/charsets.jar
7f8b68aa2000-7f8b68aa7000 r--s 000a0000 08:07 661720                     /usr/lib/jvm/java-8-openjdk-amd64/jre/lib/jsse.jar
7f8b68aa7000-7f8b68ca7000 rw-p 00000000 00:00 0 
7f8b68ca7000-7f8b68caa000 ---p 00000000 00:00 0 
7f8b68caa000-7f8b68fa8000 rw-p 00000000 00:00 0 
7f8b68fa8000-7f8b68fba000 r-xp 00000000 08:07 661698                     /usr/lib/jvm/java-8-openjdk-amd64/jre/lib/amd64/libnio.so
7f8b68fba000-7f8b691b9000 ---p 00012000 08:07 661698                     /usr/lib/jvm/java-8-openjdk-amd64/jre/lib/amd64/libnio.so
7f8b691b9000-7f8b691ba000 r--p 00011000 08:07 661698                     /usr/lib/jvm/java-8-openjdk-amd64/jre/lib/amd64/libnio.so
7f8b691ba000-7f8b691bb000 rw-p 00012000 08:07 661698                     /usr/lib/jvm/java-8-openjdk-amd64/jre/lib/amd64/libnio.so
7f8b691bb000-7f8b693bb000 rw-p 00000000 00:00 0 
7f8b693bb000-7f8b695bb000 rw-p 00000000 00:00 0 
7f8b695bb000-7f8b697bb000 rw-p 00000000 00:00 0 
7f8b697bb000-7f8b697d2000 r-xp 00000000 08:07 661701                     /usr/lib/jvm/java-8-openjdk-amd64/jre/lib/amd64/libnet.so
7f8b697d2000-7f8b699d1000 ---p 00017000 08:07 661701                     /usr/lib/jvm/java-8-openjdk-amd64/jre/lib/amd64/libnet.so
7f8b699d1000-7f8b699d2000 r--p 00016000 08:07 661701                     /usr/lib/jvm/java-8-openjdk-amd64/jre/lib/amd64/libnet.so
7f8b699d2000-7f8b699d3000 rw-p 00017000 08:07 661701                     /usr/lib/jvm/java-8-openjdk-amd64/jre/lib/amd64/libnet.so
7f8b699d3000-7f8b699dc000 r-xp 00000000 08:07 661686                     /usr/lib/jvm/java-8-openjdk-amd64/jre/lib/amd64/libmanagement.so
7f8b699dc000-7f8b69bdb000 ---p 00009000 08:07 661686                     /usr/lib/jvm/java-8-openjdk-amd64/jre/lib/amd64/libmanagement.so
7f8b69bdb000-7f8b69bdc000 r--p 00008000 08:07 661686                     /usr/lib/jvm/java-8-openjdk-amd64/jre/lib/amd64/libmanagement.so
7f8b69bdc000-7f8b69bdd000 rw-p 00009000 08:07 661686                     /usr/lib/jvm/java-8-openjdk-amd64/jre/lib/amd64/libmanagement.so
7f8b69bdd000-7f8b69ddd000 rw-p 00000000 00:00 0 
7f8b69ddd000-7f8b69fdd000 rw-p 00000000 00:00 0 
7f8b69fdd000-7f8b69fe0000 ---p 00000000 00:00 0 
7f8b69fe0000-7f8b6a0de000 rw-p 00000000 00:00 0 
7f8b6a0de000-7f8b6a0e1000 ---p 00000000 00:00 0 
7f8b6a0e1000-7f8b6a1df000 rw-p 00000000 00:00 0 
7f8b6a1df000-7f8b6a1e2000 ---p 00000000 00:00 0 
7f8b6a1e2000-7f8b6a2e0000 rw-p 00000000 00:00 0 
7f8b6a2e0000-7f8b6a2e4000 r--s 0002f000 08:07 4593599                    /home/anass-jouhri/.m2/repository/commons-io/commons-io/2.5/commons-io-2.5.jar
7f8b6a2e4000-7f8b6a2ed000 r--s 0006f000 08:07 4593668                    /home/anass-jouhri/.m2/repository/log4j/log4j/1.2.17/log4j-1.2.17.jar
7f8b6a2ed000-7f8b6a2ef000 r--s 00009000 08:07 4594596                    /home/anass-jouhri/.m2/repository/commons-cli/commons-cli/1.2/commons-cli-1.2.jar
7f8b6a2ef000-7f8b6a2f7000 r--s 00045000 08:07 4593670                    /home/anass-jouhri/.m2/repository/junit/junit/4.12/junit-4.12.jar
7f8b6a2f7000-7f8b6a2f9000 r--s 00009000 08:07 4598306                    /home/anass-jouhri/.m2/repository/org/slf4j/slf4j-api/1.7.25/slf4j-api-1.7.25.jar
7f8b6a2f9000-7f8b6a301000 r--s 00073000 08:07 1060919                    /home/anass-jouhri/.m2/repository/org/apache/commons/commons-lang3/3.8.1/commons-lang3-3.8.1.jar
7f8b6a301000-7f8b6a303000 r--s 00007000 08:07 928330                     /home/anass-jouhri/.m2/repository/org/apache/commons/commons-csv/1.0/commons-csv-1.0.jar
7f8b6a303000-7f8b6a305000 r--s 00003000 08:07 1841918                    /home/anass-jouhri/.m2/repository/org/slf4j/jcl-over-slf4j/1.7.25/jcl-over-slf4j-1.7.25.jar
7f8b6a305000-7f8b6a30a000 r--s 00033000 08:07 3148146                    /home/anass-jouhri/.m2/repository/org/apache/thrift/libthrift/0.9.2/libthrift-0.9.2.jar
7f8b6a30a000-7f8b6a30e000 r--s 00024000 08:07 1841916                    /home/anass-jouhri/.m2/repository/org/apache/httpcomponents/httpclient-cache/4.5.6/httpclient-cache-4.5.6.jar
7f8b6a30e000-7f8b6a310000 r--s 0001c000 08:07 1841914                    /home/anass-jouhri/.m2/repository/com/github/jsonld-java/jsonld-java/0.7.0/jsonld-java-0.7.0.jar
7f8b6a310000-7f8b6a317000 r--s 0004b000 08:07 393724                     /home/anass-jouhri/.m2/repository/commons-codec/commons-codec/1.11/commons-codec-1.11.jar
7f8b6a317000-7f8b6a31e000 r--s 00049000 08:07 1712743                    /home/anass-jouhri/.m2/repository/org/apache/httpcomponents/httpcore/4.4.10/httpcore-4.4.10.jar
7f8b6a31e000-7f8b6a32b000 r--s 000af000 08:07 1461774                    /home/anass-jouhri/.m2/repository/org/apache/httpcomponents/httpclient/4.5.6/httpclient-4.5.6.jar
7f8b6a32b000-7f8b6a35f000 r--s 0020e000 08:07 3148144                    /home/anass-jouhri/.m2/repository/org/apache/jena/jena-shaded-guava/3.1.0/jena-shaded-guava-3.1.0.jar
7f8b6a35f000-7f8b6a364000 r--s 00023000 08:07 1461772                    /home/anass-jouhri/.m2/repository/com/github/andrewoma/dexx/collection/0.6/collection-0.6.jar
7f8b6a364000-7f8b6a369000 r--s 00030000 08:07 3148142                    /home/anass-jouhri/.m2/repository/org/apache/jena/jena-base/3.1.0/jena-base-3.1.0.jar
7f8b6a369000-7f8b6a372000 r--s 0002d000 08:07 4724686                    /home/anass-jouhri/.m2/repository/xml-apis/xml-apis/1.4.01/xml-apis-1.4.01.jar
7f8b6a372000-7f8b6a38b000 r--s 00135000 08:07 4724684                    /home/anass-jouhri/.m2/repository/xerces/xercesImpl/2.11.0/xercesImpl-2.11.0.jar
7f8b6a38b000-7f8b6a38d000 r--s 00020000 08:07 3148140                    /home/anass-jouhri/.m2/repository/org/apache/jena/jena-iri/3.1.0/jena-iri-3.1.0.jar
7f8b6a38d000-7f8b6a3a7000 r--s 0013c000 08:07 3148138                    /home/anass-jouhri/.m2/repository/org/apache/jena/jena-core/3.1.0/jena-core-3.1.0.jar
7f8b6a3a7000-7f8b6a3da000 r--s 0027f000 08:07 3148136                    /home/anass-jouhri/.m2/repository/org/apache/jena/jena-arq/3.1.0/jena-arq-3.1.0.jar
7f8b6a3da000-7f8b6a3e3000 r--s 00078000 08:07 3148134                    /home/anass-jouhri/.m2/repository/org/apache/jena/jena-tdb/3.1.0/jena-tdb-3.1.0.jar
7f8b6a3e3000-7f8b6a3e8000 r--s 00028000 08:07 3148132                    /home/anass-jouhri/.m2/repository/org/springframework/spring-context-support/5.1.3.RELEASE/spring-context-support-5.1.3.RELEASE.jar
7f8b6a3e8000-7f8b6a404000 r--s 00159000 08:07 3148130                    /home/anass-jouhri/.m2/repository/org/freemarker/freemarker/2.3.28/freemarker-2.3.28.jar
7f8b6a404000-7f8b6a405000 r--s 00000000 08:07 3148128                    /home/anass-jouhri/.m2/repository/org/springframework/boot/spring-boot-starter-freemarker/2.1.1.RELEASE/spring-boot-starter-freemarker-2.1.1.RELEASE.jar
7f8b6a405000-7f8b6a406000 r--s 00005000 08:07 2890078                    /home/anass-jouhri/.m2/repository/org/springframework/spring-jcl/5.1.3.RELEASE/spring-jcl-5.1.3.RELEASE.jar
7f8b6a406000-7f8b6a41e000 r--s 00123000 08:07 2890076                    /home/anass-jouhri/.m2/repository/org/springframework/spring-core/5.1.3.RELEASE/spring-core-5.1.3.RELEASE.jar
7f8b6a41e000-7f8b6a420000 r--s 00009000 08:07 4593672                    /home/anass-jouhri/.m2/repository/org/hamcrest/hamcrest-core/1.3/hamcrest-core-1.3.jar
7f8b6a420000-7f8b6a444000 r--s 00113000 08:07 3022413                    /home/anass-jouhri/.m2/repository/org/springframework/boot/spring-boot-autoconfigure/2.1.1.RELEASE/spring-boot-autoconfigure-2.1.1.RELEASE.jar
7f8b6a444000-7f8b6a459000 r--s 000d5000 08:07 2890074                    /home/anass-jouhri/.m2/repository/org/springframework/boot/spring-boot/2.1.1.RELEASE/spring-boot-2.1.1.RELEASE.jar
7f8b6a459000-7f8b6a45f000 r--s 0002e000 08:07 3148106                    /home/anass-jouhri/.m2/repository/org/springframework/boot/spring-boot-devtools/2.1.1.RELEASE/spring-boot-devtools-2.1.1.RELEASE.jar
7f8b6a45f000-7f8b6a460000 r--s 00009000 08:07 3022411                    /home/anass-jouhri/.m2/repository/org/thymeleaf/extras/thymeleaf-extras-java8time/3.0.2.RELEASE/thymeleaf-extras-java8time-3.0.2.RELEASE.jar
7f8b6a460000-7f8b6a463000 r--s 00028000 08:07 3022409                    /home/anass-jouhri/.m2/repository/org/unbescape/unbescape/1.1.6.RELEASE/unbescape-1.1.6.RELEASE.jar
7f8b6a463000-7f8b6a468000 r--s 00037000 08:07 3022407                    /home/anass-jouhri/.m2/repository/org/attoparser/attoparser/2.0.5.RELEASE/attoparser-2.0.5.RELEASE.jar
7f8b6a468000-7f8b6a478000 r--s 000c5000 08:07 3022405                    /home/anass-jouhri/.m2/repository/org/thymeleaf/thymeleaf/3.0.11.RELEASE/thymeleaf-3.0.11.RELEASE.jar
7f8b6a478000-7f8b6a47d000 r--s 00027000 08:07 3022403                    /home/anass-jouhri/.m2/repository/org/thymeleaf/thymeleaf-spring5/3.0.11.RELEASE/thymeleaf-spring5-3.0.11.RELEASE.jar
7f8b6a47d000-7f8b6a47e000 r--s 00000000 08:07 3022401                    /home/anass-jouhri/.m2/repository/org/springframework/boot/spring-boot-starter-thymeleaf/2.1.1.RELEASE/spring-boot-starter-thymeleaf-2.1.1.RELEASE.jar
7f8b6a47e000-7f8b6a483000 r--s 00040000 08:07 3022399                    /home/anass-jouhri/.m2/repository/org/springframework/spring-expression/5.1.3.RELEASE/spring-expression-5.1.3.RELEASE.jar
7f8b6a483000-7f8b6a49d000 r--s 000f3000 08:07 2890072                    /home/anass-jouhri/.m2/repository/org/springframework/spring-context/5.1.3.RELEASE/spring-context-5.1.3.RELEASE.jar
7f8b6a49d000-7f8b6a4a7000 r--s 00051000 08:07 2890070                    /home/anass-jouhri/.m2/repository/org/springframework/spring-aop/5.1.3.RELEASE/spring-aop-5.1.3.RELEASE.jar
7f8b6a4a7000-7f8b6a4b6000 r--s 000b5000 08:07 3022397                    /home/anass-jouhri/.m2/repository/org/springframework/spring-webmvc/5.1.3.RELEASE/spring-webmvc-5.1.3.RELEASE.jar
7f8b6a4b6000-7f8b6a4c2000 r--s 00098000 08:07 2890068                    /home/anass-jouhri/.m2/repository/org/springframework/spring-beans/5.1.3.RELEASE/spring-beans-5.1.3.RELEASE.jar
7f8b6a4c2000-7f8b6a4de000 r--s 00135000 08:07 3022395                    /home/anass-jouhri/.m2/repository/org/springframework/spring-web/5.1.3.RELEASE/spring-web-5.1.3.RELEASE.jar
7f8b6a4de000-7f8b6a4e0000 r--s 0000f000 08:07 3022393                    /home/anass-jouhri/.m2/repository/com/fasterxml/classmate/1.4.0/classmate-1.4.0.jar
7f8b6a4e0000-7f8b6a4e2000 r--s 0000f000 08:07 1712739                    /home/anass-jouhri/.m2/repository/org/jboss/logging/jboss-logging/3.3.2.Final/jboss-logging-3.3.2.Final.jar
7f8b6a4e2000-7f8b6a4e7000 r--s 00012000 08:07 1712737                    /home/anass-jouhri/.m2/repository/javax/validation/validation-api/2.0.1.Final/validation-api-2.0.1.Final.jar
7f8b6a4e7000-7f8b6a504000 r--s 000fe000 08:07 3022391                    /home/anass-jouhri/.m2/repository/org/hibernate/validator/hibernate-validator/6.0.13.Final/hibernate-validator-6.0.13.Final.jar
7f8b6a504000-7f8b6a50a000 r--s 0003b000 08:07 3022389                    /home/anass-jouhri/.m2/repository/org/apache/tomcat/embed/tomcat-embed-websocket/9.0.13/tomcat-embed-websocket-9.0.13.jar
7f8b6a50a000-7f8b6a50f000 r--s 00039000 08:07 3022387                    /home/anass-jouhri/.m2/repository/org/apache/tomcat/embed/tomcat-embed-el/9.0.13/tomcat-embed-el-9.0.13.jar
7f8b6a50f000-7f8b6a538000 r--s 002ed000 08:07 3022385                    /home/anass-jouhri/.m2/repository/org/apache/tomcat/embed/tomcat-embed-core/9.0.13/tomcat-embed-core-9.0.13.jar
7f8b6a538000-7f8b6a539000 r--s 00000000 08:07 3022383                    /home/anass-jouhri/.m2/repository/org/springframework/boot/spring-boot-starter-tomcat/2.1.1.RELEASE/spring-boot-starter-tomcat-2.1.1.RELEASE.jar
7f8b6a539000-7f8b6a53b000 r--s 00001000 08:07 3022381                    /home/anass-jouhri/.m2/repository/com/fasterxml/jackson/module/jackson-module-parameter-names/2.9.7/jackson-module-parameter-names-2.9.7.jar
7f8b6a53b000-7f8b6a53e000 r--s 00016000 08:07 3022379                    /home/anass-jouhri/.m2/repository/com/fasterxml/jackson/datatype/jackson-datatype-jsr310/2.9.7/jackson-datatype-jsr310-2.9.7.jar
7f8b6a53e000-7f8b6a540000 r--s 00007000 08:07 3022377                    /home/anass-jouhri/.m2/repository/com/fasterxml/jackson/datatype/jackson-datatype-jdk8/2.9.7/jackson-datatype-jdk8-2.9.7.jar
7f8b6a540000-7f8b6a541000 r--s 00000000 08:07 3022375                    /home/anass-jouhri/.m2/repository/org/springframework/boot/spring-boot-starter-json/2.1.1.RELEASE/spring-boot-starter-json-2.1.1.RELEASE.jar
7f8b6a541000-7f8b6a548000 r--s 00043000 08:07 3022373                    /home/anass-jouhri/.m2/repository/org/yaml/snakeyaml/1.23/snakeyaml-1.23.jar
7f8b6a548000-7f8b6a54a000 r--s 00005000 08:07 1324267                    /home/anass-jouhri/.m2/repository/javax/annotation/javax.annotation-api/1.3.2/javax.annotation-api-1.3.2.jar
7f8b6a54a000-7f8b6a54c000 r--s 00000000 08:07 928328                     /home/anass-jouhri/.m2/repository/org/slf4j/jul-to-slf4j/1.7.25/jul-to-slf4j-1.7.25.jar
7f8b6a54c000-7f8b6a552000 r--s 0003b000 08:07 3022371                    /home/anass-jouhri/.m2/repository/org/apache/logging/log4j/log4j-api/2.11.1/log4j-api-2.11.1.jar
7f8b6a552000-7f8b6a554000 r--s 00003000 08:07 2756659                    /home/anass-jouhri/.m2/repository/org/apache/logging/log4j/log4j-to-slf4j/2.11.1/log4j-to-slf4j-2.11.1.jar
7f8b6a554000-7f8b6a55f000 r--s 00069000 08:07 1324265                    /home/anass-jouhri/.m2/repository/ch/qos/logback/logback-core/1.2.3/logback-core-1.2.3.jar
7f8b6a55f000-7f8b6a565000 r--s 00041000 08:07 1200805                    /home/anass-jouhri/.m2/repository/ch/qos/logback/logback-classic/1.2.3/logback-classic-1.2.3.jar
7f8b6a565000-7f8b6a566000 r--s 00000000 08:07 3022369                    /home/anass-jouhri/.m2/repository/org/springframework/boot/spring-boot-starter-logging/2.1.1.RELEASE/spring-boot-starter-logging-2.1.1.RELEASE.jar
7f8b6a566000-7f8b6a569000 r--s 0000e000 08:07 2890062                    /home/anass-jouhri/.m2/repository/com/fasterxml/jackson/core/jackson-annotations/2.9.0/jackson-annotations-2.9.0.jar
7f8b6a569000-7f8b6a57c000 r--s 00137000 08:07 2890060                    /home/anass-jouhri/.m2/repository/com/fasterxml/jackson/core/jackson-databind/2.9.7/jackson-databind-2.9.7.jar
7f8b6a57c000-7f8b6a580000 r--s 0004c000 08:07 2890056                    /home/anass-jouhri/.m2/repository/com/fasterxml/jackson/core/jackson-core/2.9.7/jackson-core-2.9.7.jar
7f8b6a580000-7f8b6a585000 r--s 002f9000 08:07 661711                     /usr/lib/jvm/java-8-openjdk-amd64/jre/lib/charsets.jar
7f8b6a585000-7f8b6a58a000 r--s 000a0000 08:07 661720                     /usr/lib/jvm/java-8-openjdk-amd64/jre/lib/jsse.jar
7f8b6a58a000-7f8b6a5a5000 r--s 001d6000 08:07 661656                     /usr/lib/jvm/java-8-openjdk-amd64/jre/lib/ext/nashorn.jar
7f8b6a5a5000-7f8b6a5c0000 r--s 00394000 08:07 661657                     /usr/lib/jvm/java-8-openjdk-amd64/jre/lib/ext/cldrdata.jar
7f8b6a5c0000-7f8b6a5c1000 ---p 00000000 00:00 0 
7f8b6a5c1000-7f8b6a6c1000 rw-p 00000000 00:00 0 
7f8b6a6c1000-7f8b6a6c4000 ---p 00000000 00:00 0 
7f8b6a6c4000-7f8b6a7c2000 rw-p 00000000 00:00 0 
7f8b6a7c2000-7f8b6a7c5000 ---p 00000000 00:00 0 
7f8b6a7c5000-7f8b6a8c3000 rw-p 00000000 00:00 0 
7f8b6a8c3000-7f8b6a8c6000 ---p 00000000 00:00 0 
7f8b6a8c6000-7f8b6a9c4000 rw-p 00000000 00:00 0 
7f8b6a9c4000-7f8b6a9c7000 ---p 00000000 00:00 0 
7f8b6a9c7000-7f8b6aac5000 rw-p 00000000 00:00 0 
7f8b6aac5000-7f8b6aac8000 ---p 00000000 00:00 0 
7f8b6aac8000-7f8b6abc6000 rw-p 00000000 00:00 0 
7f8b6abc6000-7f8b6afcf000 r--p 00000000 08:07 657015                     /usr/lib/locale/locale-archive
7f8b6afcf000-7f8b6afd2000 ---p 00000000 00:00 0 
7f8b6afd2000-7f8b6b0d0000 rw-p 00000000 00:00 0 
7f8b6b0d0000-7f8b6b0d3000 ---p 00000000 00:00 0 
7f8b6b0d3000-7f8b6b1d1000 rw-p 00000000 00:00 0 
7f8b6b1d1000-7f8b6b1d2000 ---p 00000000 00:00 0 
7f8b6b1d2000-7f8b6c000000 rw-p 00000000 00:00 0 
7f8b6c000000-7f8b6c232000 rw-p 00000000 00:00 0 
7f8b6c232000-7f8b70000000 ---p 00000000 00:00 0 
7f8b70000000-7f8b71000000 rw-p 00000000 00:00 0 
7f8b71000000-7f8b71f00000 rwxp 00000000 00:00 0 
7f8b71f00000-7f8b80000000 ---p 00000000 00:00 0 
7f8b80000000-7f8b809ca000 rw-p 00000000 00:00 0 
7f8b809ca000-7f8b84000000 ---p 00000000 00:00 0 
7f8b84000000-7f8b84002000 r--s 0000f000 08:07 2890058                    /home/anass-jouhri/.m2/repository/commons-fileupload/commons-fileupload/1.3.1/commons-fileupload-1.3.1.jar
7f8b84002000-7f8b84004000 r--s 00016000 08:07 661703                     /usr/lib/jvm/java-8-openjdk-amd64/jre/lib/jce.jar
7f8b84004000-7f8b84017000 r--s 00346000 08:07 661664                     /usr/lib/jvm/java-8-openjdk-amd64/jre/lib/resources.jar
7f8b84017000-7f8b84019000 r--s 00008000 08:07 661659                     /usr/lib/jvm/java-8-openjdk-amd64/jre/lib/ext/sunec.jar
7f8b84019000-7f8b842ed000 rw-p 00000000 00:00 0 
7f8b842ed000-7f8b844bc000 r--s 03c33000 08:07 661653                     /usr/lib/jvm/java-8-openjdk-amd64/jre/lib/rt.jar
7f8b844bc000-7f8b84532000 rw-p 00000000 00:00 0 
7f8b84532000-7f8b84533000 ---p 00000000 00:00 0 
7f8b84533000-7f8b84633000 rw-p 00000000 00:00 0 
7f8b84633000-7f8b84634000 ---p 00000000 00:00 0 
7f8b84634000-7f8b84734000 rw-p 00000000 00:00 0 
7f8b84734000-7f8b84735000 ---p 00000000 00:00 0 
7f8b84735000-7f8b84835000 rw-p 00000000 00:00 0 
7f8b84835000-7f8b84836000 ---p 00000000 00:00 0 
7f8b84836000-7f8b84c8c000 rw-p 00000000 00:00 0 
7f8b84c8c000-7f8b84e8c000 ---p 00000000 00:00 0 
7f8b84e8c000-7f8b851e2000 rw-p 00000000 00:00 0 
7f8b851e2000-7f8b853e1000 ---p 00000000 00:00 0 
7f8b853e1000-7f8b8568c000 rw-p 00000000 00:00 0 
7f8b8568c000-7f8b856c9000 rw-p 00000000 00:00 0 
7f8b856c9000-7f8b85a4d000 ---p 00000000 00:00 0 
7f8b85a4d000-7f8b85a55000 r-xp 00000000 08:07 661697                     /usr/lib/jvm/java-8-openjdk-amd64/jre/lib/amd64/libzip.so
7f8b85a55000-7f8b85c54000 ---p 00008000 08:07 661697                     /usr/lib/jvm/java-8-openjdk-amd64/jre/lib/amd64/libzip.so
7f8b85c54000-7f8b85c55000 r--p 00007000 08:07 661697                     /usr/lib/jvm/java-8-openjdk-amd64/jre/lib/amd64/libzip.so
7f8b85c55000-7f8b85c56000 rw-p 00008000 08:07 661697                     /usr/lib/jvm/java-8-openjdk-amd64/jre/lib/amd64/libzip.so
7f8b85c56000-7f8b85c61000 r-xp 00000000 08:07 4594723                    /lib/x86_64-linux-gnu/libnss_files-2.23.so
7f8b85c61000-7f8b85e60000 ---p 0000b000 08:07 4594723                    /lib/x86_64-linux-gnu/libnss_files-2.23.so
7f8b85e60000-7f8b85e61000 r--p 0000a000 08:07 4594723                    /lib/x86_64-linux-gnu/libnss_files-2.23.so
7f8b85e61000-7f8b85e62000 rw-p 0000b000 08:07 4594723                    /lib/x86_64-linux-gnu/libnss_files-2.23.so
7f8b85e62000-7f8b85e68000 rw-p 00000000 00:00 0 
7f8b85e68000-7f8b85e73000 r-xp 00000000 08:07 4594727                    /lib/x86_64-linux-gnu/libnss_nis-2.23.so
7f8b85e73000-7f8b86072000 ---p 0000b000 08:07 4594727                    /lib/x86_64-linux-gnu/libnss_nis-2.23.so
7f8b86072000-7f8b86073000 r--p 0000a000 08:07 4594727                    /lib/x86_64-linux-gnu/libnss_nis-2.23.so
7f8b86073000-7f8b86074000 rw-p 0000b000 08:07 4594727                    /lib/x86_64-linux-gnu/libnss_nis-2.23.so
7f8b86074000-7f8b8608a000 r-xp 00000000 08:07 4594698                    /lib/x86_64-linux-gnu/libnsl-2.23.so
7f8b8608a000-7f8b86289000 ---p 00016000 08:07 4594698                    /lib/x86_64-linux-gnu/libnsl-2.23.so
7f8b86289000-7f8b8628a000 r--p 00015000 08:07 4594698                    /lib/x86_64-linux-gnu/libnsl-2.23.so
7f8b8628a000-7f8b8628b000 rw-p 00016000 08:07 4594698                    /lib/x86_64-linux-gnu/libnsl-2.23.so
7f8b8628b000-7f8b8628d000 rw-p 00000000 00:00 0 
7f8b8628d000-7f8b86295000 r-xp 00000000 08:07 4594718                    /lib/x86_64-linux-gnu/libnss_compat-2.23.so
7f8b86295000-7f8b86494000 ---p 00008000 08:07 4594718                    /lib/x86_64-linux-gnu/libnss_compat-2.23.so
7f8b86494000-7f8b86495000 r--p 00007000 08:07 4594718                    /lib/x86_64-linux-gnu/libnss_compat-2.23.so
7f8b86495000-7f8b86496000 rw-p 00008000 08:07 4594718                    /lib/x86_64-linux-gnu/libnss_compat-2.23.so
7f8b86496000-7f8b864c3000 r-xp 00000000 08:07 661702                     /usr/lib/jvm/java-8-openjdk-amd64/jre/lib/amd64/libjava.so
7f8b864c3000-7f8b866c2000 ---p 0002d000 08:07 661702                     /usr/lib/jvm/java-8-openjdk-amd64/jre/lib/amd64/libjava.so
7f8b866c2000-7f8b866c3000 r--p 0002c000 08:07 661702                     /usr/lib/jvm/java-8-openjdk-amd64/jre/lib/amd64/libjava.so
7f8b866c3000-7f8b866c5000 rw-p 0002d000 08:07 661702                     /usr/lib/jvm/java-8-openjdk-amd64/jre/lib/amd64/libjava.so
7f8b866c5000-7f8b866d4000 r-xp 00000000 08:07 661683                     /usr/lib/jvm/java-8-openjdk-amd64/jre/lib/amd64/libverify.so
7f8b866d4000-7f8b868d3000 ---p 0000f000 08:07 661683                     /usr/lib/jvm/java-8-openjdk-amd64/jre/lib/amd64/libverify.so
7f8b868d3000-7f8b868d5000 r--p 0000e000 08:07 661683                     /usr/lib/jvm/java-8-openjdk-amd64/jre/lib/amd64/libverify.so
7f8b868d5000-7f8b868d6000 rw-p 00010000 08:07 661683                     /usr/lib/jvm/java-8-openjdk-amd64/jre/lib/amd64/libverify.so
7f8b868d6000-7f8b868dd000 r-xp 00000000 08:07 4594728                    /lib/x86_64-linux-gnu/librt-2.23.so
7f8b868dd000-7f8b86adc000 ---p 00007000 08:07 4594728                    /lib/x86_64-linux-gnu/librt-2.23.so
7f8b86adc000-7f8b86add000 r--p 00006000 08:07 4594728                    /lib/x86_64-linux-gnu/librt-2.23.so
7f8b86add000-7f8b86ade000 rw-p 00007000 08:07 4594728                    /lib/x86_64-linux-gnu/librt-2.23.so
7f8b86ade000-7f8b86af4000 r-xp 00000000 08:07 4592647                    /lib/x86_64-linux-gnu/libgcc_s.so.1
7f8b86af4000-7f8b86cf3000 ---p 00016000 08:07 4592647                    /lib/x86_64-linux-gnu/libgcc_s.so.1
7f8b86cf3000-7f8b86cf4000 rw-p 00015000 08:07 4592647                    /lib/x86_64-linux-gnu/libgcc_s.so.1
7f8b86cf4000-7f8b86dfc000 r-xp 00000000 08:07 4589050                    /lib/x86_64-linux-gnu/libm-2.23.so
7f8b86dfc000-7f8b86ffb000 ---p 00108000 08:07 4589050                    /lib/x86_64-linux-gnu/libm-2.23.so
7f8b86ffb000-7f8b86ffc000 r--p 00107000 08:07 4589050                    /lib/x86_64-linux-gnu/libm-2.23.so
7f8b86ffc000-7f8b86ffd000 rw-p 00108000 08:07 4589050                    /lib/x86_64-linux-gnu/libm-2.23.so
7f8b86ffd000-7f8b8716f000 r-xp 00000000 08:07 657410                     /usr/lib/x86_64-linux-gnu/libstdc++.so.6.0.21
7f8b8716f000-7f8b8736f000 ---p 00172000 08:07 657410                     /usr/lib/x86_64-linux-gnu/libstdc++.so.6.0.21
7f8b8736f000-7f8b87379000 r--p 00172000 08:07 657410                     /usr/lib/x86_64-linux-gnu/libstdc++.so.6.0.21
7f8b87379000-7f8b8737b000 rw-p 0017c000 08:07 657410                     /usr/lib/x86_64-linux-gnu/libstdc++.so.6.0.21
7f8b8737b000-7f8b8737f000 rw-p 00000000 00:00 0 
7f8b8737f000-7f8b87fe0000 r-xp 00000000 08:07 661677                     /usr/lib/jvm/java-8-openjdk-amd64/jre/lib/amd64/server/libjvm.so
7f8b87fe0000-7f8b881e0000 ---p 00c61000 08:07 661677                     /usr/lib/jvm/java-8-openjdk-amd64/jre/lib/amd64/server/libjvm.so
7f8b881e0000-7f8b88274000 r--p 00c61000 08:07 661677                     /usr/lib/jvm/java-8-openjdk-amd64/jre/lib/amd64/server/libjvm.so
7f8b88274000-7f8b8829d000 rw-p 00cf5000 08:07 661677                     /usr/lib/jvm/java-8-openjdk-amd64/jre/lib/amd64/server/libjvm.so
7f8b8829d000-7f8b882cd000 rw-p 00000000 00:00 0 
7f8b882cd000-7f8b882e5000 r-xp 00000000 08:07 4594701                    /lib/x86_64-linux-gnu/libpthread-2.23.so
7f8b882e5000-7f8b884e4000 ---p 00018000 08:07 4594701                    /lib/x86_64-linux-gnu/libpthread-2.23.so
7f8b884e4000-7f8b884e5000 r--p 00017000 08:07 4594701                    /lib/x86_64-linux-gnu/libpthread-2.23.so
7f8b884e5000-7f8b884e6000 rw-p 00018000 08:07 4594701                    /lib/x86_64-linux-gnu/libpthread-2.23.so
7f8b884e6000-7f8b884ea000 rw-p 00000000 00:00 0 
7f8b884ea000-7f8b884ed000 r-xp 00000000 08:07 4594712                    /lib/x86_64-linux-gnu/libdl-2.23.so
7f8b884ed000-7f8b886ec000 ---p 00003000 08:07 4594712                    /lib/x86_64-linux-gnu/libdl-2.23.so
7f8b886ec000-7f8b886ed000 r--p 00002000 08:07 4594712                    /lib/x86_64-linux-gnu/libdl-2.23.so
7f8b886ed000-7f8b886ee000 rw-p 00003000 08:07 4594712                    /lib/x86_64-linux-gnu/libdl-2.23.so
7f8b886ee000-7f8b88707000 r-xp 00000000 08:07 4592800                    /lib/x86_64-linux-gnu/libz.so.1.2.8
7f8b88707000-7f8b88906000 ---p 00019000 08:07 4592800                    /lib/x86_64-linux-gnu/libz.so.1.2.8
7f8b88906000-7f8b88907000 r--p 00018000 08:07 4592800                    /lib/x86_64-linux-gnu/libz.so.1.2.8
7f8b88907000-7f8b88908000 rw-p 00019000 08:07 4592800                    /lib/x86_64-linux-gnu/libz.so.1.2.8
7f8b88908000-7f8b88ac8000 r-xp 00000000 08:07 4594707                    /lib/x86_64-linux-gnu/libc-2.23.so
7f8b88ac8000-7f8b88cc8000 ---p 001c0000 08:07 4594707                    /lib/x86_64-linux-gnu/libc-2.23.so
7f8b88cc8000-7f8b88ccc000 r--p 001c0000 08:07 4594707                    /lib/x86_64-linux-gnu/libc-2.23.so
7f8b88ccc000-7f8b88cce000 rw-p 001c4000 08:07 4594707                    /lib/x86_64-linux-gnu/libc-2.23.so
7f8b88cce000-7f8b88cd2000 rw-p 00000000 00:00 0 
7f8b88cd2000-7f8b88cdf000 r-xp 00000000 08:07 661688                     /usr/lib/jvm/java-8-openjdk-amd64/jre/lib/amd64/jli/libjli.so
7f8b88cdf000-7f8b88edf000 ---p 0000d000 08:07 661688                     /usr/lib/jvm/java-8-openjdk-amd64/jre/lib/amd64/jli/libjli.so
7f8b88edf000-7f8b88ee0000 r--p 0000d000 08:07 661688                     /usr/lib/jvm/java-8-openjdk-amd64/jre/lib/amd64/jli/libjli.so
7f8b88ee0000-7f8b88ee1000 rw-p 0000e000 08:07 661688                     /usr/lib/jvm/java-8-openjdk-amd64/jre/lib/amd64/jli/libjli.so
7f8b88ee1000-7f8b88f07000 r-xp 00000000 08:07 4594700                    /lib/x86_64-linux-gnu/ld-2.23.so
7f8b88f07000-7f8b88f08000 r--s 00000000 08:07 2890066                    /home/anass-jouhri/.m2/repository/org/springframework/boot/spring-boot-starter/2.1.1.RELEASE/spring-boot-starter-2.1.1.RELEASE.jar
7f8b88f08000-7f8b88f0e000 r--s 0003b000 08:07 661658                     /usr/lib/jvm/java-8-openjdk-amd64/jre/lib/ext/sunjce_provider.jar
7f8b88f0e000-7f8b88fe1000 rw-p 00000000 00:00 0 
7f8b88fe1000-7f8b88fe4000 ---p 00000000 00:00 0 
7f8b88fe4000-7f8b890e6000 rw-p 00000000 00:00 0 
7f8b890e6000-7f8b890e7000 r--s 00000000 08:07 2890064                    /home/anass-jouhri/.m2/repository/org/springframework/boot/spring-boot-starter-web/2.1.1.RELEASE/spring-boot-starter-web-2.1.1.RELEASE.jar
7f8b890e7000-7f8b890ea000 r--s 0000f000 08:07 661655                     /usr/lib/jvm/java-8-openjdk-amd64/jre/lib/ext/icedtea-sound.jar
7f8b890ea000-7f8b890eb000 r--s 0000a000 08:07 661660                     /usr/lib/jvm/java-8-openjdk-amd64/jre/lib/ext/jaccess.jar
7f8b890eb000-7f8b890ee000 r--s 00038000 08:07 661661                     /usr/lib/jvm/java-8-openjdk-amd64/jre/lib/ext/sunpkcs11.jar
7f8b890ee000-7f8b890ef000 r--s 00010000 08:07 661662                     /usr/lib/jvm/java-8-openjdk-amd64/jre/lib/ext/zipfs.jar
7f8b890ef000-7f8b890f9000 r--s 00116000 08:07 661654                     /usr/lib/jvm/java-8-openjdk-amd64/jre/lib/ext/localedata.jar
7f8b890f9000-7f8b890fb000 r--s 00001000 08:07 661663                     /usr/lib/jvm/java-8-openjdk-amd64/jre/lib/ext/dnsns.jar
7f8b890fb000-7f8b89103000 rw-s 00000000 08:07 3670028                    /tmp/hsperfdata_anass-jouhri/5433
7f8b89103000-7f8b89104000 rw-p 00000000 00:00 0 
7f8b89104000-7f8b89105000 ---p 00000000 00:00 0 
7f8b89105000-7f8b89106000 rw-p 00000000 00:00 0 
7f8b89106000-7f8b89107000 r--p 00025000 08:07 4594700                    /lib/x86_64-linux-gnu/ld-2.23.so
7f8b89107000-7f8b89108000 rw-p 00026000 08:07 4594700                    /lib/x86_64-linux-gnu/ld-2.23.so
7f8b89108000-7f8b89109000 rw-p 00000000 00:00 0 
7fff91348000-7fff9136b000 rw-p 00000000 00:00 0                          [stack]
7fff9137a000-7fff9137c000 r--p 00000000 00:00 0                          [vvar]
7fff9137c000-7fff9137e000 r-xp 00000000 00:00 0                          [vdso]
ffffffffff600000-ffffffffff601000 r-xp 00000000 00:00 0                  [vsyscall]

VM Arguments:
jvm_args: -Xmx4096m -Dfile.encoding=UTF-8 
java_command: cader.webapp.CaderApplication
java_class_path (initial): /usr/lib/jvm/java-8-openjdk-amd64/jre/lib/resources.jar:/usr/lib/jvm/java-8-openjdk-amd64/jre/lib/rt.jar:/usr/lib/jvm/java-8-openjdk-amd64/jre/lib/jsse.jar:/usr/lib/jvm/java-8-openjdk-amd64/jre/lib/jce.jar:/usr/lib/jvm/java-8-openjdk-amd64/jre/lib/charsets.jar:/usr/lib/jvm/java-8-openjdk-amd64/jre/lib/ext/dnsns.jar:/usr/lib/jvm/java-8-openjdk-amd64/jre/lib/ext/localedata.jar:/usr/lib/jvm/java-8-openjdk-amd64/jre/lib/ext/cldrdata.jar:/usr/lib/jvm/java-8-openjdk-amd64/jre/lib/ext/zipfs.jar:/usr/lib/jvm/java-8-openjdk-amd64/jre/lib/ext/sunpkcs11.jar:/usr/lib/jvm/java-8-openjdk-amd64/jre/lib/ext/nashorn.jar:/usr/lib/jvm/java-8-openjdk-amd64/jre/lib/ext/jaccess.jar:/usr/lib/jvm/java-8-openjdk-amd64/jre/lib/ext/sunjce_provider.jar:/usr/lib/jvm/java-8-openjdk-amd64/jre/lib/ext/icedtea-sound.jar:/usr/lib/jvm/java-8-openjdk-amd64/jre/lib/ext/sunec.jar:/home/anass-jouhri/Desktop/query-relaxation/target/classes:/home/anass-jouhri/.m2/repository/com/fasterxml/jackson/core/jackson-core/2.9.7/jackson-core-2.9.7.jar:/home/anass-jouhri/.m2/repository/commons-fileupload/commons-fileupload/1.3.1/commons-fileupload-1.3.1.jar:/home/anass-jouhri/.m2/repository/com/fasterxml/jackson/core/jackson-databind/2.9.7/jackson-databind-2.9.7.jar:/home/anass-jouhri/.m2/repository/com/fasterxml/jackson/core/jackson-annotations/2.9.0/jackson-annotations-2.9.0.jar:/home/anass-jouhri/.m2/repository/org/springframework/boot/spring-boot-starter-web/2.1.1.RELEASE/spring-boot-starter-web-2.1.1.RELEASE.jar:/home/anass-jouhri/.m2/repository/org/springframework/boot/spring-boot-starter/2.1.1.RELEASE/spring-boot-starter-2.1.1.RELEASE.jar:/home/anass-jouhri/.m2/repository/org/springframework/boot/spring-boot-starter-logging/2.1.1.RELEASE/spring-boot-starter-logging-2.1.1.RELEASE.jar:/home/anass-jouhri/.m2/repository/ch/qos/logback/logback-classic/1.2.3/logback-classic-1.2.3.jar:/home/anass-jouhri/.m2/repository/ch/qos/logback/logback-core/1.2.3/logback-core-1.2.3.jar:/home/anass-jo
Launcher Type: SUN_STANDARD

Environment Variables:
PATH=/home/anass-jouhri/bin:/home/anass-jouhri/.local/bin:/usr/local/sbin:/usr/local/bin:/usr/sbin:/usr/bin:/sbin:/bin:/usr/games:/usr/local/games:/snap/bin
SHELL=/bin/bash
DISPLAY=:0

Signal Handlers:
SIGSEGV: [libjvm.so+0xa74e00], sa_mask[0]=11111111011111111101111111111110, sa_flags=SA_RESTART|SA_SIGINFO
SIGBUS: [libjvm.so+0xa74e00], sa_mask[0]=11111111011111111101111111111110, sa_flags=SA_RESTART|SA_SIGINFO
SIGFPE: [libjvm.so+0x8bbe10], sa_mask[0]=11111111011111111101111111111110, sa_flags=SA_RESTART|SA_SIGINFO
SIGPIPE: [libjvm.so+0x8bbe10], sa_mask[0]=11111111011111111101111111111110, sa_flags=SA_RESTART|SA_SIGINFO
SIGXFSZ: [libjvm.so+0x8bbe10], sa_mask[0]=11111111011111111101111111111110, sa_flags=SA_RESTART|SA_SIGINFO
SIGILL: [libjvm.so+0x8bbe10], sa_mask[0]=11111111011111111101111111111110, sa_flags=SA_RESTART|SA_SIGINFO
SIGUSR1: SIG_DFL, sa_mask[0]=00000000000000000000000000000000, sa_flags=none
SIGUSR2: [libjvm.so+0x8bbcc0], sa_mask[0]=00100000000000000000000000000000, sa_flags=SA_RESTART|SA_SIGINFO
SIGHUP: [libjvm.so+0x8bc350], sa_mask[0]=11111111011111111101111111111110, sa_flags=SA_RESTART|SA_SIGINFO
SIGINT: [libjvm.so+0x8bc350], sa_mask[0]=11111111011111111101111111111110, sa_flags=SA_RESTART|SA_SIGINFO
SIGTERM: [libjvm.so+0x8bc350], sa_mask[0]=11111111011111111101111111111110, sa_flags=SA_RESTART|SA_SIGINFO
SIGQUIT: [libjvm.so+0x8bc350], sa_mask[0]=11111111011111111101111111111110, sa_flags=SA_RESTART|SA_SIGINFO


---------------  S Y S T E M  ---------------

OS:DISTRIB_ID=Ubuntu
DISTRIB_RELEASE=16.04
DISTRIB_CODENAME=xenial
DISTRIB_DESCRIPTION="Ubuntu 16.04.3 LTS"

uname:Linux 4.10.0-28-generic #32~16.04.2-Ubuntu SMP Thu Jul 20 10:19:48 UTC 2017 x86_64
libc:glibc 2.23 NPTL 2.23 
rlimit: STACK 8192k, CORE 0k, NPROC 30995, NOFILE 1048576, AS infinity
load average:2,31 1,31 0,87

/proc/meminfo:
MemTotal:        8031380 kB
MemFree:          138736 kB
MemAvailable:     745368 kB
Buffers:           38968 kB
Cached:          1121964 kB
SwapCached:            0 kB
Active:          6780392 kB
Inactive:         853876 kB
Active(anon):    6475656 kB
Inactive(anon):   356492 kB
Active(file):     304736 kB
Inactive(file):   497384 kB
Unevictable:          48 kB
Mlocked:              48 kB
SwapTotal:             0 kB
SwapFree:              0 kB
Dirty:               180 kB
Writeback:             0 kB
AnonPages:       6201308 kB
Mapped:           380796 kB
Shmem:            358380 kB
Slab:             131660 kB
SReclaimable:      60264 kB
SUnreclaim:        71396 kB
KernelStack:       12368 kB
PageTables:        50508 kB
NFS_Unstable:          0 kB
Bounce:                0 kB
WritebackTmp:          0 kB
CommitLimit:     4015688 kB
Committed_AS:   11301656 kB
VmallocTotal:   34359738367 kB
VmallocUsed:           0 kB
VmallocChunk:          0 kB
HardwareCorrupted:     0 kB
AnonHugePages:   2912256 kB
ShmemHugePages:        0 kB
ShmemPmdMapped:        0 kB
CmaTotal:              0 kB
CmaFree:               0 kB
HugePages_Total:       0
HugePages_Free:        0
HugePages_Rsvd:        0
HugePages_Surp:        0
Hugepagesize:       2048 kB
DirectMap4k:      175616 kB
DirectMap2M:     7022592 kB
DirectMap1G:     2097152 kB

container (cgroup) information:
container_type: cgroupv1
cpu_cpuset_cpus: 0-3
cpu_memory_nodes: 0
active_processor_count: 4
cpu_quota: -1
cpu_period: 100000
cpu_shares: -1
memory_limit_in_bytes: -1
memory_and_swap_limit_in_bytes: -2
memory_soft_limit_in_bytes: -1
memory_usage_in_bytes: 7580942336
memory_max_usage_in_bytes: 7721615360


CPU:total 4 (initial active 4) (2 cores per cpu, 2 threads per core) family 6 model 78 stepping 3, cmov, cx8, fxsr, mmx, sse, sse2, sse3, ssse3, sse4.1, sse4.2, popcnt, avx, avx2, aes, clmul, erms, 3dnowpref, lzcnt, ht, tsc, tscinvbit, bmi1, bmi2, adx

/proc/cpuinfo:
processor	: 0
vendor_id	: GenuineIntel
cpu family	: 6
model		: 78
model name	: Intel(R) Core(TM) i7-6500U CPU @ 2.50GHz
stepping	: 3
microcode	: 0x74
cpu MHz		: 2912.622
cache size	: 4096 KB
physical id	: 0
siblings	: 4
core id		: 0
cpu cores	: 2
apicid		: 0
initial apicid	: 0
fpu		: yes
fpu_exception	: yes
cpuid level	: 22
wp		: yes
flags		: fpu vme de pse tsc msr pae mce cx8 apic sep mtrr pge mca cmov pat pse36 clflush dts acpi mmx fxsr sse sse2 ss ht tm pbe syscall nx pdpe1gb rdtscp lm constant_tsc art arch_perfmon pebs bts rep_good nopl xtopology nonstop_tsc aperfmperf tsc_known_freq pni pclmulqdq dtes64 monitor ds_cpl vmx est tm2 ssse3 sdbg fma cx16 xtpr pdcm pcid sse4_1 sse4_2 x2apic movbe popcnt tsc_deadline_timer aes xsave avx f16c rdrand lahf_lm abm 3dnowprefetch epb intel_pt tpr_shadow vnmi flexpriority ept vpid fsgsbase tsc_adjust bmi1 avx2 smep bmi2 erms invpcid mpx rdseed adx smap clflushopt xsaveopt xsavec xgetbv1 xsaves dtherm ida arat pln pts hwp hwp_notify hwp_act_window hwp_epp
bugs		:
bogomips	: 5184.00
clflush size	: 64
cache_alignment	: 64
address sizes	: 39 bits physical, 48 bits virtual
power management:

processor	: 1
vendor_id	: GenuineIntel
cpu family	: 6
model		: 78
model name	: Intel(R) Core(TM) i7-6500U CPU @ 2.50GHz
stepping	: 3
microcode	: 0x74
cpu MHz		: 2930.554
cache size	: 4096 KB
physical id	: 0
siblings	: 4
core id		: 1
cpu cores	: 2
apicid		: 2
initial apicid	: 2
fpu		: yes
fpu_exception	: yes
cpuid level	: 22
wp		: yes
flags		: fpu vme de pse tsc msr pae mce cx8 apic sep mtrr pge mca cmov pat pse36 clflush dts acpi mmx fxsr sse sse2 ss ht tm pbe syscall nx pdpe1gb rdtscp lm constant_tsc art arch_perfmon pebs bts rep_good nopl xtopology nonstop_tsc aperfmperf tsc_known_freq pni pclmulqdq dtes64 monitor ds_cpl vmx est tm2 ssse3 sdbg fma cx16 xtpr pdcm pcid sse4_1 sse4_2 x2apic movbe popcnt tsc_deadline_timer aes xsave avx f16c rdrand lahf_lm abm 3dnowprefetch epb intel_pt tpr_shadow vnmi flexpriority ept vpid fsgsbase tsc_adjust bmi1 avx2 smep bmi2 erms invpcid mpx rdseed adx smap clflushopt xsaveopt xsavec xgetbv1 xsaves dtherm ida arat pln pts hwp hwp_notify hwp_act_window hwp_epp
bugs		:
bogomips	: 5184.00
clflush size	: 64
cache_alignment	: 64
address sizes	: 39 bits physical, 48 bits virtual
power management:

processor	: 2
vendor_id	: GenuineIntel
cpu family	: 6
model		: 78
model name	: Intel(R) Core(TM) i7-6500U CPU @ 2.50GHz
stepping	: 3
microcode	: 0x74
cpu MHz		: 2872.155
cache size	: 4096 KB
physical id	: 0
siblings	: 4
core id		: 0
cpu cores	: 2
apicid		: 1
initial apicid	: 1
fpu		: yes
fpu_exception	: yes
cpuid level	: 22
wp		: yes
flags		: fpu vme de pse tsc msr pae mce cx8 apic sep mtrr pge mca cmov pat pse36 clflush dts acpi mmx fxsr sse sse2 ss ht tm pbe syscall nx pdpe1gb rdtscp lm constant_tsc art arch_perfmon pebs bts rep_good nopl xtopology nonstop_tsc aperfmperf tsc_known_freq pni pclmulqdq dtes64 monitor ds_cpl vmx est tm2 ssse3 sdbg fma cx16 xtpr pdcm pcid sse4_1 sse4_2 x2apic movbe popcnt tsc_deadline_timer aes xsave avx f16c rdrand lahf_lm abm 3dnowprefetch epb intel_pt tpr_shadow vnmi flexpriority ept vpid fsgsbase tsc_adjust bmi1 avx2 smep bmi2 erms invpcid mpx rdseed adx smap clflushopt xsaveopt xsavec xgetbv1 xsaves dtherm ida arat pln pts hwp hwp_notify hwp_act_window hwp_epp
bugs		:
bogomips	: 5184.00
clflush size	: 64
cache_alignment	: 64
address sizes	: 39 bits physical, 48 bits virtual
power management:

processor	: 3
vendor_id	: GenuineIntel
cpu family	: 6
model		: 78
model name	: Intel(R) Core(TM) i7-6500U CPU @ 2.50GHz
stepping	: 3
microcode	: 0x74
cpu MHz		: 2932.458
cache size	: 4096 KB
physical id	: 0
siblings	: 4
core id		: 1
cpu cores	: 2
apicid		: 3
initial apicid	: 3
fpu		: yes
fpu_exception	: yes
cpuid level	: 22
wp		: yes
flags		: fpu vme de pse tsc msr pae mce cx8 apic sep mtrr pge mca cmov pat pse36 clflush dts acpi mmx fxsr sse sse2 ss ht tm pbe syscall nx pdpe1gb rdtscp lm constant_tsc art arch_perfmon pebs bts rep_good nopl xtopology nonstop_tsc aperfmperf tsc_known_freq pni pclmulqdq dtes64 monitor ds_cpl vmx est tm2 ssse3 sdbg fma cx16 xtpr pdcm pcid sse4_1 sse4_2 x2apic movbe popcnt tsc_deadline_timer aes xsave avx f16c rdrand lahf_lm abm 3dnowprefetch epb intel_pt tpr_shadow vnmi flexpriority ept vpid fsgsbase tsc_adjust bmi1 avx2 smep bmi2 erms invpcid mpx rdseed adx smap clflushopt xsaveopt xsavec xgetbv1 xsaves dtherm ida arat pln pts hwp hwp_notify hwp_act_window hwp_epp
bugs		:
bogomips	: 5184.00
clflush size	: 64
cache_alignment	: 64
address sizes	: 39 bits physical, 48 bits virtual
power management:



Memory: 4k page, physical 8031380k(138736k free), swap 0k(0k free)

vm_info: OpenJDK 64-Bit Server VM (25.191-b12) for linux-amd64 JRE (1.8.0_191-8u191-b12-0ubuntu0.16.04.1-b12), built on Nov 20 2018 15:24:40 by "buildd" with gcc 5.4.0 20160609

time: Wed Jan  9 14:56:17 2019
elapsed time: 206 seconds (0d 0h 3m 26s)

