#
# There is insufficient memory for the Java Runtime Environment to continue.
# Native memory allocation (mmap) failed to map 101187584 bytes for committing reserved memory.
# Possible reasons:
#   The system is out of physical RAM or swap space
#   In 32 bit mode, the process size limit was hit
# Possible solutions:
#   Reduce memory load on the system
#   Increase physical memory or swap space
#   Check if swap backing store is full
#   Use 64 bit Java on a 64 bit OS
#   Decrease Java heap size (-Xmx/-Xms)
#   Decrease number of Java threads
#   Decrease Java thread stack sizes (-Xss)
#   Set larger code cache with -XX:ReservedCodeCacheSize=
# This output file may be truncated or incomplete.
#
#  Out of Memory Error (os_linux.cpp:2746), pid=17663, tid=0x00007f25d82de700
#
# JRE version: OpenJDK Runtime Environment (8.0_191-b12) (build 1.8.0_191-8u191-b12-0ubuntu0.18.04.1-b12)
# Java VM: OpenJDK 64-Bit Server VM (25.191-b12 mixed mode linux-amd64 compressed oops)
# Failed to write core dump. Core dumps have been disabled. To enable core dumping, try "ulimit -c unlimited" before starting Java again
#

---------------  T H R E A D  ---------------

Current thread (0x00007f25ec07d000):  VMThread [stack: 0x00007f25d81df000,0x00007f25d82df000] [id=17673]

Stack: [0x00007f25d81df000,0x00007f25d82df000],  sp=0x00007f25d82dd440,  free space=1017k
Native frames: (J=compiled Java code, j=interpreted, Vv=VM code, C=native code)
V  [libjvm.so+0xab2512]
V  [libjvm.so+0x4d9e97]
V  [libjvm.so+0x8ed690]
V  [libjvm.so+0x8e47be]
V  [libjvm.so+0x968516]
V  [libjvm.so+0x95718a]
V  [libjvm.so+0x957358]
V  [libjvm.so+0x957f60]
V  [libjvm.so+0x95e2fc]
V  [libjvm.so+0x9663e5]
V  [libjvm.so+0x914a58]
V  [libjvm.so+0xab41d2]
V  [libjvm.so+0xab8d96]
V  [libjvm.so+0xab7035]
V  [libjvm.so+0xab79ad]
V  [libjvm.so+0xab7d87]
V  [libjvm.so+0x8eaa42]

VM_Operation (0x00007f25bd007d10): ParallelGCFailedAllocation, mode: safepoint, requested by thread 0x00007f257c181000


---------------  P R O C E S S  ---------------

Java Threads: ( => current thread )
  0x00007f257c3ed800 JavaThread "http-nio-8080-AsyncTimeout" daemon [_thread_blocked, id=18388, stack(0x00007f25bcd5d000,0x00007f25bce5e000)]
  0x00007f257c3ed000 JavaThread "http-nio-8080-Acceptor-0" daemon [_thread_in_native, id=18387, stack(0x00007f25bd00c000,0x00007f25bd10d000)]
  0x00007f257c3ec000 JavaThread "http-nio-8080-ClientPoller-1" daemon [_thread_blocked, id=18386, stack(0x00007f25bcc5c000,0x00007f25bcd5d000)]
  0x00007f257c3eb800 JavaThread "http-nio-8080-ClientPoller-0" daemon [_thread_blocked, id=18385, stack(0x00007f25bf0ff000,0x00007f25bf200000)]
  0x00007f257c3eb000 JavaThread "http-nio-8080-exec-10" daemon [_thread_blocked, id=18384, stack(0x00007f25bca5a000,0x00007f25bcb5b000)]
  0x00007f257c3ea000 JavaThread "http-nio-8080-exec-9" daemon [_thread_blocked, id=18383, stack(0x00007f25bc959000,0x00007f25bca5a000)]
  0x00007f257c3e9800 JavaThread "http-nio-8080-exec-8" daemon [_thread_blocked, id=18382, stack(0x00007f25bc858000,0x00007f25bc959000)]
  0x00007f257c3e8800 JavaThread "http-nio-8080-exec-7" daemon [_thread_blocked, id=18381, stack(0x00007f25bc151000,0x00007f25bc252000)]
  0x00007f257c183000 JavaThread "http-nio-8080-exec-6" daemon [_thread_blocked, id=18380, stack(0x00007f25bc757000,0x00007f25bc858000)]
  0x00007f257c182800 JavaThread "http-nio-8080-exec-5" daemon [_thread_blocked, id=18379, stack(0x00007f25bc454000,0x00007f25bc555000)]
  0x00007f257c182000 JavaThread "http-nio-8080-exec-4" daemon [_thread_blocked, id=18378, stack(0x00007f25bf301000,0x00007f25bf402000)]
  0x00007f257c181000 JavaThread "http-nio-8080-exec-3" daemon [_thread_blocked, id=18377, stack(0x00007f25bcf0b000,0x00007f25bd00c000)]
  0x00007f257c180800 JavaThread "http-nio-8080-exec-2" daemon [_thread_blocked, id=18376, stack(0x00007f25bc555000,0x00007f25bc656000)]
  0x00007f257c355000 JavaThread "http-nio-8080-exec-1" daemon [_thread_blocked, id=18375, stack(0x00007f25bf200000,0x00007f25bf301000)]
  0x00007f257c354000 JavaThread "NioBlockingSelector.BlockPoller-13" daemon [_thread_blocked, id=18374, stack(0x00007f255f1fe000,0x00007f255f2ff000)]
  0x00007f257c353800 JavaThread "File Watcher" daemon [_thread_blocked, id=18373, stack(0x00007f25bdd0d000,0x00007f25bde0e000)]
  0x00007f257c352800 JavaThread "container-0" [_thread_blocked, id=18372, stack(0x00007f25bc656000,0x00007f25bc757000)]
  0x00007f257c352000 JavaThread "ContainerBackgroundProcessor[StandardEngine[Tomcat]]" daemon [_thread_blocked, id=18371, stack(0x00007f25bc252000,0x00007f25bc353000)]
  0x00007f25ec00f800 JavaThread "DestroyJavaVM" [_thread_blocked, id=17668, stack(0x00007f25f2f25000,0x00007f25f3025000)]
  0x00007f259ce34000 JavaThread "Live Reload Server" daemon [_thread_in_native, id=17691, stack(0x00007f25bcb5b000,0x00007f25bcc5c000)]
  0x00007f25ec0cd000 JavaThread "Service Thread" daemon [_thread_blocked, id=17680, stack(0x00007f25bf71c000,0x00007f25bf81d000)]
  0x00007f25ec0c2000 JavaThread "C1 CompilerThread2" daemon [_thread_blocked, id=17679, stack(0x00007f25bf81e000,0x00007f25bf91e000)]
  0x00007f25ec0c0000 JavaThread "C2 CompilerThread1" daemon [_thread_blocked, id=17678, stack(0x00007f25bf91f000,0x00007f25bfa1f000)]
  0x00007f25ec0bd800 JavaThread "C2 CompilerThread0" daemon [_thread_blocked, id=17677, stack(0x00007f25bfa20000,0x00007f25bfb20000)]
  0x00007f25ec0bb800 JavaThread "Signal Dispatcher" daemon [_thread_blocked, id=17676, stack(0x00007f25bfb20000,0x00007f25bfc21000)]
  0x00007f25ec089000 JavaThread "Finalizer" daemon [_thread_blocked, id=17675, stack(0x00007f25bfeff000,0x00007f25c0000000)]
  0x00007f25ec086800 JavaThread "Reference Handler" daemon [_thread_blocked, id=17674, stack(0x00007f25d80dd000,0x00007f25d81de000)]

Other Threads:
=>0x00007f25ec07d000 VMThread [stack: 0x00007f25d81df000,0x00007f25d82df000] [id=17673]
  0x00007f25ec0cf800 WatcherThread [stack: 0x00007f25bf61c000,0x00007f25bf71c000] [id=17681]

VM state:at safepoint (normal execution)

VM Mutex/Monitor currently owned by a thread:  ([mutex/lock_event])
[0x00007f25ec00b570] ExpandHeap_lock - owner thread: 0x00007f25ec07d000
[0x00007f25ec00bbf0] Threads_lock - owner thread: 0x00007f25ec07d000
[0x00007f25ec00c0f0] Heap_lock - owner thread: 0x00007f257c181000

Heap:
 PSYoungGen      total 239616K, used 158630K [0x00000000eb900000, 0x00000000fea80000, 0x0000000100000000)
  eden space 223232K, 71% used [0x00000000eb900000,0x00000000f53e99b0,0x00000000f9300000)
  from space 16384K, 0% used [0x00000000f9300000,0x00000000f9300000,0x00000000fa300000)
  to   space 26112K, 0% used [0x00000000fd100000,0x00000000fd100000,0x00000000fea80000)
 ParOldGen       total 206848K, used 206440K [0x00000000c2a00000, 0x00000000cf400000, 0x00000000eb900000)
  object space 206848K, 99% used [0x00000000c2a00000,0x00000000cf39a280,0x00000000cf400000)
 Metaspace       used 50180K, capacity 52806K, committed 53120K, reserved 1095680K
  class space    used 6294K, capacity 6744K, committed 6784K, reserved 1048576K

Card table byte_map: [0x00007f25dc213000,0x00007f25dc3ff000] byte_map_base: 0x00007f25dbbfe000

Marking Bits: (ParMarkBitMap*) 0x00007f25f21bf340
 Begin Bits: [0x00007f25d9e17000, 0x00007f25dad6f000)
 End Bits:   [0x00007f25dad6f000, 0x00007f25dbcc7000)

Polling page: 0x00007f25f3040000

CodeCache: size=245760Kb used=23791Kb max_used=23805Kb free=221968Kb
 bounds [0x00007f25dc7bf000, 0x00007f25ddf2f000, 0x00007f25eb7bf000]
 total_blobs=6886 nmethods=6399 adapters=401
 compilation: enabled

Compilation events (10 events):
Event: 1334.355 Thread 0x00007f25ec0c2000 8016       3       org.apache.jena.sparql.resultset.ResultSetMem::<init> (121 bytes)
Event: 1334.365 Thread 0x00007f25ec0c2000 nmethod 8016 0x00007f25ddf13b90 code [0x00007f25ddf13de0, 0x00007f25ddf14ba8]
Event: 1334.370 Thread 0x00007f25ec0c0000 nmethod 8010 0x00007f25ddf178d0 code [0x00007f25ddf17b80, 0x00007f25ddf18c08]
Event: 1334.370 Thread 0x00007f25ec0c0000 7986       4       java.lang.String::valueOf (14 bytes)
Event: 1334.371 Thread 0x00007f25ec0c0000 nmethod 7986 0x00007f25dd960190 code [0x00007f25dd9602e0, 0x00007f25dd960358]
Event: 1334.375 Thread 0x00007f25ec0c0000 8017 %     4       org.apache.jena.sparql.resultset.ResultSetMem::<init> @ 86 (121 bytes)
Event: 1334.388 Thread 0x00007f25ec0bd800 nmethod 7973 0x00007f25ddf1e750 code [0x00007f25ddf1eb80, 0x00007f25ddf21288]
Event: 1334.396 Thread 0x00007f25ec0c0000 nmethod 8017% 0x00007f25ddf1cb50 code [0x00007f25ddf1cdc0, 0x00007f25ddf1d8a0]
Event: 1334.402 Thread 0x00007f25ec0bd800 8018       4       org.apache.jena.sparql.resultset.ResultSetMem::<init> (121 bytes)
Event: 1334.431 Thread 0x00007f25ec0bd800 nmethod 8018 0x00007f25ddf24310 code [0x00007f25ddf245e0, 0x00007f25ddf25390]

GC Heap History (10 events):
Event: 1332.330 GC heap after
Heap after GC invocations=42 (full 14):
 PSYoungGen      total 235008K, used 11772K [0x00000000eb900000, 0x00000000fda00000, 0x0000000100000000)
  eden space 223232K, 0% used [0x00000000eb900000,0x00000000eb900000,0x00000000f9300000)
  from space 11776K, 99% used [0x00000000fa300000,0x00000000fae7f198,0x00000000fae80000)
  to   space 16384K, 0% used [0x00000000f9300000,0x00000000f9300000,0x00000000fa300000)
 ParOldGen       total 60416K, used 34763K [0x00000000c2a00000, 0x00000000c6500000, 0x00000000eb900000)
  object space 60416K, 57% used [0x00000000c2a00000,0x00000000c4bf2c80,0x00000000c6500000)
 Metaspace       used 49963K, capacity 52642K, committed 52864K, reserved 1095680K
  class space    used 6267K, capacity 6710K, committed 6784K, reserved 1048576K
}
Event: 1333.325 GC heap before
{Heap before GC invocations=43 (full 14):
 PSYoungGen      total 235008K, used 235004K [0x00000000eb900000, 0x00000000fda00000, 0x0000000100000000)
  eden space 223232K, 100% used [0x00000000eb900000,0x00000000f9300000,0x00000000f9300000)
  from space 11776K, 99% used [0x00000000fa300000,0x00000000fae7f198,0x00000000fae80000)
  to   space 16384K, 0% used [0x00000000f9300000,0x00000000f9300000,0x00000000fa300000)
 ParOldGen       total 60416K, used 34763K [0x00000000c2a00000, 0x00000000c6500000, 0x00000000eb900000)
  object space 60416K, 57% used [0x00000000c2a00000,0x00000000c4bf2c80,0x00000000c6500000)
 Metaspace       used 49964K, capacity 52642K, committed 52864K, reserved 1095680K
  class space    used 6268K, capacity 6710K, committed 6784K, reserved 1048576K
Event: 1333.376 GC heap after
Heap after GC invocations=43 (full 14):
 PSYoungGen      total 239616K, used 16361K [0x00000000eb900000, 0x00000000fea80000, 0x0000000100000000)
  eden space 223232K, 0% used [0x00000000eb900000,0x00000000eb900000,0x00000000f9300000)
  from space 16384K, 99% used [0x00000000f9300000,0x00000000fa2fa7c0,0x00000000fa300000)
  to   space 26112K, 0% used [0x00000000fd100000,0x00000000fd100000,0x00000000fea80000)
 ParOldGen       total 60416K, used 53582K [0x00000000c2a00000, 0x00000000c6500000, 0x00000000eb900000)
  object space 60416K, 88% used [0x00000000c2a00000,0x00000000c5e53968,0x00000000c6500000)
 Metaspace       used 49964K, capacity 52642K, committed 52864K, reserved 1095680K
  class space    used 6268K, capacity 6710K, committed 6784K, reserved 1048576K
}
Event: 1333.376 GC heap before
{Heap before GC invocations=44 (full 15):
 PSYoungGen      total 239616K, used 16361K [0x00000000eb900000, 0x00000000fea80000, 0x0000000100000000)
  eden space 223232K, 0% used [0x00000000eb900000,0x00000000eb900000,0x00000000f9300000)
  from space 16384K, 99% used [0x00000000f9300000,0x00000000fa2fa7c0,0x00000000fa300000)
  to   space 26112K, 0% used [0x00000000fd100000,0x00000000fd100000,0x00000000fea80000)
 ParOldGen       total 60416K, used 53582K [0x00000000c2a00000, 0x00000000c6500000, 0x00000000eb900000)
  object space 60416K, 88% used [0x00000000c2a00000,0x00000000c5e53968,0x00000000c6500000)
 Metaspace       used 49964K, capacity 52642K, committed 52864K, reserved 1095680K
  class space    used 6268K, capacity 6710K, committed 6784K, reserved 1048576K
Event: 1333.651 GC heap after
Heap after GC invocations=44 (full 15):
 PSYoungGen      total 239616K, used 5591K [0x00000000eb900000, 0x00000000fea80000, 0x0000000100000000)
  eden space 223232K, 0% used [0x00000000eb900000,0x00000000eb900000,0x00000000f9300000)
  from space 16384K, 34% used [0x00000000f9300000,0x00000000f9875cb8,0x00000000fa300000)
  to   space 26112K, 0% used [0x00000000fd100000,0x00000000fd100000,0x00000000fea80000)
 ParOldGen       total 117248K, used 60109K [0x00000000c2a00000, 0x00000000c9c80000, 0x00000000eb900000)
  object space 117248K, 51% used [0x00000000c2a00000,0x00000000c64b3578,0x00000000c9c80000)
 Metaspace       used 49961K, capacity 52636K, committed 52864K, reserved 1095680K
  class space    used 6267K, capacity 6708K, committed 6784K, reserved 1048576K
}
Event: 1334.523 GC heap before
{Heap before GC invocations=45 (full 15):
 PSYoungGen      total 239616K, used 228823K [0x00000000eb900000, 0x00000000fea80000, 0x0000000100000000)
  eden space 223232K, 100% used [0x00000000eb900000,0x00000000f9300000,0x00000000f9300000)
  from space 16384K, 34% used [0x00000000f9300000,0x00000000f9875cb8,0x00000000fa300000)
  to   space 26112K, 0% used [0x00000000fd100000,0x00000000fd100000,0x00000000fea80000)
 ParOldGen       total 117248K, used 60109K [0x00000000c2a00000, 0x00000000c9c80000, 0x00000000eb900000)
  object space 117248K, 51% used [0x00000000c2a00000,0x00000000c64b3578,0x00000000c9c80000)
 Metaspace       used 50180K, capacity 52806K, committed 53120K, reserved 1095680K
  class space    used 6294K, capacity 6744K, committed 6784K, reserved 1048576K
Event: 1334.793 GC heap after
Heap after GC invocations=45 (full 15):
 PSYoungGen      total 239616K, used 228823K [0x00000000eb900000, 0x00000000fea80000, 0x0000000100000000)
  eden space 223232K, 100% used [0x00000000eb900000,0x00000000f9300000,0x00000000f9300000)
  from space 16384K, 34% used [0x00000000f9300000,0x00000000f9875cb8,0x00000000fa300000)
  to   space 26112K, 99% used [0x00000000fd100000,0x00000000fea7a1b0,0x00000000fea80000)
 ParOldGen       total 130048K, used 129517K [0x00000000c2a00000, 0x00000000ca900000, 0x00000000eb900000)
  object space 130048K, 99% used [0x00000000c2a00000,0x00000000ca87b740,0x00000000ca900000)
 Metaspace       used 50180K, capacity 52806K, committed 53120K, reserved 1095680K
  class space    used 6294K, capacity 6744K, committed 6784K, reserved 1048576K
}
Event: 1334.793 GC heap before
{Heap before GC invocations=46 (full 16):
 PSYoungGen      total 239616K, used 228823K [0x00000000eb900000, 0x00000000fea80000, 0x0000000100000000)
  eden space 223232K, 100% used [0x00000000eb900000,0x00000000f9300000,0x00000000f9300000)
  from space 16384K, 34% used [0x00000000f9300000,0x00000000f9875cb8,0x00000000fa300000)
  to   space 26112K, 99% used [0x00000000fd100000,0x00000000fea7a1b0,0x00000000fea80000)
 ParOldGen       total 130048K, used 129517K [0x00000000c2a00000, 0x00000000ca900000, 0x00000000eb900000)
  object space 130048K, 99% used [0x00000000c2a00000,0x00000000ca87b740,0x00000000ca900000)
 Metaspace       used 50180K, capacity 52806K, committed 53120K, reserved 1095680K
  class space    used 6294K, capacity 6744K, committed 6784K, reserved 1048576K
Event: 1336.308 GC heap after
Heap after GC invocations=46 (full 16):
 PSYoungGen      total 239616K, used 0K [0x00000000eb900000, 0x00000000fea80000, 0x0000000100000000)
  eden space 223232K, 0% used [0x00000000eb900000,0x00000000eb900000,0x00000000f9300000)
  from space 16384K, 0% used [0x00000000f9300000,0x00000000f9300000,0x00000000fa300000)
  to   space 26112K, 95% used [0x00000000fd100000,0x00000000fe96c3f8,0x00000000fea80000)
 ParOldGen       total 206848K, used 130030K [0x00000000c2a00000, 0x00000000cf400000, 0x00000000eb900000)
  object space 206848K, 62% used [0x00000000c2a00000,0x00000000ca8fbb60,0x00000000cf400000)
 Metaspace       used 50180K, capacity 52806K, committed 53120K, reserved 1095680K
  class space    used 6294K, capacity 6744K, committed 6784K, reserved 1048576K
}
Event: 1336.631 GC heap before
{Heap before GC invocations=47 (full 17):
 PSYoungGen      total 239616K, used 223232K [0x00000000eb900000, 0x00000000fea80000, 0x0000000100000000)
  eden space 223232K, 100% used [0x00000000eb900000,0x00000000f9300000,0x00000000f9300000)
  from space 16384K, 0% used [0x00000000f9300000,0x00000000f9300000,0x00000000fa300000)
  to   space 26112K, 95% used [0x00000000fd100000,0x00000000fe96c3f8,0x00000000fea80000)
 ParOldGen       total 206848K, used 130030K [0x00000000c2a00000, 0x00000000cf400000, 0x00000000eb900000)
  object space 206848K, 62% used [0x00000000c2a00000,0x00000000ca8fbb60,0x00000000cf400000)
 Metaspace       used 50180K, capacity 52806K, committed 53120K, reserved 1095680K
  class space    used 6294K, capacity 6744K, committed 6784K, reserved 1048576K

Deoptimization events (10 events):
Event: 1331.095 Thread 0x00007f257c181000 Uncommon trap: reason=bimorphic action=maybe_recompile pc=0x00007f25dce4ee8c method=org.apache.jena.graph.Triple.hashCode(Lorg/apache/jena/graph/Node;Lorg/apache/jena/graph/Node;Lorg/apache/jena/graph/Node;)I @ 12
Event: 1331.095 Thread 0x00007f257c181000 Uncommon trap: reason=class_check action=maybe_recompile pc=0x00007f25dce4ee58 method=org.apache.jena.graph.Triple.hashCode(Lorg/apache/jena/graph/Node;Lorg/apache/jena/graph/Node;Lorg/apache/jena/graph/Node;)I @ 1
Event: 1331.095 Thread 0x00007f257c181000 Uncommon trap: reason=class_check action=maybe_recompile pc=0x00007f25dce4ee58 method=org.apache.jena.graph.Triple.hashCode(Lorg/apache/jena/graph/Node;Lorg/apache/jena/graph/Node;Lorg/apache/jena/graph/Node;)I @ 1
Event: 1331.099 Thread 0x00007f257c181000 Uncommon trap: reason=class_check action=maybe_recompile pc=0x00007f25dc9a7200 method=org.apache.jena.graph.Triple.sameAs(Lorg/apache/jena/graph/Node;Lorg/apache/jena/graph/Node;Lorg/apache/jena/graph/Node;)Z @ 5
Event: 1331.099 Thread 0x00007f257c181000 Uncommon trap: reason=class_check action=maybe_recompile pc=0x00007f25dc9a7200 method=org.apache.jena.graph.Triple.sameAs(Lorg/apache/jena/graph/Node;Lorg/apache/jena/graph/Node;Lorg/apache/jena/graph/Node;)Z @ 5
Event: 1331.595 Thread 0x00007f257c181000 Uncommon trap: reason=class_check action=maybe_recompile pc=0x00007f25dde381c4 method=org.apache.jena.graph.Triple.hashCode(Lorg/apache/jena/graph/Node;Lorg/apache/jena/graph/Node;Lorg/apache/jena/graph/Node;)I @ 1
Event: 1334.029 Thread 0x00007f257c181000 Uncommon trap: reason=unstable_if action=reinterpret pc=0x00007f25dde885d8 method=org.apache.xerces.impl.XMLDocumentFragmentScannerImpl$FragmentContentDispatcher.dispatch(Z)Z @ 368
Event: 1334.029 Thread 0x00007f257c181000 Uncommon trap: reason=class_check action=maybe_recompile pc=0x00007f25ddec148c method=org.apache.jena.rdfxml.xmlinput.impl.XMLHandler.comment([CII)V @ 7
Event: 1334.050 Thread 0x00007f257c181000 Uncommon trap: reason=unstable_if action=reinterpret pc=0x00007f25dd7fa2c4 method=java.lang.ref.SoftReference.get()Ljava/lang/Object; @ 6
Event: 1334.192 Thread 0x00007f257c181000 Uncommon trap: reason=bimorphic action=maybe_recompile pc=0x00007f25ddac0350 method=java.util.HashMap.removeNode(ILjava/lang/Object;Ljava/lang/Object;ZZ)Ljava/util/HashMap$Node; @ 68

Classes redefined (0 events):
No events

Internal exceptions (10 events):
Event: 1288.182 Thread 0x00007f256c013800 Exception <a 'java/lang/NoClassDefFoundError': org/springframework/jdbc/CannotGetJdbcConnectionException> (0x00000000ec0d3548) thrown at [/build/openjdk-8-rxFzfV/openjdk-8-8u191-b12/src/hotspot/src/share/vm/classfile/systemDictionary.cpp, line 199]
Event: 1288.577 Thread 0x00007f256c013800 Exception <a 'java/io/FileNotFoundException'> (0x00000000eeab7ff0) thrown at [/build/openjdk-8-rxFzfV/openjdk-8-8u191-b12/src/hotspot/src/share/vm/prims/jni.cpp, line 709]
Event: 1288.603 Thread 0x00007f256c013800 Exception <a 'java/io/FileNotFoundException'> (0x00000000eec7c7b0) thrown at [/build/openjdk-8-rxFzfV/openjdk-8-8u191-b12/src/hotspot/src/share/vm/prims/jni.cpp, line 709]
Event: 1322.344 Thread 0x00007f258801f000 Exception <a 'java/lang/InterruptedException': sleep interrupted> (0x00000000eecbe020) thrown at [/build/openjdk-8-rxFzfV/openjdk-8-8u191-b12/src/hotspot/src/share/vm/prims/jvm.cpp, line 3273]
Event: 1322.358 Thread 0x00007f2588020800 Exception <a 'java/lang/InterruptedException': sleep interrupted> (0x00000000f113b850) thrown at [/build/openjdk-8-rxFzfV/openjdk-8-8u191-b12/src/hotspot/src/share/vm/prims/jvm.cpp, line 3273]
Event: 1322.604 Thread 0x00007f256c07b800 Exception <a 'java/io/FileNotFoundException'> (0x00000000ebd2aba8) thrown at [/build/openjdk-8-rxFzfV/openjdk-8-8u191-b12/src/hotspot/src/share/vm/prims/jni.cpp, line 709]
Event: 1322.618 Thread 0x00007f256c07b800 Exception <a 'java/lang/NoClassDefFoundError': org/springframework/jdbc/CannotGetJdbcConnectionException> (0x00000000ec0d3290) thrown at [/build/openjdk-8-rxFzfV/openjdk-8-8u191-b12/src/hotspot/src/share/vm/classfile/systemDictionary.cpp, line 199]
Event: 1323.025 Thread 0x00007f256c07b800 Exception <a 'java/io/FileNotFoundException'> (0x00000000eeab8188) thrown at [/build/openjdk-8-rxFzfV/openjdk-8-8u191-b12/src/hotspot/src/share/vm/prims/jni.cpp, line 709]
Event: 1323.058 Thread 0x00007f256c07b800 Exception <a 'java/io/FileNotFoundException'> (0x00000000eec7cbf8) thrown at [/build/openjdk-8-rxFzfV/openjdk-8-8u191-b12/src/hotspot/src/share/vm/prims/jni.cpp, line 709]
Event: 1334.050 Thread 0x00007f257c181000 Implicit null exception at 0x00007f25dd7f32ac to 0x00007f25dd7fa28d

Events (10 events):
Event: 1334.192 Thread 0x00007f257c181000 Uncommon trap: trap_request=0xffffffc6 fr.pc=0x00007f25ddac0350
Event: 1334.192 Thread 0x00007f257c181000 DEOPT PACKING pc=0x00007f25ddac0350 sp=0x00007f25bd008320
Event: 1334.192 Thread 0x00007f257c181000 DEOPT UNPACKING pc=0x00007f25dc80447a sp=0x00007f25bd0082e0 mode 2
Event: 1334.216 Executing VM operation: ForceSafepoint
Event: 1334.217 Executing VM operation: ForceSafepoint done
Event: 1334.398 Thread 0x00007f257c181000 DEOPT PACKING pc=0x00007f25ddf1268e sp=0x00007f25bd008070
Event: 1334.399 Thread 0x00007f257c181000 DEOPT UNPACKING pc=0x00007f25dc8064c4 sp=0x00007f25bd007e48 mode 0
Event: 1334.523 Executing VM operation: ParallelGCFailedAllocation
Event: 1336.308 Executing VM operation: ParallelGCFailedAllocation done
Event: 1336.631 Executing VM operation: ParallelGCFailedAllocation


Dynamic libraries:
c2a00000-cf400000 rw-p 00000000 00:00 0 
d5480000-eb900000 ---p 00000000 00:00 0 
eb900000-fea80000 rw-p 00000000 00:00 0 
fea80000-100000000 ---p 00000000 00:00 0 
100000000-1006a0000 rw-p 00000000 00:00 0 
1006a0000-140000000 ---p 00000000 00:00 0 
560f36550000-560f36551000 r-xp 00000000 08:01 1049807                    /usr/lib/jvm/java-8-openjdk-amd64/jre/bin/java
560f36750000-560f36751000 r--p 00000000 08:01 1049807                    /usr/lib/jvm/java-8-openjdk-amd64/jre/bin/java
560f36751000-560f36752000 rw-p 00001000 08:01 1049807                    /usr/lib/jvm/java-8-openjdk-amd64/jre/bin/java
560f370ff000-560f37120000 rw-p 00000000 00:00 0                          [heap]
7f2558000000-7f2558021000 rw-p 00000000 00:00 0 
7f2558021000-7f255c000000 ---p 00000000 00:00 0 
7f255effe000-7f255f13e000 rw-p 00000000 00:00 0 
7f255f13e000-7f255f1fe000 ---p 00000000 00:00 0 
7f255f1fe000-7f255f201000 ---p 00000000 00:00 0 
7f255f201000-7f255f4ff000 rw-p 00000000 00:00 0 
7f255f4ff000-7f255f6ff000 rw-p 00000000 00:00 0 
7f255f6ff000-7f255f8ff000 rw-p 00000000 00:00 0 
7f255f8ff000-7f255faff000 rw-p 00000000 00:00 0 
7f255faff000-7f255fcff000 rw-p 00000000 00:00 0 
7f255fcff000-7f255feff000 rw-p 00000000 00:00 0 
7f255feff000-7f255ff02000 ---p 00000000 00:00 0 
7f255ff02000-7f2560000000 rw-p 00000000 00:00 0 
7f2560000000-7f2560021000 rw-p 00000000 00:00 0 
7f2560021000-7f2564000000 ---p 00000000 00:00 0 
7f2564000000-7f2564021000 rw-p 00000000 00:00 0 
7f2564021000-7f2568000000 ---p 00000000 00:00 0 
7f2568000000-7f2568077000 rw-p 00000000 00:00 0 
7f2568077000-7f256c000000 ---p 00000000 00:00 0 
7f256c000000-7f256c0a7000 rw-p 00000000 00:00 0 
7f256c0a7000-7f2570000000 ---p 00000000 00:00 0 
7f2570000000-7f257005d000 rw-p 00000000 00:00 0 
7f257005d000-7f2574000000 ---p 00000000 00:00 0 
7f2574000000-7f25740a3000 rw-p 00000000 00:00 0 
7f25740a3000-7f2578000000 ---p 00000000 00:00 0 
7f2578000000-7f2578086000 rw-p 00000000 00:00 0 
7f2578086000-7f257c000000 ---p 00000000 00:00 0 
7f257c000000-7f257c539000 rw-p 00000000 00:00 0 
7f257c539000-7f2580000000 ---p 00000000 00:00 0 
7f2580000000-7f2580048000 rw-p 00000000 00:00 0 
7f2580048000-7f2584000000 ---p 00000000 00:00 0 
7f2584000000-7f258417b000 rw-p 00000000 00:00 0 
7f258417b000-7f2588000000 ---p 00000000 00:00 0 
7f2588000000-7f2588093000 rw-p 00000000 00:00 0 
7f2588093000-7f258c000000 ---p 00000000 00:00 0 
7f258c000000-7f258c021000 rw-p 00000000 00:00 0 
7f258c021000-7f2590000000 ---p 00000000 00:00 0 
7f2590000000-7f2590412000 rw-p 00000000 00:00 0 
7f2590412000-7f2594000000 ---p 00000000 00:00 0 
7f2594000000-7f25940e2000 rw-p 00000000 00:00 0 
7f25940e2000-7f2598000000 ---p 00000000 00:00 0 
7f2598000000-7f2598044000 rw-p 00000000 00:00 0 
7f2598044000-7f259c000000 ---p 00000000 00:00 0 
7f259c000000-7f259cf35000 rw-p 00000000 00:00 0 
7f259cf35000-7f25a0000000 ---p 00000000 00:00 0 
7f25a0000000-7f25a0021000 rw-p 00000000 00:00 0 
7f25a0021000-7f25a4000000 ---p 00000000 00:00 0 
7f25a4000000-7f25a4021000 rw-p 00000000 00:00 0 
7f25a4021000-7f25a8000000 ---p 00000000 00:00 0 
7f25a8000000-7f25a9fc6000 rw-p 00000000 00:00 0 
7f25a9fc6000-7f25ac000000 ---p 00000000 00:00 0 
7f25ac000000-7f25ad30e000 rw-p 00000000 00:00 0 
7f25ad30e000-7f25b0000000 ---p 00000000 00:00 0 
7f25b0000000-7f25b0021000 rw-p 00000000 00:00 0 
7f25b0021000-7f25b4000000 ---p 00000000 00:00 0 
7f25b4000000-7f25b62a2000 rw-p 00000000 00:00 0 
7f25b62a2000-7f25b8000000 ---p 00000000 00:00 0 
7f25b8000000-7f25b8021000 rw-p 00000000 00:00 0 
7f25b8021000-7f25bc000000 ---p 00000000 00:00 0 
7f25bc050000-7f25bc053000 ---p 00000000 00:00 0 
7f25bc053000-7f25bc151000 rw-p 00000000 00:00 0 
7f25bc151000-7f25bc154000 ---p 00000000 00:00 0 
7f25bc154000-7f25bc252000 rw-p 00000000 00:00 0 
7f25bc252000-7f25bc255000 ---p 00000000 00:00 0 
7f25bc255000-7f25bc353000 rw-p 00000000 00:00 0 
7f25bc353000-7f25bc356000 ---p 00000000 00:00 0 
7f25bc356000-7f25bc454000 rw-p 00000000 00:00 0 
7f25bc454000-7f25bc457000 ---p 00000000 00:00 0 
7f25bc457000-7f25bc555000 rw-p 00000000 00:00 0 
7f25bc555000-7f25bc558000 ---p 00000000 00:00 0 
7f25bc558000-7f25bc656000 rw-p 00000000 00:00 0 
7f25bc656000-7f25bc659000 ---p 00000000 00:00 0 
7f25bc659000-7f25bc757000 rw-p 00000000 00:00 0 
7f25bc757000-7f25bc75a000 ---p 00000000 00:00 0 
7f25bc75a000-7f25bc858000 rw-p 00000000 00:00 0 
7f25bc858000-7f25bc85b000 ---p 00000000 00:00 0 
7f25bc85b000-7f25bc959000 rw-p 00000000 00:00 0 
7f25bc959000-7f25bc95c000 ---p 00000000 00:00 0 
7f25bc95c000-7f25bca5a000 rw-p 00000000 00:00 0 
7f25bca5a000-7f25bca5d000 ---p 00000000 00:00 0 
7f25bca5d000-7f25bcb5b000 rw-p 00000000 00:00 0 
7f25bcb5b000-7f25bcb5e000 ---p 00000000 00:00 0 
7f25bcb5e000-7f25bcc5c000 rw-p 00000000 00:00 0 
7f25bcc5c000-7f25bcc5f000 ---p 00000000 00:00 0 
7f25bcc5f000-7f25bcd5d000 rw-p 00000000 00:00 0 
7f25bcd5d000-7f25bcd60000 ---p 00000000 00:00 0 
7f25bcd60000-7f25bce5e000 rw-p 00000000 00:00 0 
7f25bcf0b000-7f25bcf0e000 ---p 00000000 00:00 0 
7f25bcf0e000-7f25bd00c000 rw-p 00000000 00:00 0 
7f25bd00c000-7f25bd00f000 ---p 00000000 00:00 0 
7f25bd00f000-7f25bd30d000 rw-p 00000000 00:00 0 
7f25bd30d000-7f25bd50d000 rw-p 00000000 00:00 0 
7f25bd50d000-7f25bd70d000 rw-p 00000000 00:00 0 
7f25bd70d000-7f25bd90d000 rw-p 00000000 00:00 0 
7f25bd90d000-7f25bdb0d000 rw-p 00000000 00:00 0 
7f25bdb0d000-7f25bdd0d000 rw-p 00000000 00:00 0 
7f25bdd0d000-7f25bdd10000 ---p 00000000 00:00 0 
7f25bdd10000-7f25be00e000 rw-p 00000000 00:00 0 
7f25be0c0000-7f25be0c5000 r--s 002f9000 08:01 1050031                    /usr/lib/jvm/java-8-openjdk-amd64/jre/lib/charsets.jar
7f25be0c5000-7f25be0ca000 r--s 000a0000 08:01 1050114                    /usr/lib/jvm/java-8-openjdk-amd64/jre/lib/jsse.jar
7f25be0ca000-7f25be0dc000 r-xp 00000000 08:01 1050003                    /usr/lib/jvm/java-8-openjdk-amd64/jre/lib/amd64/libnio.so
7f25be0dc000-7f25be2db000 ---p 00012000 08:01 1050003                    /usr/lib/jvm/java-8-openjdk-amd64/jre/lib/amd64/libnio.so
7f25be2db000-7f25be2dc000 r--p 00011000 08:01 1050003                    /usr/lib/jvm/java-8-openjdk-amd64/jre/lib/amd64/libnio.so
7f25be2dc000-7f25be2dd000 rw-p 00012000 08:01 1050003                    /usr/lib/jvm/java-8-openjdk-amd64/jre/lib/amd64/libnio.so
7f25be2dd000-7f25be4dd000 rw-p 00000000 00:00 0 
7f25be4dd000-7f25be6dd000 rw-p 00000000 00:00 0 
7f25be6dd000-7f25be8dd000 rw-p 00000000 00:00 0 
7f25be8dd000-7f25be8f4000 r-xp 00000000 08:01 1050002                    /usr/lib/jvm/java-8-openjdk-amd64/jre/lib/amd64/libnet.so
7f25be8f4000-7f25beaf3000 ---p 00017000 08:01 1050002                    /usr/lib/jvm/java-8-openjdk-amd64/jre/lib/amd64/libnet.so
7f25beaf3000-7f25beaf4000 r--p 00016000 08:01 1050002                    /usr/lib/jvm/java-8-openjdk-amd64/jre/lib/amd64/libnet.so
7f25beaf4000-7f25beaf5000 rw-p 00017000 08:01 1050002                    /usr/lib/jvm/java-8-openjdk-amd64/jre/lib/amd64/libnet.so
7f25beaf5000-7f25beafe000 r-xp 00000000 08:01 1049996                    /usr/lib/jvm/java-8-openjdk-amd64/jre/lib/amd64/libmanagement.so
7f25beafe000-7f25becfd000 ---p 00009000 08:01 1049996                    /usr/lib/jvm/java-8-openjdk-amd64/jre/lib/amd64/libmanagement.so
7f25becfd000-7f25becfe000 r--p 00008000 08:01 1049996                    /usr/lib/jvm/java-8-openjdk-amd64/jre/lib/amd64/libmanagement.so
7f25becfe000-7f25becff000 rw-p 00009000 08:01 1049996                    /usr/lib/jvm/java-8-openjdk-amd64/jre/lib/amd64/libmanagement.so
7f25becff000-7f25beeff000 rw-p 00000000 00:00 0 
7f25beeff000-7f25bf0ff000 rw-p 00000000 00:00 0 
7f25bf0ff000-7f25bf102000 ---p 00000000 00:00 0 
7f25bf102000-7f25bf200000 rw-p 00000000 00:00 0 
7f25bf200000-7f25bf203000 ---p 00000000 00:00 0 
7f25bf203000-7f25bf301000 rw-p 00000000 00:00 0 
7f25bf301000-7f25bf304000 ---p 00000000 00:00 0 
7f25bf304000-7f25bf402000 rw-p 00000000 00:00 0 
7f25bf402000-7f25bf406000 r--s 0002f000 08:01 1065264                    /home/blackstorm/.m2/repository/commons-io/commons-io/2.5/commons-io-2.5.jar
7f25bf406000-7f25bf40f000 r--s 0006f000 08:01 1066786                    /home/blackstorm/.m2/repository/log4j/log4j/1.2.17/log4j-1.2.17.jar
7f25bf40f000-7f25bf411000 r--s 00009000 08:01 143957                     /home/blackstorm/.m2/repository/commons-cli/commons-cli/1.2/commons-cli-1.2.jar
7f25bf411000-7f25bf419000 r--s 00045000 08:01 1065451                    /home/blackstorm/.m2/repository/junit/junit/4.12/junit-4.12.jar
7f25bf419000-7f25bf41b000 r--s 00009000 08:01 1067210                    /home/blackstorm/.m2/repository/org/slf4j/slf4j-api/1.7.25/slf4j-api-1.7.25.jar
7f25bf41b000-7f25bf423000 r--s 00073000 08:01 1180946                    /home/blackstorm/.m2/repository/org/apache/commons/commons-lang3/3.8.1/commons-lang3-3.8.1.jar
7f25bf423000-7f25bf425000 r--s 00007000 08:01 281887                     /home/blackstorm/.m2/repository/org/apache/commons/commons-csv/1.0/commons-csv-1.0.jar
7f25bf425000-7f25bf427000 r--s 00003000 08:01 938095                     /home/blackstorm/.m2/repository/org/slf4j/jcl-over-slf4j/1.7.25/jcl-over-slf4j-1.7.25.jar
7f25bf427000-7f25bf42c000 r--s 00033000 08:01 1180751                    /home/blackstorm/.m2/repository/org/apache/thrift/libthrift/0.9.2/libthrift-0.9.2.jar
7f25bf42c000-7f25bf430000 r--s 00024000 08:01 1073574                    /home/blackstorm/.m2/repository/org/apache/httpcomponents/httpclient-cache/4.5.6/httpclient-cache-4.5.6.jar
7f25bf430000-7f25bf432000 r--s 0001c000 08:01 1180740                    /home/blackstorm/.m2/repository/com/github/jsonld-java/jsonld-java/0.7.0/jsonld-java-0.7.0.jar
7f25bf432000-7f25bf439000 r--s 0004b000 08:01 19043                      /home/blackstorm/.m2/repository/commons-codec/commons-codec/1.11/commons-codec-1.11.jar
7f25bf439000-7f25bf440000 r--s 00049000 08:01 1073572                    /home/blackstorm/.m2/repository/org/apache/httpcomponents/httpcore/4.4.10/httpcore-4.4.10.jar
7f25bf440000-7f25bf44d000 r--s 000af000 08:01 1180944                    /home/blackstorm/.m2/repository/org/apache/httpcomponents/httpclient/4.5.6/httpclient-4.5.6.jar
7f25bf44d000-7f25bf481000 r--s 0020e000 08:01 273532                     /home/blackstorm/.m2/repository/org/apache/jena/jena-shaded-guava/3.1.0/jena-shaded-guava-3.1.0.jar
7f25bf481000-7f25bf486000 r--s 00023000 08:01 272818                     /home/blackstorm/.m2/repository/com/github/andrewoma/dexx/collection/0.6/collection-0.6.jar
7f25bf486000-7f25bf48b000 r--s 00030000 08:01 272757                     /home/blackstorm/.m2/repository/org/apache/jena/jena-base/3.1.0/jena-base-3.1.0.jar
7f25bf48b000-7f25bf494000 r--s 0002d000 08:01 1180143                    /home/blackstorm/.m2/repository/xml-apis/xml-apis/1.4.01/xml-apis-1.4.01.jar
7f25bf494000-7f25bf4ad000 r--s 00135000 08:01 272489                     /home/blackstorm/.m2/repository/xerces/xercesImpl/2.11.0/xercesImpl-2.11.0.jar
7f25bf4ad000-7f25bf4af000 r--s 00020000 08:01 272455                     /home/blackstorm/.m2/repository/org/apache/jena/jena-iri/3.1.0/jena-iri-3.1.0.jar
7f25bf4af000-7f25bf4c9000 r--s 0013c000 08:01 1180141                    /home/blackstorm/.m2/repository/org/apache/jena/jena-core/3.1.0/jena-core-3.1.0.jar
7f25bf4c9000-7f25bf4fc000 r--s 0027f000 08:01 271901                     /home/blackstorm/.m2/repository/org/apache/jena/jena-arq/3.1.0/jena-arq-3.1.0.jar
7f25bf4fc000-7f25bf505000 r--s 00078000 08:01 271856                     /home/blackstorm/.m2/repository/org/apache/jena/jena-tdb/3.1.0/jena-tdb-3.1.0.jar
7f25bf505000-7f25bf50a000 r--s 00028000 08:01 307095                     /home/blackstorm/.m2/repository/org/springframework/spring-context-support/5.1.3.RELEASE/spring-context-support-5.1.3.RELEASE.jar
7f25bf50a000-7f25bf526000 r--s 00159000 08:01 1058962                    /home/blackstorm/.m2/repository/org/freemarker/freemarker/2.3.28/freemarker-2.3.28.jar
7f25bf526000-7f25bf527000 r--s 00000000 08:01 307093                     /home/blackstorm/.m2/repository/org/springframework/boot/spring-boot-starter-freemarker/2.1.1.RELEASE/spring-boot-starter-freemarker-2.1.1.RELEASE.jar
7f25bf527000-7f25bf528000 r--s 00005000 08:01 284263                     /home/blackstorm/.m2/repository/org/springframework/spring-jcl/5.1.3.RELEASE/spring-jcl-5.1.3.RELEASE.jar
7f25bf528000-7f25bf540000 r--s 00123000 08:01 284258                     /home/blackstorm/.m2/repository/org/springframework/spring-core/5.1.3.RELEASE/spring-core-5.1.3.RELEASE.jar
7f25bf540000-7f25bf542000 r--s 00009000 08:01 1065452                    /home/blackstorm/.m2/repository/org/hamcrest/hamcrest-core/1.3/hamcrest-core-1.3.jar
7f25bf542000-7f25bf566000 r--s 00113000 08:01 284240                     /home/blackstorm/.m2/repository/org/springframework/boot/spring-boot-autoconfigure/2.1.1.RELEASE/spring-boot-autoconfigure-2.1.1.RELEASE.jar
7f25bf566000-7f25bf57b000 r--s 000d5000 08:01 284236                     /home/blackstorm/.m2/repository/org/springframework/boot/spring-boot/2.1.1.RELEASE/spring-boot-2.1.1.RELEASE.jar
7f25bf57b000-7f25bf581000 r--s 0002e000 08:01 284234                     /home/blackstorm/.m2/repository/org/springframework/boot/spring-boot-devtools/2.1.1.RELEASE/spring-boot-devtools-2.1.1.RELEASE.jar
7f25bf581000-7f25bf584000 r--s 00028000 08:01 1083928                    /home/blackstorm/.m2/repository/org/unbescape/unbescape/1.1.6.RELEASE/unbescape-1.1.6.RELEASE.jar
7f25bf584000-7f25bf589000 r--s 00037000 08:01 1083926                    /home/blackstorm/.m2/repository/org/attoparser/attoparser/2.0.5.RELEASE/attoparser-2.0.5.RELEASE.jar
7f25bf589000-7f25bf599000 r--s 000c5000 08:01 1083924                    /home/blackstorm/.m2/repository/org/thymeleaf/thymeleaf/3.0.11.RELEASE/thymeleaf-3.0.11.RELEASE.jar
7f25bf599000-7f25bf59e000 r--s 00027000 08:01 1083922                    /home/blackstorm/.m2/repository/org/thymeleaf/thymeleaf-spring5/3.0.11.RELEASE/thymeleaf-spring5-3.0.11.RELEASE.jar
7f25bf59e000-7f25bf5a3000 r--s 00040000 08:01 284225                     /home/blackstorm/.m2/repository/org/springframework/spring-expression/5.1.3.RELEASE/spring-expression-5.1.3.RELEASE.jar
7f25bf5a3000-7f25bf5bd000 r--s 000f3000 08:01 284222                     /home/blackstorm/.m2/repository/org/springframework/spring-context/5.1.3.RELEASE/spring-context-5.1.3.RELEASE.jar
7f25bf5bd000-7f25bf5c7000 r--s 00051000 08:01 284220                     /home/blackstorm/.m2/repository/org/springframework/spring-aop/5.1.3.RELEASE/spring-aop-5.1.3.RELEASE.jar
7f25bf5c7000-7f25bf5d6000 r--s 000b5000 08:01 284218                     /home/blackstorm/.m2/repository/org/springframework/spring-webmvc/5.1.3.RELEASE/spring-webmvc-5.1.3.RELEASE.jar
7f25bf5d6000-7f25bf5e2000 r--s 00098000 08:01 284216                     /home/blackstorm/.m2/repository/org/springframework/spring-beans/5.1.3.RELEASE/spring-beans-5.1.3.RELEASE.jar
7f25bf5e2000-7f25bf5fe000 r--s 00135000 08:01 284214                     /home/blackstorm/.m2/repository/org/springframework/spring-web/5.1.3.RELEASE/spring-web-5.1.3.RELEASE.jar
7f25bf5fe000-7f25bf61b000 r--s 000fe000 08:01 165459                     /home/blackstorm/.m2/repository/org/hibernate/validator/hibernate-validator/6.0.13.Final/hibernate-validator-6.0.13.Final.jar
7f25bf61b000-7f25bf61c000 ---p 00000000 00:00 0 
7f25bf61c000-7f25bf71c000 rw-p 00000000 00:00 0 
7f25bf71c000-7f25bf71f000 ---p 00000000 00:00 0 
7f25bf71f000-7f25bf81d000 rw-p 00000000 00:00 0 
7f25bf81d000-7f25bf81e000 ---p 00000000 00:00 0 
7f25bf81e000-7f25bf821000 ---p 00000000 00:00 0 
7f25bf821000-7f25bf91e000 rw-p 00000000 00:00 0 
7f25bf91e000-7f25bf91f000 ---p 00000000 00:00 0 
7f25bf91f000-7f25bf922000 ---p 00000000 00:00 0 
7f25bf922000-7f25bfa1f000 rw-p 00000000 00:00 0 
7f25bfa1f000-7f25bfa20000 ---p 00000000 00:00 0 
7f25bfa20000-7f25bfa23000 ---p 00000000 00:00 0 
7f25bfa23000-7f25bfb20000 rw-p 00000000 00:00 0 
7f25bfb20000-7f25bfb23000 ---p 00000000 00:00 0 
7f25bfb23000-7f25bfc21000 rw-p 00000000 00:00 0 
7f25bfc21000-7f25bfeff000 r--p 00000000 08:01 1234                       /usr/lib/locale/locale-archive
7f25bfeff000-7f25bff02000 ---p 00000000 00:00 0 
7f25bff02000-7f25c0000000 rw-p 00000000 00:00 0 
7f25c0000000-7f25c00ec000 rw-p 00000000 00:00 0 
7f25c00ec000-7f25c4000000 ---p 00000000 00:00 0 
7f25c4000000-7f25c4021000 rw-p 00000000 00:00 0 
7f25c4021000-7f25c8000000 ---p 00000000 00:00 0 
7f25c8000000-7f25c8021000 rw-p 00000000 00:00 0 
7f25c8021000-7f25cc000000 ---p 00000000 00:00 0 
7f25cc000000-7f25cc021000 rw-p 00000000 00:00 0 
7f25cc021000-7f25d0000000 ---p 00000000 00:00 0 
7f25d0000000-7f25d0021000 rw-p 00000000 00:00 0 
7f25d0021000-7f25d4000000 ---p 00000000 00:00 0 
7f25d4000000-7f25d4039000 rw-p 00000000 00:00 0 
7f25d4039000-7f25d8000000 ---p 00000000 00:00 0 
7f25d8000000-7f25d8001000 r--s 00009000 08:01 1083930                    /home/blackstorm/.m2/repository/org/thymeleaf/extras/thymeleaf-extras-java8time/3.0.2.RELEASE/thymeleaf-extras-java8time-3.0.2.RELEASE.jar
7f25d8001000-7f25d8002000 r--s 00000000 08:01 277353                     /home/blackstorm/.m2/repository/org/springframework/boot/spring-boot-starter-thymeleaf/2.1.1.RELEASE/spring-boot-starter-thymeleaf-2.1.1.RELEASE.jar
7f25d8002000-7f25d8004000 r--s 0000f000 08:01 165465                     /home/blackstorm/.m2/repository/com/fasterxml/classmate/1.4.0/classmate-1.4.0.jar
7f25d8004000-7f25d8006000 r--s 0000f000 08:01 165463                     /home/blackstorm/.m2/repository/org/jboss/logging/jboss-logging/3.3.2.Final/jboss-logging-3.3.2.Final.jar
7f25d8006000-7f25d800b000 r--s 00012000 08:01 165461                     /home/blackstorm/.m2/repository/javax/validation/validation-api/2.0.1.Final/validation-api-2.0.1.Final.jar
7f25d800b000-7f25d8011000 r--s 0003b000 08:01 1073588                    /home/blackstorm/.m2/repository/org/apache/tomcat/embed/tomcat-embed-websocket/9.0.13/tomcat-embed-websocket-9.0.13.jar
7f25d8011000-7f25d8016000 r--s 00039000 08:01 1073586                    /home/blackstorm/.m2/repository/org/apache/tomcat/embed/tomcat-embed-el/9.0.13/tomcat-embed-el-9.0.13.jar
7f25d8016000-7f25d803f000 r--s 002ed000 08:01 1073584                    /home/blackstorm/.m2/repository/org/apache/tomcat/embed/tomcat-embed-core/9.0.13/tomcat-embed-core-9.0.13.jar
7f25d803f000-7f25d8040000 r--s 00000000 08:01 284212                     /home/blackstorm/.m2/repository/org/springframework/boot/spring-boot-starter-tomcat/2.1.1.RELEASE/spring-boot-starter-tomcat-2.1.1.RELEASE.jar
7f25d8040000-7f25d8042000 r--s 00001000 08:01 165457                     /home/blackstorm/.m2/repository/com/fasterxml/jackson/module/jackson-module-parameter-names/2.9.7/jackson-module-parameter-names-2.9.7.jar
7f25d8042000-7f25d8045000 r--s 00016000 08:01 165455                     /home/blackstorm/.m2/repository/com/fasterxml/jackson/datatype/jackson-datatype-jsr310/2.9.7/jackson-datatype-jsr310-2.9.7.jar
7f25d8045000-7f25d8047000 r--s 00007000 08:01 165453                     /home/blackstorm/.m2/repository/com/fasterxml/jackson/datatype/jackson-datatype-jdk8/2.9.7/jackson-datatype-jdk8-2.9.7.jar
7f25d8047000-7f25d8048000 r--s 00000000 08:01 284209                     /home/blackstorm/.m2/repository/org/springframework/boot/spring-boot-starter-json/2.1.1.RELEASE/spring-boot-starter-json-2.1.1.RELEASE.jar
7f25d8048000-7f25d804f000 r--s 00043000 08:01 1073582                    /home/blackstorm/.m2/repository/org/yaml/snakeyaml/1.23/snakeyaml-1.23.jar
7f25d804f000-7f25d8051000 r--s 00005000 08:01 165447                     /home/blackstorm/.m2/repository/javax/annotation/javax.annotation-api/1.3.2/javax.annotation-api-1.3.2.jar
7f25d8051000-7f25d8053000 r--s 00000000 08:01 1073580                    /home/blackstorm/.m2/repository/org/slf4j/jul-to-slf4j/1.7.25/jul-to-slf4j-1.7.25.jar
7f25d8053000-7f25d8059000 r--s 0003b000 08:01 1073578                    /home/blackstorm/.m2/repository/org/apache/logging/log4j/log4j-api/2.11.1/log4j-api-2.11.1.jar
7f25d8059000-7f25d805b000 r--s 00003000 08:01 1073576                    /home/blackstorm/.m2/repository/org/apache/logging/log4j/log4j-to-slf4j/2.11.1/log4j-to-slf4j-2.11.1.jar
7f25d805b000-7f25d8066000 r--s 00069000 08:01 1180950                    /home/blackstorm/.m2/repository/ch/qos/logback/logback-core/1.2.3/logback-core-1.2.3.jar
7f25d8066000-7f25d806c000 r--s 00041000 08:01 1180948                    /home/blackstorm/.m2/repository/ch/qos/logback/logback-classic/1.2.3/logback-classic-1.2.3.jar
7f25d806c000-7f25d806f000 r--s 0000e000 08:01 296876                     /home/blackstorm/.m2/repository/com/fasterxml/jackson/core/jackson-annotations/2.9.0/jackson-annotations-2.9.0.jar
7f25d806f000-7f25d8082000 r--s 00137000 08:01 165449                     /home/blackstorm/.m2/repository/com/fasterxml/jackson/core/jackson-databind/2.9.7/jackson-databind-2.9.7.jar
7f25d8082000-7f25d8084000 r--s 0000f000 08:01 1073608                    /home/blackstorm/.m2/repository/commons-fileupload/commons-fileupload/1.3.1/commons-fileupload-1.3.1.jar
7f25d8084000-7f25d8088000 r--s 0004c000 08:01 165451                     /home/blackstorm/.m2/repository/com/fasterxml/jackson/core/jackson-core/2.9.7/jackson-core-2.9.7.jar
7f25d8088000-7f25d808a000 r--s 00007000 08:01 284279                     /usr/share/java/java-atk-wrapper.jar
7f25d808a000-7f25d808f000 r--s 002f9000 08:01 1050031                    /usr/lib/jvm/java-8-openjdk-amd64/jre/lib/charsets.jar
7f25d808f000-7f25d8094000 r--s 000a0000 08:01 1050114                    /usr/lib/jvm/java-8-openjdk-amd64/jre/lib/jsse.jar
7f25d8094000-7f25d80a7000 r--s 00346000 08:01 1050126                    /usr/lib/jvm/java-8-openjdk-amd64/jre/lib/resources.jar
7f25d80a7000-7f25d80c2000 r--s 00394000 08:01 1050051                    /usr/lib/jvm/java-8-openjdk-amd64/jre/lib/ext/cldrdata.jar
7f25d80c2000-7f25d80dd000 r--s 001d6000 08:01 1050068                    /usr/lib/jvm/java-8-openjdk-amd64/jre/lib/ext/nashorn.jar
7f25d80dd000-7f25d80e0000 ---p 00000000 00:00 0 
7f25d80e0000-7f25d81de000 rw-p 00000000 00:00 0 
7f25d81de000-7f25d81df000 ---p 00000000 00:00 0 
7f25d81df000-7f25d925d000 rw-p 00000000 00:00 0 
7f25d925d000-7f25d942c000 r--s 03c33000 08:01 1050129                    /usr/lib/jvm/java-8-openjdk-amd64/jre/lib/rt.jar
7f25d942c000-7f25dbcc7000 rw-p 00000000 00:00 0 
7f25dbcc7000-7f25dbcc8000 ---p 00000000 00:00 0 
7f25dbcc8000-7f25dbdc8000 rw-p 00000000 00:00 0 
7f25dbdc8000-7f25dbdc9000 ---p 00000000 00:00 0 
7f25dbdc9000-7f25dbec9000 rw-p 00000000 00:00 0 
7f25dbec9000-7f25dbeca000 ---p 00000000 00:00 0 
7f25dbeca000-7f25dbfca000 rw-p 00000000 00:00 0 
7f25dbfca000-7f25dbfcb000 ---p 00000000 00:00 0 
7f25dbfcb000-7f25dc130000 rw-p 00000000 00:00 0 
7f25dc130000-7f25dc213000 ---p 00000000 00:00 0 
7f25dc213000-7f25dc278000 rw-p 00000000 00:00 0 
7f25dc278000-7f25dc35a000 ---p 00000000 00:00 0 
7f25dc35a000-7f25dc3f4000 rw-p 00000000 00:00 0 
7f25dc3f4000-7f25dc3fe000 ---p 00000000 00:00 0 
7f25dc3fe000-7f25dc45d000 rw-p 00000000 00:00 0 
7f25dc45d000-7f25dc7bf000 ---p 00000000 00:00 0 
7f25dc7bf000-7f25ddf2f000 rwxp 00000000 00:00 0 
7f25ddf2f000-7f25eb7bf000 ---p 00000000 00:00 0 
7f25eb7bf000-7f25eb7c7000 r-xp 00000000 08:01 1050024                    /usr/lib/jvm/java-8-openjdk-amd64/jre/lib/amd64/libzip.so
7f25eb7c7000-7f25eb9c6000 ---p 00008000 08:01 1050024                    /usr/lib/jvm/java-8-openjdk-amd64/jre/lib/amd64/libzip.so
7f25eb9c6000-7f25eb9c7000 r--p 00007000 08:01 1050024                    /usr/lib/jvm/java-8-openjdk-amd64/jre/lib/amd64/libzip.so
7f25eb9c7000-7f25eb9c8000 rw-p 00008000 08:01 1050024                    /usr/lib/jvm/java-8-openjdk-amd64/jre/lib/amd64/libzip.so
7f25eb9c8000-7f25eb9d3000 r-xp 00000000 08:01 414949                     /lib/x86_64-linux-gnu/libnss_files-2.27.so
7f25eb9d3000-7f25ebbd2000 ---p 0000b000 08:01 414949                     /lib/x86_64-linux-gnu/libnss_files-2.27.so
7f25ebbd2000-7f25ebbd3000 r--p 0000a000 08:01 414949                     /lib/x86_64-linux-gnu/libnss_files-2.27.so
7f25ebbd3000-7f25ebbd4000 rw-p 0000b000 08:01 414949                     /lib/x86_64-linux-gnu/libnss_files-2.27.so
7f25ebbd4000-7f25ebbda000 rw-p 00000000 00:00 0 
7f25ebbda000-7f25ebbf1000 r-xp 00000000 08:01 412336                     /lib/x86_64-linux-gnu/libnsl-2.27.so
7f25ebbf1000-7f25ebdf0000 ---p 00017000 08:01 412336                     /lib/x86_64-linux-gnu/libnsl-2.27.so
7f25ebdf0000-7f25ebdf1000 r--p 00016000 08:01 412336                     /lib/x86_64-linux-gnu/libnsl-2.27.so
7f25ebdf1000-7f25ebdf2000 rw-p 00017000 08:01 412336                     /lib/x86_64-linux-gnu/libnsl-2.27.so
7f25ebdf2000-7f25ebdf4000 rw-p 00000000 00:00 0 
7f25ebdf4000-7f25ebdff000 r-xp 00000000 08:01 414951                     /lib/x86_64-linux-gnu/libnss_nis-2.27.so
7f25ebdff000-7f25ebffe000 ---p 0000b000 08:01 414951                     /lib/x86_64-linux-gnu/libnss_nis-2.27.so
7f25ebffe000-7f25ebfff000 r--p 0000a000 08:01 414951                     /lib/x86_64-linux-gnu/libnss_nis-2.27.so
7f25ebfff000-7f25ec000000 rw-p 0000b000 08:01 414951                     /lib/x86_64-linux-gnu/libnss_nis-2.27.so
7f25ec000000-7f25ec9f8000 rw-p 00000000 00:00 0 
7f25ec9f8000-7f25f0000000 ---p 00000000 00:00 0 
7f25f0000000-7f25f0001000 r--s 00000000 08:01 284205                     /home/blackstorm/.m2/repository/org/springframework/boot/spring-boot-starter-logging/2.1.1.RELEASE/spring-boot-starter-logging-2.1.1.RELEASE.jar
7f25f0001000-7f25f000b000 r--s 00116000 08:01 1050065                    /usr/lib/jvm/java-8-openjdk-amd64/jre/lib/ext/localedata.jar
7f25f000b000-7f25f00c3000 rw-p 00000000 00:00 0 
7f25f00c3000-7f25f00cb000 r-xp 00000000 08:01 414947                     /lib/x86_64-linux-gnu/libnss_compat-2.27.so
7f25f00cb000-7f25f02cb000 ---p 00008000 08:01 414947                     /lib/x86_64-linux-gnu/libnss_compat-2.27.so
7f25f02cb000-7f25f02cc000 r--p 00008000 08:01 414947                     /lib/x86_64-linux-gnu/libnss_compat-2.27.so
7f25f02cc000-7f25f02cd000 rw-p 00009000 08:01 414947                     /lib/x86_64-linux-gnu/libnss_compat-2.27.so
7f25f02cd000-7f25f02fb000 r-xp 00000000 08:01 1049965                    /usr/lib/jvm/java-8-openjdk-amd64/jre/lib/amd64/libjava.so
7f25f02fb000-7f25f04fa000 ---p 0002e000 08:01 1049965                    /usr/lib/jvm/java-8-openjdk-amd64/jre/lib/amd64/libjava.so
7f25f04fa000-7f25f04fb000 r--p 0002d000 08:01 1049965                    /usr/lib/jvm/java-8-openjdk-amd64/jre/lib/amd64/libjava.so
7f25f04fb000-7f25f04fd000 rw-p 0002e000 08:01 1049965                    /usr/lib/jvm/java-8-openjdk-amd64/jre/lib/amd64/libjava.so
7f25f04fd000-7f25f050d000 r-xp 00000000 08:01 1050021                    /usr/lib/jvm/java-8-openjdk-amd64/jre/lib/amd64/libverify.so
7f25f050d000-7f25f070c000 ---p 00010000 08:01 1050021                    /usr/lib/jvm/java-8-openjdk-amd64/jre/lib/amd64/libverify.so
7f25f070c000-7f25f070e000 r--p 0000f000 08:01 1050021                    /usr/lib/jvm/java-8-openjdk-amd64/jre/lib/amd64/libverify.so
7f25f070e000-7f25f070f000 rw-p 00011000 08:01 1050021                    /usr/lib/jvm/java-8-openjdk-amd64/jre/lib/amd64/libverify.so
7f25f070f000-7f25f0716000 r-xp 00000000 08:01 414956                     /lib/x86_64-linux-gnu/librt-2.27.so
7f25f0716000-7f25f0915000 ---p 00007000 08:01 414956                     /lib/x86_64-linux-gnu/librt-2.27.so
7f25f0915000-7f25f0916000 r--p 00006000 08:01 414956                     /lib/x86_64-linux-gnu/librt-2.27.so
7f25f0916000-7f25f0917000 rw-p 00007000 08:01 414956                     /lib/x86_64-linux-gnu/librt-2.27.so
7f25f0917000-7f25f092e000 r-xp 00000000 08:01 400822                     /lib/x86_64-linux-gnu/libgcc_s.so.1
7f25f092e000-7f25f0b2d000 ---p 00017000 08:01 400822                     /lib/x86_64-linux-gnu/libgcc_s.so.1
7f25f0b2d000-7f25f0b2e000 r--p 00016000 08:01 400822                     /lib/x86_64-linux-gnu/libgcc_s.so.1
7f25f0b2e000-7f25f0b2f000 rw-p 00017000 08:01 400822                     /lib/x86_64-linux-gnu/libgcc_s.so.1
7f25f0b2f000-7f25f0ccc000 r-xp 00000000 08:01 412333                     /lib/x86_64-linux-gnu/libm-2.27.so
7f25f0ccc000-7f25f0ecb000 ---p 0019d000 08:01 412333                     /lib/x86_64-linux-gnu/libm-2.27.so
7f25f0ecb000-7f25f0ecc000 r--p 0019c000 08:01 412333                     /lib/x86_64-linux-gnu/libm-2.27.so
7f25f0ecc000-7f25f0ecd000 rw-p 0019d000 08:01 412333                     /lib/x86_64-linux-gnu/libm-2.27.so
7f25f0ecd000-7f25f1046000 r-xp 00000000 08:01 2256                       /usr/lib/x86_64-linux-gnu/libstdc++.so.6.0.25
7f25f1046000-7f25f1246000 ---p 00179000 08:01 2256                       /usr/lib/x86_64-linux-gnu/libstdc++.so.6.0.25
7f25f1246000-7f25f1250000 r--p 00179000 08:01 2256                       /usr/lib/x86_64-linux-gnu/libstdc++.so.6.0.25
7f25f1250000-7f25f1252000 rw-p 00183000 08:01 2256                       /usr/lib/x86_64-linux-gnu/libstdc++.so.6.0.25
7f25f1252000-7f25f1256000 rw-p 00000000 00:00 0 
7f25f1256000-7f25f1ef0000 r-xp 00000000 08:01 1050028                    /usr/lib/jvm/java-8-openjdk-amd64/jre/lib/amd64/server/libjvm.so
7f25f1ef0000-7f25f20ef000 ---p 00c9a000 08:01 1050028                    /usr/lib/jvm/java-8-openjdk-amd64/jre/lib/amd64/server/libjvm.so
7f25f20ef000-7f25f2183000 r--p 00c99000 08:01 1050028                    /usr/lib/jvm/java-8-openjdk-amd64/jre/lib/amd64/server/libjvm.so
7f25f2183000-7f25f21ac000 rw-p 00d2d000 08:01 1050028                    /usr/lib/jvm/java-8-openjdk-amd64/jre/lib/amd64/server/libjvm.so
7f25f21ac000-7f25f21dc000 rw-p 00000000 00:00 0 
7f25f21dc000-7f25f21f6000 r-xp 00000000 08:01 414954                     /lib/x86_64-linux-gnu/libpthread-2.27.so
7f25f21f6000-7f25f23f5000 ---p 0001a000 08:01 414954                     /lib/x86_64-linux-gnu/libpthread-2.27.so
7f25f23f5000-7f25f23f6000 r--p 00019000 08:01 414954                     /lib/x86_64-linux-gnu/libpthread-2.27.so
7f25f23f6000-7f25f23f7000 rw-p 0001a000 08:01 414954                     /lib/x86_64-linux-gnu/libpthread-2.27.so
7f25f23f7000-7f25f23fb000 rw-p 00000000 00:00 0 
7f25f23fb000-7f25f23fe000 r-xp 00000000 08:01 412332                     /lib/x86_64-linux-gnu/libdl-2.27.so
7f25f23fe000-7f25f25fd000 ---p 00003000 08:01 412332                     /lib/x86_64-linux-gnu/libdl-2.27.so
7f25f25fd000-7f25f25fe000 r--p 00002000 08:01 412332                     /lib/x86_64-linux-gnu/libdl-2.27.so
7f25f25fe000-7f25f25ff000 rw-p 00003000 08:01 412332                     /lib/x86_64-linux-gnu/libdl-2.27.so
7f25f25ff000-7f25f261b000 r-xp 00000000 08:01 398997                     /lib/x86_64-linux-gnu/libz.so.1.2.11
7f25f261b000-7f25f281a000 ---p 0001c000 08:01 398997                     /lib/x86_64-linux-gnu/libz.so.1.2.11
7f25f281a000-7f25f281b000 r--p 0001b000 08:01 398997                     /lib/x86_64-linux-gnu/libz.so.1.2.11
7f25f281b000-7f25f281c000 rw-p 0001c000 08:01 398997                     /lib/x86_64-linux-gnu/libz.so.1.2.11
7f25f281c000-7f25f2a03000 r-xp 00000000 08:01 412329                     /lib/x86_64-linux-gnu/libc-2.27.so
7f25f2a03000-7f25f2c03000 ---p 001e7000 08:01 412329                     /lib/x86_64-linux-gnu/libc-2.27.so
7f25f2c03000-7f25f2c07000 r--p 001e7000 08:01 412329                     /lib/x86_64-linux-gnu/libc-2.27.so
7f25f2c07000-7f25f2c09000 rw-p 001eb000 08:01 412329                     /lib/x86_64-linux-gnu/libc-2.27.so
7f25f2c09000-7f25f2c0d000 rw-p 00000000 00:00 0 
7f25f2c0d000-7f25f2c1b000 r-xp 00000000 08:01 1049840                    /usr/lib/jvm/java-8-openjdk-amd64/jre/lib/amd64/jli/libjli.so
7f25f2c1b000-7f25f2e1a000 ---p 0000e000 08:01 1049840                    /usr/lib/jvm/java-8-openjdk-amd64/jre/lib/amd64/jli/libjli.so
7f25f2e1a000-7f25f2e1b000 r--p 0000d000 08:01 1049840                    /usr/lib/jvm/java-8-openjdk-amd64/jre/lib/amd64/jli/libjli.so
7f25f2e1b000-7f25f2e1c000 rw-p 0000e000 08:01 1049840                    /usr/lib/jvm/java-8-openjdk-amd64/jre/lib/amd64/jli/libjli.so
7f25f2e1c000-7f25f2e43000 r-xp 00000000 08:01 400543                     /lib/x86_64-linux-gnu/ld-2.27.so
7f25f2e43000-7f25f2e44000 r--s 00000000 08:01 284203                     /home/blackstorm/.m2/repository/org/springframework/boot/spring-boot-starter/2.1.1.RELEASE/spring-boot-starter-2.1.1.RELEASE.jar
7f25f2e44000-7f25f2e46000 r--s 00016000 08:01 1050108                    /usr/lib/jvm/java-8-openjdk-amd64/jre/lib/jce.jar
7f25f2e46000-7f25f2e48000 r--s 00007000 08:01 284279                     /usr/share/java/java-atk-wrapper.jar
7f25f2e48000-7f25f2e4b000 r--s 00038000 08:01 1050076                    /usr/lib/jvm/java-8-openjdk-amd64/jre/lib/ext/sunpkcs11.jar
7f25f2e4b000-7f25f2f24000 rw-p 00000000 00:00 0 
7f25f2f24000-7f25f2f25000 ---p 00000000 00:00 0 
7f25f2f25000-7f25f2f28000 ---p 00000000 00:00 0 
7f25f2f28000-7f25f3027000 rw-p 00000000 00:00 0 
7f25f3027000-7f25f3028000 r--s 00000000 08:01 284201                     /home/blackstorm/.m2/repository/org/springframework/boot/spring-boot-starter-web/2.1.1.RELEASE/spring-boot-starter-web-2.1.1.RELEASE.jar
7f25f3028000-7f25f302e000 r--s 0003b000 08:01 1050073                    /usr/lib/jvm/java-8-openjdk-amd64/jre/lib/ext/sunjce_provider.jar
7f25f302e000-7f25f302f000 r--s 0000a000 08:01 1050062                    /usr/lib/jvm/java-8-openjdk-amd64/jre/lib/ext/jaccess.jar
7f25f302f000-7f25f3031000 r--s 00001000 08:01 1050054                    /usr/lib/jvm/java-8-openjdk-amd64/jre/lib/ext/dnsns.jar
7f25f3031000-7f25f3034000 r--s 0000f000 08:01 1050059                    /usr/lib/jvm/java-8-openjdk-amd64/jre/lib/ext/icedtea-sound.jar
7f25f3034000-7f25f3035000 r--s 00010000 08:01 1050079                    /usr/lib/jvm/java-8-openjdk-amd64/jre/lib/ext/zipfs.jar
7f25f3035000-7f25f3037000 r--s 00008000 08:01 1050069                    /usr/lib/jvm/java-8-openjdk-amd64/jre/lib/ext/sunec.jar
7f25f3037000-7f25f303f000 rw-s 00000000 08:01 403354                     /tmp/hsperfdata_blackstorm/17663
7f25f303f000-7f25f3040000 rw-p 00000000 00:00 0 
7f25f3040000-7f25f3041000 ---p 00000000 00:00 0 
7f25f3041000-7f25f3043000 rw-p 00000000 00:00 0 
7f25f3043000-7f25f3044000 r--p 00027000 08:01 400543                     /lib/x86_64-linux-gnu/ld-2.27.so
7f25f3044000-7f25f3045000 rw-p 00028000 08:01 400543                     /lib/x86_64-linux-gnu/ld-2.27.so
7f25f3045000-7f25f3046000 rw-p 00000000 00:00 0 
7ffc05d90000-7ffc05db3000 rw-p 00000000 00:00 0                          [stack]
7ffc05dcf000-7ffc05dd2000 r--p 00000000 00:00 0                          [vvar]
7ffc05dd2000-7ffc05dd4000 r-xp 00000000 00:00 0                          [vdso]
ffffffffff600000-ffffffffff601000 r-xp 00000000 00:00 0                  [vsyscall]

VM Arguments:
jvm_args: -Dfile.encoding=UTF-8 
java_command: cader.webapp.CaderApplication
java_class_path (initial): /usr/lib/jvm/java-8-openjdk-amd64/jre/lib/resources.jar:/usr/lib/jvm/java-8-openjdk-amd64/jre/lib/rt.jar:/usr/lib/jvm/java-8-openjdk-amd64/jre/lib/jsse.jar:/usr/lib/jvm/java-8-openjdk-amd64/jre/lib/jce.jar:/usr/lib/jvm/java-8-openjdk-amd64/jre/lib/charsets.jar:/usr/lib/jvm/java-8-openjdk-amd64/jre/lib/ext/sunec.jar:/usr/lib/jvm/java-8-openjdk-amd64/jre/lib/ext/zipfs.jar:/usr/lib/jvm/java-8-openjdk-amd64/jre/lib/ext/icedtea-sound.jar:/usr/lib/jvm/java-8-openjdk-amd64/jre/lib/ext/dnsns.jar:/usr/lib/jvm/java-8-openjdk-amd64/jre/lib/ext/nashorn.jar:/usr/lib/jvm/java-8-openjdk-amd64/jre/lib/ext/jaccess.jar:/usr/lib/jvm/java-8-openjdk-amd64/jre/lib/ext/localedata.jar:/usr/lib/jvm/java-8-openjdk-amd64/jre/lib/ext/cldrdata.jar:/usr/lib/jvm/java-8-openjdk-amd64/jre/lib/ext/sunjce_provider.jar:/usr/lib/jvm/java-8-openjdk-amd64/jre/lib/ext/sunpkcs11.jar:/usr/share/java/java-atk-wrapper.jar:/home/blackstorm/Desktop/PFE_NEW/query-relaxation/target/classes:/home/blackstorm/.m2/repository/com/fasterxml/jackson/core/jackson-core/2.9.7/jackson-core-2.9.7.jar:/home/blackstorm/.m2/repository/commons-fileupload/commons-fileupload/1.3.1/commons-fileupload-1.3.1.jar:/home/blackstorm/.m2/repository/com/fasterxml/jackson/core/jackson-databind/2.9.7/jackson-databind-2.9.7.jar:/home/blackstorm/.m2/repository/com/fasterxml/jackson/core/jackson-annotations/2.9.0/jackson-annotations-2.9.0.jar:/home/blackstorm/.m2/repository/org/springframework/boot/spring-boot-starter-web/2.1.1.RELEASE/spring-boot-starter-web-2.1.1.RELEASE.jar:/home/blackstorm/.m2/repository/org/springframework/boot/spring-boot-starter/2.1.1.RELEASE/spring-boot-starter-2.1.1.RELEASE.jar:/home/blackstorm/.m2/repository/org/springframework/boot/spring-boot-starter-logging/2.1.1.RELEASE/spring-boot-starter-logging-2.1.1.RELEASE.jar:/home/blackstorm/.m2/repository/ch/qos/logback/logback-classic/1.2.3/logback-classic-1.2.3.jar:/home/blackstorm/.m2/repository/ch/qos/logback/logback-core/1.2.3/logback-core
Launcher Type: SUN_STANDARD

Environment Variables:
PATH=/home/blackstorm/bin:/home/blackstorm/.local/bin:/usr/local/sbin:/usr/local/bin:/usr/sbin:/usr/bin:/sbin:/bin:/usr/games:/usr/local/games:/snap/bin
USERNAME=blackstorm
SHELL=/bin/bash
DISPLAY=:0

Signal Handlers:
SIGSEGV: [libjvm.so+0xab2e60], sa_mask[0]=11111111011111111101111111111110, sa_flags=SA_RESTART|SA_SIGINFO
SIGBUS: [libjvm.so+0xab2e60], sa_mask[0]=11111111011111111101111111111110, sa_flags=SA_RESTART|SA_SIGINFO
SIGFPE: [libjvm.so+0x8e8860], sa_mask[0]=11111111011111111101111111111110, sa_flags=SA_RESTART|SA_SIGINFO
SIGPIPE: [libjvm.so+0x8e8860], sa_mask[0]=11111111011111111101111111111110, sa_flags=SA_RESTART|SA_SIGINFO
SIGXFSZ: [libjvm.so+0x8e8860], sa_mask[0]=11111111011111111101111111111110, sa_flags=SA_RESTART|SA_SIGINFO
SIGILL: [libjvm.so+0x8e8860], sa_mask[0]=11111111011111111101111111111110, sa_flags=SA_RESTART|SA_SIGINFO
SIGUSR1: SIG_DFL, sa_mask[0]=00000000000000000000000000000000, sa_flags=none
SIGUSR2: [libjvm.so+0x8e8710], sa_mask[0]=00100000000000000000000000000000, sa_flags=SA_RESTART|SA_SIGINFO
SIGHUP: [libjvm.so+0x8e8d80], sa_mask[0]=11111111011111111101111111111110, sa_flags=SA_RESTART|SA_SIGINFO
SIGINT: [libjvm.so+0x8e8d80], sa_mask[0]=11111111011111111101111111111110, sa_flags=SA_RESTART|SA_SIGINFO
SIGTERM: [libjvm.so+0x8e8d80], sa_mask[0]=11111111011111111101111111111110, sa_flags=SA_RESTART|SA_SIGINFO
SIGQUIT: [libjvm.so+0x8e8d80], sa_mask[0]=11111111011111111101111111111110, sa_flags=SA_RESTART|SA_SIGINFO


---------------  S Y S T E M  ---------------

OS:DISTRIB_ID=Ubuntu
DISTRIB_RELEASE=18.04
DISTRIB_CODENAME=bionic
DISTRIB_DESCRIPTION="Ubuntu 18.04.1 LTS"

uname:Linux 4.15.0-43-generic #46-Ubuntu SMP Thu Dec 6 14:45:28 UTC 2018 x86_64
libc:glibc 2.27 NPTL 2.27 
rlimit: STACK 8192k, CORE 0k, NPROC 15449, NOFILE 4096, AS infinity
load average:0.92 0.40 0.61

/proc/meminfo:
MemTotal:        4015680 kB
MemFree:          104268 kB
MemAvailable:      38872 kB
Buffers:            4140 kB
Cached:           119104 kB
SwapCached:            0 kB
Active:          3160948 kB
Inactive:          89180 kB
Active(anon):    3128472 kB
Inactive(anon):    57492 kB
Active(file):      32476 kB
Inactive(file):    31688 kB
Unevictable:          48 kB
Mlocked:              48 kB
SwapTotal:             0 kB
SwapFree:              0 kB
Dirty:               520 kB
Writeback:             0 kB
AnonPages:       3127116 kB
Mapped:           115180 kB
Shmem:             58896 kB
Slab:             119824 kB
SReclaimable:      45772 kB
SUnreclaim:        74052 kB
KernelStack:       15952 kB
PageTables:        54576 kB
NFS_Unstable:          0 kB
Bounce:                0 kB
WritebackTmp:          0 kB
CommitLimit:     2007840 kB
Committed_AS:    7203952 kB
VmallocTotal:   34359738367 kB
VmallocUsed:           0 kB
VmallocChunk:          0 kB
HardwareCorrupted:     0 kB
AnonHugePages:         0 kB
ShmemHugePages:        0 kB
ShmemPmdMapped:        0 kB
CmaTotal:              0 kB
CmaFree:               0 kB
HugePages_Total:       0
HugePages_Free:        0
HugePages_Rsvd:        0
HugePages_Surp:        0
Hugepagesize:       2048 kB
DirectMap4k:      304960 kB
DirectMap2M:     3889152 kB
DirectMap1G:     2097152 kB

container (cgroup) information:
container_type: cgroupv1
cpu_cpuset_cpus: 0-3
cpu_memory_nodes: 0
active_processor_count: 4
cpu_quota: -1
cpu_period: 100000
cpu_shares: -1
memory_limit_in_bytes: -1
memory_and_swap_limit_in_bytes: -2
memory_soft_limit_in_bytes: -1
memory_usage_in_bytes: 3328471040
memory_max_usage_in_bytes: 242540544


CPU:total 4 (initial active 4) (2 cores per cpu, 1 threads per core) family 6 model 78 stepping 3, cmov, cx8, fxsr, mmx, sse, sse2, sse3, ssse3, sse4.1, sse4.2, popcnt, avx, avx2, aes, clmul, erms, 3dnowpref, lzcnt, tsc, tscinvbit, bmi1, bmi2, adx

/proc/cpuinfo:
processor	: 0
vendor_id	: GenuineIntel
cpu family	: 6
model		: 78
model name	: Intel(R) Core(TM) i7-6500U CPU @ 2.50GHz
stepping	: 3
microcode	: 0xbe
cpu MHz		: 2592.004
cache size	: 4096 KB
physical id	: 0
siblings	: 2
core id		: 0
cpu cores	: 2
apicid		: 0
initial apicid	: 0
fpu		: yes
fpu_exception	: yes
cpuid level	: 22
wp		: yes
flags		: fpu vme de pse tsc msr pae mce cx8 apic sep mtrr pge mca cmov pat pse36 clflush dts mmx fxsr sse sse2 ss ht syscall nx pdpe1gb rdtscp lm constant_tsc arch_perfmon pebs bts nopl xtopology tsc_reliable nonstop_tsc cpuid aperfmperf pni pclmulqdq vmx ssse3 fma cx16 pcid sse4_1 sse4_2 x2apic movbe popcnt tsc_deadline_timer aes xsave avx f16c rdrand hypervisor lahf_lm abm 3dnowprefetch cpuid_fault epb invpcid_single pti tpr_shadow vnmi ept vpid fsgsbase tsc_adjust bmi1 avx2 smep bmi2 invpcid rdseed adx smap xsaveopt dtherm ida arat pln pts hwp hwp_notify hwp_act_window hwp_epp
bugs		: cpu_meltdown spectre_v1 spectre_v2 spec_store_bypass l1tf
bogomips	: 5184.00
clflush size	: 64
cache_alignment	: 64
address sizes	: 42 bits physical, 48 bits virtual
power management:

processor	: 1
vendor_id	: GenuineIntel
cpu family	: 6
model		: 78
model name	: Intel(R) Core(TM) i7-6500U CPU @ 2.50GHz
stepping	: 3
microcode	: 0xbe
cpu MHz		: 2592.004
cache size	: 4096 KB
physical id	: 0
siblings	: 2
core id		: 1
cpu cores	: 2
apicid		: 1
initial apicid	: 1
fpu		: yes
fpu_exception	: yes
cpuid level	: 22
wp		: yes
flags		: fpu vme de pse tsc msr pae mce cx8 apic sep mtrr pge mca cmov pat pse36 clflush dts mmx fxsr sse sse2 ss ht syscall nx pdpe1gb rdtscp lm constant_tsc arch_perfmon pebs bts nopl xtopology tsc_reliable nonstop_tsc cpuid aperfmperf pni pclmulqdq vmx ssse3 fma cx16 pcid sse4_1 sse4_2 x2apic movbe popcnt tsc_deadline_timer aes xsave avx f16c rdrand hypervisor lahf_lm abm 3dnowprefetch cpuid_fault epb invpcid_single pti tpr_shadow vnmi ept vpid fsgsbase tsc_adjust bmi1 avx2 smep bmi2 invpcid rdseed adx smap xsaveopt dtherm ida arat pln pts hwp hwp_notify hwp_act_window hwp_epp
bugs		: cpu_meltdown spectre_v1 spectre_v2 spec_store_bypass l1tf
bogomips	: 5184.00
clflush size	: 64
cache_alignment	: 64
address sizes	: 42 bits physical, 48 bits virtual
power management:

processor	: 2
vendor_id	: GenuineIntel
cpu family	: 6
model		: 78
model name	: Intel(R) Core(TM) i7-6500U CPU @ 2.50GHz
stepping	: 3
microcode	: 0xbe
cpu MHz		: 2592.004
cache size	: 4096 KB
physical id	: 1
siblings	: 2
core id		: 0
cpu cores	: 2
apicid		: 2
initial apicid	: 2
fpu		: yes
fpu_exception	: yes
cpuid level	: 22
wp		: yes
flags		: fpu vme de pse tsc msr pae mce cx8 apic sep mtrr pge mca cmov pat pse36 clflush dts mmx fxsr sse sse2 ss ht syscall nx pdpe1gb rdtscp lm constant_tsc arch_perfmon pebs bts nopl xtopology tsc_reliable nonstop_tsc cpuid aperfmperf pni pclmulqdq vmx ssse3 fma cx16 pcid sse4_1 sse4_2 x2apic movbe popcnt tsc_deadline_timer aes xsave avx f16c rdrand hypervisor lahf_lm abm 3dnowprefetch cpuid_fault epb invpcid_single pti tpr_shadow vnmi ept vpid fsgsbase tsc_adjust bmi1 avx2 smep bmi2 invpcid rdseed adx smap xsaveopt dtherm ida arat pln pts hwp hwp_notify hwp_act_window hwp_epp
bugs		: cpu_meltdown spectre_v1 spectre_v2 spec_store_bypass l1tf
bogomips	: 5184.00
clflush size	: 64
cache_alignment	: 64
address sizes	: 42 bits physical, 48 bits virtual
power management:

processor	: 3
vendor_id	: GenuineIntel
cpu family	: 6
model		: 78
model name	: Intel(R) Core(TM) i7-6500U CPU @ 2.50GHz
stepping	: 3
microcode	: 0xbe
cpu MHz		: 2592.004
cache size	: 4096 KB
physical id	: 1
siblings	: 2
core id		: 1
cpu cores	: 2
apicid		: 3
initial apicid	: 3
fpu		: yes
fpu_exception	: yes
cpuid level	: 22
wp		: yes
flags		: fpu vme de pse tsc msr pae mce cx8 apic sep mtrr pge mca cmov pat pse36 clflush dts mmx fxsr sse sse2 ss ht syscall nx pdpe1gb rdtscp lm constant_tsc arch_perfmon pebs bts nopl xtopology tsc_reliable nonstop_tsc cpuid aperfmperf pni pclmulqdq vmx ssse3 fma cx16 pcid sse4_1 sse4_2 x2apic movbe popcnt tsc_deadline_timer aes xsave avx f16c rdrand hypervisor lahf_lm abm 3dnowprefetch cpuid_fault epb invpcid_single pti tpr_shadow vnmi ept vpid fsgsbase tsc_adjust bmi1 avx2 smep bmi2 invpcid rdseed adx smap xsaveopt dtherm ida arat pln pts hwp hwp_notify hwp_act_window hwp_epp
bugs		: cpu_meltdown spectre_v1 spectre_v2 spec_store_bypass l1tf
bogomips	: 5184.00
clflush size	: 64
cache_alignment	: 64
address sizes	: 42 bits physical, 48 bits virtual
power management:



Memory: 4k page, physical 4015680k(103772k free), swap 0k(0k free)

vm_info: OpenJDK 64-Bit Server VM (25.191-b12) for linux-amd64 JRE (1.8.0_191-8u191-b12-0ubuntu0.18.04.1-b12), built on Nov 20 2018 01:07:58 by "buildd" with gcc 7.3.0

time: Tue Jan  8 02:44:27 2019
elapsed time: 1338 seconds (0d 0h 22m 18s)

