#
# There is insufficient memory for the Java Runtime Environment to continue.
# Native memory allocation (mmap) failed to map 147324928 bytes for committing reserved memory.
# Possible reasons:
#   The system is out of physical RAM or swap space
#   In 32 bit mode, the process size limit was hit
# Possible solutions:
#   Reduce memory load on the system
#   Increase physical memory or swap space
#   Check if swap backing store is full
#   Use 64 bit Java on a 64 bit OS
#   Decrease Java heap size (-Xmx/-Xms)
#   Decrease number of Java threads
#   Decrease Java thread stack sizes (-Xss)
#   Set larger code cache with -XX:ReservedCodeCacheSize=
# This output file may be truncated or incomplete.
#
#  Out of Memory Error (os_linux.cpp:2746), pid=18405, tid=0x00007fc8bcf03700
#
# JRE version: OpenJDK Runtime Environment (8.0_191-b12) (build 1.8.0_191-8u191-b12-0ubuntu0.18.04.1-b12)
# Java VM: OpenJDK 64-Bit Server VM (25.191-b12 mixed mode linux-amd64 compressed oops)
# Failed to write core dump. Core dumps have been disabled. To enable core dumping, try "ulimit -c unlimited" before starting Java again
#

---------------  T H R E A D  ---------------

Current thread (0x00007fc8e007d000):  VMThread [stack: 0x00007fc8bce04000,0x00007fc8bcf04000] [id=18415]

Stack: [0x00007fc8bce04000,0x00007fc8bcf04000],  sp=0x00007fc8bcf02440,  free space=1017k
Native frames: (J=compiled Java code, j=interpreted, Vv=VM code, C=native code)
V  [libjvm.so+0xab2512]
V  [libjvm.so+0x4d9e97]
V  [libjvm.so+0x8ed690]
V  [libjvm.so+0x8e47be]
V  [libjvm.so+0x968516]
V  [libjvm.so+0x95718a]
V  [libjvm.so+0x957358]
V  [libjvm.so+0x957f60]
V  [libjvm.so+0x95e2fc]
V  [libjvm.so+0x9663e5]
V  [libjvm.so+0x914a58]
V  [libjvm.so+0xab41d2]
V  [libjvm.so+0xab8d96]
V  [libjvm.so+0xab7035]
V  [libjvm.so+0xab79ad]
V  [libjvm.so+0xab7d87]
V  [libjvm.so+0x8eaa42]

VM_Operation (0x00007fc8956aed80): ParallelGCFailedAllocation, mode: safepoint, requested by thread 0x00007fc888393800


---------------  P R O C E S S  ---------------

Java Threads: ( => current thread )
  0x00007fc8e000f800 JavaThread "DestroyJavaVM" [_thread_blocked, id=18410, stack(0x00007fc8e7b5d000,0x00007fc8e7c5d000)]
  0x00007fc888315000 JavaThread "http-nio-8080-AsyncTimeout" daemon [_thread_blocked, id=18453, stack(0x00007fc894aa7000,0x00007fc894ba8000)]
  0x00007fc888314000 JavaThread "http-nio-8080-Acceptor-0" daemon [_thread_in_native, id=18452, stack(0x00007fc894ba8000,0x00007fc894ca9000)]
  0x00007fc8883a3800 JavaThread "http-nio-8080-ClientPoller-1" daemon [_thread_blocked, id=18451, stack(0x00007fc894ca9000,0x00007fc894daa000)]
  0x00007fc8883a2000 JavaThread "http-nio-8080-ClientPoller-0" daemon [_thread_blocked, id=18450, stack(0x00007fc894daa000,0x00007fc894eab000)]
  0x00007fc88839f800 JavaThread "http-nio-8080-exec-10" daemon [_thread_blocked, id=18449, stack(0x00007fc894eab000,0x00007fc894fac000)]
  0x00007fc88839e000 JavaThread "http-nio-8080-exec-9" daemon [_thread_blocked, id=18448, stack(0x00007fc894fac000,0x00007fc8950ad000)]
  0x00007fc88839c000 JavaThread "http-nio-8080-exec-8" daemon [_thread_blocked, id=18447, stack(0x00007fc8950ad000,0x00007fc8951ae000)]
  0x00007fc88839a000 JavaThread "http-nio-8080-exec-7" daemon [_thread_blocked, id=18446, stack(0x00007fc8951ae000,0x00007fc8952af000)]
  0x00007fc888398800 JavaThread "http-nio-8080-exec-6" daemon [_thread_blocked, id=18445, stack(0x00007fc8952af000,0x00007fc8953b0000)]
  0x00007fc888396800 JavaThread "http-nio-8080-exec-5" daemon [_thread_blocked, id=18444, stack(0x00007fc8953b0000,0x00007fc8954b1000)]
  0x00007fc888395000 JavaThread "http-nio-8080-exec-4" daemon [_thread_blocked, id=18443, stack(0x00007fc8954b1000,0x00007fc8955b2000)]
  0x00007fc888393800 JavaThread "http-nio-8080-exec-3" daemon [_thread_blocked, id=18442, stack(0x00007fc8955b2000,0x00007fc8956b3000)]
  0x00007fc888391800 JavaThread "http-nio-8080-exec-2" daemon [_thread_blocked, id=18441, stack(0x00007fc8956b3000,0x00007fc8957b4000)]
  0x00007fc888390000 JavaThread "http-nio-8080-exec-1" daemon [_thread_blocked, id=18440, stack(0x00007fc8957b4000,0x00007fc8958b5000)]
  0x00007fc888785800 JavaThread "NioBlockingSelector.BlockPoller-1" daemon [_thread_blocked, id=18439, stack(0x00007fc8959b6000,0x00007fc895ab7000)]
  0x00007fc88877f800 JavaThread "Live Reload Server" daemon [_thread_in_native, id=18438, stack(0x00007fc8958b5000,0x00007fc8959b6000)]
  0x00007fc88845e000 JavaThread "File Watcher" daemon [_thread_blocked, id=18436, stack(0x00007fc895ab7000,0x00007fc895bb8000)]
  0x00007fc88859c800 JavaThread "container-0" [_thread_blocked, id=18435, stack(0x00007fc896868000,0x00007fc896969000)]
  0x00007fc888598800 JavaThread "ContainerBackgroundProcessor[StandardEngine[Tomcat]]" daemon [_thread_blocked, id=18434, stack(0x00007fc897cfd000,0x00007fc897dfe000)]
  0x00007fc8e00df000 JavaThread "Service Thread" daemon [_thread_blocked, id=18422, stack(0x00007fc8bc41e000,0x00007fc8bc51f000)]
  0x00007fc8e00c2000 JavaThread "C1 CompilerThread2" daemon [_thread_blocked, id=18421, stack(0x00007fc8bc520000,0x00007fc8bc620000)]
  0x00007fc8e00c0000 JavaThread "C2 CompilerThread1" daemon [_thread_blocked, id=18420, stack(0x00007fc8bc621000,0x00007fc8bc721000)]
  0x00007fc8e00bd800 JavaThread "C2 CompilerThread0" daemon [_thread_blocked, id=18419, stack(0x00007fc8bc722000,0x00007fc8bc822000)]
  0x00007fc8e00bb800 JavaThread "Signal Dispatcher" daemon [_thread_blocked, id=18418, stack(0x00007fc8bc822000,0x00007fc8bc923000)]
  0x00007fc8e0089000 JavaThread "Finalizer" daemon [_thread_blocked, id=18417, stack(0x00007fc8bcc01000,0x00007fc8bcd02000)]
  0x00007fc8e0086800 JavaThread "Reference Handler" daemon [_thread_blocked, id=18416, stack(0x00007fc8bcd02000,0x00007fc8bce03000)]

Other Threads:
=>0x00007fc8e007d000 VMThread [stack: 0x00007fc8bce04000,0x00007fc8bcf04000] [id=18415]
  0x00007fc8e00e2000 WatcherThread [stack: 0x00007fc8bc31e000,0x00007fc8bc41e000] [id=18423]

VM state:at safepoint (normal execution)

VM Mutex/Monitor currently owned by a thread:  ([mutex/lock_event])
[0x00007fc8e000b570] ExpandHeap_lock - owner thread: 0x00007fc8e007d000
[0x00007fc8e000bbf0] Threads_lock - owner thread: 0x00007fc8e007d000
[0x00007fc8e000c0f0] Heap_lock - owner thread: 0x00007fc888393800

Heap:
 PSYoungGen      total 267264K, used 67490K [0x00000000eb900000, 0x0000000100000000, 0x0000000100000000)
  eden space 199680K, 0% used [0x00000000eb900000,0x00000000eb900000,0x00000000f7c00000)
  from space 67584K, 99% used [0x00000000f7c00000,0x00000000fbde88b0,0x00000000fbe00000)
  to   space 67584K, 0% used [0x00000000fbe00000,0x00000000fbe00000,0x0000000100000000)
 ParOldGen       total 288768K, used 285302K [0x00000000c2a00000, 0x00000000d4400000, 0x00000000eb900000)
  object space 288768K, 98% used [0x00000000c2a00000,0x00000000d409dbb0,0x00000000d4400000)
 Metaspace       used 47877K, capacity 49664K, committed 50176K, reserved 1093632K
  class space    used 6184K, capacity 6538K, committed 6656K, reserved 1048576K

Card table byte_map: [0x00007fc8d0e14000,0x00007fc8d1000000] byte_map_base: 0x00007fc8d07ff000

Marking Bits: (ParMarkBitMap*) 0x00007fc8e6df7340
 Begin Bits: [0x00007fc8be150000, 0x00007fc8bf0a8000)
 End Bits:   [0x00007fc8bf0a8000, 0x00007fc8c0000000)

Polling page: 0x00007fc8e7c78000

CodeCache: size=245760Kb used=14576Kb max_used=14606Kb free=231183Kb
 bounds [0x00007fc8d1000000, 0x00007fc8d1e60000, 0x00007fc8e0000000]
 total_blobs=4740 nmethods=4254 adapters=400
 compilation: enabled

Compilation events (10 events):
Event: 25.235 Thread 0x00007fc8e00c0000 nmethod 4877 0x00007fc8d1e28690 code [0x00007fc8d1e29460, 0x00007fc8d1e2f8b8]
Event: 25.235 Thread 0x00007fc8e00c0000 4909       4       java.util.ArrayList::set (20 bytes)
Event: 25.237 Thread 0x00007fc8e00c0000 nmethod 4909 0x00007fc8d1de79d0 code [0x00007fc8d1de7b20, 0x00007fc8d1de7c58]
Event: 25.237 Thread 0x00007fc8e00c0000 4904       4       org.apache.jena.mem.GraphMem::graphBaseFind (11 bytes)
Event: 25.303 Thread 0x00007fc8e00c0000 nmethod 4904 0x00007fc8d1e42c90 code [0x00007fc8d1e430a0, 0x00007fc8d1e455e8]
Event: 25.303 Thread 0x00007fc8e00c0000 4905       4       org.apache.jena.mem.GraphTripleStoreBase::find (174 bytes)
Event: 25.314 Thread 0x00007fc8e00bd800 nmethod 4903 0x00007fc8d1e48350 code [0x00007fc8d1e48b80, 0x00007fc8d1e4d9a8]
Event: 25.314 Thread 0x00007fc8e00bd800 4910       4       org.apache.jena.util.iterator.NiceIterator$1::advance (44 bytes)
Event: 25.316 Thread 0x00007fc8e00bd800 nmethod 4910 0x00007fc8d1de9150 code [0x00007fc8d1de92c0, 0x00007fc8d1de9458]
Event: 25.316 Thread 0x00007fc8e00bd800 4906       4       org.apache.jena.mem.NodeToTriplesMapMem::iterator (79 bytes)

GC Heap History (10 events):
Event: 21.209 GC heap after
Heap after GC invocations=15 (full 2):
 PSYoungGen      total 239616K, used 20476K [0x00000000eb900000, 0x0000000100000000, 0x0000000100000000)
  eden space 219136K, 0% used [0x00000000eb900000,0x00000000eb900000,0x00000000f8f00000)
  from space 20480K, 99% used [0x00000000f8f00000,0x00000000fa2ff3a8,0x00000000fa300000)
  to   space 30720K, 0% used [0x00000000fe200000,0x00000000fe200000,0x0000000100000000)
 ParOldGen       total 51200K, used 50379K [0x00000000c2a00000, 0x00000000c5c00000, 0x00000000eb900000)
  object space 51200K, 98% used [0x00000000c2a00000,0x00000000c5b32f28,0x00000000c5c00000)
 Metaspace       used 45545K, capacity 47296K, committed 47488K, reserved 1091584K
  class space    used 5913K, capacity 6241K, committed 6272K, reserved 1048576K
}
Event: 21.209 GC heap before
{Heap before GC invocations=16 (full 3):
 PSYoungGen      total 239616K, used 20476K [0x00000000eb900000, 0x0000000100000000, 0x0000000100000000)
  eden space 219136K, 0% used [0x00000000eb900000,0x00000000eb900000,0x00000000f8f00000)
  from space 20480K, 99% used [0x00000000f8f00000,0x00000000fa2ff3a8,0x00000000fa300000)
  to   space 30720K, 0% used [0x00000000fe200000,0x00000000fe200000,0x0000000100000000)
 ParOldGen       total 51200K, used 50379K [0x00000000c2a00000, 0x00000000c5c00000, 0x00000000eb900000)
  object space 51200K, 98% used [0x00000000c2a00000,0x00000000c5b32f28,0x00000000c5c00000)
 Metaspace       used 45545K, capacity 47296K, committed 47488K, reserved 1091584K
  class space    used 5913K, capacity 6241K, committed 6272K, reserved 1048576K
Event: 21.568 GC heap after
Heap after GC invocations=16 (full 3):
 PSYoungGen      total 239616K, used 11725K [0x00000000eb900000, 0x0000000100000000, 0x0000000100000000)
  eden space 219136K, 0% used [0x00000000eb900000,0x00000000eb900000,0x00000000f8f00000)
  from space 20480K, 57% used [0x00000000f8f00000,0x00000000f9a73690,0x00000000fa300000)
  to   space 30720K, 0% used [0x00000000fe200000,0x00000000fe200000,0x0000000100000000)
 ParOldGen       total 94208K, used 50994K [0x00000000c2a00000, 0x00000000c8600000, 0x00000000eb900000)
  object space 94208K, 54% used [0x00000000c2a00000,0x00000000c5bcc9b8,0x00000000c8600000)
 Metaspace       used 45545K, capacity 47296K, committed 47488K, reserved 1091584K
  class space    used 5913K, capacity 6241K, committed 6272K, reserved 1048576K
}
Event: 23.079 GC heap before
{Heap before GC invocations=17 (full 3):
 PSYoungGen      total 239616K, used 230861K [0x00000000eb900000, 0x0000000100000000, 0x0000000100000000)
  eden space 219136K, 100% used [0x00000000eb900000,0x00000000f8f00000,0x00000000f8f00000)
  from space 20480K, 57% used [0x00000000f8f00000,0x00000000f9a73690,0x00000000fa300000)
  to   space 30720K, 0% used [0x00000000fe200000,0x00000000fe200000,0x0000000100000000)
 ParOldGen       total 94208K, used 50994K [0x00000000c2a00000, 0x00000000c8600000, 0x00000000eb900000)
  object space 94208K, 54% used [0x00000000c2a00000,0x00000000c5bcc9b8,0x00000000c8600000)
 Metaspace       used 47877K, capacity 49664K, committed 50176K, reserved 1093632K
  class space    used 6184K, capacity 6538K, committed 6656K, reserved 1048576K
Event: 23.223 GC heap after
Heap after GC invocations=17 (full 3):
 PSYoungGen      total 230400K, used 30717K [0x00000000eb900000, 0x0000000100000000, 0x0000000100000000)
  eden space 199680K, 0% used [0x00000000eb900000,0x00000000eb900000,0x00000000f7c00000)
  from space 30720K, 99% used [0x00000000fe200000,0x00000000fffff4d8,0x0000000100000000)
  to   space 67584K, 0% used [0x00000000f7c00000,0x00000000f7c00000,0x00000000fbe00000)
 ParOldGen       total 136704K, used 136309K [0x00000000c2a00000, 0x00000000caf80000, 0x00000000eb900000)
  object space 136704K, 99% used [0x00000000c2a00000,0x00000000caf1d788,0x00000000caf80000)
 Metaspace       used 47877K, capacity 49664K, committed 50176K, reserved 1093632K
  class space    used 6184K, capacity 6538K, committed 6656K, reserved 1048576K
}
Event: 23.223 GC heap before
{Heap before GC invocations=18 (full 4):
 PSYoungGen      total 230400K, used 30717K [0x00000000eb900000, 0x0000000100000000, 0x0000000100000000)
  eden space 199680K, 0% used [0x00000000eb900000,0x00000000eb900000,0x00000000f7c00000)
  from space 30720K, 99% used [0x00000000fe200000,0x00000000fffff4d8,0x0000000100000000)
  to   space 67584K, 0% used [0x00000000f7c00000,0x00000000f7c00000,0x00000000fbe00000)
 ParOldGen       total 136704K, used 136309K [0x00000000c2a00000, 0x00000000caf80000, 0x00000000eb900000)
  object space 136704K, 99% used [0x00000000c2a00000,0x00000000caf1d788,0x00000000caf80000)
 Metaspace       used 47877K, capacity 49664K, committed 50176K, reserved 1093632K
  class space    used 6184K, capacity 6538K, committed 6656K, reserved 1048576K
Event: 24.798 GC heap after
Heap after GC invocations=18 (full 4):
 PSYoungGen      total 230400K, used 29640K [0x00000000eb900000, 0x0000000100000000, 0x0000000100000000)
  eden space 199680K, 0% used [0x00000000eb900000,0x00000000eb900000,0x00000000f7c00000)
  from space 30720K, 96% used [0x00000000fe200000,0x00000000ffef2270,0x0000000100000000)
  to   space 67584K, 0% used [0x00000000f7c00000,0x00000000f7c00000,0x00000000fbe00000)
 ParOldGen       total 222208K, used 136476K [0x00000000c2a00000, 0x00000000d0300000, 0x00000000eb900000)
  object space 222208K, 61% used [0x00000000c2a00000,0x00000000caf47238,0x00000000d0300000)
 Metaspace       used 47877K, capacity 49664K, committed 50176K, reserved 1093632K
  class space    used 6184K, capacity 6538K, committed 6656K, reserved 1048576K
}
Event: 25.318 GC heap before
{Heap before GC invocations=19 (full 4):
 PSYoungGen      total 230400K, used 229320K [0x00000000eb900000, 0x0000000100000000, 0x0000000100000000)
  eden space 199680K, 100% used [0x00000000eb900000,0x00000000f7c00000,0x00000000f7c00000)
  from space 30720K, 96% used [0x00000000fe200000,0x00000000ffef2270,0x0000000100000000)
  to   space 67584K, 0% used [0x00000000f7c00000,0x00000000f7c00000,0x00000000fbe00000)
 ParOldGen       total 222208K, used 136476K [0x00000000c2a00000, 0x00000000d0300000, 0x00000000eb900000)
  object space 222208K, 61% used [0x00000000c2a00000,0x00000000caf47238,0x00000000d0300000)
 Metaspace       used 47877K, capacity 49664K, committed 50176K, reserved 1093632K
  class space    used 6184K, capacity 6538K, committed 6656K, reserved 1048576K
Event: 25.756 GC heap after
Heap after GC invocations=19 (full 4):
 PSYoungGen      total 267264K, used 67570K [0x00000000eb900000, 0x0000000100000000, 0x0000000100000000)
  eden space 199680K, 0% used [0x00000000eb900000,0x00000000eb900000,0x00000000f7c00000)
  from space 67584K, 99% used [0x00000000f7c00000,0x00000000fbdfc808,0x00000000fbe00000)
  to   space 67584K, 0% used [0x00000000fbe00000,0x00000000fbe00000,0x0000000100000000)
 ParOldGen       total 288768K, used 287570K [0x00000000c2a00000, 0x00000000d4400000, 0x00000000eb900000)
  object space 288768K, 99% used [0x00000000c2a00000,0x00000000d42d4900,0x00000000d4400000)
 Metaspace       used 47877K, capacity 49664K, committed 50176K, reserved 1093632K
  class space    used 6184K, capacity 6538K, committed 6656K, reserved 1048576K
}
Event: 25.779 GC heap before
{Heap before GC invocations=20 (full 5):
 PSYoungGen      total 267264K, used 67570K [0x00000000eb900000, 0x0000000100000000, 0x0000000100000000)
  eden space 199680K, 0% used [0x00000000eb900000,0x00000000eb900000,0x00000000f7c00000)
  from space 67584K, 99% used [0x00000000f7c00000,0x00000000fbdfc808,0x00000000fbe00000)
  to   space 67584K, 0% used [0x00000000fbe00000,0x00000000fbe00000,0x0000000100000000)
 ParOldGen       total 288768K, used 287570K [0x00000000c2a00000, 0x00000000d4400000, 0x00000000eb900000)
  object space 288768K, 99% used [0x00000000c2a00000,0x00000000d42d4900,0x00000000d4400000)
 Metaspace       used 47877K, capacity 49664K, committed 50176K, reserved 1093632K
  class space    used 6184K, capacity 6538K, committed 6656K, reserved 1048576K

Deoptimization events (10 events):
Event: 22.305 Thread 0x00007fc888393800 Uncommon trap: reason=unstable_if action=reinterpret pc=0x00007fc8d1d5218c method=sun.nio.cs.UTF_8$Encoder.encodeArrayLoop(Ljava/nio/CharBuffer;Ljava/nio/ByteBuffer;)Ljava/nio/charset/CoderResult; @ 87
Event: 22.307 Thread 0x00007fc888393800 Uncommon trap: reason=bimorphic action=maybe_recompile pc=0x00007fc8d1b472d0 method=java.util.regex.Pattern$Curly.match0(Ljava/util/regex/Matcher;IILjava/lang/CharSequence;)Z @ 170
Event: 22.307 Thread 0x00007fc888393800 Uncommon trap: reason=class_check action=maybe_recompile pc=0x00007fc8d14f8acc method=java.util.regex.Matcher.getSubSequence(II)Ljava/lang/CharSequence; @ 6
Event: 22.307 Thread 0x00007fc888393800 Uncommon trap: reason=class_check action=maybe_recompile pc=0x00007fc8d14f8acc method=java.util.regex.Matcher.getSubSequence(II)Ljava/lang/CharSequence; @ 6
Event: 22.580 Thread 0x00007fc888393800 Uncommon trap: reason=class_check action=maybe_recompile pc=0x00007fc8d1da2cac method=org.apache.jena.sparql.engine.binding.BindingBase.get(Lorg/apache/jena/sparql/core/Var;)Lorg/apache/jena/graph/Node; @ 26
Event: 22.580 Thread 0x00007fc888393800 Uncommon trap: reason=class_check action=maybe_recompile pc=0x00007fc8d1da2cac method=org.apache.jena.sparql.engine.binding.BindingBase.get(Lorg/apache/jena/sparql/core/Var;)Lorg/apache/jena/graph/Node; @ 26
Event: 22.580 Thread 0x00007fc888393800 Uncommon trap: reason=class_check action=maybe_recompile pc=0x00007fc8d1da2cac method=org.apache.jena.sparql.engine.binding.BindingBase.get(Lorg/apache/jena/sparql/core/Var;)Lorg/apache/jena/graph/Node; @ 26
Event: 22.580 Thread 0x00007fc888393800 Uncommon trap: reason=class_check action=maybe_recompile pc=0x00007fc8d1da2cac method=org.apache.jena.sparql.engine.binding.BindingBase.get(Lorg/apache/jena/sparql/core/Var;)Lorg/apache/jena/graph/Node; @ 26
Event: 22.580 Thread 0x00007fc888393800 Uncommon trap: reason=class_check action=maybe_recompile pc=0x00007fc8d1d02874 method=org.apache.jena.sparql.engine.binding.BindingBase.get(Lorg/apache/jena/sparql/core/Var;)Lorg/apache/jena/graph/Node; @ 26
Event: 22.716 Thread 0x00007fc888393800 Uncommon trap: reason=class_check action=maybe_recompile pc=0x00007fc8d1dd4ac8 method=org.apache.jena.sparql.engine.binding.BindingBase.get(Lorg/apache/jena/sparql/core/Var;)Lorg/apache/jena/graph/Node; @ 26

Classes redefined (0 events):
No events

Internal exceptions (10 events):
Event: 5.739 Thread 0x00007fc890003000 Exception <a 'java/lang/ClassNotFoundException': org/springframework/context/ApplicationContextAwareCustomizer> (0x00000000f147bee0) thrown at [/build/openjdk-8-rxFzfV/openjdk-8-8u191-b12/src/hotspot/src/share/vm/classfile/systemDictionary.cpp, line 210]
Event: 5.740 Thread 0x00007fc890003000 Exception <a 'java/lang/ClassNotFoundException': org/springframework/beans/factory/AwareCustomizer> (0x00000000f14953f8) thrown at [/build/openjdk-8-rxFzfV/openjdk-8-8u191-b12/src/hotspot/src/share/vm/classfile/systemDictionary.cpp, line 210]
Event: 5.740 Thread 0x00007fc890003000 Exception <a 'java/lang/ClassNotFoundException': org/springframework/web/context/ServletContextAwareCustomizer> (0x00000000f14b1a70) thrown at [/build/openjdk-8-rxFzfV/openjdk-8-8u191-b12/src/hotspot/src/share/vm/classfile/systemDictionary.cpp, line 210]
Event: 5.741 Thread 0x00007fc890003000 Exception <a 'java/lang/ClassNotFoundException': org/springframework/beans/factory/AwareCustomizer> (0x00000000f14ca9f8) thrown at [/build/openjdk-8-rxFzfV/openjdk-8-8u191-b12/src/hotspot/src/share/vm/classfile/systemDictionary.cpp, line 210]
Event: 5.741 Thread 0x00007fc890003000 Implicit null exception at 0x00007fc8d181978c to 0x00007fc8d1819809
Event: 6.712 Thread 0x00007fc890003000 Implicit null exception at 0x00007fc8d1aa4187 to 0x00007fc8d1aa4439
Event: 6.714 Thread 0x00007fc890003000 Implicit null exception at 0x00007fc8d121fcf6 to 0x00007fc8d12200a1
Event: 7.822 Thread 0x00007fc888390000 Exception <a 'java/lang/NoSuchMethodError': java.lang.Object.lambda$thenComparing$36697e65$1(Ljava/util/Comparator;Ljava/lang/Object;Ljava/lang/Object;)I> (0x00000000edac23a8) thrown at [/build/openjdk-8-rxFzfV/openjdk-8-8u191-b12/src/hotspot/src/share/vm
Event: 17.770 Thread 0x00007fc888393800 Implicit null exception at 0x00007fc8d1bdcc5f to 0x00007fc8d1be2e75
Event: 18.778 Thread 0x00007fc888393800 Exception <a 'java/lang/NoSuchMethodError': java.lang.Object.lambda$and$0(Ljava/util/function/Predicate;Ljava/lang/Object;)Z> (0x00000000f35f0b40) thrown at [/build/openjdk-8-rxFzfV/openjdk-8-8u191-b12/src/hotspot/src/share/vm/interpreter/linkResolver.cpp

Events (10 events):
Event: 22.580 Thread 0x00007fc888393800 DEOPT PACKING pc=0x00007fc8d1d02874 sp=0x00007fc8956aec00
Event: 22.580 Thread 0x00007fc888393800 DEOPT UNPACKING pc=0x00007fc8d104547a sp=0x00007fc8956aebd8 mode 2
Event: 22.716 Thread 0x00007fc888393800 Uncommon trap: trap_request=0xffffffde fr.pc=0x00007fc8d1dd4ac8
Event: 22.716 Thread 0x00007fc888393800 DEOPT PACKING pc=0x00007fc8d1dd4ac8 sp=0x00007fc8956aedd0
Event: 22.716 Thread 0x00007fc888393800 DEOPT UNPACKING pc=0x00007fc8d104547a sp=0x00007fc8956aebf0 mode 2
Event: 23.058 Thread 0x00007fc888393800 DEOPT PACKING pc=0x00007fc8d1db169e sp=0x00007fc8956af000
Event: 23.058 Thread 0x00007fc888393800 DEOPT UNPACKING pc=0x00007fc8d10474c4 sp=0x00007fc8956aedd8 mode 0
Event: 23.079 Executing VM operation: ParallelGCFailedAllocation
Event: 24.799 Executing VM operation: ParallelGCFailedAllocation done
Event: 25.318 Executing VM operation: ParallelGCFailedAllocation


Dynamic libraries:
c2a00000-d4400000 rw-p 00000000 00:00 0 
dd080000-eb900000 ---p 00000000 00:00 0 
eb900000-100000000 rw-p 00000000 00:00 0 
100000000-100680000 rw-p 00000000 00:00 0 
100680000-140000000 ---p 00000000 00:00 0 
5572519ed000-5572519ee000 r-xp 00000000 08:01 1049807                    /usr/lib/jvm/java-8-openjdk-amd64/jre/bin/java
557251bed000-557251bee000 r--p 00000000 08:01 1049807                    /usr/lib/jvm/java-8-openjdk-amd64/jre/bin/java
557251bee000-557251bef000 rw-p 00001000 08:01 1049807                    /usr/lib/jvm/java-8-openjdk-amd64/jre/bin/java
557253a17000-557253a38000 rw-p 00000000 00:00 0                          [heap]
7fc84fe00000-7fc84fe80000 rw-p 00000000 00:00 0 
7fc84fe80000-7fc850000000 ---p 00000000 00:00 0 
7fc850000000-7fc850021000 rw-p 00000000 00:00 0 
7fc850021000-7fc854000000 ---p 00000000 00:00 0 
7fc854000000-7fc854021000 rw-p 00000000 00:00 0 
7fc854021000-7fc858000000 ---p 00000000 00:00 0 
7fc858000000-7fc858021000 rw-p 00000000 00:00 0 
7fc858021000-7fc85c000000 ---p 00000000 00:00 0 
7fc85c000000-7fc85c021000 rw-p 00000000 00:00 0 
7fc85c021000-7fc860000000 ---p 00000000 00:00 0 
7fc860000000-7fc860021000 rw-p 00000000 00:00 0 
7fc860021000-7fc864000000 ---p 00000000 00:00 0 
7fc864000000-7fc864021000 rw-p 00000000 00:00 0 
7fc864021000-7fc868000000 ---p 00000000 00:00 0 
7fc868000000-7fc8683bd000 rw-p 00000000 00:00 0 
7fc8683bd000-7fc86c000000 ---p 00000000 00:00 0 
7fc86c000000-7fc86c021000 rw-p 00000000 00:00 0 
7fc86c021000-7fc870000000 ---p 00000000 00:00 0 
7fc870000000-7fc870273000 rw-p 00000000 00:00 0 
7fc870273000-7fc874000000 ---p 00000000 00:00 0 
7fc874000000-7fc8740b4000 rw-p 00000000 00:00 0 
7fc8740b4000-7fc878000000 ---p 00000000 00:00 0 
7fc878000000-7fc878021000 rw-p 00000000 00:00 0 
7fc878021000-7fc87c000000 ---p 00000000 00:00 0 
7fc87c000000-7fc87c021000 rw-p 00000000 00:00 0 
7fc87c021000-7fc880000000 ---p 00000000 00:00 0 
7fc880000000-7fc88003b000 rw-p 00000000 00:00 0 
7fc88003b000-7fc884000000 ---p 00000000 00:00 0 
7fc884000000-7fc884021000 rw-p 00000000 00:00 0 
7fc884021000-7fc888000000 ---p 00000000 00:00 0 
7fc888000000-7fc888e06000 rw-p 00000000 00:00 0 
7fc888e06000-7fc88c000000 ---p 00000000 00:00 0 
7fc88c000000-7fc88c3db000 rw-p 00000000 00:00 0 
7fc88c3db000-7fc890000000 ---p 00000000 00:00 0 
7fc890000000-7fc890021000 rw-p 00000000 00:00 0 
7fc890021000-7fc894000000 ---p 00000000 00:00 0 
7fc8940a7000-7fc8942a7000 rw-p 00000000 00:00 0 
7fc8942a7000-7fc8944a7000 rw-p 00000000 00:00 0 
7fc8944a7000-7fc8946a7000 rw-p 00000000 00:00 0 
7fc8946a7000-7fc8948a7000 rw-p 00000000 00:00 0 
7fc8948a7000-7fc894aa7000 rw-p 00000000 00:00 0 
7fc894aa7000-7fc894aaa000 ---p 00000000 00:00 0 
7fc894aaa000-7fc894ba8000 rw-p 00000000 00:00 0 
7fc894ba8000-7fc894bab000 ---p 00000000 00:00 0 
7fc894bab000-7fc894ca9000 rw-p 00000000 00:00 0 
7fc894ca9000-7fc894cac000 ---p 00000000 00:00 0 
7fc894cac000-7fc894daa000 rw-p 00000000 00:00 0 
7fc894daa000-7fc894dad000 ---p 00000000 00:00 0 
7fc894dad000-7fc894eab000 rw-p 00000000 00:00 0 
7fc894eab000-7fc894eae000 ---p 00000000 00:00 0 
7fc894eae000-7fc894fac000 rw-p 00000000 00:00 0 
7fc894fac000-7fc894faf000 ---p 00000000 00:00 0 
7fc894faf000-7fc8950ad000 rw-p 00000000 00:00 0 
7fc8950ad000-7fc8950b0000 ---p 00000000 00:00 0 
7fc8950b0000-7fc8951ae000 rw-p 00000000 00:00 0 
7fc8951ae000-7fc8951b1000 ---p 00000000 00:00 0 
7fc8951b1000-7fc8952af000 rw-p 00000000 00:00 0 
7fc8952af000-7fc8952b2000 ---p 00000000 00:00 0 
7fc8952b2000-7fc8953b0000 rw-p 00000000 00:00 0 
7fc8953b0000-7fc8953b3000 ---p 00000000 00:00 0 
7fc8953b3000-7fc8954b1000 rw-p 00000000 00:00 0 
7fc8954b1000-7fc8954b4000 ---p 00000000 00:00 0 
7fc8954b4000-7fc8955b2000 rw-p 00000000 00:00 0 
7fc8955b2000-7fc8955b5000 ---p 00000000 00:00 0 
7fc8955b5000-7fc8956b3000 rw-p 00000000 00:00 0 
7fc8956b3000-7fc8956b6000 ---p 00000000 00:00 0 
7fc8956b6000-7fc8957b4000 rw-p 00000000 00:00 0 
7fc8957b4000-7fc8957b7000 ---p 00000000 00:00 0 
7fc8957b7000-7fc8958b5000 rw-p 00000000 00:00 0 
7fc8958b5000-7fc8958b8000 ---p 00000000 00:00 0 
7fc8958b8000-7fc8959b6000 rw-p 00000000 00:00 0 
7fc8959b6000-7fc8959b9000 ---p 00000000 00:00 0 
7fc8959b9000-7fc895ab7000 rw-p 00000000 00:00 0 
7fc895ab7000-7fc895aba000 ---p 00000000 00:00 0 
7fc895aba000-7fc895db8000 rw-p 00000000 00:00 0 
7fc895db8000-7fc895fb8000 rw-p 00000000 00:00 0 
7fc895fb8000-7fc8961b8000 rw-p 00000000 00:00 0 
7fc8961b8000-7fc8963b8000 rw-p 00000000 00:00 0 
7fc896468000-7fc896668000 rw-p 00000000 00:00 0 
7fc896668000-7fc896868000 rw-p 00000000 00:00 0 
7fc896868000-7fc89686b000 ---p 00000000 00:00 0 
7fc89686b000-7fc896969000 rw-p 00000000 00:00 0 
7fc896a1a000-7fc896c1a000 rw-p 00000000 00:00 0 
7fc896cc8000-7fc896cda000 r-xp 00000000 08:01 1050003                    /usr/lib/jvm/java-8-openjdk-amd64/jre/lib/amd64/libnio.so
7fc896cda000-7fc896ed9000 ---p 00012000 08:01 1050003                    /usr/lib/jvm/java-8-openjdk-amd64/jre/lib/amd64/libnio.so
7fc896ed9000-7fc896eda000 r--p 00011000 08:01 1050003                    /usr/lib/jvm/java-8-openjdk-amd64/jre/lib/amd64/libnio.so
7fc896eda000-7fc896edb000 rw-p 00012000 08:01 1050003                    /usr/lib/jvm/java-8-openjdk-amd64/jre/lib/amd64/libnio.so
7fc896edb000-7fc8970db000 rw-p 00000000 00:00 0 
7fc8970db000-7fc8972db000 rw-p 00000000 00:00 0 
7fc8972db000-7fc8974db000 rw-p 00000000 00:00 0 
7fc8974db000-7fc8974f2000 r-xp 00000000 08:01 1050002                    /usr/lib/jvm/java-8-openjdk-amd64/jre/lib/amd64/libnet.so
7fc8974f2000-7fc8976f1000 ---p 00017000 08:01 1050002                    /usr/lib/jvm/java-8-openjdk-amd64/jre/lib/amd64/libnet.so
7fc8976f1000-7fc8976f2000 r--p 00016000 08:01 1050002                    /usr/lib/jvm/java-8-openjdk-amd64/jre/lib/amd64/libnet.so
7fc8976f2000-7fc8976f3000 rw-p 00017000 08:01 1050002                    /usr/lib/jvm/java-8-openjdk-amd64/jre/lib/amd64/libnet.so
7fc8976f3000-7fc8976fc000 r-xp 00000000 08:01 1049996                    /usr/lib/jvm/java-8-openjdk-amd64/jre/lib/amd64/libmanagement.so
7fc8976fc000-7fc8978fb000 ---p 00009000 08:01 1049996                    /usr/lib/jvm/java-8-openjdk-amd64/jre/lib/amd64/libmanagement.so
7fc8978fb000-7fc8978fc000 r--p 00008000 08:01 1049996                    /usr/lib/jvm/java-8-openjdk-amd64/jre/lib/amd64/libmanagement.so
7fc8978fc000-7fc8978fd000 rw-p 00009000 08:01 1049996                    /usr/lib/jvm/java-8-openjdk-amd64/jre/lib/amd64/libmanagement.so
7fc8978fd000-7fc897afd000 rw-p 00000000 00:00 0 
7fc897afd000-7fc897cfd000 rw-p 00000000 00:00 0 
7fc897cfd000-7fc897d00000 ---p 00000000 00:00 0 
7fc897d00000-7fc897dfe000 rw-p 00000000 00:00 0 
7fc897dfe000-7fc897e01000 ---p 00000000 00:00 0 
7fc897e01000-7fc897eff000 rw-p 00000000 00:00 0 
7fc897eff000-7fc897f02000 ---p 00000000 00:00 0 
7fc897f02000-7fc898000000 rw-p 00000000 00:00 0 
7fc898000000-7fc898021000 rw-p 00000000 00:00 0 
7fc898021000-7fc89c000000 ---p 00000000 00:00 0 
7fc89c000000-7fc89c021000 rw-p 00000000 00:00 0 
7fc89c021000-7fc8a0000000 ---p 00000000 00:00 0 
7fc8a0000000-7fc8a2488000 rw-p 00000000 00:00 0 
7fc8a2488000-7fc8a4000000 ---p 00000000 00:00 0 
7fc8a4000000-7fc8a53db000 rw-p 00000000 00:00 0 
7fc8a53db000-7fc8a8000000 ---p 00000000 00:00 0 
7fc8a8000000-7fc8a8021000 rw-p 00000000 00:00 0 
7fc8a8021000-7fc8ac000000 ---p 00000000 00:00 0 
7fc8ac000000-7fc8ae6b3000 rw-p 00000000 00:00 0 
7fc8ae6b3000-7fc8b0000000 ---p 00000000 00:00 0 
7fc8b0000000-7fc8b0021000 rw-p 00000000 00:00 0 
7fc8b0021000-7fc8b4000000 ---p 00000000 00:00 0 
7fc8b4000000-7fc8b4021000 rw-p 00000000 00:00 0 
7fc8b4021000-7fc8b8000000 ---p 00000000 00:00 0 
7fc8b8000000-7fc8b8079000 rw-p 00000000 00:00 0 
7fc8b8079000-7fc8bc000000 ---p 00000000 00:00 0 
7fc8bc030000-7fc8bc035000 r--s 002f9000 08:01 1050031                    /usr/lib/jvm/java-8-openjdk-amd64/jre/lib/charsets.jar
7fc8bc035000-7fc8bc03a000 r--s 000a0000 08:01 1050114                    /usr/lib/jvm/java-8-openjdk-amd64/jre/lib/jsse.jar
7fc8bc03a000-7fc8bc03e000 r--s 0002f000 08:01 1065264                    /home/blackstorm/.m2/repository/commons-io/commons-io/2.5/commons-io-2.5.jar
7fc8bc03e000-7fc8bc047000 r--s 0006f000 08:01 1066786                    /home/blackstorm/.m2/repository/log4j/log4j/1.2.17/log4j-1.2.17.jar
7fc8bc047000-7fc8bc049000 r--s 00009000 08:01 143957                     /home/blackstorm/.m2/repository/commons-cli/commons-cli/1.2/commons-cli-1.2.jar
7fc8bc049000-7fc8bc051000 r--s 00045000 08:01 1065451                    /home/blackstorm/.m2/repository/junit/junit/4.12/junit-4.12.jar
7fc8bc051000-7fc8bc053000 r--s 00009000 08:01 1067210                    /home/blackstorm/.m2/repository/org/slf4j/slf4j-api/1.7.25/slf4j-api-1.7.25.jar
7fc8bc053000-7fc8bc05b000 r--s 00073000 08:01 1180946                    /home/blackstorm/.m2/repository/org/apache/commons/commons-lang3/3.8.1/commons-lang3-3.8.1.jar
7fc8bc05b000-7fc8bc05d000 r--s 00007000 08:01 281887                     /home/blackstorm/.m2/repository/org/apache/commons/commons-csv/1.0/commons-csv-1.0.jar
7fc8bc05d000-7fc8bc05f000 r--s 00003000 08:01 938095                     /home/blackstorm/.m2/repository/org/slf4j/jcl-over-slf4j/1.7.25/jcl-over-slf4j-1.7.25.jar
7fc8bc05f000-7fc8bc064000 r--s 00033000 08:01 1180751                    /home/blackstorm/.m2/repository/org/apache/thrift/libthrift/0.9.2/libthrift-0.9.2.jar
7fc8bc064000-7fc8bc068000 r--s 00024000 08:01 1073574                    /home/blackstorm/.m2/repository/org/apache/httpcomponents/httpclient-cache/4.5.6/httpclient-cache-4.5.6.jar
7fc8bc068000-7fc8bc06a000 r--s 0001c000 08:01 1180740                    /home/blackstorm/.m2/repository/com/github/jsonld-java/jsonld-java/0.7.0/jsonld-java-0.7.0.jar
7fc8bc06a000-7fc8bc071000 r--s 0004b000 08:01 19043                      /home/blackstorm/.m2/repository/commons-codec/commons-codec/1.11/commons-codec-1.11.jar
7fc8bc071000-7fc8bc078000 r--s 00049000 08:01 1073572                    /home/blackstorm/.m2/repository/org/apache/httpcomponents/httpcore/4.4.10/httpcore-4.4.10.jar
7fc8bc078000-7fc8bc085000 r--s 000af000 08:01 1180944                    /home/blackstorm/.m2/repository/org/apache/httpcomponents/httpclient/4.5.6/httpclient-4.5.6.jar
7fc8bc085000-7fc8bc0b9000 r--s 0020e000 08:01 273532                     /home/blackstorm/.m2/repository/org/apache/jena/jena-shaded-guava/3.1.0/jena-shaded-guava-3.1.0.jar
7fc8bc0b9000-7fc8bc0be000 r--s 00023000 08:01 272818                     /home/blackstorm/.m2/repository/com/github/andrewoma/dexx/collection/0.6/collection-0.6.jar
7fc8bc0be000-7fc8bc0c3000 r--s 00030000 08:01 272757                     /home/blackstorm/.m2/repository/org/apache/jena/jena-base/3.1.0/jena-base-3.1.0.jar
7fc8bc0c3000-7fc8bc0cc000 r--s 0002d000 08:01 1180143                    /home/blackstorm/.m2/repository/xml-apis/xml-apis/1.4.01/xml-apis-1.4.01.jar
7fc8bc0cc000-7fc8bc0e5000 r--s 00135000 08:01 272489                     /home/blackstorm/.m2/repository/xerces/xercesImpl/2.11.0/xercesImpl-2.11.0.jar
7fc8bc0e5000-7fc8bc0e7000 r--s 00020000 08:01 272455                     /home/blackstorm/.m2/repository/org/apache/jena/jena-iri/3.1.0/jena-iri-3.1.0.jar
7fc8bc0e7000-7fc8bc101000 r--s 0013c000 08:01 1180141                    /home/blackstorm/.m2/repository/org/apache/jena/jena-core/3.1.0/jena-core-3.1.0.jar
7fc8bc101000-7fc8bc134000 r--s 0027f000 08:01 271901                     /home/blackstorm/.m2/repository/org/apache/jena/jena-arq/3.1.0/jena-arq-3.1.0.jar
7fc8bc134000-7fc8bc13d000 r--s 00078000 08:01 271856                     /home/blackstorm/.m2/repository/org/apache/jena/jena-tdb/3.1.0/jena-tdb-3.1.0.jar
7fc8bc13d000-7fc8bc142000 r--s 00028000 08:01 307095                     /home/blackstorm/.m2/repository/org/springframework/spring-context-support/5.1.3.RELEASE/spring-context-support-5.1.3.RELEASE.jar
7fc8bc142000-7fc8bc15e000 r--s 00159000 08:01 1058962                    /home/blackstorm/.m2/repository/org/freemarker/freemarker/2.3.28/freemarker-2.3.28.jar
7fc8bc15e000-7fc8bc15f000 r--s 00000000 08:01 307093                     /home/blackstorm/.m2/repository/org/springframework/boot/spring-boot-starter-freemarker/2.1.1.RELEASE/spring-boot-starter-freemarker-2.1.1.RELEASE.jar
7fc8bc15f000-7fc8bc160000 r--s 00005000 08:01 284263                     /home/blackstorm/.m2/repository/org/springframework/spring-jcl/5.1.3.RELEASE/spring-jcl-5.1.3.RELEASE.jar
7fc8bc160000-7fc8bc178000 r--s 00123000 08:01 284258                     /home/blackstorm/.m2/repository/org/springframework/spring-core/5.1.3.RELEASE/spring-core-5.1.3.RELEASE.jar
7fc8bc178000-7fc8bc17a000 r--s 00009000 08:01 1065452                    /home/blackstorm/.m2/repository/org/hamcrest/hamcrest-core/1.3/hamcrest-core-1.3.jar
7fc8bc17a000-7fc8bc19e000 r--s 00113000 08:01 284240                     /home/blackstorm/.m2/repository/org/springframework/boot/spring-boot-autoconfigure/2.1.1.RELEASE/spring-boot-autoconfigure-2.1.1.RELEASE.jar
7fc8bc19e000-7fc8bc1b3000 r--s 000d5000 08:01 284236                     /home/blackstorm/.m2/repository/org/springframework/boot/spring-boot/2.1.1.RELEASE/spring-boot-2.1.1.RELEASE.jar
7fc8bc1b3000-7fc8bc1b9000 r--s 0002e000 08:01 284234                     /home/blackstorm/.m2/repository/org/springframework/boot/spring-boot-devtools/2.1.1.RELEASE/spring-boot-devtools-2.1.1.RELEASE.jar
7fc8bc1b9000-7fc8bc1ba000 r--s 00009000 08:01 1083930                    /home/blackstorm/.m2/repository/org/thymeleaf/extras/thymeleaf-extras-java8time/3.0.2.RELEASE/thymeleaf-extras-java8time-3.0.2.RELEASE.jar
7fc8bc1ba000-7fc8bc1bd000 r--s 00028000 08:01 1083928                    /home/blackstorm/.m2/repository/org/unbescape/unbescape/1.1.6.RELEASE/unbescape-1.1.6.RELEASE.jar
7fc8bc1bd000-7fc8bc1c2000 r--s 00037000 08:01 1083926                    /home/blackstorm/.m2/repository/org/attoparser/attoparser/2.0.5.RELEASE/attoparser-2.0.5.RELEASE.jar
7fc8bc1c2000-7fc8bc1d2000 r--s 000c5000 08:01 1083924                    /home/blackstorm/.m2/repository/org/thymeleaf/thymeleaf/3.0.11.RELEASE/thymeleaf-3.0.11.RELEASE.jar
7fc8bc1d2000-7fc8bc1d7000 r--s 00027000 08:01 1083922                    /home/blackstorm/.m2/repository/org/thymeleaf/thymeleaf-spring5/3.0.11.RELEASE/thymeleaf-spring5-3.0.11.RELEASE.jar
7fc8bc1d7000-7fc8bc1d8000 r--s 00000000 08:01 277353                     /home/blackstorm/.m2/repository/org/springframework/boot/spring-boot-starter-thymeleaf/2.1.1.RELEASE/spring-boot-starter-thymeleaf-2.1.1.RELEASE.jar
7fc8bc1d8000-7fc8bc1dd000 r--s 00040000 08:01 284225                     /home/blackstorm/.m2/repository/org/springframework/spring-expression/5.1.3.RELEASE/spring-expression-5.1.3.RELEASE.jar
7fc8bc1dd000-7fc8bc1f7000 r--s 000f3000 08:01 284222                     /home/blackstorm/.m2/repository/org/springframework/spring-context/5.1.3.RELEASE/spring-context-5.1.3.RELEASE.jar
7fc8bc1f7000-7fc8bc201000 r--s 00051000 08:01 284220                     /home/blackstorm/.m2/repository/org/springframework/spring-aop/5.1.3.RELEASE/spring-aop-5.1.3.RELEASE.jar
7fc8bc201000-7fc8bc210000 r--s 000b5000 08:01 284218                     /home/blackstorm/.m2/repository/org/springframework/spring-webmvc/5.1.3.RELEASE/spring-webmvc-5.1.3.RELEASE.jar
7fc8bc210000-7fc8bc21c000 r--s 00098000 08:01 284216                     /home/blackstorm/.m2/repository/org/springframework/spring-beans/5.1.3.RELEASE/spring-beans-5.1.3.RELEASE.jar
7fc8bc21c000-7fc8bc238000 r--s 00135000 08:01 284214                     /home/blackstorm/.m2/repository/org/springframework/spring-web/5.1.3.RELEASE/spring-web-5.1.3.RELEASE.jar
7fc8bc238000-7fc8bc23a000 r--s 0000f000 08:01 165465                     /home/blackstorm/.m2/repository/com/fasterxml/classmate/1.4.0/classmate-1.4.0.jar
7fc8bc23a000-7fc8bc23c000 r--s 0000f000 08:01 165463                     /home/blackstorm/.m2/repository/org/jboss/logging/jboss-logging/3.3.2.Final/jboss-logging-3.3.2.Final.jar
7fc8bc23c000-7fc8bc241000 r--s 00012000 08:01 165461                     /home/blackstorm/.m2/repository/javax/validation/validation-api/2.0.1.Final/validation-api-2.0.1.Final.jar
7fc8bc241000-7fc8bc25e000 r--s 000fe000 08:01 165459                     /home/blackstorm/.m2/repository/org/hibernate/validator/hibernate-validator/6.0.13.Final/hibernate-validator-6.0.13.Final.jar
7fc8bc25e000-7fc8bc264000 r--s 0003b000 08:01 1073588                    /home/blackstorm/.m2/repository/org/apache/tomcat/embed/tomcat-embed-websocket/9.0.13/tomcat-embed-websocket-9.0.13.jar
7fc8bc264000-7fc8bc269000 r--s 00039000 08:01 1073586                    /home/blackstorm/.m2/repository/org/apache/tomcat/embed/tomcat-embed-el/9.0.13/tomcat-embed-el-9.0.13.jar
7fc8bc269000-7fc8bc292000 r--s 002ed000 08:01 1073584                    /home/blackstorm/.m2/repository/org/apache/tomcat/embed/tomcat-embed-core/9.0.13/tomcat-embed-core-9.0.13.jar
7fc8bc292000-7fc8bc293000 r--s 00000000 08:01 284212                     /home/blackstorm/.m2/repository/org/springframework/boot/spring-boot-starter-tomcat/2.1.1.RELEASE/spring-boot-starter-tomcat-2.1.1.RELEASE.jar
7fc8bc293000-7fc8bc295000 r--s 00001000 08:01 165457                     /home/blackstorm/.m2/repository/com/fasterxml/jackson/module/jackson-module-parameter-names/2.9.7/jackson-module-parameter-names-2.9.7.jar
7fc8bc295000-7fc8bc298000 r--s 00016000 08:01 165455                     /home/blackstorm/.m2/repository/com/fasterxml/jackson/datatype/jackson-datatype-jsr310/2.9.7/jackson-datatype-jsr310-2.9.7.jar
7fc8bc298000-7fc8bc29a000 r--s 00007000 08:01 165453                     /home/blackstorm/.m2/repository/com/fasterxml/jackson/datatype/jackson-datatype-jdk8/2.9.7/jackson-datatype-jdk8-2.9.7.jar
7fc8bc29a000-7fc8bc2a1000 r--s 00043000 08:01 1073582                    /home/blackstorm/.m2/repository/org/yaml/snakeyaml/1.23/snakeyaml-1.23.jar
7fc8bc2a1000-7fc8bc2a3000 r--s 00005000 08:01 165447                     /home/blackstorm/.m2/repository/javax/annotation/javax.annotation-api/1.3.2/javax.annotation-api-1.3.2.jar
7fc8bc2a3000-7fc8bc2a5000 r--s 00000000 08:01 1073580                    /home/blackstorm/.m2/repository/org/slf4j/jul-to-slf4j/1.7.25/jul-to-slf4j-1.7.25.jar
7fc8bc2a5000-7fc8bc2ab000 r--s 0003b000 08:01 1073578                    /home/blackstorm/.m2/repository/org/apache/logging/log4j/log4j-api/2.11.1/log4j-api-2.11.1.jar
7fc8bc2ab000-7fc8bc2ad000 r--s 00003000 08:01 1073576                    /home/blackstorm/.m2/repository/org/apache/logging/log4j/log4j-to-slf4j/2.11.1/log4j-to-slf4j-2.11.1.jar
7fc8bc2ad000-7fc8bc2b8000 r--s 00069000 08:01 1180950                    /home/blackstorm/.m2/repository/ch/qos/logback/logback-core/1.2.3/logback-core-1.2.3.jar
7fc8bc2b8000-7fc8bc2be000 r--s 00041000 08:01 1180948                    /home/blackstorm/.m2/repository/ch/qos/logback/logback-classic/1.2.3/logback-classic-1.2.3.jar
7fc8bc2be000-7fc8bc2c1000 r--s 0000e000 08:01 296876                     /home/blackstorm/.m2/repository/com/fasterxml/jackson/core/jackson-annotations/2.9.0/jackson-annotations-2.9.0.jar
7fc8bc2c1000-7fc8bc2d4000 r--s 00137000 08:01 165449                     /home/blackstorm/.m2/repository/com/fasterxml/jackson/core/jackson-databind/2.9.7/jackson-databind-2.9.7.jar
7fc8bc2d4000-7fc8bc2e7000 r--s 00346000 08:01 1050126                    /usr/lib/jvm/java-8-openjdk-amd64/jre/lib/resources.jar
7fc8bc2e7000-7fc8bc302000 r--s 00394000 08:01 1050051                    /usr/lib/jvm/java-8-openjdk-amd64/jre/lib/ext/cldrdata.jar
7fc8bc302000-7fc8bc31d000 r--s 001d6000 08:01 1050068                    /usr/lib/jvm/java-8-openjdk-amd64/jre/lib/ext/nashorn.jar
7fc8bc31d000-7fc8bc31e000 ---p 00000000 00:00 0 
7fc8bc31e000-7fc8bc41e000 rw-p 00000000 00:00 0 
7fc8bc41e000-7fc8bc421000 ---p 00000000 00:00 0 
7fc8bc421000-7fc8bc51f000 rw-p 00000000 00:00 0 
7fc8bc51f000-7fc8bc520000 ---p 00000000 00:00 0 
7fc8bc520000-7fc8bc523000 ---p 00000000 00:00 0 
7fc8bc523000-7fc8bc620000 rw-p 00000000 00:00 0 
7fc8bc620000-7fc8bc621000 ---p 00000000 00:00 0 
7fc8bc621000-7fc8bc624000 ---p 00000000 00:00 0 
7fc8bc624000-7fc8bc721000 rw-p 00000000 00:00 0 
7fc8bc721000-7fc8bc722000 ---p 00000000 00:00 0 
7fc8bc722000-7fc8bc725000 ---p 00000000 00:00 0 
7fc8bc725000-7fc8bc822000 rw-p 00000000 00:00 0 
7fc8bc822000-7fc8bc825000 ---p 00000000 00:00 0 
7fc8bc825000-7fc8bc923000 rw-p 00000000 00:00 0 
7fc8bc923000-7fc8bcc01000 r--p 00000000 08:01 1234                       /usr/lib/locale/locale-archive
7fc8bcc01000-7fc8bcc04000 ---p 00000000 00:00 0 
7fc8bcc04000-7fc8bcd02000 rw-p 00000000 00:00 0 
7fc8bcd02000-7fc8bcd05000 ---p 00000000 00:00 0 
7fc8bcd05000-7fc8bce03000 rw-p 00000000 00:00 0 
7fc8bce03000-7fc8bce04000 ---p 00000000 00:00 0 
7fc8bce04000-7fc8c0000000 rw-p 00000000 00:00 0 
7fc8c0000000-7fc8c0021000 rw-p 00000000 00:00 0 
7fc8c0021000-7fc8c4000000 ---p 00000000 00:00 0 
7fc8c4000000-7fc8c4021000 rw-p 00000000 00:00 0 
7fc8c4021000-7fc8c8000000 ---p 00000000 00:00 0 
7fc8c8000000-7fc8c802e000 rw-p 00000000 00:00 0 
7fc8c802e000-7fc8cc000000 ---p 00000000 00:00 0 
7fc8cc000000-7fc8cc021000 rw-p 00000000 00:00 0 
7fc8cc021000-7fc8d0000000 ---p 00000000 00:00 0 
7fc8d0000000-7fc8d0001000 r--s 00000000 08:01 284209                     /home/blackstorm/.m2/repository/org/springframework/boot/spring-boot-starter-json/2.1.1.RELEASE/spring-boot-starter-json-2.1.1.RELEASE.jar
7fc8d0001000-7fc8d0003000 r--s 0000f000 08:01 1073608                    /home/blackstorm/.m2/repository/commons-fileupload/commons-fileupload/1.3.1/commons-fileupload-1.3.1.jar
7fc8d0003000-7fc8d0007000 r--s 0004c000 08:01 165451                     /home/blackstorm/.m2/repository/com/fasterxml/jackson/core/jackson-core/2.9.7/jackson-core-2.9.7.jar
7fc8d0007000-7fc8d0009000 r--s 00007000 08:01 284279                     /usr/share/java/java-atk-wrapper.jar
7fc8d0009000-7fc8d050e000 rw-p 00000000 00:00 0 
7fc8d050e000-7fc8d06dd000 r--s 03c33000 08:01 1050129                    /usr/lib/jvm/java-8-openjdk-amd64/jre/lib/rt.jar
7fc8d06dd000-7fc8d08c8000 rw-p 00000000 00:00 0 
7fc8d08c8000-7fc8d08c9000 ---p 00000000 00:00 0 
7fc8d08c9000-7fc8d09c9000 rw-p 00000000 00:00 0 
7fc8d09c9000-7fc8d09ca000 ---p 00000000 00:00 0 
7fc8d09ca000-7fc8d0aca000 rw-p 00000000 00:00 0 
7fc8d0aca000-7fc8d0acb000 ---p 00000000 00:00 0 
7fc8d0acb000-7fc8d0bcb000 rw-p 00000000 00:00 0 
7fc8d0bcb000-7fc8d0bcc000 ---p 00000000 00:00 0 
7fc8d0bcc000-7fc8d0d59000 rw-p 00000000 00:00 0 
7fc8d0d59000-7fc8d0e14000 ---p 00000000 00:00 0 
7fc8d0e14000-7fc8d0ea1000 rw-p 00000000 00:00 0 
7fc8d0ea1000-7fc8d0f5b000 ---p 00000000 00:00 0 
7fc8d0f5b000-7fc8d0fff000 rw-p 00000000 00:00 0 
7fc8d0fff000-7fc8d1000000 rw-p 00000000 00:00 0 
7fc8d1000000-7fc8d1e60000 rwxp 00000000 00:00 0 
7fc8d1e60000-7fc8e0000000 ---p 00000000 00:00 0 
7fc8e0000000-7fc8e0a31000 rw-p 00000000 00:00 0 
7fc8e0a31000-7fc8e4000000 ---p 00000000 00:00 0 
7fc8e4000000-7fc8e4001000 r--s 00000000 08:01 284205                     /home/blackstorm/.m2/repository/org/springframework/boot/spring-boot-starter-logging/2.1.1.RELEASE/spring-boot-starter-logging-2.1.1.RELEASE.jar
7fc8e4001000-7fc8e4006000 r--s 002f9000 08:01 1050031                    /usr/lib/jvm/java-8-openjdk-amd64/jre/lib/charsets.jar
7fc8e4006000-7fc8e400b000 r--s 000a0000 08:01 1050114                    /usr/lib/jvm/java-8-openjdk-amd64/jre/lib/jsse.jar
7fc8e400b000-7fc8e4015000 r--s 00116000 08:01 1050065                    /usr/lib/jvm/java-8-openjdk-amd64/jre/lib/ext/localedata.jar
7fc8e4015000-7fc8e4134000 rw-p 00000000 00:00 0 
7fc8e4134000-7fc8e44ba000 ---p 00000000 00:00 0 
7fc8e44ba000-7fc8e44c2000 r-xp 00000000 08:01 1050024                    /usr/lib/jvm/java-8-openjdk-amd64/jre/lib/amd64/libzip.so
7fc8e44c2000-7fc8e46c1000 ---p 00008000 08:01 1050024                    /usr/lib/jvm/java-8-openjdk-amd64/jre/lib/amd64/libzip.so
7fc8e46c1000-7fc8e46c2000 r--p 00007000 08:01 1050024                    /usr/lib/jvm/java-8-openjdk-amd64/jre/lib/amd64/libzip.so
7fc8e46c2000-7fc8e46c3000 rw-p 00008000 08:01 1050024                    /usr/lib/jvm/java-8-openjdk-amd64/jre/lib/amd64/libzip.so
7fc8e46c3000-7fc8e46ce000 r-xp 00000000 08:01 414949                     /lib/x86_64-linux-gnu/libnss_files-2.27.so
7fc8e46ce000-7fc8e48cd000 ---p 0000b000 08:01 414949                     /lib/x86_64-linux-gnu/libnss_files-2.27.so
7fc8e48cd000-7fc8e48ce000 r--p 0000a000 08:01 414949                     /lib/x86_64-linux-gnu/libnss_files-2.27.so
7fc8e48ce000-7fc8e48cf000 rw-p 0000b000 08:01 414949                     /lib/x86_64-linux-gnu/libnss_files-2.27.so
7fc8e48cf000-7fc8e48d5000 rw-p 00000000 00:00 0 
7fc8e48d5000-7fc8e48ec000 r-xp 00000000 08:01 412336                     /lib/x86_64-linux-gnu/libnsl-2.27.so
7fc8e48ec000-7fc8e4aeb000 ---p 00017000 08:01 412336                     /lib/x86_64-linux-gnu/libnsl-2.27.so
7fc8e4aeb000-7fc8e4aec000 r--p 00016000 08:01 412336                     /lib/x86_64-linux-gnu/libnsl-2.27.so
7fc8e4aec000-7fc8e4aed000 rw-p 00017000 08:01 412336                     /lib/x86_64-linux-gnu/libnsl-2.27.so
7fc8e4aed000-7fc8e4aef000 rw-p 00000000 00:00 0 
7fc8e4aef000-7fc8e4afa000 r-xp 00000000 08:01 414951                     /lib/x86_64-linux-gnu/libnss_nis-2.27.so
7fc8e4afa000-7fc8e4cf9000 ---p 0000b000 08:01 414951                     /lib/x86_64-linux-gnu/libnss_nis-2.27.so
7fc8e4cf9000-7fc8e4cfa000 r--p 0000a000 08:01 414951                     /lib/x86_64-linux-gnu/libnss_nis-2.27.so
7fc8e4cfa000-7fc8e4cfb000 rw-p 0000b000 08:01 414951                     /lib/x86_64-linux-gnu/libnss_nis-2.27.so
7fc8e4cfb000-7fc8e4d03000 r-xp 00000000 08:01 414947                     /lib/x86_64-linux-gnu/libnss_compat-2.27.so
7fc8e4d03000-7fc8e4f03000 ---p 00008000 08:01 414947                     /lib/x86_64-linux-gnu/libnss_compat-2.27.so
7fc8e4f03000-7fc8e4f04000 r--p 00008000 08:01 414947                     /lib/x86_64-linux-gnu/libnss_compat-2.27.so
7fc8e4f04000-7fc8e4f05000 rw-p 00009000 08:01 414947                     /lib/x86_64-linux-gnu/libnss_compat-2.27.so
7fc8e4f05000-7fc8e4f33000 r-xp 00000000 08:01 1049965                    /usr/lib/jvm/java-8-openjdk-amd64/jre/lib/amd64/libjava.so
7fc8e4f33000-7fc8e5132000 ---p 0002e000 08:01 1049965                    /usr/lib/jvm/java-8-openjdk-amd64/jre/lib/amd64/libjava.so
7fc8e5132000-7fc8e5133000 r--p 0002d000 08:01 1049965                    /usr/lib/jvm/java-8-openjdk-amd64/jre/lib/amd64/libjava.so
7fc8e5133000-7fc8e5135000 rw-p 0002e000 08:01 1049965                    /usr/lib/jvm/java-8-openjdk-amd64/jre/lib/amd64/libjava.so
7fc8e5135000-7fc8e5145000 r-xp 00000000 08:01 1050021                    /usr/lib/jvm/java-8-openjdk-amd64/jre/lib/amd64/libverify.so
7fc8e5145000-7fc8e5344000 ---p 00010000 08:01 1050021                    /usr/lib/jvm/java-8-openjdk-amd64/jre/lib/amd64/libverify.so
7fc8e5344000-7fc8e5346000 r--p 0000f000 08:01 1050021                    /usr/lib/jvm/java-8-openjdk-amd64/jre/lib/amd64/libverify.so
7fc8e5346000-7fc8e5347000 rw-p 00011000 08:01 1050021                    /usr/lib/jvm/java-8-openjdk-amd64/jre/lib/amd64/libverify.so
7fc8e5347000-7fc8e534e000 r-xp 00000000 08:01 414956                     /lib/x86_64-linux-gnu/librt-2.27.so
7fc8e534e000-7fc8e554d000 ---p 00007000 08:01 414956                     /lib/x86_64-linux-gnu/librt-2.27.so
7fc8e554d000-7fc8e554e000 r--p 00006000 08:01 414956                     /lib/x86_64-linux-gnu/librt-2.27.so
7fc8e554e000-7fc8e554f000 rw-p 00007000 08:01 414956                     /lib/x86_64-linux-gnu/librt-2.27.so
7fc8e554f000-7fc8e5566000 r-xp 00000000 08:01 400822                     /lib/x86_64-linux-gnu/libgcc_s.so.1
7fc8e5566000-7fc8e5765000 ---p 00017000 08:01 400822                     /lib/x86_64-linux-gnu/libgcc_s.so.1
7fc8e5765000-7fc8e5766000 r--p 00016000 08:01 400822                     /lib/x86_64-linux-gnu/libgcc_s.so.1
7fc8e5766000-7fc8e5767000 rw-p 00017000 08:01 400822                     /lib/x86_64-linux-gnu/libgcc_s.so.1
7fc8e5767000-7fc8e5904000 r-xp 00000000 08:01 412333                     /lib/x86_64-linux-gnu/libm-2.27.so
7fc8e5904000-7fc8e5b03000 ---p 0019d000 08:01 412333                     /lib/x86_64-linux-gnu/libm-2.27.so
7fc8e5b03000-7fc8e5b04000 r--p 0019c000 08:01 412333                     /lib/x86_64-linux-gnu/libm-2.27.so
7fc8e5b04000-7fc8e5b05000 rw-p 0019d000 08:01 412333                     /lib/x86_64-linux-gnu/libm-2.27.so
7fc8e5b05000-7fc8e5c7e000 r-xp 00000000 08:01 2256                       /usr/lib/x86_64-linux-gnu/libstdc++.so.6.0.25
7fc8e5c7e000-7fc8e5e7e000 ---p 00179000 08:01 2256                       /usr/lib/x86_64-linux-gnu/libstdc++.so.6.0.25
7fc8e5e7e000-7fc8e5e88000 r--p 00179000 08:01 2256                       /usr/lib/x86_64-linux-gnu/libstdc++.so.6.0.25
7fc8e5e88000-7fc8e5e8a000 rw-p 00183000 08:01 2256                       /usr/lib/x86_64-linux-gnu/libstdc++.so.6.0.25
7fc8e5e8a000-7fc8e5e8e000 rw-p 00000000 00:00 0 
7fc8e5e8e000-7fc8e6b28000 r-xp 00000000 08:01 1050028                    /usr/lib/jvm/java-8-openjdk-amd64/jre/lib/amd64/server/libjvm.so
7fc8e6b28000-7fc8e6d27000 ---p 00c9a000 08:01 1050028                    /usr/lib/jvm/java-8-openjdk-amd64/jre/lib/amd64/server/libjvm.so
7fc8e6d27000-7fc8e6dbb000 r--p 00c99000 08:01 1050028                    /usr/lib/jvm/java-8-openjdk-amd64/jre/lib/amd64/server/libjvm.so
7fc8e6dbb000-7fc8e6de4000 rw-p 00d2d000 08:01 1050028                    /usr/lib/jvm/java-8-openjdk-amd64/jre/lib/amd64/server/libjvm.so
7fc8e6de4000-7fc8e6e14000 rw-p 00000000 00:00 0 
7fc8e6e14000-7fc8e6e2e000 r-xp 00000000 08:01 414954                     /lib/x86_64-linux-gnu/libpthread-2.27.so
7fc8e6e2e000-7fc8e702d000 ---p 0001a000 08:01 414954                     /lib/x86_64-linux-gnu/libpthread-2.27.so
7fc8e702d000-7fc8e702e000 r--p 00019000 08:01 414954                     /lib/x86_64-linux-gnu/libpthread-2.27.so
7fc8e702e000-7fc8e702f000 rw-p 0001a000 08:01 414954                     /lib/x86_64-linux-gnu/libpthread-2.27.so
7fc8e702f000-7fc8e7033000 rw-p 00000000 00:00 0 
7fc8e7033000-7fc8e7036000 r-xp 00000000 08:01 412332                     /lib/x86_64-linux-gnu/libdl-2.27.so
7fc8e7036000-7fc8e7235000 ---p 00003000 08:01 412332                     /lib/x86_64-linux-gnu/libdl-2.27.so
7fc8e7235000-7fc8e7236000 r--p 00002000 08:01 412332                     /lib/x86_64-linux-gnu/libdl-2.27.so
7fc8e7236000-7fc8e7237000 rw-p 00003000 08:01 412332                     /lib/x86_64-linux-gnu/libdl-2.27.so
7fc8e7237000-7fc8e7253000 r-xp 00000000 08:01 398997                     /lib/x86_64-linux-gnu/libz.so.1.2.11
7fc8e7253000-7fc8e7452000 ---p 0001c000 08:01 398997                     /lib/x86_64-linux-gnu/libz.so.1.2.11
7fc8e7452000-7fc8e7453000 r--p 0001b000 08:01 398997                     /lib/x86_64-linux-gnu/libz.so.1.2.11
7fc8e7453000-7fc8e7454000 rw-p 0001c000 08:01 398997                     /lib/x86_64-linux-gnu/libz.so.1.2.11
7fc8e7454000-7fc8e763b000 r-xp 00000000 08:01 412329                     /lib/x86_64-linux-gnu/libc-2.27.so
7fc8e763b000-7fc8e783b000 ---p 001e7000 08:01 412329                     /lib/x86_64-linux-gnu/libc-2.27.so
7fc8e783b000-7fc8e783f000 r--p 001e7000 08:01 412329                     /lib/x86_64-linux-gnu/libc-2.27.so
7fc8e783f000-7fc8e7841000 rw-p 001eb000 08:01 412329                     /lib/x86_64-linux-gnu/libc-2.27.so
7fc8e7841000-7fc8e7845000 rw-p 00000000 00:00 0 
7fc8e7845000-7fc8e7853000 r-xp 00000000 08:01 1049840                    /usr/lib/jvm/java-8-openjdk-amd64/jre/lib/amd64/jli/libjli.so
7fc8e7853000-7fc8e7a52000 ---p 0000e000 08:01 1049840                    /usr/lib/jvm/java-8-openjdk-amd64/jre/lib/amd64/jli/libjli.so
7fc8e7a52000-7fc8e7a53000 r--p 0000d000 08:01 1049840                    /usr/lib/jvm/java-8-openjdk-amd64/jre/lib/amd64/jli/libjli.so
7fc8e7a53000-7fc8e7a54000 rw-p 0000e000 08:01 1049840                    /usr/lib/jvm/java-8-openjdk-amd64/jre/lib/amd64/jli/libjli.so
7fc8e7a54000-7fc8e7a7b000 r-xp 00000000 08:01 400543                     /lib/x86_64-linux-gnu/ld-2.27.so
7fc8e7a7b000-7fc8e7a7c000 r--s 00000000 08:01 284203                     /home/blackstorm/.m2/repository/org/springframework/boot/spring-boot-starter/2.1.1.RELEASE/spring-boot-starter-2.1.1.RELEASE.jar
7fc8e7a7c000-7fc8e7a7e000 r--s 00016000 08:01 1050108                    /usr/lib/jvm/java-8-openjdk-amd64/jre/lib/jce.jar
7fc8e7a7e000-7fc8e7a80000 r--s 00007000 08:01 284279                     /usr/share/java/java-atk-wrapper.jar
7fc8e7a80000-7fc8e7a83000 r--s 00038000 08:01 1050076                    /usr/lib/jvm/java-8-openjdk-amd64/jre/lib/ext/sunpkcs11.jar
7fc8e7a83000-7fc8e7b5c000 rw-p 00000000 00:00 0 
7fc8e7b5c000-7fc8e7b5d000 ---p 00000000 00:00 0 
7fc8e7b5d000-7fc8e7b60000 ---p 00000000 00:00 0 
7fc8e7b60000-7fc8e7c5f000 rw-p 00000000 00:00 0 
7fc8e7c5f000-7fc8e7c60000 r--s 00000000 08:01 284201                     /home/blackstorm/.m2/repository/org/springframework/boot/spring-boot-starter-web/2.1.1.RELEASE/spring-boot-starter-web-2.1.1.RELEASE.jar
7fc8e7c60000-7fc8e7c66000 r--s 0003b000 08:01 1050073                    /usr/lib/jvm/java-8-openjdk-amd64/jre/lib/ext/sunjce_provider.jar
7fc8e7c66000-7fc8e7c67000 r--s 0000a000 08:01 1050062                    /usr/lib/jvm/java-8-openjdk-amd64/jre/lib/ext/jaccess.jar
7fc8e7c67000-7fc8e7c69000 r--s 00001000 08:01 1050054                    /usr/lib/jvm/java-8-openjdk-amd64/jre/lib/ext/dnsns.jar
7fc8e7c69000-7fc8e7c6c000 r--s 0000f000 08:01 1050059                    /usr/lib/jvm/java-8-openjdk-amd64/jre/lib/ext/icedtea-sound.jar
7fc8e7c6c000-7fc8e7c6d000 r--s 00010000 08:01 1050079                    /usr/lib/jvm/java-8-openjdk-amd64/jre/lib/ext/zipfs.jar
7fc8e7c6d000-7fc8e7c6f000 r--s 00008000 08:01 1050069                    /usr/lib/jvm/java-8-openjdk-amd64/jre/lib/ext/sunec.jar
7fc8e7c6f000-7fc8e7c77000 rw-s 00000000 08:01 403354                     /tmp/hsperfdata_blackstorm/18405
7fc8e7c77000-7fc8e7c78000 rw-p 00000000 00:00 0 
7fc8e7c78000-7fc8e7c79000 ---p 00000000 00:00 0 
7fc8e7c79000-7fc8e7c7b000 rw-p 00000000 00:00 0 
7fc8e7c7b000-7fc8e7c7c000 r--p 00027000 08:01 400543                     /lib/x86_64-linux-gnu/ld-2.27.so
7fc8e7c7c000-7fc8e7c7d000 rw-p 00028000 08:01 400543                     /lib/x86_64-linux-gnu/ld-2.27.so
7fc8e7c7d000-7fc8e7c7e000 rw-p 00000000 00:00 0 
7ffc28d7b000-7ffc28d9e000 rw-p 00000000 00:00 0                          [stack]
7ffc28df7000-7ffc28dfa000 r--p 00000000 00:00 0                          [vvar]
7ffc28dfa000-7ffc28dfc000 r-xp 00000000 00:00 0                          [vdso]
ffffffffff600000-ffffffffff601000 r-xp 00000000 00:00 0                  [vsyscall]

VM Arguments:
jvm_args: -Dfile.encoding=UTF-8 
java_command: cader.webapp.CaderApplication
java_class_path (initial): /usr/lib/jvm/java-8-openjdk-amd64/jre/lib/resources.jar:/usr/lib/jvm/java-8-openjdk-amd64/jre/lib/rt.jar:/usr/lib/jvm/java-8-openjdk-amd64/jre/lib/jsse.jar:/usr/lib/jvm/java-8-openjdk-amd64/jre/lib/jce.jar:/usr/lib/jvm/java-8-openjdk-amd64/jre/lib/charsets.jar:/usr/lib/jvm/java-8-openjdk-amd64/jre/lib/ext/sunec.jar:/usr/lib/jvm/java-8-openjdk-amd64/jre/lib/ext/zipfs.jar:/usr/lib/jvm/java-8-openjdk-amd64/jre/lib/ext/icedtea-sound.jar:/usr/lib/jvm/java-8-openjdk-amd64/jre/lib/ext/dnsns.jar:/usr/lib/jvm/java-8-openjdk-amd64/jre/lib/ext/nashorn.jar:/usr/lib/jvm/java-8-openjdk-amd64/jre/lib/ext/jaccess.jar:/usr/lib/jvm/java-8-openjdk-amd64/jre/lib/ext/localedata.jar:/usr/lib/jvm/java-8-openjdk-amd64/jre/lib/ext/cldrdata.jar:/usr/lib/jvm/java-8-openjdk-amd64/jre/lib/ext/sunjce_provider.jar:/usr/lib/jvm/java-8-openjdk-amd64/jre/lib/ext/sunpkcs11.jar:/usr/share/java/java-atk-wrapper.jar:/home/blackstorm/Desktop/PFE_NEW/query-relaxation/target/classes:/home/blackstorm/.m2/repository/com/fasterxml/jackson/core/jackson-core/2.9.7/jackson-core-2.9.7.jar:/home/blackstorm/.m2/repository/commons-fileupload/commons-fileupload/1.3.1/commons-fileupload-1.3.1.jar:/home/blackstorm/.m2/repository/com/fasterxml/jackson/core/jackson-databind/2.9.7/jackson-databind-2.9.7.jar:/home/blackstorm/.m2/repository/com/fasterxml/jackson/core/jackson-annotations/2.9.0/jackson-annotations-2.9.0.jar:/home/blackstorm/.m2/repository/org/springframework/boot/spring-boot-starter-web/2.1.1.RELEASE/spring-boot-starter-web-2.1.1.RELEASE.jar:/home/blackstorm/.m2/repository/org/springframework/boot/spring-boot-starter/2.1.1.RELEASE/spring-boot-starter-2.1.1.RELEASE.jar:/home/blackstorm/.m2/repository/org/springframework/boot/spring-boot-starter-logging/2.1.1.RELEASE/spring-boot-starter-logging-2.1.1.RELEASE.jar:/home/blackstorm/.m2/repository/ch/qos/logback/logback-classic/1.2.3/logback-classic-1.2.3.jar:/home/blackstorm/.m2/repository/ch/qos/logback/logback-core/1.2.3/logback-core
Launcher Type: SUN_STANDARD

Environment Variables:
PATH=/home/blackstorm/bin:/home/blackstorm/.local/bin:/usr/local/sbin:/usr/local/bin:/usr/sbin:/usr/bin:/sbin:/bin:/usr/games:/usr/local/games:/snap/bin
USERNAME=blackstorm
SHELL=/bin/bash
DISPLAY=:0

Signal Handlers:
SIGSEGV: [libjvm.so+0xab2e60], sa_mask[0]=11111111011111111101111111111110, sa_flags=SA_RESTART|SA_SIGINFO
SIGBUS: [libjvm.so+0xab2e60], sa_mask[0]=11111111011111111101111111111110, sa_flags=SA_RESTART|SA_SIGINFO
SIGFPE: [libjvm.so+0x8e8860], sa_mask[0]=11111111011111111101111111111110, sa_flags=SA_RESTART|SA_SIGINFO
SIGPIPE: [libjvm.so+0x8e8860], sa_mask[0]=11111111011111111101111111111110, sa_flags=SA_RESTART|SA_SIGINFO
SIGXFSZ: [libjvm.so+0x8e8860], sa_mask[0]=11111111011111111101111111111110, sa_flags=SA_RESTART|SA_SIGINFO
SIGILL: [libjvm.so+0x8e8860], sa_mask[0]=11111111011111111101111111111110, sa_flags=SA_RESTART|SA_SIGINFO
SIGUSR1: SIG_DFL, sa_mask[0]=00000000000000000000000000000000, sa_flags=none
SIGUSR2: [libjvm.so+0x8e8710], sa_mask[0]=00100000000000000000000000000000, sa_flags=SA_RESTART|SA_SIGINFO
SIGHUP: [libjvm.so+0x8e8d80], sa_mask[0]=11111111011111111101111111111110, sa_flags=SA_RESTART|SA_SIGINFO
SIGINT: [libjvm.so+0x8e8d80], sa_mask[0]=11111111011111111101111111111110, sa_flags=SA_RESTART|SA_SIGINFO
SIGTERM: [libjvm.so+0x8e8d80], sa_mask[0]=11111111011111111101111111111110, sa_flags=SA_RESTART|SA_SIGINFO
SIGQUIT: [libjvm.so+0x8e8d80], sa_mask[0]=11111111011111111101111111111110, sa_flags=SA_RESTART|SA_SIGINFO


---------------  S Y S T E M  ---------------

OS:DISTRIB_ID=Ubuntu
DISTRIB_RELEASE=18.04
DISTRIB_CODENAME=bionic
DISTRIB_DESCRIPTION="Ubuntu 18.04.1 LTS"

uname:Linux 4.15.0-43-generic #46-Ubuntu SMP Thu Dec 6 14:45:28 UTC 2018 x86_64
libc:glibc 2.27 NPTL 2.27 
rlimit: STACK 8192k, CORE 0k, NPROC 15449, NOFILE 4096, AS infinity
load average:2.46 0.84 0.74

/proc/meminfo:
MemTotal:        4015680 kB
MemFree:           89096 kB
MemAvailable:          0 kB
Buffers:             336 kB
Cached:            68120 kB
SwapCached:            0 kB
Active:          3201296 kB
Inactive:          64092 kB
Active(anon):    3198744 kB
Inactive(anon):    57488 kB
Active(file):       2552 kB
Inactive(file):     6604 kB
Unevictable:          48 kB
Mlocked:              48 kB
SwapTotal:             0 kB
SwapFree:              0 kB
Dirty:                76 kB
Writeback:             0 kB
AnonPages:       3197380 kB
Mapped:            62300 kB
Shmem:             58900 kB
Slab:             119452 kB
SReclaimable:      45680 kB
SUnreclaim:        73772 kB
KernelStack:       16032 kB
PageTables:        54760 kB
NFS_Unstable:          0 kB
Bounce:                0 kB
WritebackTmp:          0 kB
CommitLimit:     2007840 kB
Committed_AS:    7294704 kB
VmallocTotal:   34359738367 kB
VmallocUsed:           0 kB
VmallocChunk:          0 kB
HardwareCorrupted:     0 kB
AnonHugePages:         0 kB
ShmemHugePages:        0 kB
ShmemPmdMapped:        0 kB
CmaTotal:              0 kB
CmaFree:               0 kB
HugePages_Total:       0
HugePages_Free:        0
HugePages_Rsvd:        0
HugePages_Surp:        0
Hugepagesize:       2048 kB
DirectMap4k:      304960 kB
DirectMap2M:     3889152 kB
DirectMap1G:     2097152 kB

container (cgroup) information:
container_type: cgroupv1
cpu_cpuset_cpus: 0-3
cpu_memory_nodes: 0
active_processor_count: 4
cpu_quota: -1
cpu_period: 100000
cpu_shares: -1
memory_limit_in_bytes: -1
memory_and_swap_limit_in_bytes: -2
memory_soft_limit_in_bytes: -1
memory_usage_in_bytes: 3347836928
memory_max_usage_in_bytes: 242540544


CPU:total 4 (initial active 4) (2 cores per cpu, 1 threads per core) family 6 model 78 stepping 3, cmov, cx8, fxsr, mmx, sse, sse2, sse3, ssse3, sse4.1, sse4.2, popcnt, avx, avx2, aes, clmul, erms, 3dnowpref, lzcnt, tsc, tscinvbit, bmi1, bmi2, adx

/proc/cpuinfo:
processor	: 0
vendor_id	: GenuineIntel
cpu family	: 6
model		: 78
model name	: Intel(R) Core(TM) i7-6500U CPU @ 2.50GHz
stepping	: 3
microcode	: 0xbe
cpu MHz		: 2592.004
cache size	: 4096 KB
physical id	: 0
siblings	: 2
core id		: 0
cpu cores	: 2
apicid		: 0
initial apicid	: 0
fpu		: yes
fpu_exception	: yes
cpuid level	: 22
wp		: yes
flags		: fpu vme de pse tsc msr pae mce cx8 apic sep mtrr pge mca cmov pat pse36 clflush dts mmx fxsr sse sse2 ss ht syscall nx pdpe1gb rdtscp lm constant_tsc arch_perfmon pebs bts nopl xtopology tsc_reliable nonstop_tsc cpuid aperfmperf pni pclmulqdq vmx ssse3 fma cx16 pcid sse4_1 sse4_2 x2apic movbe popcnt tsc_deadline_timer aes xsave avx f16c rdrand hypervisor lahf_lm abm 3dnowprefetch cpuid_fault epb invpcid_single pti tpr_shadow vnmi ept vpid fsgsbase tsc_adjust bmi1 avx2 smep bmi2 invpcid rdseed adx smap xsaveopt dtherm ida arat pln pts hwp hwp_notify hwp_act_window hwp_epp
bugs		: cpu_meltdown spectre_v1 spectre_v2 spec_store_bypass l1tf
bogomips	: 5184.00
clflush size	: 64
cache_alignment	: 64
address sizes	: 42 bits physical, 48 bits virtual
power management:

processor	: 1
vendor_id	: GenuineIntel
cpu family	: 6
model		: 78
model name	: Intel(R) Core(TM) i7-6500U CPU @ 2.50GHz
stepping	: 3
microcode	: 0xbe
cpu MHz		: 2592.004
cache size	: 4096 KB
physical id	: 0
siblings	: 2
core id		: 1
cpu cores	: 2
apicid		: 1
initial apicid	: 1
fpu		: yes
fpu_exception	: yes
cpuid level	: 22
wp		: yes
flags		: fpu vme de pse tsc msr pae mce cx8 apic sep mtrr pge mca cmov pat pse36 clflush dts mmx fxsr sse sse2 ss ht syscall nx pdpe1gb rdtscp lm constant_tsc arch_perfmon pebs bts nopl xtopology tsc_reliable nonstop_tsc cpuid aperfmperf pni pclmulqdq vmx ssse3 fma cx16 pcid sse4_1 sse4_2 x2apic movbe popcnt tsc_deadline_timer aes xsave avx f16c rdrand hypervisor lahf_lm abm 3dnowprefetch cpuid_fault epb invpcid_single pti tpr_shadow vnmi ept vpid fsgsbase tsc_adjust bmi1 avx2 smep bmi2 invpcid rdseed adx smap xsaveopt dtherm ida arat pln pts hwp hwp_notify hwp_act_window hwp_epp
bugs		: cpu_meltdown spectre_v1 spectre_v2 spec_store_bypass l1tf
bogomips	: 5184.00
clflush size	: 64
cache_alignment	: 64
address sizes	: 42 bits physical, 48 bits virtual
power management:

processor	: 2
vendor_id	: GenuineIntel
cpu family	: 6
model		: 78
model name	: Intel(R) Core(TM) i7-6500U CPU @ 2.50GHz
stepping	: 3
microcode	: 0xbe
cpu MHz		: 2592.004
cache size	: 4096 KB
physical id	: 1
siblings	: 2
core id		: 0
cpu cores	: 2
apicid		: 2
initial apicid	: 2
fpu		: yes
fpu_exception	: yes
cpuid level	: 22
wp		: yes
flags		: fpu vme de pse tsc msr pae mce cx8 apic sep mtrr pge mca cmov pat pse36 clflush dts mmx fxsr sse sse2 ss ht syscall nx pdpe1gb rdtscp lm constant_tsc arch_perfmon pebs bts nopl xtopology tsc_reliable nonstop_tsc cpuid aperfmperf pni pclmulqdq vmx ssse3 fma cx16 pcid sse4_1 sse4_2 x2apic movbe popcnt tsc_deadline_timer aes xsave avx f16c rdrand hypervisor lahf_lm abm 3dnowprefetch cpuid_fault epb invpcid_single pti tpr_shadow vnmi ept vpid fsgsbase tsc_adjust bmi1 avx2 smep bmi2 invpcid rdseed adx smap xsaveopt dtherm ida arat pln pts hwp hwp_notify hwp_act_window hwp_epp
bugs		: cpu_meltdown spectre_v1 spectre_v2 spec_store_bypass l1tf
bogomips	: 5184.00
clflush size	: 64
cache_alignment	: 64
address sizes	: 42 bits physical, 48 bits virtual
power management:

processor	: 3
vendor_id	: GenuineIntel
cpu family	: 6
model		: 78
model name	: Intel(R) Core(TM) i7-6500U CPU @ 2.50GHz
stepping	: 3
microcode	: 0xbe
cpu MHz		: 2592.004
cache size	: 4096 KB
physical id	: 1
siblings	: 2
core id		: 1
cpu cores	: 2
apicid		: 3
initial apicid	: 3
fpu		: yes
fpu_exception	: yes
cpuid level	: 22
wp		: yes
flags		: fpu vme de pse tsc msr pae mce cx8 apic sep mtrr pge mca cmov pat pse36 clflush dts mmx fxsr sse sse2 ss ht syscall nx pdpe1gb rdtscp lm constant_tsc arch_perfmon pebs bts nopl xtopology tsc_reliable nonstop_tsc cpuid aperfmperf pni pclmulqdq vmx ssse3 fma cx16 pcid sse4_1 sse4_2 x2apic movbe popcnt tsc_deadline_timer aes xsave avx f16c rdrand hypervisor lahf_lm abm 3dnowprefetch cpuid_fault epb invpcid_single pti tpr_shadow vnmi ept vpid fsgsbase tsc_adjust bmi1 avx2 smep bmi2 invpcid rdseed adx smap xsaveopt dtherm ida arat pln pts hwp hwp_notify hwp_act_window hwp_epp
bugs		: cpu_meltdown spectre_v1 spectre_v2 spec_store_bypass l1tf
bogomips	: 5184.00
clflush size	: 64
cache_alignment	: 64
address sizes	: 42 bits physical, 48 bits virtual
power management:



Memory: 4k page, physical 4015680k(86808k free), swap 0k(0k free)

vm_info: OpenJDK 64-Bit Server VM (25.191-b12) for linux-amd64 JRE (1.8.0_191-8u191-b12-0ubuntu0.18.04.1-b12), built on Nov 20 2018 01:07:58 by "buildd" with gcc 7.3.0

time: Tue Jan  8 02:45:18 2019
elapsed time: 33 seconds (0d 0h 0m 33s)

